<?xml version="1.0" encoding="UTF-8"?>
<robot generator="Robot 3.1.2 (Python 3.7.3 on win32)" generated="20191212 09:46:41.265" rpa="false">
<suite id="s1" name="AWS XRS WebServicesTests" source="C:\Users\kstine\git\aws-api-gateway-tests\Tests\AWS_XRS_WebServicesTests">
<suite id="s1-s1" name="ValidateAWSXRSOrganizationWebService" source="C:\Users\kstine\git\aws-api-gateway-tests\Tests\AWS_XRS_WebServicesTests\03__ValidateAWSXRSOrganizationWebService.robot">
<kw name="Run Keywords" library="BuiltIn" type="setup">
<doc>Executes all the given keywords in a sequence.</doc>
<arguments>
<arg>Create AWS XRS Web Services Session</arg>
<arg>AND</arg>
<arg>Test Data Setup For XRS AWS Organization Web Service Test Suite</arg>
</arguments>
<msg timestamp="20191212 09:46:41.822" level="TRACE">Arguments: [ 'Create AWS XRS Web Services Session' | 'AND' | 'Test Data Setup For XRS AWS Organization Web Service Test Suite' ]</msg>
<kw name="Create AWS XRS Web Services Session" library="XRSCommonWebService">
<doc>Create a session with aws xrs web services</doc>
<msg timestamp="20191212 09:46:41.823" level="TRACE">Arguments: [  ]</msg>
<kw name="Create Session" library="RequestsLibrary">
<doc>Create Session: create a HTTP session to a server</doc>
<arguments>
<arg>${XRS_WEB_SERVICE_SESSION_ALIAS}</arg>
<arg>${XRS_AWS_WEBSERVICES_URL}[${XRS_HOST_ENVIRONMENT}]</arg>
<arg>verify=True</arg>
<arg>auth=${XRS_WEBSERVICES_AUTHORIZATION}</arg>
</arguments>
<msg timestamp="20191212 09:46:41.823" level="TRACE">Arguments: [ 'xrs_web_service_session' | 'https://d3ws.xataxrs.com' | verify=True | auth=['GnomeShippingD3|admin', 'xrs123'] ]</msg>
<msg timestamp="20191212 09:46:41.823" level="INFO">Creating Session using : alias=xrs_web_service_session, url=https://d3ws.xataxrs.com, headers={},                     cookies={}, auth=&lt;requests.auth.HTTPBasicAuth object at 0x00000150B1A25B70&gt;, timeout=None, proxies=None, verify=True,                     debug=0 </msg>
<msg timestamp="20191212 09:46:41.823" level="DEBUG">Creating session: xrs_web_service_session</msg>
<msg timestamp="20191212 09:46:41.824" level="DEBUG">Argument types are:
&lt;class 'bool'&gt;</msg>
<msg timestamp="20191212 09:46:41.824" level="TRACE">Return: &lt;requests.sessions.Session object at 0x00000150B1A25F98&gt;</msg>
<status status="PASS" starttime="20191212 09:46:41.823" endtime="20191212 09:46:41.824"></status>
</kw>
<msg timestamp="20191212 09:46:41.824" level="TRACE">Return: None</msg>
<status status="PASS" starttime="20191212 09:46:41.823" endtime="20191212 09:46:41.824"></status>
</kw>
<kw name="Test Data Setup For XRS AWS Organization Web Service Test Suite">
<doc>Keyword for setting up a random organization for the organization test suite</doc>
<msg timestamp="20191212 09:46:41.824" level="TRACE">Arguments: [  ]</msg>
<kw name="Word" library="FakerLibrary">
<doc>:returns: A random word, eg: 'lorem'</doc>
<assign>
<var>${FAKE_WORD1}</var>
</assign>
<msg timestamp="20191212 09:46:41.824" level="TRACE">Arguments: [  ]</msg>
<msg timestamp="20191212 09:46:41.825" level="TRACE">Return: 'itself'</msg>
<msg timestamp="20191212 09:46:41.825" level="INFO">${FAKE_WORD1} = itself</msg>
<status status="PASS" starttime="20191212 09:46:41.824" endtime="20191212 09:46:41.825"></status>
</kw>
<kw name="Word" library="FakerLibrary">
<doc>:returns: A random word, eg: 'lorem'</doc>
<assign>
<var>${FAKE_WORD2}</var>
</assign>
<msg timestamp="20191212 09:46:41.825" level="TRACE">Arguments: [  ]</msg>
<msg timestamp="20191212 09:46:41.825" level="TRACE">Return: 'media'</msg>
<msg timestamp="20191212 09:46:41.825" level="INFO">${FAKE_WORD2} = media</msg>
<status status="PASS" starttime="20191212 09:46:41.825" endtime="20191212 09:46:41.825"></status>
</kw>
<kw name="Set Variable" library="BuiltIn">
<doc>Returns the given values which can then be assigned to a variables.</doc>
<arguments>
<arg>${FAKE_WORD1}${FAKE_WORD2}</arg>
</arguments>
<assign>
<var>${FAKE_TEST_ORGANIZATION_ID_1}</var>
</assign>
<msg timestamp="20191212 09:46:41.826" level="TRACE">Arguments: [ 'itselfmedia' ]</msg>
<msg timestamp="20191212 09:46:41.826" level="TRACE">Return: 'itselfmedia'</msg>
<msg timestamp="20191212 09:46:41.826" level="INFO">${FAKE_TEST_ORGANIZATION_ID_1} = itselfmedia</msg>
<status status="PASS" starttime="20191212 09:46:41.825" endtime="20191212 09:46:41.826"></status>
</kw>
<kw name="Set Variable" library="BuiltIn">
<doc>Returns the given values which can then be assigned to a variables.</doc>
<arguments>
<arg>${FAKE_WORD1}${SPACE}${FAKE_WORD2}</arg>
</arguments>
<assign>
<var>${FAKE_TEST_ORGANIZATION_NAME_1}</var>
</assign>
<msg timestamp="20191212 09:46:41.826" level="TRACE">Arguments: [ 'itself media' ]</msg>
<msg timestamp="20191212 09:46:41.826" level="TRACE">Return: 'itself media'</msg>
<msg timestamp="20191212 09:46:41.826" level="INFO">${FAKE_TEST_ORGANIZATION_NAME_1} = itself media</msg>
<status status="PASS" starttime="20191212 09:46:41.826" endtime="20191212 09:46:41.826"></status>
</kw>
<kw name="Create Dictionary" library="BuiltIn">
<doc>Creates and returns a dictionary based on the given ``items``.</doc>
<arguments>
<arg>CarrierName=${XRS_GENERAL_INFORMATION.Address.Carrier_Name}</arg>
<arg>Country=${XRS_GENERAL_INFORMATION.Address.Country}</arg>
<arg>DotNumber=${XRS_GENERAL_INFORMATION.Address.DOT_Number}</arg>
<arg>Language=${XRS_GENERAL_INFORMATION.Localization.Language}</arg>
<arg>OrganizationId=${FAKE_TEST_ORGANIZATION_ID_1}</arg>
<arg>OrganizationName=${FAKE_TEST_ORGANIZATION_NAME_1}</arg>
<arg>ParentOrganizationId=${XRS_GENERAL_INFORMATION.Company.Company_ID}</arg>
<arg>ParentOrganizationSid=${XRS_GENERAL_INFORMATION.Company.ParentOrganizationSid}</arg>
<arg>TimeZone=CST</arg>
</arguments>
<assign>
<var>&amp;{XRS_AWS_WEBSERVICE_POST_TEST_ORGANIZATION_1_DICT}</var>
</assign>
<msg timestamp="20191212 09:46:41.826" level="TRACE">Arguments: [ 'CarrierName=${XRS_GENERAL_INFORMATION.Address.Carrier_Name}' | 'Country=${XRS_GENERAL_INFORMATION.Address.Country}' | 'DotNumber=${XRS_GENERAL_INFORMATION.Address.DOT_Number}' | 'Language=${XRS_GENERAL_INFORMATION.Localization.Language}' | 'OrganizationId=${FAKE_TEST_ORGANIZATION_ID_1}' | 'OrganizationName=${FAKE_TEST_ORGANIZATION_NAME_1}' | 'ParentOrganizationId=${XRS_GENERAL_INFORMATION.Company.Company_ID}' | 'ParentOrganizationSid=${XRS_GENERAL_INFORMATION.Company.ParentOrganizationSid}' | 'TimeZone=CST' ]</msg>
<msg timestamp="20191212 09:46:41.827" level="TRACE">Return: {'CarrierName': 'Gnome Shipping D3',
 'Country': 'USA',
 'DotNumber': 123456,
 'Language': 'English',
 'OrganizationId': 'itselfmedia',
 'OrganizationName': 'itself media',
 'ParentOrganizationId': 46663,
 'ParentOrganizationSid': 414,
 'TimeZone': 'CST'}</msg>
<msg timestamp="20191212 09:46:41.828" level="INFO">&amp;{XRS_AWS_WEBSERVICE_POST_TEST_ORGANIZATION_1_DICT} = { CarrierName=Gnome Shipping D3 | Country=USA | DotNumber=123456 | Language=English | OrganizationId=itselfmedia | OrganizationName=itself media | ParentOrganizationId=46663 | ParentOrganizationSid=41...</msg>
<status status="PASS" starttime="20191212 09:46:41.826" endtime="20191212 09:46:41.828"></status>
</kw>
<kw name="Create Dictionary" library="BuiltIn">
<doc>Creates and returns a dictionary based on the given ``items``.</doc>
<arguments>
<arg>Language=${XRS_GENERAL_INFORMATION.Localization.Language}</arg>
<arg>OrganizationId=${FAKE_TEST_ORGANIZATION_ID_1}</arg>
<arg>OrganizationName=${FAKE_TEST_ORGANIZATION_NAME_1}Modified</arg>
<arg>ParentOrganizationId=${XRS_GENERAL_INFORMATION.Company.Company_ID}</arg>
</arguments>
<assign>
<var>&amp;{XRS_AWS_WEBSERVICE_PUT_TEST_ORGANIZATION_1_DICT}</var>
</assign>
<msg timestamp="20191212 09:46:41.828" level="TRACE">Arguments: [ 'Language=${XRS_GENERAL_INFORMATION.Localization.Language}' | 'OrganizationId=${FAKE_TEST_ORGANIZATION_ID_1}' | 'OrganizationName=${FAKE_TEST_ORGANIZATION_NAME_1}Modified' | 'ParentOrganizationId=${XRS_GENERAL_INFORMATION.Company.Company_ID}' ]</msg>
<msg timestamp="20191212 09:46:41.828" level="TRACE">Return: {'Language': 'English',
 'OrganizationId': 'itselfmedia',
 'OrganizationName': 'itself mediaModified',
 'ParentOrganizationId': 46663}</msg>
<msg timestamp="20191212 09:46:41.829" level="INFO">&amp;{XRS_AWS_WEBSERVICE_PUT_TEST_ORGANIZATION_1_DICT} = { Language=English | OrganizationId=itselfmedia | OrganizationName=itself mediaModified | ParentOrganizationId=46663 }</msg>
<status status="PASS" starttime="20191212 09:46:41.828" endtime="20191212 09:46:41.829"></status>
</kw>
<kw name="Create List" library="BuiltIn">
<doc>Returns a list containing given items.</doc>
<arguments>
<arg>${XRS_AWS_WEBSERVICE_POST_TEST_ORGANIZATION_1_DICT}</arg>
</arguments>
<assign>
<var>@{XRS_AWS_WEBSERVICE_POST_TEST_ORGANIZATION_LIST}</var>
</assign>
<msg timestamp="20191212 09:46:41.829" level="TRACE">Arguments: [ {'CarrierName': 'Gnome Shipping D3',
 'Country': 'USA',
 'DotNumber': 123456,
 'Language': 'English',
 'OrganizationId': 'itselfmedia',
 'OrganizationName': 'itself media',
 'ParentOrganizationId': 46663,
 'ParentOrganizationSid': 414,
 'TimeZone': 'CST'} ]</msg>
<msg timestamp="20191212 09:46:41.829" level="TRACE">Return: [{'CarrierName': 'Gnome Shipping D3',
  'Country': 'USA',
  'DotNumber': 123456,
  'Language': 'English',
  'OrganizationId': 'itselfmedia',
  'OrganizationName': 'itself media',
  'ParentOrganizationId': 46663,
  'ParentOrganizationSid': 414,
  'TimeZone': 'CST'}]</msg>
<msg timestamp="20191212 09:46:41.830" level="INFO">@{XRS_AWS_WEBSERVICE_POST_TEST_ORGANIZATION_LIST} = [ {'CarrierName': 'Gnome Shipping D3', 'Country': 'USA', 'DotNumber': 123456, 'Language': 'English', 'OrganizationId': 'itselfmedia', 'OrganizationName': 'itself media', 'ParentOrganizationId': 46663,...</msg>
<status status="PASS" starttime="20191212 09:46:41.829" endtime="20191212 09:46:41.830"></status>
</kw>
<kw name="Create List" library="BuiltIn">
<doc>Returns a list containing given items.</doc>
<arguments>
<arg>${XRS_AWS_WEBSERVICE_PUT_TEST_ORGANIZATION_1_DICT}</arg>
</arguments>
<assign>
<var>@{XRS_AWS_WEBSERVICE_PUT_TEST_ORGANIZATION_LIST}</var>
</assign>
<msg timestamp="20191212 09:46:41.830" level="TRACE">Arguments: [ {'Language': 'English',
 'OrganizationId': 'itselfmedia',
 'OrganizationName': 'itself mediaModified',
 'ParentOrganizationId': 46663} ]</msg>
<msg timestamp="20191212 09:46:41.830" level="TRACE">Return: [{'Language': 'English',
  'OrganizationId': 'itselfmedia',
  'OrganizationName': 'itself mediaModified',
  'ParentOrganizationId': 46663}]</msg>
<msg timestamp="20191212 09:46:41.830" level="INFO">@{XRS_AWS_WEBSERVICE_PUT_TEST_ORGANIZATION_LIST} = [ {'Language': 'English', 'OrganizationId': 'itselfmedia', 'OrganizationName': 'itself mediaModified', 'ParentOrganizationId': 46663} ]</msg>
<status status="PASS" starttime="20191212 09:46:41.830" endtime="20191212 09:46:41.830"></status>
</kw>
<kw name="Set Suite Variable" library="BuiltIn">
<doc>Makes a variable available everywhere within the scope of the current suite.</doc>
<arguments>
<arg>${XRS_AWS_WEBSERVICE_POST_TEST_ORGANIZATION_1_DICT}</arg>
</arguments>
<msg timestamp="20191212 09:46:41.830" level="TRACE">Arguments: [ '${XRS_AWS_WEBSERVICE_POST_TEST_ORGANIZATION_1_DICT}' ]</msg>
<msg timestamp="20191212 09:46:41.830" level="INFO">${XRS_AWS_WEBSERVICE_POST_TEST_ORGANIZATION_1_DICT} = {'CarrierName': 'Gnome Shipping D3', 'Country': 'USA', 'DotNumber': 123456, 'Language': 'English', 'OrganizationId': 'itselfmedia', 'OrganizationName': 'itself media', 'ParentOrganizationId': 46663, '...</msg>
<msg timestamp="20191212 09:46:41.831" level="TRACE">Return: None</msg>
<status status="PASS" starttime="20191212 09:46:41.830" endtime="20191212 09:46:41.831"></status>
</kw>
<kw name="Set Suite Variable" library="BuiltIn">
<doc>Makes a variable available everywhere within the scope of the current suite.</doc>
<arguments>
<arg>@{XRS_AWS_WEBSERVICE_POST_TEST_ORGANIZATION_LIST}</arg>
</arguments>
<msg timestamp="20191212 09:46:41.831" level="TRACE">Arguments: [ '@{XRS_AWS_WEBSERVICE_POST_TEST_ORGANIZATION_LIST}' ]</msg>
<msg timestamp="20191212 09:46:41.831" level="INFO">@{XRS_AWS_WEBSERVICE_POST_TEST_ORGANIZATION_LIST} = [ {'CarrierName': 'Gnome Shipping D3', 'Country': 'USA', 'DotNumber': 123456, 'Language': 'English', 'OrganizationId': 'itselfmedia', 'OrganizationName': 'itself media', 'ParentOrganizationId': 46663,...</msg>
<msg timestamp="20191212 09:46:41.831" level="TRACE">Return: None</msg>
<status status="PASS" starttime="20191212 09:46:41.831" endtime="20191212 09:46:41.831"></status>
</kw>
<kw name="Set Suite Variable" library="BuiltIn">
<doc>Makes a variable available everywhere within the scope of the current suite.</doc>
<arguments>
<arg>@{XRS_AWS_WEBSERVICE_PUT_TEST_ORGANIZATION_LIST}</arg>
</arguments>
<msg timestamp="20191212 09:46:41.831" level="TRACE">Arguments: [ '@{XRS_AWS_WEBSERVICE_PUT_TEST_ORGANIZATION_LIST}' ]</msg>
<msg timestamp="20191212 09:46:41.831" level="INFO">@{XRS_AWS_WEBSERVICE_PUT_TEST_ORGANIZATION_LIST} = [ {'Language': 'English', 'OrganizationId': 'itselfmedia', 'OrganizationName': 'itself mediaModified', 'ParentOrganizationId': 46663} ]</msg>
<msg timestamp="20191212 09:46:41.831" level="TRACE">Return: None</msg>
<status status="PASS" starttime="20191212 09:46:41.831" endtime="20191212 09:46:41.832"></status>
</kw>
<msg timestamp="20191212 09:46:41.832" level="TRACE">Return: None</msg>
<status status="PASS" starttime="20191212 09:46:41.824" endtime="20191212 09:46:41.832"></status>
</kw>
<msg timestamp="20191212 09:46:41.832" level="TRACE">Return: None</msg>
<status status="PASS" starttime="20191212 09:46:41.822" endtime="20191212 09:46:41.832"></status>
</kw>
<test id="s1-s1-t1" name="Validate AWS XRS Get Organization By SID REST Web Services Returns 200 OK With Parent Organization SID">
<kw name="Get Organization With OrganizationSID" library="Organization">
<doc>Get Organization information for a particular Organization using the OrganizationSID</doc>
<arguments>
<arg>${XRS_GENERAL_INFORMATION.Company.ParentOrganizationSid}</arg>
</arguments>
<assign>
<var>${response}</var>
</assign>
<msg timestamp="20191212 09:46:41.833" level="TRACE">Arguments: [ ${organization_sid}=414 ]</msg>
<kw name="Set Variable" library="BuiltIn">
<doc>Returns the given values which can then be assigned to a variables.</doc>
<arguments>
<arg>${XRS_Entity_Management_Base_URI.Organization}${ENTITY_MANAGEMENT_WEBSERVICE_GET_ORGANIZATION}/${organization_sid}</arg>
</arguments>
<assign>
<var>${uri}</var>
</assign>
<msg timestamp="20191212 09:46:41.833" level="TRACE">Arguments: [ 'OrganizationWebService.svc/organization/414' ]</msg>
<msg timestamp="20191212 09:46:41.833" level="TRACE">Return: 'OrganizationWebService.svc/organization/414'</msg>
<msg timestamp="20191212 09:46:41.834" level="INFO">${uri} = OrganizationWebService.svc/organization/414</msg>
<status status="PASS" starttime="20191212 09:46:41.833" endtime="20191212 09:46:41.834"></status>
</kw>
<kw name="Get Request" library="RequestsLibrary">
<doc>Send a GET request on the session object found using the
given `alias`</doc>
<arguments>
<arg>${XRS_WEB_SERVICE_SESSION_ALIAS}</arg>
<arg>${uri}</arg>
<arg>headers=${XRS_WEBSERVICES_JSON_HEADER}</arg>
</arguments>
<assign>
<var>${response}</var>
</assign>
<msg timestamp="20191212 09:46:41.834" level="TRACE">Arguments: [ 'xrs_web_service_session' | 'OrganizationWebService.svc/organization/414' | headers={'Accept': 'application/json',
 'Accept-Encoding': 'gzip, deflate',
 'Content-Type': 'application/json'} ]</msg>
<msg timestamp="20191212 09:46:41.834" level="INFO">GET Request using : uri=OrganizationWebService.svc/organization/414, params=None, allow_redirects=True, timeout=None
headers={'User-Agent': 'python-requests/2.22.0', 'Accept-Encoding': 'gzip, deflate', 'Accept': 'application/json', 'Connection': 'keep-alive', 'Content-Type': 'application/json'} 
data=None 
json=None</msg>
<msg timestamp="20191212 09:46:41.835" level="DEBUG">Starting new HTTPS connection (1): d3ws.xataxrs.com:443</msg>
<msg timestamp="20191212 09:46:42.689" level="DEBUG">https://d3ws.xataxrs.com:443 "GET /OrganizationWebService.svc/organization/414 HTTP/1.1" 200 657</msg>
<msg timestamp="20191212 09:46:42.692" level="DEBUG">GET Response : status=200, reason=OK
{"Address1":"12900 Whitewater Dr","Address2":"Suite 300","AllowSharedResourceGroup":true,"AllowSubscriptionChange":false,"BillingOrganizationId":null,"BillingOrganizationSid":0,"CarrierName":"Gnome Shipping D3","City":"Minnetonka","Country":"USA","CreateDate":"\/Date(1537828533000-0700)\/","DotNumber":"123456","FleetViewRefresh":5,"Language":"English","ModifiedBy":5412,"ModifiedDate":"\/Date(1574816207411-0800)\/","OrganizationId":"46663","OrganizationName":"Gnome Shipping D3","OrganizationSid":414,"ParentOrganizationId":null,"ParentOrganizationSid":0,"PostalCode":"55343","State":"Minnesota","Status":true,"TimeZone":"CST","UnitOfMeasure":"Standard"}</msg>
<msg timestamp="20191212 09:46:42.692" level="TRACE">Return: &lt;Response [200]&gt;</msg>
<msg timestamp="20191212 09:46:42.693" level="INFO">${response} = &lt;Response [200]&gt;</msg>
<status status="PASS" starttime="20191212 09:46:41.834" endtime="20191212 09:46:42.693"></status>
</kw>
<msg timestamp="20191212 09:46:42.694" level="TRACE">Return: &lt;Response [200]&gt;</msg>
<msg timestamp="20191212 09:46:42.695" level="INFO">${response} = &lt;Response [200]&gt;</msg>
<status status="PASS" starttime="20191212 09:46:41.833" endtime="20191212 09:46:42.695"></status>
</kw>
<kw name="Should Be Equal As Strings" library="BuiltIn">
<doc>Fails if objects are unequal after converting them to strings.</doc>
<arguments>
<arg>${response.status_code}</arg>
<arg>200</arg>
</arguments>
<msg timestamp="20191212 09:46:42.699" level="TRACE">Arguments: [ 200 | '200' ]</msg>
<msg timestamp="20191212 09:46:42.699" level="INFO">Argument types are:
&lt;class 'int'&gt;
&lt;type 'unicode'&gt;</msg>
<msg timestamp="20191212 09:46:42.700" level="TRACE">Return: None</msg>
<status status="PASS" starttime="20191212 09:46:42.697" endtime="20191212 09:46:42.700"></status>
</kw>
<doc>Verifies that a Organization with a specific number does not exist</doc>
<tags>
<tag>awsxrsorganizationrestwebservicevalidation</tag>
</tags>
<status status="PASS" starttime="20191212 09:46:41.832" endtime="20191212 09:46:42.701" critical="yes"></status>
</test>
<test id="s1-s1-t2" name="Validate AWS XRS Post Organization REST Web Services Returns Caption &quot;Request succeeded.&quot;">
<kw name="Post Organizations" library="Organization">
<doc>Calls the Post Method on Organizations.
Accepts a list of json objects
Json field definitions:
Address1
The Address of the organization.
Defaults to Parent Organization's value.
Address2
The Address of the organization.
Defaults to Parent Organization's value.
AllowSharedResourceGroup
An advanced feature, users can view and report on shared resources across organizations.
See Resource Group Field Definitions for more information.
AllowSubscriptionChange
When set to True, Omnitracs XRS will track any changes that affect subscription levels
(adding subscribers, or moving vehicles or drivers between organizations).
The customer will be billed based on the changes.
When set to False, customers must contact Omnitracs XRS or their sales channel for subscription changes.
BillingOrganizationId
The ID of the Billing Organization.
BillingOrganizationSid
The SID of the Billing Organization.
This value is generated automatically by Omnitracs XRS and can be retrieved using the GET method.
CarrierName
DOT-specific carrier name.
City
The name of the city where the organization is based.
Country
The name of the country where the organization is based.
CreateDate
The date and time the account was created.
The value of this field is Read Only and cannot be modified using PUT or POST commands.
DotNumber
Company's US DOT Number.
FleetViewRefresh
A read only field indicating the ID of the last driver which logged into the Organization.
Language
A read only field indicating the name of the last driver which logged into the Organization.
ModifiedBy
The SID of the last Omnitracs XRS User that made modifications to the record.
ModifiedDate
The Date and Time the site record was last modified.
OrganizationID
The user-defined ID of the organization.
OrganizationName
A read-only field containing the name of the organization to which the Organization is assigned.
OrganizationSid
The internal system generated ID (primary key) of the Organization in Omnitracs XRS.
This value can be retrieved using the GET method.
ParentOrganizationID
The internal system generated ID (primary key) of the Parent Organization in Omnitracs XRS.
Note: This field is required if a ParentOrganizationSID value is not specified.
ParentOrganizationSid
The ID of the parent organization.
Note: This field is required if a Parent OrganizationID value is not specified.
PostalCode
The 5 to 9 digit zip code for the organization.
State
The state, province or territory for the organization.
Status
Indicates whether the Organization record is active within Omnitracs XRS.
TimeZone
Identifies the Time Zone the Organization is located in.
UnitOfMeasure
The unit of measure selected for this organization. This applies to all performance and compliance based reporting.
Standard (MPG)
Metric (KM/L)</doc>
<arguments>
<arg>@{XRS_AWS_WEBSERVICE_POST_TEST_ORGANIZATION_LIST}</arg>
</arguments>
<assign>
<var>${response}</var>
</assign>
<msg timestamp="20191212 09:46:42.708" level="TRACE">Arguments: [ @{list_data}=[{'CarrierName': 'Gnome Shipping D3',
  'Country': 'USA',
  'DotNumber': 123456,
  'Language': 'English',
  'OrganizationId': 'itselfmedia',
  'OrganizationName': 'itself media',
  'ParentOrganizationId': 46663,
  'ParentOrganizationSid': 414,
  'TimeZone': 'CST'}] ]</msg>
<kw name="Set Variable" library="BuiltIn">
<doc>Returns the given values which can then be assigned to a variables.</doc>
<arguments>
<arg>${XRS_Entity_Management_Base_URI.Organization}${ENTITY_MANAGEMENT_WEBSERVICE_POST_GET_ORGANIZATIONS}</arg>
</arguments>
<assign>
<var>${uri}</var>
</assign>
<msg timestamp="20191212 09:46:42.710" level="TRACE">Arguments: [ 'OrganizationWebService.svc/organizations' ]</msg>
<msg timestamp="20191212 09:46:42.710" level="TRACE">Return: 'OrganizationWebService.svc/organizations'</msg>
<msg timestamp="20191212 09:46:42.710" level="INFO">${uri} = OrganizationWebService.svc/organizations</msg>
<status status="PASS" starttime="20191212 09:46:42.709" endtime="20191212 09:46:42.710"></status>
</kw>
<kw name="Post Request" library="RequestsLibrary">
<doc>Send a POST request on the session object found using the
given `alias`</doc>
<arguments>
<arg>${XRS_WEB_SERVICE_SESSION_ALIAS}</arg>
<arg>${uri}</arg>
<arg>json=${list_data}</arg>
<arg>headers=${XRS_WEBSERVICES_JSON_HEADER}</arg>
</arguments>
<assign>
<var>${response}</var>
</assign>
<msg timestamp="20191212 09:46:42.711" level="TRACE">Arguments: [ 'xrs_web_service_session' | 'OrganizationWebService.svc/organizations' | json=[{'CarrierName': 'Gnome Shipping D3',
  'Country': 'USA',
  'DotNumber': 123456,
  'Language': 'English',
  'OrganizationId': 'itselfmedia',
  'OrganizationName': 'itself media',
  'ParentOrganizationId': 46663,
  'ParentOrganizationSid': 414,
  'TimeZone': 'CST'}] | headers={'Accept': 'application/json',
 'Accept-Encoding': 'gzip, deflate',
 'Content-Type': 'application/json'} ]</msg>
<msg timestamp="20191212 09:46:42.711" level="INFO">POST Request using : uri=OrganizationWebService.svc/organizations, params=None, files=None, allow_redirects=True, timeout=None
headers={'User-Agent': 'python-requests/2.22.0', 'Accept-Encoding': 'gzip, deflate', 'Accept': 'application/json', 'Connection': 'keep-alive', 'Content-Type': 'application/json'} 
data=None 
json=[{'CarrierName': 'Gnome Shipping D3', 'Country': 'USA', 'DotNumber': 123456, 'Language': 'English', 'OrganizationId': 'itselfmedia', 'OrganizationName': 'itself media', 'ParentOrganizationId': 46663, 'ParentOrganizationSid': 414, 'TimeZone': 'CST'}]</msg>
<msg timestamp="20191212 09:46:44.401" level="DEBUG">https://d3ws.xataxrs.com:443 "POST /OrganizationWebService.svc/organizations HTTP/1.1" 200 199</msg>
<msg timestamp="20191212 09:46:44.404" level="DEBUG">POST Response : status=200, reason=OK
[{"Caption":"Request succeeded.","Code":"12538021530103185408","Description":"Organization Added Successfully.","Id":"itselfmedia","ObjectName":"Organization","SID":511,"Title":"Request succeeded."}]</msg>
<msg timestamp="20191212 09:46:44.405" level="TRACE">Return: &lt;Response [200]&gt;</msg>
<msg timestamp="20191212 09:46:44.406" level="INFO">${response} = &lt;Response [200]&gt;</msg>
<status status="PASS" starttime="20191212 09:46:42.710" endtime="20191212 09:46:44.406"></status>
</kw>
<msg timestamp="20191212 09:46:44.407" level="TRACE">Return: &lt;Response [200]&gt;</msg>
<msg timestamp="20191212 09:46:44.407" level="INFO">${response} = &lt;Response [200]&gt;</msg>
<status status="PASS" starttime="20191212 09:46:42.708" endtime="20191212 09:46:44.408"></status>
</kw>
<kw name="To Json" library="RequestsLibrary">
<doc>Convert a string to a JSON object</doc>
<arguments>
<arg>${response.content}</arg>
</arguments>
<assign>
<var>${json_response}</var>
</assign>
<msg timestamp="20191212 09:46:44.411" level="TRACE">Arguments: [ b'[{"Caption":"Request succeeded.","Code":"12538021530103185408","Description":"Organization Added Successfully.","Id":"itselfmedia","ObjectName":"Organization","SID":511,"Title":"Request succeeded."}]' ]</msg>
<msg timestamp="20191212 09:46:44.412" level="INFO">To JSON using : content=[{"Caption":"Request succeeded.","Code":"12538021530103185408","Description":"Organization Added Successfully.","Id":"itselfmedia","ObjectName":"Organization","SID":511,"Title":"Request succeeded."}] </msg>
<msg timestamp="20191212 09:46:44.412" level="INFO">To JSON using : pretty_print=False </msg>
<msg timestamp="20191212 09:46:44.413" level="TRACE">Return: [{'Caption': 'Request succeeded.',
  'Code': '12538021530103185408',
  'Description': 'Organization Added Successfully.',
  'Id': 'itselfmedia',
  'ObjectName': 'Organization',
  'SID': 511,
  'Title': 'Request succeeded.'}]</msg>
<msg timestamp="20191212 09:46:44.414" level="INFO">${json_response} = [{'Caption': 'Request succeeded.', 'Code': '12538021530103185408', 'Description': 'Organization Added Successfully.', 'Id': 'itselfmedia', 'ObjectName': 'Organization', 'SID': 511, 'Title': 'Request s...</msg>
<status status="PASS" starttime="20191212 09:46:44.410" endtime="20191212 09:46:44.414"></status>
</kw>
<kw name="${r} IN [ @{json_response} ]" type="for">
<kw name="${r} = {'Caption': 'Request succeeded.', 'Code': '12538021530103185408', 'Description': 'Organization Added Successfully.', 'Id': 'itselfmedia', 'ObjectName': 'Organization', 'SID': 511, 'Title': 'Request su..." type="foritem">
<kw name="Should Be Equal As Strings" library="BuiltIn">
<doc>Fails if objects are unequal after converting them to strings.</doc>
<arguments>
<arg>${r}[Caption]</arg>
<arg>Request succeeded.</arg>
</arguments>
<msg timestamp="20191212 09:46:44.417" level="TRACE">Arguments: [ 'Request succeeded.' | 'Request succeeded.' ]</msg>
<msg timestamp="20191212 09:46:44.417" level="DEBUG">Argument types are:
&lt;type 'unicode'&gt;
&lt;type 'unicode'&gt;</msg>
<msg timestamp="20191212 09:46:44.417" level="TRACE">Return: None</msg>
<status status="PASS" starttime="20191212 09:46:44.416" endtime="20191212 09:46:44.418"></status>
</kw>
<kw name="Set Variable" library="BuiltIn">
<doc>Returns the given values which can then be assigned to a variables.</doc>
<arguments>
<arg>${r}[SID]</arg>
</arguments>
<assign>
<var>${XRS_AWS_WEBSERVICE_POST_TEST_ORGANIZATION_SID}</var>
</assign>
<msg timestamp="20191212 09:46:44.419" level="TRACE">Arguments: [ 511 ]</msg>
<msg timestamp="20191212 09:46:44.419" level="TRACE">Return: 511</msg>
<msg timestamp="20191212 09:46:44.419" level="INFO">${XRS_AWS_WEBSERVICE_POST_TEST_ORGANIZATION_SID} = 511</msg>
<status status="PASS" starttime="20191212 09:46:44.418" endtime="20191212 09:46:44.419"></status>
</kw>
<status status="PASS" starttime="20191212 09:46:44.416" endtime="20191212 09:46:44.419"></status>
</kw>
<status status="PASS" starttime="20191212 09:46:44.416" endtime="20191212 09:46:44.419"></status>
</kw>
<kw name="Set Suite Variable" library="BuiltIn">
<doc>Makes a variable available everywhere within the scope of the current suite.</doc>
<arguments>
<arg>${XRS_AWS_WEBSERVICE_POST_TEST_ORGANIZATION_SID}</arg>
</arguments>
<msg timestamp="20191212 09:46:44.421" level="TRACE">Arguments: [ '${XRS_AWS_WEBSERVICE_POST_TEST_ORGANIZATION_SID}' ]</msg>
<msg timestamp="20191212 09:46:44.421" level="INFO">${XRS_AWS_WEBSERVICE_POST_TEST_ORGANIZATION_SID} = 511</msg>
<msg timestamp="20191212 09:46:44.421" level="TRACE">Return: None</msg>
<status status="PASS" starttime="20191212 09:46:44.421" endtime="20191212 09:46:44.421"></status>
</kw>
<doc>Posts a Organization and expects a Caption value "Request succeeded."</doc>
<tags>
<tag>awsxrsorganizationrestwebservicevalidation</tag>
</tags>
<status status="PASS" starttime="20191212 09:46:42.705" endtime="20191212 09:46:44.423" critical="yes"></status>
</test>
<test id="s1-s1-t3" name="Validate AWS XRS Get Organization By SID REST Web Services Returns 200 OK With New Organization">
<kw name="Get Organization With OrganizationSID" library="Organization">
<doc>Get Organization information for a particular Organization using the OrganizationSID</doc>
<arguments>
<arg>${XRS_AWS_WEBSERVICE_POST_TEST_ORGANIZATION_SID}</arg>
</arguments>
<assign>
<var>${response}</var>
</assign>
<msg timestamp="20191212 09:46:44.428" level="TRACE">Arguments: [ ${organization_sid}=511 ]</msg>
<kw name="Set Variable" library="BuiltIn">
<doc>Returns the given values which can then be assigned to a variables.</doc>
<arguments>
<arg>${XRS_Entity_Management_Base_URI.Organization}${ENTITY_MANAGEMENT_WEBSERVICE_GET_ORGANIZATION}/${organization_sid}</arg>
</arguments>
<assign>
<var>${uri}</var>
</assign>
<msg timestamp="20191212 09:46:44.429" level="TRACE">Arguments: [ 'OrganizationWebService.svc/organization/511' ]</msg>
<msg timestamp="20191212 09:46:44.429" level="TRACE">Return: 'OrganizationWebService.svc/organization/511'</msg>
<msg timestamp="20191212 09:46:44.429" level="INFO">${uri} = OrganizationWebService.svc/organization/511</msg>
<status status="PASS" starttime="20191212 09:46:44.428" endtime="20191212 09:46:44.429"></status>
</kw>
<kw name="Get Request" library="RequestsLibrary">
<doc>Send a GET request on the session object found using the
given `alias`</doc>
<arguments>
<arg>${XRS_WEB_SERVICE_SESSION_ALIAS}</arg>
<arg>${uri}</arg>
<arg>headers=${XRS_WEBSERVICES_JSON_HEADER}</arg>
</arguments>
<assign>
<var>${response}</var>
</assign>
<msg timestamp="20191212 09:46:44.430" level="TRACE">Arguments: [ 'xrs_web_service_session' | 'OrganizationWebService.svc/organization/511' | headers={'Accept': 'application/json',
 'Accept-Encoding': 'gzip, deflate',
 'Content-Type': 'application/json'} ]</msg>
<msg timestamp="20191212 09:46:44.430" level="INFO">GET Request using : uri=OrganizationWebService.svc/organization/511, params=None, allow_redirects=True, timeout=None
headers={'User-Agent': 'python-requests/2.22.0', 'Accept-Encoding': 'gzip, deflate', 'Accept': 'application/json', 'Connection': 'keep-alive', 'Content-Type': 'application/json'} 
data=None 
json=None</msg>
<msg timestamp="20191212 09:46:44.905" level="DEBUG">https://d3ws.xataxrs.com:443 "GET /OrganizationWebService.svc/organization/511 HTTP/1.1" 200 612</msg>
<msg timestamp="20191212 09:46:44.908" level="DEBUG">GET Response : status=200, reason=OK
{"Address1":"","Address2":"","AllowSharedResourceGroup":false,"AllowSubscriptionChange":false,"BillingOrganizationId":null,"BillingOrganizationSid":0,"CarrierName":"Gnome Shipping D3","City":"","Country":"USA","CreateDate":"\/Date(1576194403361-0800)\/","DotNumber":"123456","FleetViewRefresh":0,"Language":"English","ModifiedBy":5412,"ModifiedDate":"\/Date(1576194403499-0800)\/","OrganizationId":"itselfmedia","OrganizationName":"itself media","OrganizationSid":511,"ParentOrganizationId":"46663","ParentOrganizationSid":414,"PostalCode":"","State":"","Status":true,"TimeZone":"CST","UnitOfMeasure":"Standard"}</msg>
<msg timestamp="20191212 09:46:44.908" level="TRACE">Return: &lt;Response [200]&gt;</msg>
<msg timestamp="20191212 09:46:44.909" level="INFO">${response} = &lt;Response [200]&gt;</msg>
<status status="PASS" starttime="20191212 09:46:44.429" endtime="20191212 09:46:44.909"></status>
</kw>
<msg timestamp="20191212 09:46:44.910" level="TRACE">Return: &lt;Response [200]&gt;</msg>
<msg timestamp="20191212 09:46:44.910" level="INFO">${response} = &lt;Response [200]&gt;</msg>
<status status="PASS" starttime="20191212 09:46:44.427" endtime="20191212 09:46:44.911"></status>
</kw>
<kw name="Should Be Equal As Strings" library="BuiltIn">
<doc>Fails if objects are unequal after converting them to strings.</doc>
<arguments>
<arg>${response.status_code}</arg>
<arg>200</arg>
</arguments>
<msg timestamp="20191212 09:46:44.914" level="TRACE">Arguments: [ 200 | '200' ]</msg>
<msg timestamp="20191212 09:46:44.915" level="INFO">Argument types are:
&lt;class 'int'&gt;
&lt;type 'unicode'&gt;</msg>
<msg timestamp="20191212 09:46:44.915" level="TRACE">Return: None</msg>
<status status="PASS" starttime="20191212 09:46:44.913" endtime="20191212 09:46:44.916"></status>
</kw>
<doc>Verifies that a posted Organization now exists</doc>
<tags>
<tag>awsxrsorganizationrestwebservicevalidation</tag>
</tags>
<status status="PASS" starttime="20191212 09:46:44.426" endtime="20191212 09:46:44.918" critical="yes"></status>
</test>
<test id="s1-s1-t4" name="Validate AWS XRS Put Organization REST Web Services Modifies Description Successfully">
<kw name="Put Organizations" library="Organization">
<doc>Calls the Put Method on Organizations.
Accepts a list of json objects
See Json field definitions in the "Post Organizations" Keyword</doc>
<arguments>
<arg>@{XRS_AWS_WEBSERVICE_PUT_TEST_ORGANIZATION_LIST}</arg>
</arguments>
<assign>
<var>${response}</var>
</assign>
<msg timestamp="20191212 09:46:44.928" level="TRACE">Arguments: [ @{list_data}=[{'Language': 'English',
  'OrganizationId': 'itselfmedia',
  'OrganizationName': 'itself mediaModified',
  'ParentOrganizationId': 46663}] ]</msg>
<kw name="Set Variable" library="BuiltIn">
<doc>Returns the given values which can then be assigned to a variables.</doc>
<arguments>
<arg>${XRS_Entity_Management_Base_URI.Organization}${ENTITY_MANAGEMENT_WEBSERVICE_PUT_ORGANIZATIONS}</arg>
</arguments>
<assign>
<var>${uri}</var>
</assign>
<msg timestamp="20191212 09:46:44.930" level="TRACE">Arguments: [ 'OrganizationWebService.svc/organizations/update' ]</msg>
<msg timestamp="20191212 09:46:44.931" level="TRACE">Return: 'OrganizationWebService.svc/organizations/update'</msg>
<msg timestamp="20191212 09:46:44.931" level="INFO">${uri} = OrganizationWebService.svc/organizations/update</msg>
<status status="PASS" starttime="20191212 09:46:44.930" endtime="20191212 09:46:44.931"></status>
</kw>
<kw name="Put Request" library="RequestsLibrary">
<doc>Send a PUT request on the session object found using the
given `alias`</doc>
<arguments>
<arg>${XRS_WEB_SERVICE_SESSION_ALIAS}</arg>
<arg>${uri}</arg>
<arg>json=${list_data}</arg>
<arg>headers=${XRS_WEBSERVICES_JSON_HEADER}</arg>
</arguments>
<assign>
<var>${response}</var>
</assign>
<msg timestamp="20191212 09:46:44.932" level="TRACE">Arguments: [ 'xrs_web_service_session' | 'OrganizationWebService.svc/organizations/update' | json=[{'Language': 'English',
  'OrganizationId': 'itselfmedia',
  'OrganizationName': 'itself mediaModified',
  'ParentOrganizationId': 46663}] | headers={'Accept': 'application/json',
 'Accept-Encoding': 'gzip, deflate',
 'Content-Type': 'application/json'} ]</msg>
<msg timestamp="20191212 09:46:44.933" level="INFO">PUT Request using : uri=OrganizationWebService.svc/organizations/update, params=None, files=None, allow_redirects=True, timeout=None
headers={'User-Agent': 'python-requests/2.22.0', 'Accept-Encoding': 'gzip, deflate', 'Accept': 'application/json', 'Connection': 'keep-alive', 'Content-Type': 'application/json'} 
data=None 
json=[{'Language': 'English', 'OrganizationId': 'itselfmedia', 'OrganizationName': 'itself mediaModified', 'ParentOrganizationId': 46663}]</msg>
<msg timestamp="20191212 09:46:45.485" level="DEBUG">https://d3ws.xataxrs.com:443 "PUT /OrganizationWebService.svc/organizations/update HTTP/1.1" 200 200</msg>
<msg timestamp="20191212 09:46:45.485" level="DEBUG">PUT Response : status=200, reason=OK
[{"Caption":"Request succeeded.","Code":"12538021530103185408","Description":"Organization Edited Successfully.","Id":"itselfmedia","ObjectName":"Organization","SID":511,"Title":"Request succeeded."}]</msg>
<msg timestamp="20191212 09:46:45.485" level="TRACE">Return: &lt;Response [200]&gt;</msg>
<msg timestamp="20191212 09:46:45.485" level="INFO">${response} = &lt;Response [200]&gt;</msg>
<status status="PASS" starttime="20191212 09:46:44.931" endtime="20191212 09:46:45.485"></status>
</kw>
<msg timestamp="20191212 09:46:45.485" level="TRACE">Return: &lt;Response [200]&gt;</msg>
<msg timestamp="20191212 09:46:45.485" level="INFO">${response} = &lt;Response [200]&gt;</msg>
<status status="PASS" starttime="20191212 09:46:44.928" endtime="20191212 09:46:45.485"></status>
</kw>
<kw name="To Json" library="RequestsLibrary">
<doc>Convert a string to a JSON object</doc>
<arguments>
<arg>${response.content}</arg>
</arguments>
<assign>
<var>${json_response}</var>
</assign>
<msg timestamp="20191212 09:46:45.486" level="TRACE">Arguments: [ b'[{"Caption":"Request succeeded.","Code":"12538021530103185408","Description":"Organization Edited Successfully.","Id":"itselfmedia","ObjectName":"Organization","SID":511,"Title":"Request succeeded."}]' ]</msg>
<msg timestamp="20191212 09:46:45.486" level="INFO">To JSON using : content=[{"Caption":"Request succeeded.","Code":"12538021530103185408","Description":"Organization Edited Successfully.","Id":"itselfmedia","ObjectName":"Organization","SID":511,"Title":"Request succeeded."}] </msg>
<msg timestamp="20191212 09:46:45.486" level="INFO">To JSON using : pretty_print=False </msg>
<msg timestamp="20191212 09:46:45.486" level="TRACE">Return: [{'Caption': 'Request succeeded.',
  'Code': '12538021530103185408',
  'Description': 'Organization Edited Successfully.',
  'Id': 'itselfmedia',
  'ObjectName': 'Organization',
  'SID': 511,
  'Title': 'Request succeeded.'}]</msg>
<msg timestamp="20191212 09:46:45.486" level="INFO">${json_response} = [{'Caption': 'Request succeeded.', 'Code': '12538021530103185408', 'Description': 'Organization Edited Successfully.', 'Id': 'itselfmedia', 'ObjectName': 'Organization', 'SID': 511, 'Title': 'Request ...</msg>
<status status="PASS" starttime="20191212 09:46:45.486" endtime="20191212 09:46:45.486"></status>
</kw>
<kw name="${r} IN [ @{json_response} ]" type="for">
<kw name="${r} = {'Caption': 'Request succeeded.', 'Code': '12538021530103185408', 'Description': 'Organization Edited Successfully.', 'Id': 'itselfmedia', 'ObjectName': 'Organization', 'SID': 511, 'Title': 'Request s..." type="foritem">
<kw name="Should Be Equal As Strings" library="BuiltIn">
<doc>Fails if objects are unequal after converting them to strings.</doc>
<arguments>
<arg>${r}[Description]</arg>
<arg>Organization Edited Successfully.</arg>
</arguments>
<msg timestamp="20191212 09:46:45.488" level="TRACE">Arguments: [ 'Organization Edited Successfully.' | 'Organization Edited Successfully.' ]</msg>
<msg timestamp="20191212 09:46:45.488" level="DEBUG">Argument types are:
&lt;type 'unicode'&gt;
&lt;type 'unicode'&gt;</msg>
<msg timestamp="20191212 09:46:45.488" level="TRACE">Return: None</msg>
<status status="PASS" starttime="20191212 09:46:45.487" endtime="20191212 09:46:45.488"></status>
</kw>
<status status="PASS" starttime="20191212 09:46:45.487" endtime="20191212 09:46:45.488"></status>
</kw>
<status status="PASS" starttime="20191212 09:46:45.487" endtime="20191212 09:46:45.488"></status>
</kw>
<doc>Posts a Organization and expects a Code value of 201</doc>
<tags>
<tag>awsxrsorganizationrestwebservicevalidation</tag>
</tags>
<status status="PASS" starttime="20191212 09:46:44.925" endtime="20191212 09:46:45.489" critical="yes"></status>
</test>
<test id="s1-s1-t5" name="Validate AWS XRS Get Organizations By Parameters REST Web Services Returns 200 OK">
<kw name="Get Time" library="BuiltIn">
<doc>Returns the given time in the requested format.</doc>
<arguments>
<arg>year,month,day</arg>
</arguments>
<assign>
<var>${yyyy}</var>
<var>${mm}</var>
<var>${dd}</var>
</assign>
<msg timestamp="20191212 09:46:45.492" level="TRACE">Arguments: [ 'year,month,day' ]</msg>
<msg timestamp="20191212 09:46:45.492" level="TRACE">Return: ['2019', '12', '12']</msg>
<msg timestamp="20191212 09:46:45.492" level="INFO">${yyyy} = 2019</msg>
<msg timestamp="20191212 09:46:45.492" level="INFO">${mm} = 12</msg>
<msg timestamp="20191212 09:46:45.492" level="INFO">${dd} = 12</msg>
<status status="PASS" starttime="20191212 09:46:45.492" endtime="20191212 09:46:45.492"></status>
</kw>
<kw name="Create Dictionary" library="BuiltIn">
<doc>Creates and returns a dictionary based on the given ``items``.</doc>
<arguments>
<arg>OrganizationSid=${XRS_AWS_WEBSERVICE_POST_TEST_ORGANIZATION_SID}</arg>
<arg>IsActive=True</arg>
<arg>AsOfDateTime=${mm}/${dd}/${yyyy}</arg>
</arguments>
<assign>
<var>&amp;{params}</var>
</assign>
<msg timestamp="20191212 09:46:45.493" level="TRACE">Arguments: [ 'OrganizationSid=${XRS_AWS_WEBSERVICE_POST_TEST_ORGANIZATION_SID}' | 'IsActive=True' | 'AsOfDateTime=${mm}/${dd}/${yyyy}' ]</msg>
<msg timestamp="20191212 09:46:45.493" level="TRACE">Return: {'AsOfDateTime': '12/12/2019', 'IsActive': 'True', 'OrganizationSid': 511}</msg>
<msg timestamp="20191212 09:46:45.494" level="INFO">&amp;{params} = { OrganizationSid=511 | IsActive=True | AsOfDateTime=12/12/2019 }</msg>
<status status="PASS" starttime="20191212 09:46:45.493" endtime="20191212 09:46:45.494"></status>
</kw>
<kw name="Verify Get Organizations With Forward Slash Returns 200 OK">
<doc>Verify that using a '/' in the URI returns 200 OK</doc>
<arguments>
<arg>&amp;{params}</arg>
</arguments>
<msg timestamp="20191212 09:46:45.495" level="TRACE">Arguments: [ &amp;{params}={'AsOfDateTime': '12/12/2019', 'IsActive': 'True', 'OrganizationSid': 511} ]</msg>
<kw name="Set Variable" library="BuiltIn">
<doc>Returns the given values which can then be assigned to a variables.</doc>
<arguments>
<arg>/</arg>
</arguments>
<assign>
<var>${ending_character}</var>
</assign>
<msg timestamp="20191212 09:46:45.495" level="TRACE">Arguments: [ '/' ]</msg>
<msg timestamp="20191212 09:46:45.495" level="TRACE">Return: '/'</msg>
<msg timestamp="20191212 09:46:45.495" level="INFO">${ending_character} = /</msg>
<status status="PASS" starttime="20191212 09:46:45.495" endtime="20191212 09:46:45.495"></status>
</kw>
<kw name="Get Organizations With URI Ending With ${ending_character} And Parameters &amp;{params}" library="Organization">
<doc>This Keyword modifies character between the base uri and the parameters
This will get Organizations that match the provided parameters.
Params can be named individually or within a Dictionary
See the Get Organizations Keyword for param definitions.</doc>
<assign>
<var>${response}</var>
</assign>
<msg timestamp="20191212 09:46:45.495" level="TRACE">Arguments: [ ${ending_character}='/' | ${params}={'AsOfDateTime': '12/12/2019', 'IsActive': 'True', 'OrganizationSid': 511} ]</msg>
<kw name="Set Variable" library="BuiltIn">
<doc>Returns the given values which can then be assigned to a variables.</doc>
<arguments>
<arg>${XRS_Entity_Management_Base_URI.Organization}${ENTITY_MANAGEMENT_WEBSERVICE_POST_GET_ORGANIZATIONS}${ending_character}</arg>
</arguments>
<assign>
<var>${uri}</var>
</assign>
<msg timestamp="20191212 09:46:45.496" level="TRACE">Arguments: [ 'OrganizationWebService.svc/organizations/' ]</msg>
<msg timestamp="20191212 09:46:45.496" level="TRACE">Return: 'OrganizationWebService.svc/organizations/'</msg>
<msg timestamp="20191212 09:46:45.496" level="INFO">${uri} = OrganizationWebService.svc/organizations/</msg>
<status status="PASS" starttime="20191212 09:46:45.496" endtime="20191212 09:46:45.496"></status>
</kw>
<kw name="Get Request" library="RequestsLibrary">
<doc>Send a GET request on the session object found using the
given `alias`</doc>
<arguments>
<arg>${XRS_WEB_SERVICE_SESSION_ALIAS}</arg>
<arg>${uri}</arg>
<arg>headers=${XRS_WEBSERVICES_JSON_HEADER}</arg>
<arg>params=${params}</arg>
</arguments>
<assign>
<var>${response}</var>
</assign>
<msg timestamp="20191212 09:46:45.496" level="TRACE">Arguments: [ 'xrs_web_service_session' | 'OrganizationWebService.svc/organizations/' | headers={'Accept': 'application/json',
 'Accept-Encoding': 'gzip, deflate',
 'Content-Type': 'application/json'} | params={'AsOfDateTime': '12/12/2019', 'IsActive': 'True', 'OrganizationSid': 511} ]</msg>
<msg timestamp="20191212 09:46:45.497" level="INFO">GET Request using : uri=OrganizationWebService.svc/organizations/, params={'OrganizationSid': 511, 'IsActive': 'True', 'AsOfDateTime': '12/12/2019'}, allow_redirects=True, timeout=None
headers={'User-Agent': 'python-requests/2.22.0', 'Accept-Encoding': 'gzip, deflate', 'Accept': 'application/json', 'Connection': 'keep-alive', 'Content-Type': 'application/json'} 
data=None 
json=None</msg>
<msg timestamp="20191212 09:46:45.919" level="DEBUG">https://d3ws.xataxrs.com:443 "GET /OrganizationWebService.svc/organizations/?OrganizationSid=511&amp;IsActive=True&amp;AsOfDateTime=12%2F12%2F2019 HTTP/1.1" 200 614</msg>
<msg timestamp="20191212 09:46:45.921" level="DEBUG">GET Response : status=200, reason=OK
[{"Address1":"","Address2":"","AllowSharedResourceGroup":false,"AllowSubscriptionChange":false,"BillingOrganizationId":null,"BillingOrganizationSid":0,"CarrierName":"Gnome Shipping D3","City":"","Country":"USA","CreateDate":"\/Date(1576194403361-0800)\/","DotNumber":"123456","FleetViewRefresh":0,"Language":"English","ModifiedBy":5412,"ModifiedDate":"\/Date(1576194403499-0800)\/","OrganizationId":"itselfmedia","OrganizationName":"itself media","OrganizationSid":511,"ParentOrganizationId":"46663","ParentOrganizationSid":414,"PostalCode":"","State":"","Status":true,"TimeZone":"CST","UnitOfMeasure":"Standard"}]</msg>
<msg timestamp="20191212 09:46:45.921" level="TRACE">Return: &lt;Response [200]&gt;</msg>
<msg timestamp="20191212 09:46:45.921" level="INFO">${response} = &lt;Response [200]&gt;</msg>
<status status="PASS" starttime="20191212 09:46:45.496" endtime="20191212 09:46:45.921"></status>
</kw>
<msg timestamp="20191212 09:46:45.922" level="TRACE">Return: &lt;Response [200]&gt;</msg>
<msg timestamp="20191212 09:46:45.922" level="INFO">${response} = &lt;Response [200]&gt;</msg>
<status status="PASS" starttime="20191212 09:46:45.495" endtime="20191212 09:46:45.922"></status>
</kw>
<kw name="Should Be Equal As Strings" library="BuiltIn">
<doc>Fails if objects are unequal after converting them to strings.</doc>
<arguments>
<arg>${response.status_code}</arg>
<arg>200</arg>
</arguments>
<msg timestamp="20191212 09:46:45.923" level="TRACE">Arguments: [ 200 | '200' ]</msg>
<msg timestamp="20191212 09:46:45.923" level="INFO">Argument types are:
&lt;class 'int'&gt;
&lt;type 'unicode'&gt;</msg>
<msg timestamp="20191212 09:46:45.924" level="TRACE">Return: None</msg>
<status status="PASS" starttime="20191212 09:46:45.922" endtime="20191212 09:46:45.924"></status>
</kw>
<msg timestamp="20191212 09:46:45.924" level="TRACE">Return: None</msg>
<status status="PASS" starttime="20191212 09:46:45.494" endtime="20191212 09:46:45.924"></status>
</kw>
<kw name="Verify Get Organizations Without Forward Slash Returns 200 OK">
<doc>Verify that not using a '/' in the URI returns 200 OK</doc>
<arguments>
<arg>&amp;{params}</arg>
</arguments>
<msg timestamp="20191212 09:46:45.926" level="TRACE">Arguments: [ &amp;{params}={'AsOfDateTime': '12/12/2019', 'IsActive': 'True', 'OrganizationSid': 511} ]</msg>
<kw name="Get Organizations" library="Organization">
<doc>Call the Get Method on Organizations.
This will get Organizations that match the provided parameters.
Params can be named individually or within a Dictionary
Param Definitions:
AsOfDateTime
Tells the service to return only the data that changed since the specified date and time.
The date and time are associated with the last modified date and time of the record.
System Limit: 30 days
Status
Filters results to active organizations only.
Valid Values: True False Both
Active (same as True)
Inactive (same as False)
Limit
Used in conjunction with the Offset parameter to implement paging.
Limits the number of results to a specified number.
System Limit: 10,000
Offset
Used in conjunction with the Limit parameter to implement paging.
Represents a page number for the starting point of the return set.
OrganizationId
Limits results to organizations that fall under the specified organization.
ResourceGroupId
Limits results to Organizations in one or more resource groups.
OrganizationSid
Limits results to organizations that fall under the specified organization.
ResourceGroupSid
Limits results to Organizations in one or more resource groups.</doc>
<arguments>
<arg>&amp;{params}</arg>
</arguments>
<assign>
<var>${response}</var>
</assign>
<msg timestamp="20191212 09:46:45.927" level="TRACE">Arguments: [ &amp;{params}={'AsOfDateTime': '12/12/2019', 'IsActive': 'True', 'OrganizationSid': 511} ]</msg>
<kw name="Set Variable" library="BuiltIn">
<doc>Returns the given values which can then be assigned to a variables.</doc>
<arguments>
<arg>${XRS_Entity_Management_Base_URI.Organization}${ENTITY_MANAGEMENT_WEBSERVICE_POST_GET_ORGANIZATIONS}</arg>
</arguments>
<assign>
<var>${uri}</var>
</assign>
<msg timestamp="20191212 09:46:45.928" level="TRACE">Arguments: [ 'OrganizationWebService.svc/organizations' ]</msg>
<msg timestamp="20191212 09:46:45.928" level="TRACE">Return: 'OrganizationWebService.svc/organizations'</msg>
<msg timestamp="20191212 09:46:45.929" level="INFO">${uri} = OrganizationWebService.svc/organizations</msg>
<status status="PASS" starttime="20191212 09:46:45.928" endtime="20191212 09:46:45.929"></status>
</kw>
<kw name="Get Request" library="RequestsLibrary">
<doc>Send a GET request on the session object found using the
given `alias`</doc>
<arguments>
<arg>${XRS_WEB_SERVICE_SESSION_ALIAS}</arg>
<arg>${uri}</arg>
<arg>headers=${XRS_WEBSERVICES_JSON_HEADER}</arg>
<arg>params=${params}</arg>
</arguments>
<assign>
<var>${response}</var>
</assign>
<msg timestamp="20191212 09:46:45.930" level="TRACE">Arguments: [ 'xrs_web_service_session' | 'OrganizationWebService.svc/organizations' | headers={'Accept': 'application/json',
 'Accept-Encoding': 'gzip, deflate',
 'Content-Type': 'application/json'} | params={'AsOfDateTime': '12/12/2019', 'IsActive': 'True', 'OrganizationSid': 511} ]</msg>
<msg timestamp="20191212 09:46:45.930" level="INFO">GET Request using : uri=OrganizationWebService.svc/organizations, params={'OrganizationSid': 511, 'IsActive': 'True', 'AsOfDateTime': '12/12/2019'}, allow_redirects=True, timeout=None
headers={'User-Agent': 'python-requests/2.22.0', 'Accept-Encoding': 'gzip, deflate', 'Accept': 'application/json', 'Connection': 'keep-alive', 'Content-Type': 'application/json'} 
data=None 
json=None</msg>
<msg timestamp="20191212 09:46:46.372" level="DEBUG">https://d3ws.xataxrs.com:443 "GET /OrganizationWebService.svc/organizations?OrganizationSid=511&amp;IsActive=True&amp;AsOfDateTime=12%2F12%2F2019 HTTP/1.1" 200 614</msg>
<msg timestamp="20191212 09:46:46.376" level="DEBUG">GET Response : status=200, reason=OK
[{"Address1":"","Address2":"","AllowSharedResourceGroup":false,"AllowSubscriptionChange":false,"BillingOrganizationId":null,"BillingOrganizationSid":0,"CarrierName":"Gnome Shipping D3","City":"","Country":"USA","CreateDate":"\/Date(1576194403361-0800)\/","DotNumber":"123456","FleetViewRefresh":0,"Language":"English","ModifiedBy":5412,"ModifiedDate":"\/Date(1576194403499-0800)\/","OrganizationId":"itselfmedia","OrganizationName":"itself media","OrganizationSid":511,"ParentOrganizationId":"46663","ParentOrganizationSid":414,"PostalCode":"","State":"","Status":true,"TimeZone":"CST","UnitOfMeasure":"Standard"}]</msg>
<msg timestamp="20191212 09:46:46.376" level="TRACE">Return: &lt;Response [200]&gt;</msg>
<msg timestamp="20191212 09:46:46.376" level="INFO">${response} = &lt;Response [200]&gt;</msg>
<status status="PASS" starttime="20191212 09:46:45.929" endtime="20191212 09:46:46.377"></status>
</kw>
<msg timestamp="20191212 09:46:46.377" level="TRACE">Return: &lt;Response [200]&gt;</msg>
<msg timestamp="20191212 09:46:46.378" level="INFO">${response} = &lt;Response [200]&gt;</msg>
<status status="PASS" starttime="20191212 09:46:45.926" endtime="20191212 09:46:46.378"></status>
</kw>
<kw name="Should Be Equal As Strings" library="BuiltIn">
<doc>Fails if objects are unequal after converting them to strings.</doc>
<arguments>
<arg>${response.status_code}</arg>
<arg>200</arg>
</arguments>
<msg timestamp="20191212 09:46:46.381" level="TRACE">Arguments: [ 200 | '200' ]</msg>
<msg timestamp="20191212 09:46:46.381" level="INFO">Argument types are:
&lt;class 'int'&gt;
&lt;type 'unicode'&gt;</msg>
<msg timestamp="20191212 09:46:46.382" level="TRACE">Return: None</msg>
<status status="PASS" starttime="20191212 09:46:46.379" endtime="20191212 09:46:46.382"></status>
</kw>
<msg timestamp="20191212 09:46:46.383" level="TRACE">Return: None</msg>
<status status="PASS" starttime="20191212 09:46:45.925" endtime="20191212 09:46:46.383"></status>
</kw>
<doc>Get Organizations with basic parameters</doc>
<tags>
<tag>awsxrsorganizationrestwebservicevalidation</tag>
</tags>
<status status="PASS" starttime="20191212 09:46:45.491" endtime="20191212 09:46:46.385" critical="yes"></status>
</test>
<test id="s1-s1-t6" name="Validate AWS XRS Get Organizations By Parameters REST Web Services Returns 200 OK With Raw String URI">
<kw name="Verify Get Organizations Raw String URI With /? Returns 200 OK">
<doc>Verify that using the given character string in the raw URI string returns 200 OK</doc>
<msg timestamp="20191212 09:46:46.391" level="TRACE">Arguments: [ ${character_string}='/?' ]</msg>
<kw name="Get Time" library="BuiltIn">
<doc>Returns the given time in the requested format.</doc>
<arguments>
<arg>year,month,day</arg>
</arguments>
<assign>
<var>${yyyy}</var>
<var>${mm}</var>
<var>${dd}</var>
</assign>
<msg timestamp="20191212 09:46:46.392" level="TRACE">Arguments: [ 'year,month,day' ]</msg>
<msg timestamp="20191212 09:46:46.392" level="TRACE">Return: ['2019', '12', '12']</msg>
<msg timestamp="20191212 09:46:46.392" level="INFO">${yyyy} = 2019</msg>
<msg timestamp="20191212 09:46:46.393" level="INFO">${mm} = 12</msg>
<msg timestamp="20191212 09:46:46.393" level="INFO">${dd} = 12</msg>
<status status="PASS" starttime="20191212 09:46:46.392" endtime="20191212 09:46:46.393"></status>
</kw>
<kw name="Create Dictionary" library="BuiltIn">
<doc>Creates and returns a dictionary based on the given ``items``.</doc>
<arguments>
<arg>OrganizationSid=${XRS_AWS_WEBSERVICE_POST_TEST_ORGANIZATION_SID}</arg>
<arg>IsActive=True</arg>
<arg>AsOfDateTime=${mm}/${dd}/${yyyy}</arg>
</arguments>
<assign>
<var>&amp;{params}</var>
</assign>
<msg timestamp="20191212 09:46:46.393" level="TRACE">Arguments: [ 'OrganizationSid=${XRS_AWS_WEBSERVICE_POST_TEST_ORGANIZATION_SID}' | 'IsActive=True' | 'AsOfDateTime=${mm}/${dd}/${yyyy}' ]</msg>
<msg timestamp="20191212 09:46:46.394" level="TRACE">Return: {'AsOfDateTime': '12/12/2019', 'IsActive': 'True', 'OrganizationSid': 511}</msg>
<msg timestamp="20191212 09:46:46.395" level="INFO">&amp;{params} = { OrganizationSid=511 | IsActive=True | AsOfDateTime=12/12/2019 }</msg>
<status status="PASS" starttime="20191212 09:46:46.393" endtime="20191212 09:46:46.395"></status>
</kw>
<kw name="Create URI String With" library="URIStringBuilderTool">
<doc>Helper Keyword to construct the request uri with different character strings
base_uri = webservice uri
request_type = request extentenstion for the webservice
character_string = final character of the uri. i.e. /, /?, etc ...</doc>
<arguments>
<arg>${XRS_Entity_Management_Base_URI.Organization}</arg>
<arg>${ENTITY_MANAGEMENT_WEBSERVICE_POST_GET_ORGANIZATIONS}</arg>
<arg>${character_string}</arg>
</arguments>
<assign>
<var>${uri_string}</var>
</assign>
<msg timestamp="20191212 09:46:46.396" level="TRACE">Arguments: [ ${base_uri}='OrganizationWebService.svc' | ${request_type}='/organizations' | ${character_string}='/?' ]</msg>
<kw name="Set Variable" library="BuiltIn">
<doc>Returns the given values which can then be assigned to a variables.</doc>
<arguments>
<arg>${base_uri}${request_type}${character_string}</arg>
</arguments>
<assign>
<var>${uri}</var>
</assign>
<msg timestamp="20191212 09:46:46.396" level="TRACE">Arguments: [ 'OrganizationWebService.svc/organizations/?' ]</msg>
<msg timestamp="20191212 09:46:46.396" level="TRACE">Return: 'OrganizationWebService.svc/organizations/?'</msg>
<msg timestamp="20191212 09:46:46.397" level="INFO">${uri} = OrganizationWebService.svc/organizations/?</msg>
<status status="PASS" starttime="20191212 09:46:46.396" endtime="20191212 09:46:46.397"></status>
</kw>
<msg timestamp="20191212 09:46:46.397" level="TRACE">Return: 'OrganizationWebService.svc/organizations/?'</msg>
<msg timestamp="20191212 09:46:46.397" level="INFO">${uri_string} = OrganizationWebService.svc/organizations/?</msg>
<status status="PASS" starttime="20191212 09:46:46.395" endtime="20191212 09:46:46.397"></status>
</kw>
<kw name="Set Variable" library="BuiltIn">
<doc>Returns the given values which can then be assigned to a variables.</doc>
<arguments>
<arg>${uri_string}OrganizationSid=${params.OrganizationSid}&amp;IsActive=${params.IsActive}&amp;AsOfDateTime=${params.AsOfDateTime}</arg>
</arguments>
<assign>
<var>${uri}</var>
</assign>
<msg timestamp="20191212 09:46:46.398" level="TRACE">Arguments: [ 'OrganizationWebService.svc/organizations/?OrganizationSid=511&amp;IsActive=True&amp;AsOfDateTime=12/12/2019' ]</msg>
<msg timestamp="20191212 09:46:46.398" level="TRACE">Return: 'OrganizationWebService.svc/organizations/?OrganizationSid=511&amp;IsActive=True&amp;AsOfDateTime=12/12/2019'</msg>
<msg timestamp="20191212 09:46:46.398" level="INFO">${uri} = OrganizationWebService.svc/organizations/?OrganizationSid=511&amp;IsActive=True&amp;AsOfDateTime=12/12/2019</msg>
<status status="PASS" starttime="20191212 09:46:46.397" endtime="20191212 09:46:46.398"></status>
</kw>
<kw name="Get Request" library="RequestsLibrary">
<doc>Send a GET request on the session object found using the
given `alias`</doc>
<arguments>
<arg>${XRS_WEB_SERVICE_SESSION_ALIAS}</arg>
<arg>${uri}</arg>
<arg>headers=${XRS_WEBSERVICES_JSON_HEADER}</arg>
</arguments>
<assign>
<var>${response}</var>
</assign>
<msg timestamp="20191212 09:46:46.399" level="TRACE">Arguments: [ 'xrs_web_service_session' | 'OrganizationWebService.svc/organizations/?OrganizationSid=511&amp;IsActive=True&amp;AsOfDateTime=12/12/2019' | headers={'Accept': 'application/json',
 'Accept-Encoding': 'gzip, deflate',
 'Content-Type': 'application/json'} ]</msg>
<msg timestamp="20191212 09:46:46.399" level="INFO">GET Request using : uri=OrganizationWebService.svc/organizations/?OrganizationSid=511&amp;IsActive=True&amp;AsOfDateTime=12/12/2019, params=None, allow_redirects=True, timeout=None
headers={'User-Agent': 'python-requests/2.22.0', 'Accept-Encoding': 'gzip, deflate', 'Accept': 'application/json', 'Connection': 'keep-alive', 'Content-Type': 'application/json'} 
data=None 
json=None</msg>
<msg timestamp="20191212 09:46:46.824" level="DEBUG">https://d3ws.xataxrs.com:443 "GET /OrganizationWebService.svc/organizations/?OrganizationSid=511&amp;IsActive=True&amp;AsOfDateTime=12/12/2019 HTTP/1.1" 200 614</msg>
<msg timestamp="20191212 09:46:46.826" level="DEBUG">GET Response : status=200, reason=OK
[{"Address1":"","Address2":"","AllowSharedResourceGroup":false,"AllowSubscriptionChange":false,"BillingOrganizationId":null,"BillingOrganizationSid":0,"CarrierName":"Gnome Shipping D3","City":"","Country":"USA","CreateDate":"\/Date(1576194403361-0800)\/","DotNumber":"123456","FleetViewRefresh":0,"Language":"English","ModifiedBy":5412,"ModifiedDate":"\/Date(1576194403499-0800)\/","OrganizationId":"itselfmedia","OrganizationName":"itself media","OrganizationSid":511,"ParentOrganizationId":"46663","ParentOrganizationSid":414,"PostalCode":"","State":"","Status":true,"TimeZone":"CST","UnitOfMeasure":"Standard"}]</msg>
<msg timestamp="20191212 09:46:46.826" level="TRACE">Return: &lt;Response [200]&gt;</msg>
<msg timestamp="20191212 09:46:46.827" level="INFO">${response} = &lt;Response [200]&gt;</msg>
<status status="PASS" starttime="20191212 09:46:46.398" endtime="20191212 09:46:46.827"></status>
</kw>
<kw name="Should Be Equal As Strings" library="BuiltIn">
<doc>Fails if objects are unequal after converting them to strings.</doc>
<arguments>
<arg>${response.status_code}</arg>
<arg>200</arg>
</arguments>
<msg timestamp="20191212 09:46:46.829" level="TRACE">Arguments: [ 200 | '200' ]</msg>
<msg timestamp="20191212 09:46:46.830" level="INFO">Argument types are:
&lt;class 'int'&gt;
&lt;type 'unicode'&gt;</msg>
<msg timestamp="20191212 09:46:46.830" level="TRACE">Return: None</msg>
<status status="PASS" starttime="20191212 09:46:46.828" endtime="20191212 09:46:46.830"></status>
</kw>
<msg timestamp="20191212 09:46:46.830" level="TRACE">Return: None</msg>
<status status="PASS" starttime="20191212 09:46:46.391" endtime="20191212 09:46:46.830"></status>
</kw>
<kw name="Verify Get Organizations Raw String URI With ? Returns 200 OK">
<doc>Verify that using the given character string in the raw URI string returns 200 OK</doc>
<msg timestamp="20191212 09:46:46.832" level="TRACE">Arguments: [ ${character_string}='?' ]</msg>
<kw name="Get Time" library="BuiltIn">
<doc>Returns the given time in the requested format.</doc>
<arguments>
<arg>year,month,day</arg>
</arguments>
<assign>
<var>${yyyy}</var>
<var>${mm}</var>
<var>${dd}</var>
</assign>
<msg timestamp="20191212 09:46:46.833" level="TRACE">Arguments: [ 'year,month,day' ]</msg>
<msg timestamp="20191212 09:46:46.834" level="TRACE">Return: ['2019', '12', '12']</msg>
<msg timestamp="20191212 09:46:46.834" level="INFO">${yyyy} = 2019</msg>
<msg timestamp="20191212 09:46:46.834" level="INFO">${mm} = 12</msg>
<msg timestamp="20191212 09:46:46.834" level="INFO">${dd} = 12</msg>
<status status="PASS" starttime="20191212 09:46:46.833" endtime="20191212 09:46:46.834"></status>
</kw>
<kw name="Create Dictionary" library="BuiltIn">
<doc>Creates and returns a dictionary based on the given ``items``.</doc>
<arguments>
<arg>OrganizationSid=${XRS_AWS_WEBSERVICE_POST_TEST_ORGANIZATION_SID}</arg>
<arg>IsActive=True</arg>
<arg>AsOfDateTime=${mm}/${dd}/${yyyy}</arg>
</arguments>
<assign>
<var>&amp;{params}</var>
</assign>
<msg timestamp="20191212 09:46:46.835" level="TRACE">Arguments: [ 'OrganizationSid=${XRS_AWS_WEBSERVICE_POST_TEST_ORGANIZATION_SID}' | 'IsActive=True' | 'AsOfDateTime=${mm}/${dd}/${yyyy}' ]</msg>
<msg timestamp="20191212 09:46:46.836" level="TRACE">Return: {'AsOfDateTime': '12/12/2019', 'IsActive': 'True', 'OrganizationSid': 511}</msg>
<msg timestamp="20191212 09:46:46.836" level="INFO">&amp;{params} = { OrganizationSid=511 | IsActive=True | AsOfDateTime=12/12/2019 }</msg>
<status status="PASS" starttime="20191212 09:46:46.835" endtime="20191212 09:46:46.836"></status>
</kw>
<kw name="Create URI String With" library="URIStringBuilderTool">
<doc>Helper Keyword to construct the request uri with different character strings
base_uri = webservice uri
request_type = request extentenstion for the webservice
character_string = final character of the uri. i.e. /, /?, etc ...</doc>
<arguments>
<arg>${XRS_Entity_Management_Base_URI.Organization}</arg>
<arg>${ENTITY_MANAGEMENT_WEBSERVICE_POST_GET_ORGANIZATIONS}</arg>
<arg>${character_string}</arg>
</arguments>
<assign>
<var>${uri_string}</var>
</assign>
<msg timestamp="20191212 09:46:46.837" level="TRACE">Arguments: [ ${base_uri}='OrganizationWebService.svc' | ${request_type}='/organizations' | ${character_string}='?' ]</msg>
<kw name="Set Variable" library="BuiltIn">
<doc>Returns the given values which can then be assigned to a variables.</doc>
<arguments>
<arg>${base_uri}${request_type}${character_string}</arg>
</arguments>
<assign>
<var>${uri}</var>
</assign>
<msg timestamp="20191212 09:46:46.838" level="TRACE">Arguments: [ 'OrganizationWebService.svc/organizations?' ]</msg>
<msg timestamp="20191212 09:46:46.838" level="TRACE">Return: 'OrganizationWebService.svc/organizations?'</msg>
<msg timestamp="20191212 09:46:46.838" level="INFO">${uri} = OrganizationWebService.svc/organizations?</msg>
<status status="PASS" starttime="20191212 09:46:46.838" endtime="20191212 09:46:46.838"></status>
</kw>
<msg timestamp="20191212 09:46:46.839" level="TRACE">Return: 'OrganizationWebService.svc/organizations?'</msg>
<msg timestamp="20191212 09:46:46.839" level="INFO">${uri_string} = OrganizationWebService.svc/organizations?</msg>
<status status="PASS" starttime="20191212 09:46:46.836" endtime="20191212 09:46:46.839"></status>
</kw>
<kw name="Set Variable" library="BuiltIn">
<doc>Returns the given values which can then be assigned to a variables.</doc>
<arguments>
<arg>${uri_string}OrganizationSid=${params.OrganizationSid}&amp;IsActive=${params.IsActive}&amp;AsOfDateTime=${params.AsOfDateTime}</arg>
</arguments>
<assign>
<var>${uri}</var>
</assign>
<msg timestamp="20191212 09:46:46.840" level="TRACE">Arguments: [ 'OrganizationWebService.svc/organizations?OrganizationSid=511&amp;IsActive=True&amp;AsOfDateTime=12/12/2019' ]</msg>
<msg timestamp="20191212 09:46:46.840" level="TRACE">Return: 'OrganizationWebService.svc/organizations?OrganizationSid=511&amp;IsActive=True&amp;AsOfDateTime=12/12/2019'</msg>
<msg timestamp="20191212 09:46:46.840" level="INFO">${uri} = OrganizationWebService.svc/organizations?OrganizationSid=511&amp;IsActive=True&amp;AsOfDateTime=12/12/2019</msg>
<status status="PASS" starttime="20191212 09:46:46.839" endtime="20191212 09:46:46.840"></status>
</kw>
<kw name="Get Request" library="RequestsLibrary">
<doc>Send a GET request on the session object found using the
given `alias`</doc>
<arguments>
<arg>${XRS_WEB_SERVICE_SESSION_ALIAS}</arg>
<arg>${uri}</arg>
<arg>headers=${XRS_WEBSERVICES_JSON_HEADER}</arg>
</arguments>
<assign>
<var>${response}</var>
</assign>
<msg timestamp="20191212 09:46:46.841" level="TRACE">Arguments: [ 'xrs_web_service_session' | 'OrganizationWebService.svc/organizations?OrganizationSid=511&amp;IsActive=True&amp;AsOfDateTime=12/12/2019' | headers={'Accept': 'application/json',
 'Accept-Encoding': 'gzip, deflate',
 'Content-Type': 'application/json'} ]</msg>
<msg timestamp="20191212 09:46:46.841" level="INFO">GET Request using : uri=OrganizationWebService.svc/organizations?OrganizationSid=511&amp;IsActive=True&amp;AsOfDateTime=12/12/2019, params=None, allow_redirects=True, timeout=None
headers={'User-Agent': 'python-requests/2.22.0', 'Accept-Encoding': 'gzip, deflate', 'Accept': 'application/json', 'Connection': 'keep-alive', 'Content-Type': 'application/json'} 
data=None 
json=None</msg>
<msg timestamp="20191212 09:46:47.350" level="DEBUG">https://d3ws.xataxrs.com:443 "GET /OrganizationWebService.svc/organizations?OrganizationSid=511&amp;IsActive=True&amp;AsOfDateTime=12/12/2019 HTTP/1.1" 200 614</msg>
<msg timestamp="20191212 09:46:47.351" level="DEBUG">GET Response : status=200, reason=OK
[{"Address1":"","Address2":"","AllowSharedResourceGroup":false,"AllowSubscriptionChange":false,"BillingOrganizationId":null,"BillingOrganizationSid":0,"CarrierName":"Gnome Shipping D3","City":"","Country":"USA","CreateDate":"\/Date(1576194403361-0800)\/","DotNumber":"123456","FleetViewRefresh":0,"Language":"English","ModifiedBy":5412,"ModifiedDate":"\/Date(1576194403499-0800)\/","OrganizationId":"itselfmedia","OrganizationName":"itself media","OrganizationSid":511,"ParentOrganizationId":"46663","ParentOrganizationSid":414,"PostalCode":"","State":"","Status":true,"TimeZone":"CST","UnitOfMeasure":"Standard"}]</msg>
<msg timestamp="20191212 09:46:47.351" level="TRACE">Return: &lt;Response [200]&gt;</msg>
<msg timestamp="20191212 09:46:47.351" level="INFO">${response} = &lt;Response [200]&gt;</msg>
<status status="PASS" starttime="20191212 09:46:46.841" endtime="20191212 09:46:47.351"></status>
</kw>
<kw name="Should Be Equal As Strings" library="BuiltIn">
<doc>Fails if objects are unequal after converting them to strings.</doc>
<arguments>
<arg>${response.status_code}</arg>
<arg>200</arg>
</arguments>
<msg timestamp="20191212 09:46:47.352" level="TRACE">Arguments: [ 200 | '200' ]</msg>
<msg timestamp="20191212 09:46:47.352" level="INFO">Argument types are:
&lt;class 'int'&gt;
&lt;type 'unicode'&gt;</msg>
<msg timestamp="20191212 09:46:47.353" level="TRACE">Return: None</msg>
<status status="PASS" starttime="20191212 09:46:47.352" endtime="20191212 09:46:47.353"></status>
</kw>
<msg timestamp="20191212 09:46:47.353" level="TRACE">Return: None</msg>
<status status="PASS" starttime="20191212 09:46:46.832" endtime="20191212 09:46:47.353"></status>
</kw>
<doc>Get Organizations with basic parameters using a raw URI string</doc>
<tags>
<tag>awsxrsorganizationrestwebservicevalidation</tag>
</tags>
<status status="PASS" starttime="20191212 09:46:46.389" endtime="20191212 09:46:47.354" critical="yes"></status>
</test>
<test id="s1-s1-t7" name="Validate AWS XRS Get Organizations By ID REST Web Services Returns 200 OK">
<kw name="Get Organization By ID" library="Organization">
<doc>Get organizations by ID.</doc>
<arguments>
<arg>${XRS_AWS_WEBSERVICE_POST_TEST_ORGANIZATION_1_DICT.OrganizationId}</arg>
</arguments>
<assign>
<var>${response}</var>
</assign>
<msg timestamp="20191212 09:46:47.358" level="TRACE">Arguments: [ ${organization_id}='itselfmedia' ]</msg>
<kw name="Set Variable" library="BuiltIn">
<doc>Returns the given values which can then be assigned to a variables.</doc>
<arguments>
<arg>${XRS_Entity_Management_Base_URI.Organization}${ENTITY_MANAGEMENT_WEBSERVICE_POST_GET_ORGANIZATIONS}/${organization_id}</arg>
</arguments>
<assign>
<var>${uri}</var>
</assign>
<msg timestamp="20191212 09:46:47.359" level="TRACE">Arguments: [ 'OrganizationWebService.svc/organizations/itselfmedia' ]</msg>
<msg timestamp="20191212 09:46:47.360" level="TRACE">Return: 'OrganizationWebService.svc/organizations/itselfmedia'</msg>
<msg timestamp="20191212 09:46:47.360" level="INFO">${uri} = OrganizationWebService.svc/organizations/itselfmedia</msg>
<status status="PASS" starttime="20191212 09:46:47.359" endtime="20191212 09:46:47.360"></status>
</kw>
<kw name="Get Request" library="RequestsLibrary">
<doc>Send a GET request on the session object found using the
given `alias`</doc>
<arguments>
<arg>${XRS_WEB_SERVICE_SESSION_ALIAS}</arg>
<arg>${uri}</arg>
<arg>headers=${XRS_WEBSERVICES_JSON_HEADER}</arg>
</arguments>
<assign>
<var>${response}</var>
</assign>
<msg timestamp="20191212 09:46:47.360" level="TRACE">Arguments: [ 'xrs_web_service_session' | 'OrganizationWebService.svc/organizations/itselfmedia' | headers={'Accept': 'application/json',
 'Accept-Encoding': 'gzip, deflate',
 'Content-Type': 'application/json'} ]</msg>
<msg timestamp="20191212 09:46:47.361" level="INFO">GET Request using : uri=OrganizationWebService.svc/organizations/itselfmedia, params=None, allow_redirects=True, timeout=None
headers={'User-Agent': 'python-requests/2.22.0', 'Accept-Encoding': 'gzip, deflate', 'Accept': 'application/json', 'Connection': 'keep-alive', 'Content-Type': 'application/json'} 
data=None 
json=None</msg>
<msg timestamp="20191212 09:46:47.799" level="DEBUG">https://d3ws.xataxrs.com:443 "GET /OrganizationWebService.svc/organizations/itselfmedia HTTP/1.1" 200 612</msg>
<msg timestamp="20191212 09:46:47.800" level="DEBUG">GET Response : status=200, reason=OK
{"Address1":"","Address2":"","AllowSharedResourceGroup":false,"AllowSubscriptionChange":false,"BillingOrganizationId":null,"BillingOrganizationSid":0,"CarrierName":"Gnome Shipping D3","City":"","Country":"USA","CreateDate":"\/Date(1576194403361-0800)\/","DotNumber":"123456","FleetViewRefresh":0,"Language":"English","ModifiedBy":5412,"ModifiedDate":"\/Date(1576194403499-0800)\/","OrganizationId":"itselfmedia","OrganizationName":"itself media","OrganizationSid":511,"ParentOrganizationId":"46663","ParentOrganizationSid":414,"PostalCode":"","State":"","Status":true,"TimeZone":"CST","UnitOfMeasure":"Standard"}</msg>
<msg timestamp="20191212 09:46:47.800" level="TRACE">Return: &lt;Response [200]&gt;</msg>
<msg timestamp="20191212 09:46:47.801" level="INFO">${response} = &lt;Response [200]&gt;</msg>
<status status="PASS" starttime="20191212 09:46:47.360" endtime="20191212 09:46:47.801"></status>
</kw>
<msg timestamp="20191212 09:46:47.801" level="TRACE">Return: &lt;Response [200]&gt;</msg>
<msg timestamp="20191212 09:46:47.801" level="INFO">${response} = &lt;Response [200]&gt;</msg>
<status status="PASS" starttime="20191212 09:46:47.358" endtime="20191212 09:46:47.801"></status>
</kw>
<kw name="Should Be Equal As Strings" library="BuiltIn">
<doc>Fails if objects are unequal after converting them to strings.</doc>
<arguments>
<arg>${response.status_code}</arg>
<arg>200</arg>
</arguments>
<msg timestamp="20191212 09:46:47.803" level="TRACE">Arguments: [ 200 | '200' ]</msg>
<msg timestamp="20191212 09:46:47.803" level="INFO">Argument types are:
&lt;class 'int'&gt;
&lt;type 'unicode'&gt;</msg>
<msg timestamp="20191212 09:46:47.803" level="TRACE">Return: None</msg>
<status status="PASS" starttime="20191212 09:46:47.802" endtime="20191212 09:46:47.804"></status>
</kw>
<tags>
<tag>awsxrsorganizationrestwebservicevalidation</tag>
</tags>
<status status="PASS" starttime="20191212 09:46:47.357" endtime="20191212 09:46:47.805" critical="yes"></status>
</test>
<kw name="Delete All Sessions" library="RequestsLibrary" type="teardown">
<doc>Removes all the session objects</doc>
<msg timestamp="20191212 09:46:47.809" level="TRACE">Arguments: [  ]</msg>
<msg timestamp="20191212 09:46:47.809" level="INFO">Delete All Sessions</msg>
<msg timestamp="20191212 09:46:47.810" level="TRACE">Return: None</msg>
<status status="PASS" starttime="20191212 09:46:47.809" endtime="20191212 09:46:47.810"></status>
</kw>
<doc>Fundamental suite to test XRS AWS Organization Entity Management Web Services</doc>
<status status="PASS" starttime="20191212 09:46:41.291" endtime="20191212 09:46:47.810"></status>
</suite>
<status status="PASS" starttime="20191212 09:46:41.267" endtime="20191212 09:46:47.816"></status>
</suite>
<statistics>
<total>
<stat pass="7" fail="0">Critical Tests</stat>
<stat pass="7" fail="0">All Tests</stat>
</total>
<tag>
<stat pass="7" fail="0">awsxrsorganizationrestwebservicevalidation</stat>
</tag>
<suite>
<stat pass="7" fail="0" id="s1" name="AWS XRS WebServicesTests">AWS XRS WebServicesTests</stat>
<stat pass="7" fail="0" id="s1-s1" name="ValidateAWSXRSOrganizationWebService">AWS XRS WebServicesTests.ValidateAWSXRSOrganizationWebService</stat>
</suite>
</statistics>
<errors>
</errors>
</robot>
