<?xml version="1.0" encoding="UTF-8"?>
<robot generator="Robot 3.1.2 (Python 3.7.3 on win32)" generated="20191212 11:05:28.480" rpa="false">
<suite id="s1" name="AWS XRS WebServicesTests" source="C:\Users\kstine\git\aws-api-gateway-tests\Tests\AWS_XRS_WebServicesTests">
<suite id="s1-s1" name="ValidateAWSXRSOrganizationWebService" source="C:\Users\kstine\git\aws-api-gateway-tests\Tests\AWS_XRS_WebServicesTests\03__ValidateAWSXRSOrganizationWebService.robot">
<kw name="Run Keywords" library="BuiltIn" type="setup">
<doc>Executes all the given keywords in a sequence.</doc>
<arguments>
<arg>Create AWS XRS Web Services Session</arg>
<arg>AND</arg>
<arg>Test Data Setup For XRS AWS Organization Web Service Test Suite</arg>
</arguments>
<msg timestamp="20191212 11:05:29.028" level="TRACE">Arguments: [ 'Create AWS XRS Web Services Session' | 'AND' | 'Test Data Setup For XRS AWS Organization Web Service Test Suite' ]</msg>
<kw name="Create AWS XRS Web Services Session" library="XRSCommonWebService">
<doc>Create a session with aws xrs web services</doc>
<msg timestamp="20191212 11:05:29.029" level="TRACE">Arguments: [  ]</msg>
<kw name="Create Session" library="RequestsLibrary">
<doc>Create Session: create a HTTP session to a server</doc>
<arguments>
<arg>${XRS_WEB_SERVICE_SESSION_ALIAS}</arg>
<arg>${XRS_AWS_WEBSERVICES_URL}[${XRS_HOST_ENVIRONMENT}]</arg>
<arg>verify=True</arg>
<arg>auth=${XRS_WEBSERVICES_AUTHORIZATION}</arg>
</arguments>
<msg timestamp="20191212 11:05:29.029" level="TRACE">Arguments: [ 'xrs_web_service_session' | 'https://d3ws.xataxrs.com' | verify=True | auth=['GnomeShippingD3|admin', 'xrs123'] ]</msg>
<msg timestamp="20191212 11:05:29.029" level="INFO">Creating Session using : alias=xrs_web_service_session, url=https://d3ws.xataxrs.com, headers={},                     cookies={}, auth=&lt;requests.auth.HTTPBasicAuth object at 0x000002474D55CCF8&gt;, timeout=None, proxies=None, verify=True,                     debug=0 </msg>
<msg timestamp="20191212 11:05:29.029" level="DEBUG">Creating session: xrs_web_service_session</msg>
<msg timestamp="20191212 11:05:29.029" level="DEBUG">Argument types are:
&lt;class 'bool'&gt;</msg>
<msg timestamp="20191212 11:05:29.029" level="TRACE">Return: &lt;requests.sessions.Session object at 0x000002474D55CB00&gt;</msg>
<status status="PASS" starttime="20191212 11:05:29.029" endtime="20191212 11:05:29.030"></status>
</kw>
<msg timestamp="20191212 11:05:29.030" level="TRACE">Return: None</msg>
<status status="PASS" starttime="20191212 11:05:29.029" endtime="20191212 11:05:29.030"></status>
</kw>
<kw name="Test Data Setup For XRS AWS Organization Web Service Test Suite">
<doc>Keyword for setting up a random organization for the organization test suite</doc>
<msg timestamp="20191212 11:05:29.030" level="TRACE">Arguments: [  ]</msg>
<kw name="Word" library="FakerLibrary">
<doc>:returns: A random word, eg: 'lorem'</doc>
<assign>
<var>${FAKE_WORD1}</var>
</assign>
<msg timestamp="20191212 11:05:29.030" level="TRACE">Arguments: [  ]</msg>
<msg timestamp="20191212 11:05:29.030" level="TRACE">Return: 'alone'</msg>
<msg timestamp="20191212 11:05:29.030" level="INFO">${FAKE_WORD1} = alone</msg>
<status status="PASS" starttime="20191212 11:05:29.030" endtime="20191212 11:05:29.031"></status>
</kw>
<kw name="Word" library="FakerLibrary">
<doc>:returns: A random word, eg: 'lorem'</doc>
<assign>
<var>${FAKE_WORD2}</var>
</assign>
<msg timestamp="20191212 11:05:29.031" level="TRACE">Arguments: [  ]</msg>
<msg timestamp="20191212 11:05:29.031" level="TRACE">Return: 'value'</msg>
<msg timestamp="20191212 11:05:29.031" level="INFO">${FAKE_WORD2} = value</msg>
<status status="PASS" starttime="20191212 11:05:29.031" endtime="20191212 11:05:29.031"></status>
</kw>
<kw name="Set Variable" library="BuiltIn">
<doc>Returns the given values which can then be assigned to a variables.</doc>
<arguments>
<arg>${FAKE_WORD1}${FAKE_WORD2}</arg>
</arguments>
<assign>
<var>${FAKE_TEST_ORGANIZATION_ID_1}</var>
</assign>
<msg timestamp="20191212 11:05:29.031" level="TRACE">Arguments: [ 'alonevalue' ]</msg>
<msg timestamp="20191212 11:05:29.031" level="TRACE">Return: 'alonevalue'</msg>
<msg timestamp="20191212 11:05:29.032" level="INFO">${FAKE_TEST_ORGANIZATION_ID_1} = alonevalue</msg>
<status status="PASS" starttime="20191212 11:05:29.031" endtime="20191212 11:05:29.032"></status>
</kw>
<kw name="Set Variable" library="BuiltIn">
<doc>Returns the given values which can then be assigned to a variables.</doc>
<arguments>
<arg>${FAKE_WORD1}${SPACE}${FAKE_WORD2}</arg>
</arguments>
<assign>
<var>${FAKE_TEST_ORGANIZATION_NAME_1}</var>
</assign>
<msg timestamp="20191212 11:05:29.032" level="TRACE">Arguments: [ 'alone value' ]</msg>
<msg timestamp="20191212 11:05:29.032" level="TRACE">Return: 'alone value'</msg>
<msg timestamp="20191212 11:05:29.032" level="INFO">${FAKE_TEST_ORGANIZATION_NAME_1} = alone value</msg>
<status status="PASS" starttime="20191212 11:05:29.032" endtime="20191212 11:05:29.032"></status>
</kw>
<kw name="Create Dictionary" library="BuiltIn">
<doc>Creates and returns a dictionary based on the given ``items``.</doc>
<arguments>
<arg>CarrierName=${XRS_GENERAL_INFORMATION.Address.Carrier_Name}</arg>
<arg>Country=${XRS_GENERAL_INFORMATION.Address.Country}</arg>
<arg>DotNumber=${XRS_GENERAL_INFORMATION.Address.DOT_Number}</arg>
<arg>Language=${XRS_GENERAL_INFORMATION.Localization.Language}</arg>
<arg>OrganizationId=${FAKE_TEST_ORGANIZATION_ID_1}</arg>
<arg>OrganizationName=${FAKE_TEST_ORGANIZATION_NAME_1}</arg>
<arg>ParentOrganizationId=${XRS_GENERAL_INFORMATION.Company.Company_ID}</arg>
<arg>ParentOrganizationSid=${XRS_GENERAL_INFORMATION.Company.ParentOrganizationSid}</arg>
<arg>TimeZone=CST</arg>
</arguments>
<assign>
<var>&amp;{XRS_AWS_WEBSERVICE_POST_TEST_ORGANIZATION_1_DICT}</var>
</assign>
<msg timestamp="20191212 11:05:29.032" level="TRACE">Arguments: [ 'CarrierName=${XRS_GENERAL_INFORMATION.Address.Carrier_Name}' | 'Country=${XRS_GENERAL_INFORMATION.Address.Country}' | 'DotNumber=${XRS_GENERAL_INFORMATION.Address.DOT_Number}' | 'Language=${XRS_GENERAL_INFORMATION.Localization.Language}' | 'OrganizationId=${FAKE_TEST_ORGANIZATION_ID_1}' | 'OrganizationName=${FAKE_TEST_ORGANIZATION_NAME_1}' | 'ParentOrganizationId=${XRS_GENERAL_INFORMATION.Company.Company_ID}' | 'ParentOrganizationSid=${XRS_GENERAL_INFORMATION.Company.ParentOrganizationSid}' | 'TimeZone=CST' ]</msg>
<msg timestamp="20191212 11:05:29.033" level="TRACE">Return: {'CarrierName': 'Gnome Shipping D3',
 'Country': 'USA',
 'DotNumber': 123456,
 'Language': 'English',
 'OrganizationId': 'alonevalue',
 'OrganizationName': 'alone value',
 'ParentOrganizationId': 46663,
 'ParentOrganizationSid': 414,
 'TimeZone': 'CST'}</msg>
<msg timestamp="20191212 11:05:29.033" level="INFO">&amp;{XRS_AWS_WEBSERVICE_POST_TEST_ORGANIZATION_1_DICT} = { CarrierName=Gnome Shipping D3 | Country=USA | DotNumber=123456 | Language=English | OrganizationId=alonevalue | OrganizationName=alone value | ParentOrganizationId=46663 | ParentOrganizationSid=414 ...</msg>
<status status="PASS" starttime="20191212 11:05:29.032" endtime="20191212 11:05:29.033"></status>
</kw>
<kw name="Create List" library="BuiltIn">
<doc>Returns a list containing given items.</doc>
<arguments>
<arg>${XRS_AWS_WEBSERVICE_POST_TEST_ORGANIZATION_1_DICT}</arg>
</arguments>
<assign>
<var>@{XRS_AWS_WEBSERVICE_POST_TEST_ORGANIZATION_LIST}</var>
</assign>
<msg timestamp="20191212 11:05:29.034" level="TRACE">Arguments: [ {'CarrierName': 'Gnome Shipping D3',
 'Country': 'USA',
 'DotNumber': 123456,
 'Language': 'English',
 'OrganizationId': 'alonevalue',
 'OrganizationName': 'alone value',
 'ParentOrganizationId': 46663,
 'ParentOrganizationSid': 414,
 'TimeZone': 'CST'} ]</msg>
<msg timestamp="20191212 11:05:29.034" level="TRACE">Return: [{'CarrierName': 'Gnome Shipping D3',
  'Country': 'USA',
  'DotNumber': 123456,
  'Language': 'English',
  'OrganizationId': 'alonevalue',
  'OrganizationName': 'alone value',
  'ParentOrganizationId': 46663,
  'ParentOrganizationSid': 414,
  'TimeZone': 'CST'}]</msg>
<msg timestamp="20191212 11:05:29.034" level="INFO">@{XRS_AWS_WEBSERVICE_POST_TEST_ORGANIZATION_LIST} = [ {'CarrierName': 'Gnome Shipping D3', 'Country': 'USA', 'DotNumber': 123456, 'Language': 'English', 'OrganizationId': 'alonevalue', 'OrganizationName': 'alone value', 'ParentOrganizationId': 46663, '...</msg>
<status status="PASS" starttime="20191212 11:05:29.033" endtime="20191212 11:05:29.034"></status>
</kw>
<kw name="Set Suite Variable" library="BuiltIn">
<doc>Makes a variable available everywhere within the scope of the current suite.</doc>
<arguments>
<arg>${XRS_AWS_WEBSERVICE_POST_TEST_ORGANIZATION_1_DICT}</arg>
</arguments>
<msg timestamp="20191212 11:05:29.034" level="TRACE">Arguments: [ '${XRS_AWS_WEBSERVICE_POST_TEST_ORGANIZATION_1_DICT}' ]</msg>
<msg timestamp="20191212 11:05:29.035" level="INFO">${XRS_AWS_WEBSERVICE_POST_TEST_ORGANIZATION_1_DICT} = {'CarrierName': 'Gnome Shipping D3', 'Country': 'USA', 'DotNumber': 123456, 'Language': 'English', 'OrganizationId': 'alonevalue', 'OrganizationName': 'alone value', 'ParentOrganizationId': 46663, 'Pa...</msg>
<msg timestamp="20191212 11:05:29.035" level="TRACE">Return: None</msg>
<status status="PASS" starttime="20191212 11:05:29.034" endtime="20191212 11:05:29.035"></status>
</kw>
<kw name="Set Suite Variable" library="BuiltIn">
<doc>Makes a variable available everywhere within the scope of the current suite.</doc>
<arguments>
<arg>@{XRS_AWS_WEBSERVICE_POST_TEST_ORGANIZATION_LIST}</arg>
</arguments>
<msg timestamp="20191212 11:05:29.035" level="TRACE">Arguments: [ '@{XRS_AWS_WEBSERVICE_POST_TEST_ORGANIZATION_LIST}' ]</msg>
<msg timestamp="20191212 11:05:29.035" level="INFO">@{XRS_AWS_WEBSERVICE_POST_TEST_ORGANIZATION_LIST} = [ {'CarrierName': 'Gnome Shipping D3', 'Country': 'USA', 'DotNumber': 123456, 'Language': 'English', 'OrganizationId': 'alonevalue', 'OrganizationName': 'alone value', 'ParentOrganizationId': 46663, '...</msg>
<msg timestamp="20191212 11:05:29.035" level="TRACE">Return: None</msg>
<status status="PASS" starttime="20191212 11:05:29.035" endtime="20191212 11:05:29.035"></status>
</kw>
<kw name="Create Dictionary" library="BuiltIn">
<doc>Creates and returns a dictionary based on the given ``items``.</doc>
<arguments>
<arg>Language=${XRS_GENERAL_INFORMATION.Localization.Language}</arg>
<arg>OrganizationId=${FAKE_TEST_ORGANIZATION_ID_1}</arg>
<arg>OrganizationName=${FAKE_TEST_ORGANIZATION_NAME_1}Modified</arg>
<arg>ParentOrganizationId=${XRS_GENERAL_INFORMATION.Company.Company_ID}</arg>
</arguments>
<assign>
<var>&amp;{XRS_AWS_WEBSERVICE_PUT_TEST_ORGANIZATION_1_DICT}</var>
</assign>
<msg timestamp="20191212 11:05:29.035" level="TRACE">Arguments: [ 'Language=${XRS_GENERAL_INFORMATION.Localization.Language}' | 'OrganizationId=${FAKE_TEST_ORGANIZATION_ID_1}' | 'OrganizationName=${FAKE_TEST_ORGANIZATION_NAME_1}Modified' | 'ParentOrganizationId=${XRS_GENERAL_INFORMATION.Company.Company_ID}' ]</msg>
<msg timestamp="20191212 11:05:29.036" level="TRACE">Return: {'Language': 'English',
 'OrganizationId': 'alonevalue',
 'OrganizationName': 'alone valueModified',
 'ParentOrganizationId': 46663}</msg>
<msg timestamp="20191212 11:05:29.036" level="INFO">&amp;{XRS_AWS_WEBSERVICE_PUT_TEST_ORGANIZATION_1_DICT} = { Language=English | OrganizationId=alonevalue | OrganizationName=alone valueModified | ParentOrganizationId=46663 }</msg>
<status status="PASS" starttime="20191212 11:05:29.035" endtime="20191212 11:05:29.036"></status>
</kw>
<kw name="Create List" library="BuiltIn">
<doc>Returns a list containing given items.</doc>
<arguments>
<arg>${XRS_AWS_WEBSERVICE_PUT_TEST_ORGANIZATION_1_DICT}</arg>
</arguments>
<assign>
<var>@{XRS_AWS_WEBSERVICE_PUT_TEST_ORGANIZATION_LIST}</var>
</assign>
<msg timestamp="20191212 11:05:29.036" level="TRACE">Arguments: [ {'Language': 'English',
 'OrganizationId': 'alonevalue',
 'OrganizationName': 'alone valueModified',
 'ParentOrganizationId': 46663} ]</msg>
<msg timestamp="20191212 11:05:29.036" level="TRACE">Return: [{'Language': 'English',
  'OrganizationId': 'alonevalue',
  'OrganizationName': 'alone valueModified',
  'ParentOrganizationId': 46663}]</msg>
<msg timestamp="20191212 11:05:29.037" level="INFO">@{XRS_AWS_WEBSERVICE_PUT_TEST_ORGANIZATION_LIST} = [ {'Language': 'English', 'OrganizationId': 'alonevalue', 'OrganizationName': 'alone valueModified', 'ParentOrganizationId': 46663} ]</msg>
<status status="PASS" starttime="20191212 11:05:29.036" endtime="20191212 11:05:29.037"></status>
</kw>
<kw name="Set Suite Variable" library="BuiltIn">
<doc>Makes a variable available everywhere within the scope of the current suite.</doc>
<arguments>
<arg>@{XRS_AWS_WEBSERVICE_PUT_TEST_ORGANIZATION_LIST}</arg>
</arguments>
<msg timestamp="20191212 11:05:29.037" level="TRACE">Arguments: [ '@{XRS_AWS_WEBSERVICE_PUT_TEST_ORGANIZATION_LIST}' ]</msg>
<msg timestamp="20191212 11:05:29.037" level="INFO">@{XRS_AWS_WEBSERVICE_PUT_TEST_ORGANIZATION_LIST} = [ {'Language': 'English', 'OrganizationId': 'alonevalue', 'OrganizationName': 'alone valueModified', 'ParentOrganizationId': 46663} ]</msg>
<msg timestamp="20191212 11:05:29.037" level="TRACE">Return: None</msg>
<status status="PASS" starttime="20191212 11:05:29.037" endtime="20191212 11:05:29.037"></status>
</kw>
<msg timestamp="20191212 11:05:29.037" level="TRACE">Return: None</msg>
<status status="PASS" starttime="20191212 11:05:29.030" endtime="20191212 11:05:29.037"></status>
</kw>
<msg timestamp="20191212 11:05:29.037" level="TRACE">Return: None</msg>
<status status="PASS" starttime="20191212 11:05:29.028" endtime="20191212 11:05:29.037"></status>
</kw>
<test id="s1-s1-t1" name="Validate AWS XRS Get Organization By SID REST Web Services Returns 200 OK With Parent Organization SID">
<kw name="Get Organization With OrganizationSID" library="Organization">
<doc>Get Organization information for a particular Organization using the OrganizationSID</doc>
<arguments>
<arg>${XRS_GENERAL_INFORMATION.Company.ParentOrganizationSid}</arg>
</arguments>
<assign>
<var>${response}</var>
</assign>
<msg timestamp="20191212 11:05:29.038" level="TRACE">Arguments: [ ${organization_sid}=414 ]</msg>
<kw name="Set Variable" library="BuiltIn">
<doc>Returns the given values which can then be assigned to a variables.</doc>
<arguments>
<arg>${XRS_Entity_Management_Base_URI.Organization}${ENTITY_MANAGEMENT_WEBSERVICE_GET_ORGANIZATION}/${organization_sid}</arg>
</arguments>
<assign>
<var>${uri}</var>
</assign>
<msg timestamp="20191212 11:05:29.039" level="TRACE">Arguments: [ 'OrganizationWebService.svc/organization/414' ]</msg>
<msg timestamp="20191212 11:05:29.039" level="TRACE">Return: 'OrganizationWebService.svc/organization/414'</msg>
<msg timestamp="20191212 11:05:29.039" level="INFO">${uri} = OrganizationWebService.svc/organization/414</msg>
<status status="PASS" starttime="20191212 11:05:29.039" endtime="20191212 11:05:29.039"></status>
</kw>
<kw name="Get Request" library="RequestsLibrary">
<doc>Send a GET request on the session object found using the
given `alias`</doc>
<arguments>
<arg>${XRS_WEB_SERVICE_SESSION_ALIAS}</arg>
<arg>${uri}</arg>
<arg>headers=${XRS_WEBSERVICES_JSON_HEADER}</arg>
</arguments>
<assign>
<var>${response}</var>
</assign>
<msg timestamp="20191212 11:05:29.039" level="TRACE">Arguments: [ 'xrs_web_service_session' | 'OrganizationWebService.svc/organization/414' | headers={'Accept': 'application/json',
 'Accept-Encoding': 'gzip, deflate',
 'Content-Type': 'application/json'} ]</msg>
<msg timestamp="20191212 11:05:29.040" level="INFO">GET Request using : uri=OrganizationWebService.svc/organization/414, params=None, allow_redirects=True, timeout=None
headers={'User-Agent': 'python-requests/2.22.0', 'Accept-Encoding': 'gzip, deflate', 'Accept': 'application/json', 'Connection': 'keep-alive', 'Content-Type': 'application/json'} 
data=None 
json=None</msg>
<msg timestamp="20191212 11:05:29.041" level="DEBUG">Starting new HTTPS connection (1): d3ws.xataxrs.com:443</msg>
<msg timestamp="20191212 11:05:29.922" level="DEBUG">https://d3ws.xataxrs.com:443 "GET /OrganizationWebService.svc/organization/414 HTTP/1.1" 200 657</msg>
<msg timestamp="20191212 11:05:29.925" level="DEBUG">GET Response : status=200, reason=OK
{"Address1":"12900 Whitewater Dr","Address2":"Suite 300","AllowSharedResourceGroup":true,"AllowSubscriptionChange":false,"BillingOrganizationId":null,"BillingOrganizationSid":0,"CarrierName":"Gnome Shipping D3","City":"Minnetonka","Country":"USA","CreateDate":"\/Date(1537828533000-0700)\/","DotNumber":"123456","FleetViewRefresh":5,"Language":"English","ModifiedBy":5412,"ModifiedDate":"\/Date(1574816207411-0800)\/","OrganizationId":"46663","OrganizationName":"Gnome Shipping D3","OrganizationSid":414,"ParentOrganizationId":null,"ParentOrganizationSid":0,"PostalCode":"55343","State":"Minnesota","Status":true,"TimeZone":"CST","UnitOfMeasure":"Standard"}</msg>
<msg timestamp="20191212 11:05:29.925" level="TRACE">Return: &lt;Response [200]&gt;</msg>
<msg timestamp="20191212 11:05:29.926" level="INFO">${response} = &lt;Response [200]&gt;</msg>
<status status="PASS" starttime="20191212 11:05:29.039" endtime="20191212 11:05:29.926"></status>
</kw>
<msg timestamp="20191212 11:05:29.927" level="TRACE">Return: &lt;Response [200]&gt;</msg>
<msg timestamp="20191212 11:05:29.928" level="INFO">${response} = &lt;Response [200]&gt;</msg>
<status status="PASS" starttime="20191212 11:05:29.038" endtime="20191212 11:05:29.928"></status>
</kw>
<kw name="Should Be Equal As Strings" library="BuiltIn">
<doc>Fails if objects are unequal after converting them to strings.</doc>
<arguments>
<arg>${response.status_code}</arg>
<arg>200</arg>
</arguments>
<msg timestamp="20191212 11:05:29.932" level="TRACE">Arguments: [ 200 | '200' ]</msg>
<msg timestamp="20191212 11:05:29.932" level="INFO">Argument types are:
&lt;class 'int'&gt;
&lt;type 'unicode'&gt;</msg>
<msg timestamp="20191212 11:05:29.933" level="TRACE">Return: None</msg>
<status status="PASS" starttime="20191212 11:05:29.931" endtime="20191212 11:05:29.933"></status>
</kw>
<doc>Verifies that a Organization with a specific number does not exist</doc>
<tags>
<tag>awsxrsorganizationrestwebservicevalidation</tag>
</tags>
<status status="PASS" starttime="20191212 11:05:29.037" endtime="20191212 11:05:29.934" critical="yes"></status>
</test>
<test id="s1-s1-t2" name="Validate AWS XRS Post Organization REST Web Services Returns Caption &quot;Request succeeded.&quot;">
<kw name="Post Organizations" library="Organization">
<doc>Calls the Post Method on Organizations.
Accepts a list of json objects
Json field definitions:
Address1
The Address of the organization.
Defaults to Parent Organization's value.
Address2
The Address of the organization.
Defaults to Parent Organization's value.
AllowSharedResourceGroup
An advanced feature, users can view and report on shared resources across organizations.
See Resource Group Field Definitions for more information.
AllowSubscriptionChange
When set to True, Omnitracs XRS will track any changes that affect subscription levels
(adding subscribers, or moving vehicles or drivers between organizations).
The customer will be billed based on the changes.
When set to False, customers must contact Omnitracs XRS or their sales channel for subscription changes.
BillingOrganizationId
The ID of the Billing Organization.
BillingOrganizationSid
The SID of the Billing Organization.
This value is generated automatically by Omnitracs XRS and can be retrieved using the GET method.
CarrierName
DOT-specific carrier name.
City
The name of the city where the organization is based.
Country
The name of the country where the organization is based.
CreateDate
The date and time the account was created.
The value of this field is Read Only and cannot be modified using PUT or POST commands.
DotNumber
Company's US DOT Number.
FleetViewRefresh
A read only field indicating the ID of the last driver which logged into the Organization.
Language
A read only field indicating the name of the last driver which logged into the Organization.
ModifiedBy
The SID of the last Omnitracs XRS User that made modifications to the record.
ModifiedDate
The Date and Time the site record was last modified.
OrganizationID
The user-defined ID of the organization.
OrganizationName
A read-only field containing the name of the organization to which the Organization is assigned.
OrganizationSid
The internal system generated ID (primary key) of the Organization in Omnitracs XRS.
This value can be retrieved using the GET method.
ParentOrganizationID
The internal system generated ID (primary key) of the Parent Organization in Omnitracs XRS.
Note: This field is required if a ParentOrganizationSID value is not specified.
ParentOrganizationSid
The ID of the parent organization.
Note: This field is required if a Parent OrganizationID value is not specified.
PostalCode
The 5 to 9 digit zip code for the organization.
State
The state, province or territory for the organization.
Status
Indicates whether the Organization record is active within Omnitracs XRS.
TimeZone
Identifies the Time Zone the Organization is located in.
UnitOfMeasure
The unit of measure selected for this organization. This applies to all performance and compliance based reporting.
Standard (MPG)
Metric (KM/L)</doc>
<arguments>
<arg>@{XRS_AWS_WEBSERVICE_POST_TEST_ORGANIZATION_LIST}</arg>
</arguments>
<assign>
<var>${response}</var>
</assign>
<msg timestamp="20191212 11:05:29.941" level="TRACE">Arguments: [ @{list_data}=[{'CarrierName': 'Gnome Shipping D3',
  'Country': 'USA',
  'DotNumber': 123456,
  'Language': 'English',
  'OrganizationId': 'alonevalue',
  'OrganizationName': 'alone value',
  'ParentOrganizationId': 46663,
  'ParentOrganizationSid': 414,
  'TimeZone': 'CST'}] ]</msg>
<kw name="Set Variable" library="BuiltIn">
<doc>Returns the given values which can then be assigned to a variables.</doc>
<arguments>
<arg>${XRS_Entity_Management_Base_URI.Organization}${ENTITY_MANAGEMENT_WEBSERVICE_POST_GET_ORGANIZATIONS}</arg>
</arguments>
<assign>
<var>${uri}</var>
</assign>
<msg timestamp="20191212 11:05:29.942" level="TRACE">Arguments: [ 'OrganizationWebService.svc/organizations' ]</msg>
<msg timestamp="20191212 11:05:29.942" level="TRACE">Return: 'OrganizationWebService.svc/organizations'</msg>
<msg timestamp="20191212 11:05:29.942" level="INFO">${uri} = OrganizationWebService.svc/organizations</msg>
<status status="PASS" starttime="20191212 11:05:29.942" endtime="20191212 11:05:29.942"></status>
</kw>
<kw name="Post Request" library="RequestsLibrary">
<doc>Send a POST request on the session object found using the
given `alias`</doc>
<arguments>
<arg>${XRS_WEB_SERVICE_SESSION_ALIAS}</arg>
<arg>${uri}</arg>
<arg>json=${list_data}</arg>
<arg>headers=${XRS_WEBSERVICES_JSON_HEADER}</arg>
</arguments>
<assign>
<var>${response}</var>
</assign>
<msg timestamp="20191212 11:05:29.943" level="TRACE">Arguments: [ 'xrs_web_service_session' | 'OrganizationWebService.svc/organizations' | json=[{'CarrierName': 'Gnome Shipping D3',
  'Country': 'USA',
  'DotNumber': 123456,
  'Language': 'English',
  'OrganizationId': 'alonevalue',
  'OrganizationName': 'alone value',
  'ParentOrganizationId': 46663,
  'ParentOrganizationSid': 414,
  'TimeZone': 'CST'}] | headers={'Accept': 'application/json',
 'Accept-Encoding': 'gzip, deflate',
 'Content-Type': 'application/json'} ]</msg>
<msg timestamp="20191212 11:05:29.944" level="INFO">POST Request using : uri=OrganizationWebService.svc/organizations, params=None, files=None, allow_redirects=True, timeout=None
headers={'User-Agent': 'python-requests/2.22.0', 'Accept-Encoding': 'gzip, deflate', 'Accept': 'application/json', 'Connection': 'keep-alive', 'Content-Type': 'application/json'} 
data=None 
json=[{'CarrierName': 'Gnome Shipping D3', 'Country': 'USA', 'DotNumber': 123456, 'Language': 'English', 'OrganizationId': 'alonevalue', 'OrganizationName': 'alone value', 'ParentOrganizationId': 46663, 'ParentOrganizationSid': 414, 'TimeZone': 'CST'}]</msg>
<msg timestamp="20191212 11:05:31.948" level="DEBUG">https://d3ws.xataxrs.com:443 "POST /OrganizationWebService.svc/organizations HTTP/1.1" 200 198</msg>
<msg timestamp="20191212 11:05:31.949" level="DEBUG">POST Response : status=200, reason=OK
[{"Caption":"Request succeeded.","Code":"12538021530103185408","Description":"Organization Added Successfully.","Id":"alonevalue","ObjectName":"Organization","SID":516,"Title":"Request succeeded."}]</msg>
<msg timestamp="20191212 11:05:31.949" level="TRACE">Return: &lt;Response [200]&gt;</msg>
<msg timestamp="20191212 11:05:31.949" level="INFO">${response} = &lt;Response [200]&gt;</msg>
<status status="PASS" starttime="20191212 11:05:29.943" endtime="20191212 11:05:31.949"></status>
</kw>
<msg timestamp="20191212 11:05:31.949" level="TRACE">Return: &lt;Response [200]&gt;</msg>
<msg timestamp="20191212 11:05:31.949" level="INFO">${response} = &lt;Response [200]&gt;</msg>
<status status="PASS" starttime="20191212 11:05:29.940" endtime="20191212 11:05:31.949"></status>
</kw>
<kw name="To Json" library="RequestsLibrary">
<doc>Convert a string to a JSON object</doc>
<arguments>
<arg>${response.content}</arg>
</arguments>
<assign>
<var>${json_response}</var>
</assign>
<msg timestamp="20191212 11:05:31.950" level="TRACE">Arguments: [ b'[{"Caption":"Request succeeded.","Code":"12538021530103185408","Description":"Organization Added Successfully.","Id":"alonevalue","ObjectName":"Organization","SID":516,"Title":"Request succeeded."}]' ]</msg>
<msg timestamp="20191212 11:05:31.950" level="INFO">To JSON using : content=[{"Caption":"Request succeeded.","Code":"12538021530103185408","Description":"Organization Added Successfully.","Id":"alonevalue","ObjectName":"Organization","SID":516,"Title":"Request succeeded."}] </msg>
<msg timestamp="20191212 11:05:31.950" level="INFO">To JSON using : pretty_print=False </msg>
<msg timestamp="20191212 11:05:31.950" level="TRACE">Return: [{'Caption': 'Request succeeded.',
  'Code': '12538021530103185408',
  'Description': 'Organization Added Successfully.',
  'Id': 'alonevalue',
  'ObjectName': 'Organization',
  'SID': 516,
  'Title': 'Request succeeded.'}]</msg>
<msg timestamp="20191212 11:05:31.951" level="INFO">${json_response} = [{'Caption': 'Request succeeded.', 'Code': '12538021530103185408', 'Description': 'Organization Added Successfully.', 'Id': 'alonevalue', 'ObjectName': 'Organization', 'SID': 516, 'Title': 'Request su...</msg>
<status status="PASS" starttime="20191212 11:05:31.950" endtime="20191212 11:05:31.951"></status>
</kw>
<kw name="${r} IN [ @{json_response} ]" type="for">
<kw name="${r} = {'Caption': 'Request succeeded.', 'Code': '12538021530103185408', 'Description': 'Organization Added Successfully.', 'Id': 'alonevalue', 'ObjectName': 'Organization', 'SID': 516, 'Title': 'Request suc..." type="foritem">
<kw name="Should Be Equal As Strings" library="BuiltIn">
<doc>Fails if objects are unequal after converting them to strings.</doc>
<arguments>
<arg>${r}[Caption]</arg>
<arg>Request succeeded.</arg>
</arguments>
<msg timestamp="20191212 11:05:31.952" level="TRACE">Arguments: [ 'Request succeeded.' | 'Request succeeded.' ]</msg>
<msg timestamp="20191212 11:05:31.952" level="DEBUG">Argument types are:
&lt;type 'unicode'&gt;
&lt;type 'unicode'&gt;</msg>
<msg timestamp="20191212 11:05:31.952" level="TRACE">Return: None</msg>
<status status="PASS" starttime="20191212 11:05:31.952" endtime="20191212 11:05:31.952"></status>
</kw>
<kw name="Set Variable" library="BuiltIn">
<doc>Returns the given values which can then be assigned to a variables.</doc>
<arguments>
<arg>${r}[SID]</arg>
</arguments>
<assign>
<var>${XRS_AWS_WEBSERVICE_POST_TEST_ORGANIZATION_SID}</var>
</assign>
<msg timestamp="20191212 11:05:31.953" level="TRACE">Arguments: [ 516 ]</msg>
<msg timestamp="20191212 11:05:31.953" level="TRACE">Return: 516</msg>
<msg timestamp="20191212 11:05:31.953" level="INFO">${XRS_AWS_WEBSERVICE_POST_TEST_ORGANIZATION_SID} = 516</msg>
<status status="PASS" starttime="20191212 11:05:31.952" endtime="20191212 11:05:31.953"></status>
</kw>
<status status="PASS" starttime="20191212 11:05:31.952" endtime="20191212 11:05:31.953"></status>
</kw>
<status status="PASS" starttime="20191212 11:05:31.951" endtime="20191212 11:05:31.953"></status>
</kw>
<kw name="Set Suite Variable" library="BuiltIn">
<doc>Makes a variable available everywhere within the scope of the current suite.</doc>
<arguments>
<arg>${XRS_AWS_WEBSERVICE_POST_TEST_ORGANIZATION_SID}</arg>
</arguments>
<msg timestamp="20191212 11:05:31.954" level="TRACE">Arguments: [ '${XRS_AWS_WEBSERVICE_POST_TEST_ORGANIZATION_SID}' ]</msg>
<msg timestamp="20191212 11:05:31.954" level="INFO">${XRS_AWS_WEBSERVICE_POST_TEST_ORGANIZATION_SID} = 516</msg>
<msg timestamp="20191212 11:05:31.954" level="TRACE">Return: None</msg>
<status status="PASS" starttime="20191212 11:05:31.954" endtime="20191212 11:05:31.954"></status>
</kw>
<doc>Posts a Organization and expects a Caption value "Request succeeded."</doc>
<tags>
<tag>awsxrsorganizationrestwebservicevalidation</tag>
</tags>
<status status="PASS" starttime="20191212 11:05:29.938" endtime="20191212 11:05:31.955" critical="yes"></status>
</test>
<test id="s1-s1-t3" name="Validate AWS XRS Get Organization By SID REST Web Services Returns 200 OK With New Organization">
<kw name="Get Organization With OrganizationSID" library="Organization">
<doc>Get Organization information for a particular Organization using the OrganizationSID</doc>
<arguments>
<arg>${XRS_AWS_WEBSERVICE_POST_TEST_ORGANIZATION_SID}</arg>
</arguments>
<assign>
<var>${response}</var>
</assign>
<msg timestamp="20191212 11:05:31.958" level="TRACE">Arguments: [ ${organization_sid}=516 ]</msg>
<kw name="Set Variable" library="BuiltIn">
<doc>Returns the given values which can then be assigned to a variables.</doc>
<arguments>
<arg>${XRS_Entity_Management_Base_URI.Organization}${ENTITY_MANAGEMENT_WEBSERVICE_GET_ORGANIZATION}/${organization_sid}</arg>
</arguments>
<assign>
<var>${uri}</var>
</assign>
<msg timestamp="20191212 11:05:31.959" level="TRACE">Arguments: [ 'OrganizationWebService.svc/organization/516' ]</msg>
<msg timestamp="20191212 11:05:31.959" level="TRACE">Return: 'OrganizationWebService.svc/organization/516'</msg>
<msg timestamp="20191212 11:05:31.959" level="INFO">${uri} = OrganizationWebService.svc/organization/516</msg>
<status status="PASS" starttime="20191212 11:05:31.958" endtime="20191212 11:05:31.959"></status>
</kw>
<kw name="Get Request" library="RequestsLibrary">
<doc>Send a GET request on the session object found using the
given `alias`</doc>
<arguments>
<arg>${XRS_WEB_SERVICE_SESSION_ALIAS}</arg>
<arg>${uri}</arg>
<arg>headers=${XRS_WEBSERVICES_JSON_HEADER}</arg>
</arguments>
<assign>
<var>${response}</var>
</assign>
<msg timestamp="20191212 11:05:31.960" level="TRACE">Arguments: [ 'xrs_web_service_session' | 'OrganizationWebService.svc/organization/516' | headers={'Accept': 'application/json',
 'Accept-Encoding': 'gzip, deflate',
 'Content-Type': 'application/json'} ]</msg>
<msg timestamp="20191212 11:05:31.960" level="INFO">GET Request using : uri=OrganizationWebService.svc/organization/516, params=None, allow_redirects=True, timeout=None
headers={'User-Agent': 'python-requests/2.22.0', 'Accept-Encoding': 'gzip, deflate', 'Accept': 'application/json', 'Connection': 'keep-alive', 'Content-Type': 'application/json'} 
data=None 
json=None</msg>
<msg timestamp="20191212 11:05:32.383" level="DEBUG">https://d3ws.xataxrs.com:443 "GET /OrganizationWebService.svc/organization/516 HTTP/1.1" 200 610</msg>
<msg timestamp="20191212 11:05:32.386" level="DEBUG">GET Response : status=200, reason=OK
{"Address1":"","Address2":"","AllowSharedResourceGroup":false,"AllowSubscriptionChange":false,"BillingOrganizationId":null,"BillingOrganizationSid":0,"CarrierName":"Gnome Shipping D3","City":"","Country":"USA","CreateDate":"\/Date(1576199130592-0800)\/","DotNumber":"123456","FleetViewRefresh":0,"Language":"English","ModifiedBy":5412,"ModifiedDate":"\/Date(1576199130747-0800)\/","OrganizationId":"alonevalue","OrganizationName":"alone value","OrganizationSid":516,"ParentOrganizationId":"46663","ParentOrganizationSid":414,"PostalCode":"","State":"","Status":true,"TimeZone":"CST","UnitOfMeasure":"Standard"}</msg>
<msg timestamp="20191212 11:05:32.387" level="TRACE">Return: &lt;Response [200]&gt;</msg>
<msg timestamp="20191212 11:05:32.388" level="INFO">${response} = &lt;Response [200]&gt;</msg>
<status status="PASS" starttime="20191212 11:05:31.959" endtime="20191212 11:05:32.388"></status>
</kw>
<msg timestamp="20191212 11:05:32.389" level="TRACE">Return: &lt;Response [200]&gt;</msg>
<msg timestamp="20191212 11:05:32.390" level="INFO">${response} = &lt;Response [200]&gt;</msg>
<status status="PASS" starttime="20191212 11:05:31.957" endtime="20191212 11:05:32.390"></status>
</kw>
<kw name="Should Be Equal As Strings" library="BuiltIn">
<doc>Fails if objects are unequal after converting them to strings.</doc>
<arguments>
<arg>${response.status_code}</arg>
<arg>200</arg>
</arguments>
<msg timestamp="20191212 11:05:32.392" level="TRACE">Arguments: [ 200 | '200' ]</msg>
<msg timestamp="20191212 11:05:32.393" level="INFO">Argument types are:
&lt;class 'int'&gt;
&lt;type 'unicode'&gt;</msg>
<msg timestamp="20191212 11:05:32.393" level="TRACE">Return: None</msg>
<status status="PASS" starttime="20191212 11:05:32.391" endtime="20191212 11:05:32.393"></status>
</kw>
<doc>Verifies that a posted Organization now exists</doc>
<tags>
<tag>awsxrsorganizationrestwebservicevalidation</tag>
</tags>
<status status="PASS" starttime="20191212 11:05:31.956" endtime="20191212 11:05:32.394" critical="yes"></status>
</test>
<test id="s1-s1-t4" name="Validate AWS XRS Put Organization REST Web Services Modifies Description Successfully">
<kw name="Put Organizations" library="Organization">
<doc>Calls the Put Method on Organizations.
Accepts a list of json objects
See Json field definitions in the "Post Organizations" Keyword</doc>
<arguments>
<arg>@{XRS_AWS_WEBSERVICE_PUT_TEST_ORGANIZATION_LIST}</arg>
</arguments>
<assign>
<var>${response}</var>
</assign>
<msg timestamp="20191212 11:05:32.400" level="TRACE">Arguments: [ @{list_data}=[{'Language': 'English',
  'OrganizationId': 'alonevalue',
  'OrganizationName': 'alone valueModified',
  'ParentOrganizationId': 46663}] ]</msg>
<kw name="Set Variable" library="BuiltIn">
<doc>Returns the given values which can then be assigned to a variables.</doc>
<arguments>
<arg>${XRS_Entity_Management_Base_URI.Organization}${ENTITY_MANAGEMENT_WEBSERVICE_PUT_ORGANIZATIONS}</arg>
</arguments>
<assign>
<var>${uri}</var>
</assign>
<msg timestamp="20191212 11:05:32.402" level="TRACE">Arguments: [ 'OrganizationWebService.svc/organizations/update' ]</msg>
<msg timestamp="20191212 11:05:32.402" level="TRACE">Return: 'OrganizationWebService.svc/organizations/update'</msg>
<msg timestamp="20191212 11:05:32.403" level="INFO">${uri} = OrganizationWebService.svc/organizations/update</msg>
<status status="PASS" starttime="20191212 11:05:32.401" endtime="20191212 11:05:32.403"></status>
</kw>
<kw name="Put Request" library="RequestsLibrary">
<doc>Send a PUT request on the session object found using the
given `alias`</doc>
<arguments>
<arg>${XRS_WEB_SERVICE_SESSION_ALIAS}</arg>
<arg>${uri}</arg>
<arg>json=${list_data}</arg>
<arg>headers=${XRS_WEBSERVICES_JSON_HEADER}</arg>
</arguments>
<assign>
<var>${response}</var>
</assign>
<msg timestamp="20191212 11:05:32.404" level="TRACE">Arguments: [ 'xrs_web_service_session' | 'OrganizationWebService.svc/organizations/update' | json=[{'Language': 'English',
  'OrganizationId': 'alonevalue',
  'OrganizationName': 'alone valueModified',
  'ParentOrganizationId': 46663}] | headers={'Accept': 'application/json',
 'Accept-Encoding': 'gzip, deflate',
 'Content-Type': 'application/json'} ]</msg>
<msg timestamp="20191212 11:05:32.405" level="INFO">PUT Request using : uri=OrganizationWebService.svc/organizations/update, params=None, files=None, allow_redirects=True, timeout=None
headers={'User-Agent': 'python-requests/2.22.0', 'Accept-Encoding': 'gzip, deflate', 'Accept': 'application/json', 'Connection': 'keep-alive', 'Content-Type': 'application/json'} 
data=None 
json=[{'Language': 'English', 'OrganizationId': 'alonevalue', 'OrganizationName': 'alone valueModified', 'ParentOrganizationId': 46663}]</msg>
<msg timestamp="20191212 11:05:32.900" level="DEBUG">https://d3ws.xataxrs.com:443 "PUT /OrganizationWebService.svc/organizations/update HTTP/1.1" 200 199</msg>
<msg timestamp="20191212 11:05:32.901" level="DEBUG">PUT Response : status=200, reason=OK
[{"Caption":"Request succeeded.","Code":"12538021530103185408","Description":"Organization Edited Successfully.","Id":"alonevalue","ObjectName":"Organization","SID":516,"Title":"Request succeeded."}]</msg>
<msg timestamp="20191212 11:05:32.902" level="TRACE">Return: &lt;Response [200]&gt;</msg>
<msg timestamp="20191212 11:05:32.902" level="INFO">${response} = &lt;Response [200]&gt;</msg>
<status status="PASS" starttime="20191212 11:05:32.403" endtime="20191212 11:05:32.903"></status>
</kw>
<msg timestamp="20191212 11:05:32.903" level="TRACE">Return: &lt;Response [200]&gt;</msg>
<msg timestamp="20191212 11:05:32.904" level="INFO">${response} = &lt;Response [200]&gt;</msg>
<status status="PASS" starttime="20191212 11:05:32.399" endtime="20191212 11:05:32.904"></status>
</kw>
<kw name="To Json" library="RequestsLibrary">
<doc>Convert a string to a JSON object</doc>
<arguments>
<arg>${response.content}</arg>
</arguments>
<assign>
<var>${json_response}</var>
</assign>
<msg timestamp="20191212 11:05:32.909" level="TRACE">Arguments: [ b'[{"Caption":"Request succeeded.","Code":"12538021530103185408","Description":"Organization Edited Successfully.","Id":"alonevalue","ObjectName":"Organization","SID":516,"Title":"Request succeeded."}]' ]</msg>
<msg timestamp="20191212 11:05:32.910" level="INFO">To JSON using : content=[{"Caption":"Request succeeded.","Code":"12538021530103185408","Description":"Organization Edited Successfully.","Id":"alonevalue","ObjectName":"Organization","SID":516,"Title":"Request succeeded."}] </msg>
<msg timestamp="20191212 11:05:32.910" level="INFO">To JSON using : pretty_print=False </msg>
<msg timestamp="20191212 11:05:32.910" level="TRACE">Return: [{'Caption': 'Request succeeded.',
  'Code': '12538021530103185408',
  'Description': 'Organization Edited Successfully.',
  'Id': 'alonevalue',
  'ObjectName': 'Organization',
  'SID': 516,
  'Title': 'Request succeeded.'}]</msg>
<msg timestamp="20191212 11:05:32.911" level="INFO">${json_response} = [{'Caption': 'Request succeeded.', 'Code': '12538021530103185408', 'Description': 'Organization Edited Successfully.', 'Id': 'alonevalue', 'ObjectName': 'Organization', 'SID': 516, 'Title': 'Request s...</msg>
<status status="PASS" starttime="20191212 11:05:32.907" endtime="20191212 11:05:32.911"></status>
</kw>
<kw name="${r} IN [ @{json_response} ]" type="for">
<kw name="${r} = {'Caption': 'Request succeeded.', 'Code': '12538021530103185408', 'Description': 'Organization Edited Successfully.', 'Id': 'alonevalue', 'ObjectName': 'Organization', 'SID': 516, 'Title': 'Request su..." type="foritem">
<kw name="Should Be Equal As Strings" library="BuiltIn">
<doc>Fails if objects are unequal after converting them to strings.</doc>
<arguments>
<arg>${r}[Description]</arg>
<arg>Organization Edited Successfully.</arg>
</arguments>
<msg timestamp="20191212 11:05:32.914" level="TRACE">Arguments: [ 'Organization Edited Successfully.' | 'Organization Edited Successfully.' ]</msg>
<msg timestamp="20191212 11:05:32.915" level="DEBUG">Argument types are:
&lt;type 'unicode'&gt;
&lt;type 'unicode'&gt;</msg>
<msg timestamp="20191212 11:05:32.915" level="TRACE">Return: None</msg>
<status status="PASS" starttime="20191212 11:05:32.913" endtime="20191212 11:05:32.915"></status>
</kw>
<status status="PASS" starttime="20191212 11:05:32.913" endtime="20191212 11:05:32.915"></status>
</kw>
<status status="PASS" starttime="20191212 11:05:32.912" endtime="20191212 11:05:32.915"></status>
</kw>
<doc>Posts a Organization and expects a Code value of 201</doc>
<tags>
<tag>awsxrsorganizationrestwebservicevalidation</tag>
</tags>
<status status="PASS" starttime="20191212 11:05:32.398" endtime="20191212 11:05:32.916" critical="yes"></status>
</test>
<test id="s1-s1-t5" name="Validate AWS XRS Get Organizations By Parameters REST Web Services Returns 200 OK">
<kw name="Get Time" library="BuiltIn">
<doc>Returns the given time in the requested format.</doc>
<arguments>
<arg>year,month,day</arg>
</arguments>
<assign>
<var>${yyyy}</var>
<var>${mm}</var>
<var>${dd}</var>
</assign>
<msg timestamp="20191212 11:05:32.922" level="TRACE">Arguments: [ 'year,month,day' ]</msg>
<msg timestamp="20191212 11:05:32.922" level="TRACE">Return: ['2019', '12', '12']</msg>
<msg timestamp="20191212 11:05:32.922" level="INFO">${yyyy} = 2019</msg>
<msg timestamp="20191212 11:05:32.923" level="INFO">${mm} = 12</msg>
<msg timestamp="20191212 11:05:32.923" level="INFO">${dd} = 12</msg>
<status status="PASS" starttime="20191212 11:05:32.922" endtime="20191212 11:05:32.923"></status>
</kw>
<kw name="Create Dictionary" library="BuiltIn">
<doc>Creates and returns a dictionary based on the given ``items``.</doc>
<arguments>
<arg>OrganizationSid=${XRS_AWS_WEBSERVICE_POST_TEST_ORGANIZATION_SID}</arg>
<arg>IsActive=True</arg>
<arg>AsOfDateTime=${mm}/${dd}/${yyyy}</arg>
</arguments>
<assign>
<var>&amp;{params}</var>
</assign>
<msg timestamp="20191212 11:05:32.924" level="TRACE">Arguments: [ 'OrganizationSid=${XRS_AWS_WEBSERVICE_POST_TEST_ORGANIZATION_SID}' | 'IsActive=True' | 'AsOfDateTime=${mm}/${dd}/${yyyy}' ]</msg>
<msg timestamp="20191212 11:05:32.924" level="TRACE">Return: {'AsOfDateTime': '12/12/2019', 'IsActive': 'True', 'OrganizationSid': 516}</msg>
<msg timestamp="20191212 11:05:32.925" level="INFO">&amp;{params} = { OrganizationSid=516 | IsActive=True | AsOfDateTime=12/12/2019 }</msg>
<status status="PASS" starttime="20191212 11:05:32.924" endtime="20191212 11:05:32.925"></status>
</kw>
<kw name="Verify Get Organizations With Forward Slash Returns 200 OK">
<doc>Verify that using a '/' in the URI returns 200 OK</doc>
<arguments>
<arg>&amp;{params}</arg>
</arguments>
<msg timestamp="20191212 11:05:32.926" level="TRACE">Arguments: [ &amp;{params}={'AsOfDateTime': '12/12/2019', 'IsActive': 'True', 'OrganizationSid': 516} ]</msg>
<kw name="Set Variable" library="BuiltIn">
<doc>Returns the given values which can then be assigned to a variables.</doc>
<arguments>
<arg>/</arg>
</arguments>
<assign>
<var>${ending_character}</var>
</assign>
<msg timestamp="20191212 11:05:32.927" level="TRACE">Arguments: [ '/' ]</msg>
<msg timestamp="20191212 11:05:32.927" level="TRACE">Return: '/'</msg>
<msg timestamp="20191212 11:05:32.927" level="INFO">${ending_character} = /</msg>
<status status="PASS" starttime="20191212 11:05:32.927" endtime="20191212 11:05:32.927"></status>
</kw>
<kw name="Get Organizations With URI Ending With ${ending_character} And Parameters &amp;{params}" library="Organization">
<doc>This Keyword modifies character between the base uri and the parameters
This will get Organizations that match the provided parameters.
Params can be named individually or within a Dictionary
See the Get Organizations Keyword for param definitions.</doc>
<assign>
<var>${response}</var>
</assign>
<msg timestamp="20191212 11:05:32.927" level="TRACE">Arguments: [ ${ending_character}='/' | ${params}={'AsOfDateTime': '12/12/2019', 'IsActive': 'True', 'OrganizationSid': 516} ]</msg>
<kw name="Set Variable" library="BuiltIn">
<doc>Returns the given values which can then be assigned to a variables.</doc>
<arguments>
<arg>${XRS_Entity_Management_Base_URI.Organization}${ENTITY_MANAGEMENT_WEBSERVICE_POST_GET_ORGANIZATIONS}${ending_character}</arg>
</arguments>
<assign>
<var>${uri}</var>
</assign>
<msg timestamp="20191212 11:05:32.928" level="TRACE">Arguments: [ 'OrganizationWebService.svc/organizations/' ]</msg>
<msg timestamp="20191212 11:05:32.928" level="TRACE">Return: 'OrganizationWebService.svc/organizations/'</msg>
<msg timestamp="20191212 11:05:32.928" level="INFO">${uri} = OrganizationWebService.svc/organizations/</msg>
<status status="PASS" starttime="20191212 11:05:32.928" endtime="20191212 11:05:32.928"></status>
</kw>
<kw name="Get Request" library="RequestsLibrary">
<doc>Send a GET request on the session object found using the
given `alias`</doc>
<arguments>
<arg>${XRS_WEB_SERVICE_SESSION_ALIAS}</arg>
<arg>${uri}</arg>
<arg>headers=${XRS_WEBSERVICES_JSON_HEADER}</arg>
<arg>params=${params}</arg>
</arguments>
<assign>
<var>${response}</var>
</assign>
<msg timestamp="20191212 11:05:32.929" level="TRACE">Arguments: [ 'xrs_web_service_session' | 'OrganizationWebService.svc/organizations/' | headers={'Accept': 'application/json',
 'Accept-Encoding': 'gzip, deflate',
 'Content-Type': 'application/json'} | params={'AsOfDateTime': '12/12/2019', 'IsActive': 'True', 'OrganizationSid': 516} ]</msg>
<msg timestamp="20191212 11:05:32.929" level="INFO">GET Request using : uri=OrganizationWebService.svc/organizations/, params={'OrganizationSid': 516, 'IsActive': 'True', 'AsOfDateTime': '12/12/2019'}, allow_redirects=True, timeout=None
headers={'User-Agent': 'python-requests/2.22.0', 'Accept-Encoding': 'gzip, deflate', 'Accept': 'application/json', 'Connection': 'keep-alive', 'Content-Type': 'application/json'} 
data=None 
json=None</msg>
<msg timestamp="20191212 11:05:33.347" level="DEBUG">https://d3ws.xataxrs.com:443 "GET /OrganizationWebService.svc/organizations/?OrganizationSid=516&amp;IsActive=True&amp;AsOfDateTime=12%2F12%2F2019 HTTP/1.1" 200 612</msg>
<msg timestamp="20191212 11:05:33.348" level="DEBUG">GET Response : status=200, reason=OK
[{"Address1":"","Address2":"","AllowSharedResourceGroup":false,"AllowSubscriptionChange":false,"BillingOrganizationId":null,"BillingOrganizationSid":0,"CarrierName":"Gnome Shipping D3","City":"","Country":"USA","CreateDate":"\/Date(1576199130592-0800)\/","DotNumber":"123456","FleetViewRefresh":0,"Language":"English","ModifiedBy":5412,"ModifiedDate":"\/Date(1576199130747-0800)\/","OrganizationId":"alonevalue","OrganizationName":"alone value","OrganizationSid":516,"ParentOrganizationId":"46663","ParentOrganizationSid":414,"PostalCode":"","State":"","Status":true,"TimeZone":"CST","UnitOfMeasure":"Standard"}]</msg>
<msg timestamp="20191212 11:05:33.348" level="TRACE">Return: &lt;Response [200]&gt;</msg>
<msg timestamp="20191212 11:05:33.348" level="INFO">${response} = &lt;Response [200]&gt;</msg>
<status status="PASS" starttime="20191212 11:05:32.929" endtime="20191212 11:05:33.348"></status>
</kw>
<msg timestamp="20191212 11:05:33.348" level="TRACE">Return: &lt;Response [200]&gt;</msg>
<msg timestamp="20191212 11:05:33.348" level="INFO">${response} = &lt;Response [200]&gt;</msg>
<status status="PASS" starttime="20191212 11:05:32.927" endtime="20191212 11:05:33.349"></status>
</kw>
<kw name="Should Be Equal As Strings" library="BuiltIn">
<doc>Fails if objects are unequal after converting them to strings.</doc>
<arguments>
<arg>${response.status_code}</arg>
<arg>200</arg>
</arguments>
<msg timestamp="20191212 11:05:33.349" level="TRACE">Arguments: [ 200 | '200' ]</msg>
<msg timestamp="20191212 11:05:33.349" level="INFO">Argument types are:
&lt;class 'int'&gt;
&lt;type 'unicode'&gt;</msg>
<msg timestamp="20191212 11:05:33.349" level="TRACE">Return: None</msg>
<status status="PASS" starttime="20191212 11:05:33.349" endtime="20191212 11:05:33.349"></status>
</kw>
<msg timestamp="20191212 11:05:33.350" level="TRACE">Return: None</msg>
<status status="PASS" starttime="20191212 11:05:32.926" endtime="20191212 11:05:33.350"></status>
</kw>
<kw name="Verify Get Organizations Without Forward Slash Returns 200 OK">
<doc>Verify that not using a '/' in the URI returns 200 OK</doc>
<arguments>
<arg>&amp;{params}</arg>
</arguments>
<msg timestamp="20191212 11:05:33.351" level="TRACE">Arguments: [ &amp;{params}={'AsOfDateTime': '12/12/2019', 'IsActive': 'True', 'OrganizationSid': 516} ]</msg>
<kw name="Get Organizations" library="Organization">
<doc>Call the Get Method on Organizations.
This will get Organizations that match the provided parameters.
Params can be named individually or within a Dictionary
Param Definitions:
AsOfDateTime
Tells the service to return only the data that changed since the specified date and time.
The date and time are associated with the last modified date and time of the record.
System Limit: 30 days
Status
Filters results to active organizations only.
Valid Values: True False Both
Active (same as True)
Inactive (same as False)
Limit
Used in conjunction with the Offset parameter to implement paging.
Limits the number of results to a specified number.
System Limit: 10,000
Offset
Used in conjunction with the Limit parameter to implement paging.
Represents a page number for the starting point of the return set.
OrganizationId
Limits results to organizations that fall under the specified organization.
ResourceGroupId
Limits results to Organizations in one or more resource groups.
OrganizationSid
Limits results to organizations that fall under the specified organization.
ResourceGroupSid
Limits results to Organizations in one or more resource groups.</doc>
<arguments>
<arg>&amp;{params}</arg>
</arguments>
<assign>
<var>${response}</var>
</assign>
<msg timestamp="20191212 11:05:33.352" level="TRACE">Arguments: [ &amp;{params}={'AsOfDateTime': '12/12/2019', 'IsActive': 'True', 'OrganizationSid': 516} ]</msg>
<kw name="Set Variable" library="BuiltIn">
<doc>Returns the given values which can then be assigned to a variables.</doc>
<arguments>
<arg>${XRS_Entity_Management_Base_URI.Organization}${ENTITY_MANAGEMENT_WEBSERVICE_POST_GET_ORGANIZATIONS}</arg>
</arguments>
<assign>
<var>${uri}</var>
</assign>
<msg timestamp="20191212 11:05:33.353" level="TRACE">Arguments: [ 'OrganizationWebService.svc/organizations' ]</msg>
<msg timestamp="20191212 11:05:33.353" level="TRACE">Return: 'OrganizationWebService.svc/organizations'</msg>
<msg timestamp="20191212 11:05:33.353" level="INFO">${uri} = OrganizationWebService.svc/organizations</msg>
<status status="PASS" starttime="20191212 11:05:33.352" endtime="20191212 11:05:33.353"></status>
</kw>
<kw name="Get Request" library="RequestsLibrary">
<doc>Send a GET request on the session object found using the
given `alias`</doc>
<arguments>
<arg>${XRS_WEB_SERVICE_SESSION_ALIAS}</arg>
<arg>${uri}</arg>
<arg>headers=${XRS_WEBSERVICES_JSON_HEADER}</arg>
<arg>params=${params}</arg>
</arguments>
<assign>
<var>${response}</var>
</assign>
<msg timestamp="20191212 11:05:33.354" level="TRACE">Arguments: [ 'xrs_web_service_session' | 'OrganizationWebService.svc/organizations' | headers={'Accept': 'application/json',
 'Accept-Encoding': 'gzip, deflate',
 'Content-Type': 'application/json'} | params={'AsOfDateTime': '12/12/2019', 'IsActive': 'True', 'OrganizationSid': 516} ]</msg>
<msg timestamp="20191212 11:05:33.354" level="INFO">GET Request using : uri=OrganizationWebService.svc/organizations, params={'OrganizationSid': 516, 'IsActive': 'True', 'AsOfDateTime': '12/12/2019'}, allow_redirects=True, timeout=None
headers={'User-Agent': 'python-requests/2.22.0', 'Accept-Encoding': 'gzip, deflate', 'Accept': 'application/json', 'Connection': 'keep-alive', 'Content-Type': 'application/json'} 
data=None 
json=None</msg>
<msg timestamp="20191212 11:05:33.765" level="DEBUG">https://d3ws.xataxrs.com:443 "GET /OrganizationWebService.svc/organizations?OrganizationSid=516&amp;IsActive=True&amp;AsOfDateTime=12%2F12%2F2019 HTTP/1.1" 200 612</msg>
<msg timestamp="20191212 11:05:33.767" level="DEBUG">GET Response : status=200, reason=OK
[{"Address1":"","Address2":"","AllowSharedResourceGroup":false,"AllowSubscriptionChange":false,"BillingOrganizationId":null,"BillingOrganizationSid":0,"CarrierName":"Gnome Shipping D3","City":"","Country":"USA","CreateDate":"\/Date(1576199130592-0800)\/","DotNumber":"123456","FleetViewRefresh":0,"Language":"English","ModifiedBy":5412,"ModifiedDate":"\/Date(1576199130747-0800)\/","OrganizationId":"alonevalue","OrganizationName":"alone value","OrganizationSid":516,"ParentOrganizationId":"46663","ParentOrganizationSid":414,"PostalCode":"","State":"","Status":true,"TimeZone":"CST","UnitOfMeasure":"Standard"}]</msg>
<msg timestamp="20191212 11:05:33.767" level="TRACE">Return: &lt;Response [200]&gt;</msg>
<msg timestamp="20191212 11:05:33.768" level="INFO">${response} = &lt;Response [200]&gt;</msg>
<status status="PASS" starttime="20191212 11:05:33.353" endtime="20191212 11:05:33.768"></status>
</kw>
<msg timestamp="20191212 11:05:33.769" level="TRACE">Return: &lt;Response [200]&gt;</msg>
<msg timestamp="20191212 11:05:33.769" level="INFO">${response} = &lt;Response [200]&gt;</msg>
<status status="PASS" starttime="20191212 11:05:33.351" endtime="20191212 11:05:33.769"></status>
</kw>
<kw name="Should Be Equal As Strings" library="BuiltIn">
<doc>Fails if objects are unequal after converting them to strings.</doc>
<arguments>
<arg>${response.status_code}</arg>
<arg>200</arg>
</arguments>
<msg timestamp="20191212 11:05:33.772" level="TRACE">Arguments: [ 200 | '200' ]</msg>
<msg timestamp="20191212 11:05:33.773" level="INFO">Argument types are:
&lt;class 'int'&gt;
&lt;type 'unicode'&gt;</msg>
<msg timestamp="20191212 11:05:33.774" level="TRACE">Return: None</msg>
<status status="PASS" starttime="20191212 11:05:33.770" endtime="20191212 11:05:33.774"></status>
</kw>
<msg timestamp="20191212 11:05:33.775" level="TRACE">Return: None</msg>
<status status="PASS" starttime="20191212 11:05:33.350" endtime="20191212 11:05:33.775"></status>
</kw>
<doc>Get Organizations with basic parameters</doc>
<tags>
<tag>awsxrsorganizationrestwebservicevalidation</tag>
</tags>
<status status="PASS" starttime="20191212 11:05:32.920" endtime="20191212 11:05:33.776" critical="yes"></status>
</test>
<test id="s1-s1-t6" name="Validate AWS XRS Get Organizations By Parameters REST Web Services Returns 200 OK With Raw String URI">
<kw name="Verify Get Organizations Raw String URI With /? Returns 200 OK">
<doc>Verify that using the given character string in the raw URI string returns 200 OK</doc>
<msg timestamp="20191212 11:05:33.783" level="TRACE">Arguments: [ ${character_string}='/?' ]</msg>
<kw name="Get Time" library="BuiltIn">
<doc>Returns the given time in the requested format.</doc>
<arguments>
<arg>year,month,day</arg>
</arguments>
<assign>
<var>${yyyy}</var>
<var>${mm}</var>
<var>${dd}</var>
</assign>
<msg timestamp="20191212 11:05:33.783" level="TRACE">Arguments: [ 'year,month,day' ]</msg>
<msg timestamp="20191212 11:05:33.783" level="TRACE">Return: ['2019', '12', '12']</msg>
<msg timestamp="20191212 11:05:33.784" level="INFO">${yyyy} = 2019</msg>
<msg timestamp="20191212 11:05:33.784" level="INFO">${mm} = 12</msg>
<msg timestamp="20191212 11:05:33.784" level="INFO">${dd} = 12</msg>
<status status="PASS" starttime="20191212 11:05:33.783" endtime="20191212 11:05:33.784"></status>
</kw>
<kw name="Create Dictionary" library="BuiltIn">
<doc>Creates and returns a dictionary based on the given ``items``.</doc>
<arguments>
<arg>OrganizationSid=${XRS_AWS_WEBSERVICE_POST_TEST_ORGANIZATION_SID}</arg>
<arg>IsActive=True</arg>
<arg>AsOfDateTime=${mm}/${dd}/${yyyy}</arg>
</arguments>
<assign>
<var>&amp;{params}</var>
</assign>
<msg timestamp="20191212 11:05:33.784" level="TRACE">Arguments: [ 'OrganizationSid=${XRS_AWS_WEBSERVICE_POST_TEST_ORGANIZATION_SID}' | 'IsActive=True' | 'AsOfDateTime=${mm}/${dd}/${yyyy}' ]</msg>
<msg timestamp="20191212 11:05:33.785" level="TRACE">Return: {'AsOfDateTime': '12/12/2019', 'IsActive': 'True', 'OrganizationSid': 516}</msg>
<msg timestamp="20191212 11:05:33.785" level="INFO">&amp;{params} = { OrganizationSid=516 | IsActive=True | AsOfDateTime=12/12/2019 }</msg>
<status status="PASS" starttime="20191212 11:05:33.784" endtime="20191212 11:05:33.785"></status>
</kw>
<kw name="Create URI String With" library="URIStringBuilderTool">
<doc>Helper Keyword to construct the request uri with different character strings
base_uri = webservice uri
request_type = request extentenstion for the webservice
character_string = final character of the uri. i.e. /, /?, etc ...</doc>
<arguments>
<arg>${XRS_Entity_Management_Base_URI.Organization}</arg>
<arg>${ENTITY_MANAGEMENT_WEBSERVICE_POST_GET_ORGANIZATIONS}</arg>
<arg>${character_string}</arg>
</arguments>
<assign>
<var>${uri_string}</var>
</assign>
<msg timestamp="20191212 11:05:33.786" level="TRACE">Arguments: [ ${base_uri}='OrganizationWebService.svc' | ${request_type}='/organizations' | ${character_string}='/?' ]</msg>
<kw name="Set Variable" library="BuiltIn">
<doc>Returns the given values which can then be assigned to a variables.</doc>
<arguments>
<arg>${base_uri}${request_type}${character_string}</arg>
</arguments>
<assign>
<var>${uri}</var>
</assign>
<msg timestamp="20191212 11:05:33.787" level="TRACE">Arguments: [ 'OrganizationWebService.svc/organizations/?' ]</msg>
<msg timestamp="20191212 11:05:33.787" level="TRACE">Return: 'OrganizationWebService.svc/organizations/?'</msg>
<msg timestamp="20191212 11:05:33.787" level="INFO">${uri} = OrganizationWebService.svc/organizations/?</msg>
<status status="PASS" starttime="20191212 11:05:33.787" endtime="20191212 11:05:33.787"></status>
</kw>
<msg timestamp="20191212 11:05:33.788" level="TRACE">Return: 'OrganizationWebService.svc/organizations/?'</msg>
<msg timestamp="20191212 11:05:33.788" level="INFO">${uri_string} = OrganizationWebService.svc/organizations/?</msg>
<status status="PASS" starttime="20191212 11:05:33.786" endtime="20191212 11:05:33.788"></status>
</kw>
<kw name="Set Variable" library="BuiltIn">
<doc>Returns the given values which can then be assigned to a variables.</doc>
<arguments>
<arg>${uri_string}OrganizationSid=${params.OrganizationSid}&amp;IsActive=${params.IsActive}&amp;AsOfDateTime=${params.AsOfDateTime}</arg>
</arguments>
<assign>
<var>${uri}</var>
</assign>
<msg timestamp="20191212 11:05:33.789" level="TRACE">Arguments: [ 'OrganizationWebService.svc/organizations/?OrganizationSid=516&amp;IsActive=True&amp;AsOfDateTime=12/12/2019' ]</msg>
<msg timestamp="20191212 11:05:33.789" level="TRACE">Return: 'OrganizationWebService.svc/organizations/?OrganizationSid=516&amp;IsActive=True&amp;AsOfDateTime=12/12/2019'</msg>
<msg timestamp="20191212 11:05:33.789" level="INFO">${uri} = OrganizationWebService.svc/organizations/?OrganizationSid=516&amp;IsActive=True&amp;AsOfDateTime=12/12/2019</msg>
<status status="PASS" starttime="20191212 11:05:33.788" endtime="20191212 11:05:33.789"></status>
</kw>
<kw name="Get Request" library="RequestsLibrary">
<doc>Send a GET request on the session object found using the
given `alias`</doc>
<arguments>
<arg>${XRS_WEB_SERVICE_SESSION_ALIAS}</arg>
<arg>${uri}</arg>
<arg>headers=${XRS_WEBSERVICES_JSON_HEADER}</arg>
</arguments>
<assign>
<var>${response}</var>
</assign>
<msg timestamp="20191212 11:05:33.790" level="TRACE">Arguments: [ 'xrs_web_service_session' | 'OrganizationWebService.svc/organizations/?OrganizationSid=516&amp;IsActive=True&amp;AsOfDateTime=12/12/2019' | headers={'Accept': 'application/json',
 'Accept-Encoding': 'gzip, deflate',
 'Content-Type': 'application/json'} ]</msg>
<msg timestamp="20191212 11:05:33.790" level="INFO">GET Request using : uri=OrganizationWebService.svc/organizations/?OrganizationSid=516&amp;IsActive=True&amp;AsOfDateTime=12/12/2019, params=None, allow_redirects=True, timeout=None
headers={'User-Agent': 'python-requests/2.22.0', 'Accept-Encoding': 'gzip, deflate', 'Accept': 'application/json', 'Connection': 'keep-alive', 'Content-Type': 'application/json'} 
data=None 
json=None</msg>
<msg timestamp="20191212 11:05:34.247" level="DEBUG">https://d3ws.xataxrs.com:443 "GET /OrganizationWebService.svc/organizations/?OrganizationSid=516&amp;IsActive=True&amp;AsOfDateTime=12/12/2019 HTTP/1.1" 200 612</msg>
<msg timestamp="20191212 11:05:34.249" level="DEBUG">GET Response : status=200, reason=OK
[{"Address1":"","Address2":"","AllowSharedResourceGroup":false,"AllowSubscriptionChange":false,"BillingOrganizationId":null,"BillingOrganizationSid":0,"CarrierName":"Gnome Shipping D3","City":"","Country":"USA","CreateDate":"\/Date(1576199130592-0800)\/","DotNumber":"123456","FleetViewRefresh":0,"Language":"English","ModifiedBy":5412,"ModifiedDate":"\/Date(1576199130747-0800)\/","OrganizationId":"alonevalue","OrganizationName":"alone value","OrganizationSid":516,"ParentOrganizationId":"46663","ParentOrganizationSid":414,"PostalCode":"","State":"","Status":true,"TimeZone":"CST","UnitOfMeasure":"Standard"}]</msg>
<msg timestamp="20191212 11:05:34.250" level="TRACE">Return: &lt;Response [200]&gt;</msg>
<msg timestamp="20191212 11:05:34.250" level="INFO">${response} = &lt;Response [200]&gt;</msg>
<status status="PASS" starttime="20191212 11:05:33.789" endtime="20191212 11:05:34.251"></status>
</kw>
<kw name="Should Be Equal As Strings" library="BuiltIn">
<doc>Fails if objects are unequal after converting them to strings.</doc>
<arguments>
<arg>${response.status_code}</arg>
<arg>200</arg>
</arguments>
<msg timestamp="20191212 11:05:34.253" level="TRACE">Arguments: [ 200 | '200' ]</msg>
<msg timestamp="20191212 11:05:34.253" level="INFO">Argument types are:
&lt;class 'int'&gt;
&lt;type 'unicode'&gt;</msg>
<msg timestamp="20191212 11:05:34.254" level="TRACE">Return: None</msg>
<status status="PASS" starttime="20191212 11:05:34.251" endtime="20191212 11:05:34.254"></status>
</kw>
<msg timestamp="20191212 11:05:34.255" level="TRACE">Return: None</msg>
<status status="PASS" starttime="20191212 11:05:33.782" endtime="20191212 11:05:34.255"></status>
</kw>
<kw name="Verify Get Organizations Raw String URI With ? Returns 200 OK">
<doc>Verify that using the given character string in the raw URI string returns 200 OK</doc>
<msg timestamp="20191212 11:05:34.259" level="TRACE">Arguments: [ ${character_string}='?' ]</msg>
<kw name="Get Time" library="BuiltIn">
<doc>Returns the given time in the requested format.</doc>
<arguments>
<arg>year,month,day</arg>
</arguments>
<assign>
<var>${yyyy}</var>
<var>${mm}</var>
<var>${dd}</var>
</assign>
<msg timestamp="20191212 11:05:34.260" level="TRACE">Arguments: [ 'year,month,day' ]</msg>
<msg timestamp="20191212 11:05:34.261" level="TRACE">Return: ['2019', '12', '12']</msg>
<msg timestamp="20191212 11:05:34.261" level="INFO">${yyyy} = 2019</msg>
<msg timestamp="20191212 11:05:34.261" level="INFO">${mm} = 12</msg>
<msg timestamp="20191212 11:05:34.261" level="INFO">${dd} = 12</msg>
<status status="PASS" starttime="20191212 11:05:34.260" endtime="20191212 11:05:34.261"></status>
</kw>
<kw name="Create Dictionary" library="BuiltIn">
<doc>Creates and returns a dictionary based on the given ``items``.</doc>
<arguments>
<arg>OrganizationSid=${XRS_AWS_WEBSERVICE_POST_TEST_ORGANIZATION_SID}</arg>
<arg>IsActive=True</arg>
<arg>AsOfDateTime=${mm}/${dd}/${yyyy}</arg>
</arguments>
<assign>
<var>&amp;{params}</var>
</assign>
<msg timestamp="20191212 11:05:34.262" level="TRACE">Arguments: [ 'OrganizationSid=${XRS_AWS_WEBSERVICE_POST_TEST_ORGANIZATION_SID}' | 'IsActive=True' | 'AsOfDateTime=${mm}/${dd}/${yyyy}' ]</msg>
<msg timestamp="20191212 11:05:34.263" level="TRACE">Return: {'AsOfDateTime': '12/12/2019', 'IsActive': 'True', 'OrganizationSid': 516}</msg>
<msg timestamp="20191212 11:05:34.264" level="INFO">&amp;{params} = { OrganizationSid=516 | IsActive=True | AsOfDateTime=12/12/2019 }</msg>
<status status="PASS" starttime="20191212 11:05:34.262" endtime="20191212 11:05:34.264"></status>
</kw>
<kw name="Create URI String With" library="URIStringBuilderTool">
<doc>Helper Keyword to construct the request uri with different character strings
base_uri = webservice uri
request_type = request extentenstion for the webservice
character_string = final character of the uri. i.e. /, /?, etc ...</doc>
<arguments>
<arg>${XRS_Entity_Management_Base_URI.Organization}</arg>
<arg>${ENTITY_MANAGEMENT_WEBSERVICE_POST_GET_ORGANIZATIONS}</arg>
<arg>${character_string}</arg>
</arguments>
<assign>
<var>${uri_string}</var>
</assign>
<msg timestamp="20191212 11:05:34.265" level="TRACE">Arguments: [ ${base_uri}='OrganizationWebService.svc' | ${request_type}='/organizations' | ${character_string}='?' ]</msg>
<kw name="Set Variable" library="BuiltIn">
<doc>Returns the given values which can then be assigned to a variables.</doc>
<arguments>
<arg>${base_uri}${request_type}${character_string}</arg>
</arguments>
<assign>
<var>${uri}</var>
</assign>
<msg timestamp="20191212 11:05:34.266" level="TRACE">Arguments: [ 'OrganizationWebService.svc/organizations?' ]</msg>
<msg timestamp="20191212 11:05:34.266" level="TRACE">Return: 'OrganizationWebService.svc/organizations?'</msg>
<msg timestamp="20191212 11:05:34.267" level="INFO">${uri} = OrganizationWebService.svc/organizations?</msg>
<status status="PASS" starttime="20191212 11:05:34.266" endtime="20191212 11:05:34.267"></status>
</kw>
<msg timestamp="20191212 11:05:34.267" level="TRACE">Return: 'OrganizationWebService.svc/organizations?'</msg>
<msg timestamp="20191212 11:05:34.267" level="INFO">${uri_string} = OrganizationWebService.svc/organizations?</msg>
<status status="PASS" starttime="20191212 11:05:34.264" endtime="20191212 11:05:34.267"></status>
</kw>
<kw name="Set Variable" library="BuiltIn">
<doc>Returns the given values which can then be assigned to a variables.</doc>
<arguments>
<arg>${uri_string}OrganizationSid=${params.OrganizationSid}&amp;IsActive=${params.IsActive}&amp;AsOfDateTime=${params.AsOfDateTime}</arg>
</arguments>
<assign>
<var>${uri}</var>
</assign>
<msg timestamp="20191212 11:05:34.269" level="TRACE">Arguments: [ 'OrganizationWebService.svc/organizations?OrganizationSid=516&amp;IsActive=True&amp;AsOfDateTime=12/12/2019' ]</msg>
<msg timestamp="20191212 11:05:34.269" level="TRACE">Return: 'OrganizationWebService.svc/organizations?OrganizationSid=516&amp;IsActive=True&amp;AsOfDateTime=12/12/2019'</msg>
<msg timestamp="20191212 11:05:34.269" level="INFO">${uri} = OrganizationWebService.svc/organizations?OrganizationSid=516&amp;IsActive=True&amp;AsOfDateTime=12/12/2019</msg>
<status status="PASS" starttime="20191212 11:05:34.267" endtime="20191212 11:05:34.269"></status>
</kw>
<kw name="Get Request" library="RequestsLibrary">
<doc>Send a GET request on the session object found using the
given `alias`</doc>
<arguments>
<arg>${XRS_WEB_SERVICE_SESSION_ALIAS}</arg>
<arg>${uri}</arg>
<arg>headers=${XRS_WEBSERVICES_JSON_HEADER}</arg>
</arguments>
<assign>
<var>${response}</var>
</assign>
<msg timestamp="20191212 11:05:34.270" level="TRACE">Arguments: [ 'xrs_web_service_session' | 'OrganizationWebService.svc/organizations?OrganizationSid=516&amp;IsActive=True&amp;AsOfDateTime=12/12/2019' | headers={'Accept': 'application/json',
 'Accept-Encoding': 'gzip, deflate',
 'Content-Type': 'application/json'} ]</msg>
<msg timestamp="20191212 11:05:34.270" level="INFO">GET Request using : uri=OrganizationWebService.svc/organizations?OrganizationSid=516&amp;IsActive=True&amp;AsOfDateTime=12/12/2019, params=None, allow_redirects=True, timeout=None
headers={'User-Agent': 'python-requests/2.22.0', 'Accept-Encoding': 'gzip, deflate', 'Accept': 'application/json', 'Connection': 'keep-alive', 'Content-Type': 'application/json'} 
data=None 
json=None</msg>
<msg timestamp="20191212 11:05:34.723" level="DEBUG">https://d3ws.xataxrs.com:443 "GET /OrganizationWebService.svc/organizations?OrganizationSid=516&amp;IsActive=True&amp;AsOfDateTime=12/12/2019 HTTP/1.1" 200 612</msg>
<msg timestamp="20191212 11:05:34.725" level="DEBUG">GET Response : status=200, reason=OK
[{"Address1":"","Address2":"","AllowSharedResourceGroup":false,"AllowSubscriptionChange":false,"BillingOrganizationId":null,"BillingOrganizationSid":0,"CarrierName":"Gnome Shipping D3","City":"","Country":"USA","CreateDate":"\/Date(1576199130592-0800)\/","DotNumber":"123456","FleetViewRefresh":0,"Language":"English","ModifiedBy":5412,"ModifiedDate":"\/Date(1576199130747-0800)\/","OrganizationId":"alonevalue","OrganizationName":"alone value","OrganizationSid":516,"ParentOrganizationId":"46663","ParentOrganizationSid":414,"PostalCode":"","State":"","Status":true,"TimeZone":"CST","UnitOfMeasure":"Standard"}]</msg>
<msg timestamp="20191212 11:05:34.725" level="TRACE">Return: &lt;Response [200]&gt;</msg>
<msg timestamp="20191212 11:05:34.725" level="INFO">${response} = &lt;Response [200]&gt;</msg>
<status status="PASS" starttime="20191212 11:05:34.269" endtime="20191212 11:05:34.726"></status>
</kw>
<kw name="Should Be Equal As Strings" library="BuiltIn">
<doc>Fails if objects are unequal after converting them to strings.</doc>
<arguments>
<arg>${response.status_code}</arg>
<arg>200</arg>
</arguments>
<msg timestamp="20191212 11:05:34.728" level="TRACE">Arguments: [ 200 | '200' ]</msg>
<msg timestamp="20191212 11:05:34.728" level="INFO">Argument types are:
&lt;class 'int'&gt;
&lt;type 'unicode'&gt;</msg>
<msg timestamp="20191212 11:05:34.729" level="TRACE">Return: None</msg>
<status status="PASS" starttime="20191212 11:05:34.726" endtime="20191212 11:05:34.729"></status>
</kw>
<msg timestamp="20191212 11:05:34.729" level="TRACE">Return: None</msg>
<status status="PASS" starttime="20191212 11:05:34.258" endtime="20191212 11:05:34.730"></status>
</kw>
<doc>Get Organizations with basic parameters using a raw URI string</doc>
<tags>
<tag>awsxrsorganizationrestwebservicevalidation</tag>
</tags>
<status status="PASS" starttime="20191212 11:05:33.780" endtime="20191212 11:05:34.732" critical="yes"></status>
</test>
<test id="s1-s1-t7" name="Validate AWS XRS Get Organizations By ID REST Web Services Returns 200 OK">
<kw name="Get Organizations By ID" library="Organization">
<doc>Get organizations by ID.</doc>
<arguments>
<arg>${XRS_AWS_WEBSERVICE_POST_TEST_ORGANIZATION_1_DICT.OrganizationId}</arg>
</arguments>
<assign>
<var>${response}</var>
</assign>
<msg timestamp="20191212 11:05:34.748" level="TRACE">Arguments: [ ${organization_id}='alonevalue' ]</msg>
<kw name="Set Variable" library="BuiltIn">
<doc>Returns the given values which can then be assigned to a variables.</doc>
<arguments>
<arg>${XRS_Entity_Management_Base_URI.Organization}${ENTITY_MANAGEMENT_WEBSERVICE_POST_GET_ORGANIZATIONS}/${organization_id}</arg>
</arguments>
<assign>
<var>${uri}</var>
</assign>
<msg timestamp="20191212 11:05:34.749" level="TRACE">Arguments: [ 'OrganizationWebService.svc/organizations/alonevalue' ]</msg>
<msg timestamp="20191212 11:05:34.749" level="TRACE">Return: 'OrganizationWebService.svc/organizations/alonevalue'</msg>
<msg timestamp="20191212 11:05:34.749" level="INFO">${uri} = OrganizationWebService.svc/organizations/alonevalue</msg>
<status status="PASS" starttime="20191212 11:05:34.748" endtime="20191212 11:05:34.750"></status>
</kw>
<kw name="Get Request" library="RequestsLibrary">
<doc>Send a GET request on the session object found using the
given `alias`</doc>
<arguments>
<arg>${XRS_WEB_SERVICE_SESSION_ALIAS}</arg>
<arg>${uri}</arg>
<arg>headers=${XRS_WEBSERVICES_JSON_HEADER}</arg>
</arguments>
<assign>
<var>${response}</var>
</assign>
<msg timestamp="20191212 11:05:34.751" level="TRACE">Arguments: [ 'xrs_web_service_session' | 'OrganizationWebService.svc/organizations/alonevalue' | headers={'Accept': 'application/json',
 'Accept-Encoding': 'gzip, deflate',
 'Content-Type': 'application/json'} ]</msg>
<msg timestamp="20191212 11:05:34.751" level="INFO">GET Request using : uri=OrganizationWebService.svc/organizations/alonevalue, params=None, allow_redirects=True, timeout=None
headers={'User-Agent': 'python-requests/2.22.0', 'Accept-Encoding': 'gzip, deflate', 'Accept': 'application/json', 'Connection': 'keep-alive', 'Content-Type': 'application/json'} 
data=None 
json=None</msg>
<msg timestamp="20191212 11:05:35.263" level="DEBUG">https://d3ws.xataxrs.com:443 "GET /OrganizationWebService.svc/organizations/alonevalue HTTP/1.1" 200 610</msg>
<msg timestamp="20191212 11:05:35.265" level="DEBUG">GET Response : status=200, reason=OK
{"Address1":"","Address2":"","AllowSharedResourceGroup":false,"AllowSubscriptionChange":false,"BillingOrganizationId":null,"BillingOrganizationSid":0,"CarrierName":"Gnome Shipping D3","City":"","Country":"USA","CreateDate":"\/Date(1576199130592-0800)\/","DotNumber":"123456","FleetViewRefresh":0,"Language":"English","ModifiedBy":5412,"ModifiedDate":"\/Date(1576199130747-0800)\/","OrganizationId":"alonevalue","OrganizationName":"alone value","OrganizationSid":516,"ParentOrganizationId":"46663","ParentOrganizationSid":414,"PostalCode":"","State":"","Status":true,"TimeZone":"CST","UnitOfMeasure":"Standard"}</msg>
<msg timestamp="20191212 11:05:35.265" level="TRACE">Return: &lt;Response [200]&gt;</msg>
<msg timestamp="20191212 11:05:35.266" level="INFO">${response} = &lt;Response [200]&gt;</msg>
<status status="PASS" starttime="20191212 11:05:34.750" endtime="20191212 11:05:35.266"></status>
</kw>
<msg timestamp="20191212 11:05:35.267" level="TRACE">Return: &lt;Response [200]&gt;</msg>
<msg timestamp="20191212 11:05:35.267" level="INFO">${response} = &lt;Response [200]&gt;</msg>
<status status="PASS" starttime="20191212 11:05:34.746" endtime="20191212 11:05:35.268"></status>
</kw>
<kw name="Should Be Equal As Strings" library="BuiltIn">
<doc>Fails if objects are unequal after converting them to strings.</doc>
<arguments>
<arg>${response.status_code}</arg>
<arg>200</arg>
</arguments>
<msg timestamp="20191212 11:05:35.272" level="TRACE">Arguments: [ 200 | '200' ]</msg>
<msg timestamp="20191212 11:05:35.273" level="INFO">Argument types are:
&lt;class 'int'&gt;
&lt;type 'unicode'&gt;</msg>
<msg timestamp="20191212 11:05:35.274" level="TRACE">Return: None</msg>
<status status="PASS" starttime="20191212 11:05:35.270" endtime="20191212 11:05:35.274"></status>
</kw>
<doc>Get organization by ID returns 200 OK</doc>
<tags>
<tag>awsxrsorganizationrestwebservicevalidation</tag>
</tags>
<status status="PASS" starttime="20191212 11:05:34.740" endtime="20191212 11:05:35.276" critical="yes"></status>
</test>
<test id="s1-s1-t8" name="Validate AWS XRS Get Organizations REST Web Services For All Organizations Returns 200 OK">
<kw name="Get All Organizations" library="Organization">
<doc>Get attributes for all organizations.</doc>
<assign>
<var>${response}</var>
</assign>
<msg timestamp="20191212 11:05:35.282" level="TRACE">Arguments: [  ]</msg>
<kw name="Set Variable" library="BuiltIn">
<doc>Returns the given values which can then be assigned to a variables.</doc>
<arguments>
<arg>${XRS_Entity_Management_Base_URI.Organization}${ENTITY_MANAGEMENT_WEBSERVICE_POST_GET_ORGANIZATIONS}</arg>
</arguments>
<assign>
<var>${uri}</var>
</assign>
<msg timestamp="20191212 11:05:35.284" level="TRACE">Arguments: [ 'OrganizationWebService.svc/organizations' ]</msg>
<msg timestamp="20191212 11:05:35.284" level="TRACE">Return: 'OrganizationWebService.svc/organizations'</msg>
<msg timestamp="20191212 11:05:35.285" level="INFO">${uri} = OrganizationWebService.svc/organizations</msg>
<status status="PASS" starttime="20191212 11:05:35.283" endtime="20191212 11:05:35.285"></status>
</kw>
<kw name="Get Request" library="RequestsLibrary">
<doc>Send a GET request on the session object found using the
given `alias`</doc>
<arguments>
<arg>${XRS_WEB_SERVICE_SESSION_ALIAS}</arg>
<arg>${uri}</arg>
<arg>headers=${XRS_WEBSERVICES_JSON_HEADER}</arg>
</arguments>
<assign>
<var>${response}</var>
</assign>
<msg timestamp="20191212 11:05:35.286" level="TRACE">Arguments: [ 'xrs_web_service_session' | 'OrganizationWebService.svc/organizations' | headers={'Accept': 'application/json',
 'Accept-Encoding': 'gzip, deflate',
 'Content-Type': 'application/json'} ]</msg>
<msg timestamp="20191212 11:05:35.287" level="INFO">GET Request using : uri=OrganizationWebService.svc/organizations, params=None, allow_redirects=True, timeout=None
headers={'User-Agent': 'python-requests/2.22.0', 'Accept-Encoding': 'gzip, deflate', 'Accept': 'application/json', 'Connection': 'keep-alive', 'Content-Type': 'application/json'} 
data=None 
json=None</msg>
<msg timestamp="20191212 11:05:36.000" level="DEBUG">https://d3ws.xataxrs.com:443 "GET /OrganizationWebService.svc/organizations HTTP/1.1" 200 16304</msg>
<msg timestamp="20191212 11:05:36.002" level="DEBUG">GET Response : status=200, reason=OK
[{"Address1":"12900 Whitewater Dr","Address2":"Suite 300","AllowSharedResourceGroup":true,"AllowSubscriptionChange":false,"BillingOrganizationId":null,"BillingOrganizationSid":0,"CarrierName":"Gnome Shipping D3","City":"Minnetonka","Country":"USA","CreateDate":"\/Date(1537828533000-0700)\/","DotNumber":"123456","FleetViewRefresh":5,"Language":"English","ModifiedBy":5412,"ModifiedDate":"\/Date(1574816207411-0800)\/","OrganizationId":"46663","OrganizationName":"Gnome Shipping D3","OrganizationSid":414,"ParentOrganizationId":null,"ParentOrganizationSid":0,"PostalCode":"55343","State":"Minnesota","Status":true,"TimeZone":"CST","UnitOfMeasure":"Standard"},{"Address1":"","Address2":"","AllowSharedResourceGroup":false,"AllowSubscriptionChange":false,"BillingOrganizationId":null,"BillingOrganizationSid":0,"CarrierName":"Gnome Shipping D3","City":"","Country":"USA","CreateDate":"\/Date(1576132837331-0800)\/","DotNumber":"123456","FleetViewRefresh":0,"Language":"English","ModifiedBy":5412,"ModifiedDate":"\/Date(1576132837491-0800)\/","OrganizationId":"adultmanager","OrganizationName":"adult manager","OrganizationSid":503,"ParentOrganizationId":"46663","ParentOrganizationSid":414,"PostalCode":"","State":"","Status":true,"TimeZone":"CST","UnitOfMeasure":"Standard"},{"Address1":"","Address2":"","AllowSharedResourceGroup":false,"AllowSubscriptionChange":false,"BillingOrganizationId":null,"BillingOrganizationSid":0,"CarrierName":"Gnome Shipping D3","City":"","Country":"USA","CreateDate":"\/Date(1576199130592-0800)\/","DotNumber":"123456","FleetViewRefresh":0,"Language":"English","ModifiedBy":5412,"ModifiedDate":"\/Date(1576199130747-0800)\/","OrganizationId":"alonevalue","OrganizationName":"alone value","OrganizationSid":516,"ParentOrganizationId":"46663","ParentOrganizationSid":414,"PostalCode":"","State":"","Status":true,"TimeZone":"CST","UnitOfMeasure":"Standard"},{"Address1":"12900 Whitewater Dr","Address2":"Suite 300","AllowSharedResourceGroup":true,"AllowSubscriptionChange":false,"BillingOrganizationId":"46663","BillingOrganizationSid":414,"CarrierName":"Gnome Shipping D3","City":"Minnetonka","Country":"USA","CreateDate":"\/Date(1556163634892-0700)\/","DotNumber":"123456","FleetViewRefresh":5,"Language":"English","ModifiedBy":5412,"ModifiedDate":"\/Date(1575348898444-0800)\/","OrganizationId":"Bob","OrganizationName":"Bob","OrganizationSid":482,"ParentOrganizationId":"46663","ParentOrganizationSid":414,"PostalCode":"55343","State":"Minnesota","Status":true,"TimeZone":"HST","UnitOfMeasure":"Standard"},{"Address1":"","Address2":"","AllowSharedResourceGroup":false,"AllowSubscriptionChange":false,"BillingOrganizationId":null,"BillingOrganizationSid":0,"CarrierName":"Gnome Shipping D3","City":"","Country":"USA","CreateDate":"\/Date(1576132502418-0800)\/","DotNumber":"123456","FleetViewRefresh":0,"Language":"English","ModifiedBy":5412,"ModifiedDate":"\/Date(1576132502318-0800)\/","OrganizationId":"bytop","OrganizationName":"by top","OrganizationSid":501,"ParentOrganizationId":"46663","ParentOrganizationSid":414,"PostalCode":"","State":"","Status":true,"TimeZone":"CST","UnitOfMeasure":"Standard"},{"Address1":"","Address2":"","AllowSharedResourceGroup":false,"AllowSubscriptionChange":false,"BillingOrganizationId":null,"BillingOrganizationSid":0,"CarrierName":"Gnome Shipping D3","City":"","Country":"USA","CreateDate":"\/Date(1576132876437-0800)\/","DotNumber":"123456","FleetViewRefresh":0,"Language":"English","ModifiedBy":5412,"ModifiedDate":"\/Date(1576132876598-0800)\/","OrganizationId":"directorcompare","OrganizationName":"director compare","OrganizationSid":504,"ParentOrganizationId":"46663","ParentOrganizationSid":414,"PostalCode":"","State":"","Status":true,"TimeZone":"CST","UnitOfMeasure":"Standard"},{"Address1":"","Address2":"","AllowSharedResourceGroup":false,"AllowSubscriptionChange":false,"BillingOrganizationId":null,"BillingOrganizationSid":0,"CarrierName":"Gnome Shipping D3","City":"","Country":"USA","CreateDate":"\/Date(1576198711058-0800)\/","DotNumber":"123456","FleetViewRefresh":0,"Language":"English","ModifiedBy":5412,"ModifiedDate":"\/Date(1576198711082-0800)\/","OrganizationId":"discoveradd","OrganizationName":"discover add","OrganizationSid":513,"ParentOrganizationId":"46663","ParentOrganizationSid":414,"PostalCode":"","State":"","Status":true,"TimeZone":"CST","UnitOfMeasure":"Standard"},{"Address1":"","Address2":"","AllowSharedResourceGroup":false,"AllowSubscriptionChange":false,"BillingOrganizationId":null,"BillingOrganizationSid":0,"CarrierName":"Gnome Shipping D3","City":"","Country":"USA","CreateDate":"\/Date(1576122799498-0800)\/","DotNumber":"123456","FleetViewRefresh":0,"Language":"English","ModifiedBy":5412,"ModifiedDate":"\/Date(1576122799351-0800)\/","OrganizationId":"Evaluate FakerLibrary.WordEvaluate FakerLibrary.Word","OrganizationName":"Evaluate FakerLibrary.Word Evaluate FakerLibrary.Word","OrganizationSid":499,"ParentOrganizationId":"46663","ParentOrganizationSid":414,"PostalCode":"","State":"","Status":true,"TimeZone":"CST","UnitOfMeasure":"Standard"},{"Address1":"","Address2":"","AllowSharedResourceGroup":false,"AllowSubscriptionChange":false,"BillingOrganizationId":null,"BillingOrganizationSid":0,"CarrierName":"Gnome Shipping D3","City":"","Country":"USA","CreateDate":"\/Date(1576122678864-0800)\/","DotNumber":"123456","FleetViewRefresh":0,"Language":"English","ModifiedBy":5412,"ModifiedDate":"\/Date(1576122678742-0800)\/","OrganizationId":"FakerLibrary.WordFakerLibrary.Word","OrganizationName":"FakerLibrary.Word FakerLibrary.Word","OrganizationSid":498,"ParentOrganizationId":"46663","ParentOrganizationSid":414,"PostalCode":"","State":"","Status":true,"TimeZone":"CST","UnitOfMeasure":"Standard"},{"Address1":"12900 Whitewater Dr","Address2":"Suite 300","AllowSharedResourceGroup":true,"AllowSubscriptionChange":false,"BillingOrganizationId":"46663","BillingOrganizationSid":414,"CarrierName":"Gnome Shipping D3","City":"Minnetonka","Country":"USA","CreateDate":"\/Date(1575692062764-0800)\/","DotNumber":"123456","FleetViewRefresh":5,"Language":"English","ModifiedBy":5412,"ModifiedDate":"\/Date(1576109206905-0800)\/","OrganizationId":"fghjfghjfghj","OrganizationName":"testme name","OrganizationSid":494,"ParentOrganizationId":"46663","ParentOrganizationSid":414,"PostalCode":"55343","State":"Minnesota","Status":true,"TimeZone":"NFLD","UnitOfMeasure":"Standard"},{"Address1":"","Address2":"","AllowSharedResourceGroup":false,"AllowSubscriptionChange":false,"BillingOrganizationId":null,"BillingOrganizationSid":0,"CarrierName":"Gnome Shipping D3","City":"","Country":"USA","CreateDate":"\/Date(1576194403361-0800)\/","DotNumber":"123456","FleetViewRefresh":0,"Language":"English","ModifiedBy":5412,"ModifiedDate":"\/Date(1576194403499-0800)\/","OrganizationId":"itselfmedia","OrganizationName":"itself media","OrganizationSid":511,"ParentOrganizationId":"46663","ParentOrganizationSid":414,"PostalCode":"","State":"","Status":true,"TimeZone":"CST","UnitOfMeasure":"Standard"},{"Address1":"","Address2":"","AllowSharedResourceGroup":false,"AllowSubscriptionChange":false,"BillingOrganizationId":null,"BillingOrganizationSid":0,"CarrierName":"Gnome Shipping D3","City":"","Country":"USA","CreateDate":"\/Date(1576199029080-0800)\/","DotNumber":"123456","FleetViewRefresh":0,"Language":"English","ModifiedBy":5412,"ModifiedDate":"\/Date(1576199029238-0800)\/","OrganizationId":"legscene","OrganizationName":"leg scene","OrganizationSid":515,"ParentOrganizationId":"46663","ParentOrganizationSid":414,"PostalCode":"","State":"","Status":true,"TimeZone":"CST","UnitOfMeasure":"Standard"},{"Address1":"","Address2":"","AllowSharedResourceGroup":false,"AllowSubscriptionChange":false,"BillingOrganizationId":null,"BillingOrganizationSid":0,"CarrierName":"Gnome Shipping D3","City":"","Country":"USA","CreateDate":"\/Date(1576193414920-0800)\/","DotNumber":"123456","FleetViewRefresh":0,"Language":"English","ModifiedBy":5412,"ModifiedDate":"\/Date(1576193415165-0800)\/","OrganizationId":"lookstar","OrganizationName":"look star","OrganizationSid":506,"ParentOrganizationId":"46663","ParentOrganizationSid":414,"PostalCode":"","State":"","Status":true,"TimeZone":"CST","UnitOfMeasure":"Standard"},{"Address1":"","Address2":"","AllowSharedResourceGroup":false,"AllowSubscriptionChange":false,"BillingOrganizationId":null,"BillingOrganizationSid":0,"CarrierName":"Gnome Shipping D3","City":"","Country":"USA","CreateDate":"\/Date(1576111786284-0800)\/","DotNumber":"123456","FleetViewRefresh":0,"Language":"English","ModifiedBy":5412,"ModifiedDate":"\/Date(1576111786488-0800)\/","OrganizationId":"neworgid","OrganizationName":"neworg name","OrganizationSid":495,"ParentOrganizationId":"46663","ParentOrganizationSid":414,"PostalCode":"","State":"","Status":true,"TimeZone":"CST","UnitOfMeasure":"Standard"},{"Address1":"","Address2":"","AllowSharedResourceGroup":false,"AllowSubscriptionChange":false,"BillingOrganizationId":null,"BillingOrganizationSid":0,"CarrierName":"Gnome Shipping D3","City":"","Country":"USA","CreateDate":"\/Date(1576113163095-0800)\/","DotNumber":"123456","FleetViewRefresh":0,"Language":"English","ModifiedBy":5412,"ModifiedDate":"\/Date(1576113163460-0800)\/","OrganizationId":"neworgid2","OrganizationName":"neworg name2","OrganizationSid":496,"ParentOrganizationId":"46663","ParentOrganizationSid":414,"PostalCode":"","State":"","Status":true,"TimeZone":"CST","UnitOfMeasure":"Standard"},{"Address1":"","Address2":"","AllowSharedResourceGroup":false,"AllowSubscriptionChange":false,"BillingOrganizationId":null,"BillingOrganizationSid":0,"CarrierName":"Gnome Shipping D3","City":"","Country":"USA","CreateDate":"\/Date(1576198598102-0800)\/","DotNumber":"123456","FleetViewRefresh":0,"Language":"English","ModifiedBy":5412,"ModifiedDate":"\/Date(1576198598271-0800)\/","OrganizationId":"nicescene","OrganizationName":"nice scene","OrganizationSid":512,"ParentOrganizationId":"46663","ParentOrganizationSid":414,"PostalCode":"","State":"","Status":true,"TimeZone":"CST","UnitOfMeasure":"Standard"},{"Address1":"","Address2":"","AllowSharedResourceGroup":false,"AllowSubscriptionChange":false,"BillingOrganizationId":null,"BillingOrganizationSid":0,"CarrierName":"Gnome Shipping D3","City":"","Country":"USA","CreateDate":"\/Date(1576198957632-0800)\/","DotNumber":"123456","FleetViewRefresh":0,"Language":"English","ModifiedBy":5412,"ModifiedDate":"\/Date(1576198957614-0800)\/","OrganizationId":"officermain","OrganizationName":"officer main","OrganizationSid":514,"ParentOrganizationId":"46663","ParentOrganizationSid":414,"PostalCode":"","State":"","Status":true,"TimeZone":"CST","UnitOfMeasure":"Standard"},{"Address1":"","Address2":"","AllowSharedResourceGroup":false,"AllowSubscriptionChange":false,"BillingOrganizationId":null,"BillingOrganizationSid":0,"CarrierName":"Gnome Shipping D3","City":"","Country":"USA","CreateDate":"\/Date(1576193807638-0800)\/","DotNumber":"123456","FleetViewRefresh":0,"Language":"English","ModifiedBy":5412,"ModifiedDate":"\/Date(1576193807711-0800)\/","OrganizationId":"onapply","OrganizationName":"on apply","OrganizationSid":509,"ParentOrganizationId":"46663","ParentOrganizationSid":414,"PostalCode":"","State":"","Status":true,"TimeZone":"CST","UnitOfMeasure":"Standard"},{"Address1":"12900 Whitewater Dr","Address2":"Suite 300","AllowSharedResourceGroup":true,"AllowSubscriptionChange":false,"BillingOrganizationId":"46663","BillingOrganizationSid":414,"CarrierName":"Gnome Shipping D3","City":"Minnetonka","Country":"USA","CreateDate":"\/Date(1576113346196-0800)\/","DotNumber":"123456","FleetViewRefresh":5,"Language":"English","ModifiedBy":5412,"ModifiedDate":"\/Date(1576113346196-0800)\/","OrganizationId":"sdfgsdfgdfg","OrganizationName":"ksdjfhgkjsdg","OrganizationSid":497,"ParentOrganizationId":"46663","ParentOrganizationSid":414,"PostalCode":"55343","State":"Minnesota","Status":true,"TimeZone":"HST","UnitOfMeasure":"Standard"},{"Address1":"","Address2":"","AllowSharedResourceGroup":false,"AllowSubscriptionChange":false,"BillingOrganizationId":null,"BillingOrganizationSid":0,"CarrierName":"Gnome Shipping D3","City":"","Country":"USA","CreateDate":"\/Date(1576194375306-0800)\/","DotNumber":"123456","FleetViewRefresh":0,"Language":"English","ModifiedBy":5412,"ModifiedDate":"\/Date(1576194375502-0800)\/","OrganizationId":"sherequire","OrganizationName":"she require","OrganizationSid":510,"ParentOrganizationId":"46663","ParentOrganizationSid":414,"PostalCode":"","State":"","Status":true,"TimeZone":"CST","UnitOfMeasure":"Standard"},{"Address1":"","Address2":"","AllowSharedResourceGroup":false,"AllowSubscriptionChange":false,"BillingOrganizationId":null,"BillingOrganizationSid":0,"CarrierName":"Gnome Shipping D3","City":"","Country":"USA","CreateDate":"\/Date(1576128882233-0800)\/","DotNumber":"123456","FleetViewRefresh":0,"Language":"English","ModifiedBy":5412,"ModifiedDate":"\/Date(1576128882274-0800)\/","OrganizationId":"simplybecause","OrganizationName":"simply because","OrganizationSid":500,"ParentOrganizationId":"46663","ParentOrganizationSid":414,"PostalCode":"","State":"","Status":true,"TimeZone":"CST","UnitOfMeasure":"Standard"},{"Address1":"","Address2":"","AllowSharedResourceGroup":false,"AllowSubscriptionChange":false,"BillingOrganizationId":null,"BillingOrganizationSid":0,"CarrierName":"Gnome Shipping D3","City":"","Country":"USA","CreateDate":"\/Date(1576132795706-0800)\/","DotNumber":"123456","FleetViewRefresh":0,"Language":"English","ModifiedBy":5412,"ModifiedDate":"\/Date(1576132795968-0800)\/","OrganizationId":"strategymeeting","OrganizationName":"strategy meeting","OrganizationSid":502,"ParentOrganizationId":"46663","ParentOrganizationSid":414,"PostalCode":"","State":"","Status":true,"TimeZone":"CST","UnitOfMeasure":"Standard"},{"Address1":"12900 Whitewater Dr","Address2":"300","AllowSharedResourceGroup":true,"AllowSubscriptionChange":false,"BillingOrganizationId":"46663","BillingOrganizationSid":414,"CarrierName":"SvirfneblinSyndicate","City":"Minnetonka","Country":"USA","CreateDate":"\/Date(1537907376514-0700)\/","DotNumber":"12312312","FleetViewRefresh":5,"Language":"English","ModifiedBy":5412,"ModifiedDate":"\/Date(1575349017631-0800)\/","OrganizationId":"SvirfneblinSyndicate","OrganizationName":"SvirfneblinSyndicate","OrganizationSid":415,"ParentOrganizationId":"46663","ParentOrganizationSid":414,"PostalCode":"55343","State":"Minnesota","Status":true,"TimeZone":"CST","UnitOfMeasure":"Standard"},{"Address1":"","Address2":"","AllowSharedResourceGroup":false,"AllowSubscriptionChange":false,"BillingOrganizationId":null,"BillingOrganizationSid":0,"CarrierName":"Gnome Shipping D3","City":"","Country":"USA","CreateDate":"\/Date(1576193767687-0800)\/","DotNumber":"123456","FleetViewRefresh":0,"Language":"English","ModifiedBy":5412,"ModifiedDate":"\/Date(1576193767766-0800)\/","OrganizationId":"uponremember","OrganizationName":"upon remember","OrganizationSid":508,"ParentOrganizationId":"46663","ParentOrganizationSid":414,"PostalCode":"","State":"","Status":true,"TimeZone":"CST","UnitOfMeasure":"Standard"},{"Address1":"","Address2":"","AllowSharedResourceGroup":false,"AllowSubscriptionChange":false,"BillingOrganizationId":null,"BillingOrganizationSid":0,"CarrierName":"Gnome Shipping D3","City":"","Country":"USA","CreateDate":"\/Date(1576132988050-0800)\/","DotNumber":"123456","FleetViewRefresh":0,"Language":"English","ModifiedBy":5412,"ModifiedDate":"\/Date(1576132988266-0800)\/","OrganizationId":"whiterule","OrganizationName":"white rule","OrganizationSid":505,"ParentOrganizationId":"46663","ParentOrganizationSid":414,"PostalCode":"","State":"","Status":true,"TimeZone":"CST","UnitOfMeasure":"Standard"},{"Address1":"","Address2":"","AllowSharedResourceGroup":false,"AllowSubscriptionChange":false,"BillingOrganizationId":null,"BillingOrganizationSid":0,"CarrierName":"Gnome Shipping D3","City":"","Country":"USA","CreateDate":"\/Date(1576193686932-0800)\/","DotNumber":"123456","FleetViewRefresh":0,"Language":"English","ModifiedBy":5412,"ModifiedDate":"\/Date(1576193687184-0800)\/","OrganizationId":"withloss","OrganizationName":"with loss","OrganizationSid":507,"ParentOrganizationId":"46663","ParentOrganizationSid":414,"PostalCode":"","State":"","Status":true,"TimeZone":"CST","UnitOfMeasure":"Standard"}]</msg>
<msg timestamp="20191212 11:05:36.004" level="TRACE">Return: &lt;Response [200]&gt;</msg>
<msg timestamp="20191212 11:05:36.004" level="INFO">${response} = &lt;Response [200]&gt;</msg>
<status status="PASS" starttime="20191212 11:05:35.285" endtime="20191212 11:05:36.005"></status>
</kw>
<msg timestamp="20191212 11:05:36.005" level="TRACE">Return: &lt;Response [200]&gt;</msg>
<msg timestamp="20191212 11:05:36.006" level="INFO">${response} = &lt;Response [200]&gt;</msg>
<status status="PASS" starttime="20191212 11:05:35.282" endtime="20191212 11:05:36.006"></status>
</kw>
<kw name="Should Be Equal As Strings" library="BuiltIn">
<doc>Fails if objects are unequal after converting them to strings.</doc>
<arguments>
<arg>${response.status_code}</arg>
<arg>200</arg>
</arguments>
<msg timestamp="20191212 11:05:36.010" level="TRACE">Arguments: [ 200 | '200' ]</msg>
<msg timestamp="20191212 11:05:36.010" level="INFO">Argument types are:
&lt;class 'int'&gt;
&lt;type 'unicode'&gt;</msg>
<msg timestamp="20191212 11:05:36.011" level="TRACE">Return: None</msg>
<status status="PASS" starttime="20191212 11:05:36.009" endtime="20191212 11:05:36.011"></status>
</kw>
<doc>Gets all the Organizations</doc>
<tags>
<tag>awsxrsorganizationrestwebservicevalidation</tag>
</tags>
<status status="PASS" starttime="20191212 11:05:35.280" endtime="20191212 11:05:36.012" critical="yes"></status>
</test>
<kw name="Delete All Sessions" library="RequestsLibrary" type="teardown">
<doc>Removes all the session objects</doc>
<msg timestamp="20191212 11:05:36.018" level="TRACE">Arguments: [  ]</msg>
<msg timestamp="20191212 11:05:36.018" level="INFO">Delete All Sessions</msg>
<msg timestamp="20191212 11:05:36.018" level="TRACE">Return: None</msg>
<status status="PASS" starttime="20191212 11:05:36.018" endtime="20191212 11:05:36.018"></status>
</kw>
<doc>Fundamental suite to test XRS AWS Organization Entity Management Web Services</doc>
<status status="PASS" starttime="20191212 11:05:28.508" endtime="20191212 11:05:36.019"></status>
</suite>
<status status="PASS" starttime="20191212 11:05:28.482" endtime="20191212 11:05:36.028"></status>
</suite>
<statistics>
<total>
<stat pass="8" fail="0">Critical Tests</stat>
<stat pass="8" fail="0">All Tests</stat>
</total>
<tag>
<stat pass="8" fail="0">awsxrsorganizationrestwebservicevalidation</stat>
</tag>
<suite>
<stat pass="8" fail="0" id="s1" name="AWS XRS WebServicesTests">AWS XRS WebServicesTests</stat>
<stat pass="8" fail="0" id="s1-s1" name="ValidateAWSXRSOrganizationWebService">AWS XRS WebServicesTests.ValidateAWSXRSOrganizationWebService</stat>
</suite>
</statistics>
<errors>
</errors>
</robot>
