<?xml version="1.0" encoding="UTF-8"?>
<robot generator="Robot 3.1.2 (Python 3.8.0 on win32)" generated="20200107 09:49:01.979" rpa="false">
<suite id="s1" name="Tests" source="C:\Users\kstine\git\aws-api-gateway-tests\Tests">
<suite id="s1-s1" name="AWS XRS WebServicesTests" source="C:\Users\kstine\git\aws-api-gateway-tests\Tests\AWS_XRS_WebServicesTests">
<suite id="s1-s1-s1" name="ValidateAWSXRSDeviceWebServices" source="C:\Users\kstine\git\aws-api-gateway-tests\Tests\AWS_XRS_WebServicesTests\01__ValidateAWSXRSDeviceWebServices.robot">
<kw name="Run Keywords" library="BuiltIn" type="setup">
<doc>Executes all the given keywords in a sequence.</doc>
<arguments>
<arg>Create AWS XRS Web Services Session</arg>
<arg>AND</arg>
<arg>Test Data Setup For XRS AWS Device Web Service Test Suite</arg>
</arguments>
<msg timestamp="20200107 09:49:02.208" level="TRACE">Arguments: [ 'Create AWS XRS Web Services Session' | 'AND' | 'Test Data Setup For XRS AWS Device Web Service Test Suite' ]</msg>
<kw name="Create AWS XRS Web Services Session" library="XRSCommonWebService">
<doc>Create a session with aws xrs web services</doc>
<msg timestamp="20200107 09:49:02.209" level="TRACE">Arguments: [  ]</msg>
<kw name="Create Session" library="RequestsLibrary">
<doc>Create Session: create a HTTP session to a server</doc>
<arguments>
<arg>${XRS_WEB_SERVICE_SESSION_ALIAS}</arg>
<arg>${XRS_AWS_WEBSERVICES_URL}[${XRS_HOST_ENVIRONMENT}]</arg>
<arg>verify=True</arg>
<arg>auth=${XRS_WEBSERVICES_AUTHORIZATION}</arg>
</arguments>
<msg timestamp="20200107 09:49:02.209" level="TRACE">Arguments: [ 'xrs_web_service_session' | 'https://d3ws.xataxrs.com' | verify=True | auth=['GnomeShippingD3|admin', 'xrs123'] ]</msg>
<msg timestamp="20200107 09:49:02.210" level="INFO">Creating Session using : alias=xrs_web_service_session, url=https://d3ws.xataxrs.com, headers={},                     cookies={}, auth=&lt;requests.auth.HTTPBasicAuth object at 0x0000018E379A6820&gt;, timeout=None, proxies=None, verify=True,                     debug=0 </msg>
<msg timestamp="20200107 09:49:02.210" level="DEBUG">Creating session: xrs_web_service_session</msg>
<msg timestamp="20200107 09:49:02.210" level="DEBUG">Argument types are:
&lt;class 'bool'&gt;</msg>
<msg timestamp="20200107 09:49:02.210" level="TRACE">Return: &lt;requests.sessions.Session object at 0x0000018E379A6CA0&gt;</msg>
<status status="PASS" starttime="20200107 09:49:02.209" endtime="20200107 09:49:02.210"></status>
</kw>
<msg timestamp="20200107 09:49:02.210" level="TRACE">Return: None</msg>
<status status="PASS" starttime="20200107 09:49:02.208" endtime="20200107 09:49:02.210"></status>
</kw>
<kw name="Test Data Setup For XRS AWS Device Web Service Test Suite">
<doc>Keyword for setting up suite variables for AWS Device Web Service Tests.</doc>
<msg timestamp="20200107 09:49:02.211" level="TRACE">Arguments: [  ]</msg>
<kw name="Create Dictionary" library="BuiltIn">
<doc>Creates and returns a dictionary based on the given ``items``.</doc>
<arguments>
<arg>CarrierDisplayName=${XRS_WEB_SERVICES_TEST_DEVICE_1.CarrierDisplayName}</arg>
<arg>Description=${XRS_WEB_SERVICES_TEST_DEVICE_1.Description}</arg>
<arg>DeviceType=${XRS_WEB_SERVICES_TEST_DEVICE_1.DeviceType}</arg>
<arg>FixedDisplay=${XRS_WEB_SERVICES_TEST_DEVICE_1.FixedDisplay}</arg>
<arg>OrganizationID=${XRS_GENERAL_INFORMATION.Company.Company_ID}</arg>
<arg>PhoneNumber=${XRS_WEB_SERVICES_TEST_DEVICE_1.PhoneNumber}</arg>
<arg>SendInstallLink=${XRS_WEB_SERVICES_TEST_DEVICE_1.SendInstallLink}</arg>
<arg>Status=${XRS_WEB_SERVICES_TEST_DEVICE_1.Status}</arg>
</arguments>
<assign>
<var>&amp;{XRS_AWS_WEBSERVICE_POST_TEST_DEVICE_1_DICT}</var>
</assign>
<msg timestamp="20200107 09:49:02.211" level="TRACE">Arguments: [ 'CarrierDisplayName=${XRS_WEB_SERVICES_TEST_DEVICE_1.CarrierDisplayName}' | 'Description=${XRS_WEB_SERVICES_TEST_DEVICE_1.Description}' | 'DeviceType=${XRS_WEB_SERVICES_TEST_DEVICE_1.DeviceType}' | 'FixedDisplay=${XRS_WEB_SERVICES_TEST_DEVICE_1.FixedDisplay}' | 'OrganizationID=${XRS_GENERAL_INFORMATION.Company.Company_ID}' | 'PhoneNumber=${XRS_WEB_SERVICES_TEST_DEVICE_1.PhoneNumber}' | 'SendInstallLink=${XRS_WEB_SERVICES_TEST_DEVICE_1.SendInstallLink}' | 'Status=${XRS_WEB_SERVICES_TEST_DEVICE_1.Status}' ]</msg>
<msg timestamp="20200107 09:49:02.214" level="TRACE">Return: {'CarrierDisplayName': 'Sprint',
 'Description': 'Test Device 1',
 'DeviceType': 'Other - Android',
 'FixedDisplay': False,
 'OrganizationID': 46663,
 'PhoneNumber': 1201201212,
 'SendInstallLink': False,
 'Status': 'Active'}</msg>
<msg timestamp="20200107 09:49:02.214" level="INFO">&amp;{XRS_AWS_WEBSERVICE_POST_TEST_DEVICE_1_DICT} = { CarrierDisplayName=Sprint | Description=Test Device 1 | DeviceType=Other - Android | FixedDisplay=False | OrganizationID=46663 | PhoneNumber=1201201212 | SendInstallLink=False | Status=Active }</msg>
<status status="PASS" starttime="20200107 09:49:02.211" endtime="20200107 09:49:02.214"></status>
</kw>
<kw name="Create List" library="BuiltIn">
<doc>Returns a list containing given items.</doc>
<arguments>
<arg>${XRS_AWS_WEBSERVICE_POST_TEST_DEVICE_1_DICT}</arg>
</arguments>
<assign>
<var>@{XRS_AWS_WEBSERVICE_POST_TEST_DEVICE_LIST}</var>
</assign>
<msg timestamp="20200107 09:49:02.215" level="TRACE">Arguments: [ {'CarrierDisplayName': 'Sprint',
 'Description': 'Test Device 1',
 'DeviceType': 'Other - Android',
 'FixedDisplay': False,
 'OrganizationID': 46663,
 'PhoneNumber': 1201201212,
 'SendInstallLink': False,
 'Status': 'Active'} ]</msg>
<msg timestamp="20200107 09:49:02.215" level="TRACE">Return: [{'CarrierDisplayName': 'Sprint',
  'Description': 'Test Device 1',
  'DeviceType': 'Other - Android',
  'FixedDisplay': False,
  'OrganizationID': 46663,
  'PhoneNumber': 1201201212,
  'SendInstallLink': False,
  'Status': 'Active'}]</msg>
<msg timestamp="20200107 09:49:02.215" level="INFO">@{XRS_AWS_WEBSERVICE_POST_TEST_DEVICE_LIST} = [ {'CarrierDisplayName': 'Sprint', 'Description': 'Test Device 1', 'DeviceType': 'Other - Android', 'FixedDisplay': False, 'OrganizationID': 46663, 'PhoneNumber': 1201201212, 'SendInstallLink': False,...</msg>
<status status="PASS" starttime="20200107 09:49:02.214" endtime="20200107 09:49:02.215"></status>
</kw>
<kw name="Set Suite Variable" library="BuiltIn">
<doc>Makes a variable available everywhere within the scope of the current suite.</doc>
<arguments>
<arg>@{XRS_AWS_WEBSERVICE_POST_TEST_DEVICE_LIST}</arg>
</arguments>
<msg timestamp="20200107 09:49:02.216" level="TRACE">Arguments: [ '@{XRS_AWS_WEBSERVICE_POST_TEST_DEVICE_LIST}' ]</msg>
<msg timestamp="20200107 09:49:02.216" level="INFO">@{XRS_AWS_WEBSERVICE_POST_TEST_DEVICE_LIST} = [ {'CarrierDisplayName': 'Sprint', 'Description': 'Test Device 1', 'DeviceType': 'Other - Android', 'FixedDisplay': False, 'OrganizationID': 46663, 'PhoneNumber': 1201201212, 'SendInstallLink': False,...</msg>
<msg timestamp="20200107 09:49:02.216" level="TRACE">Return: None</msg>
<status status="PASS" starttime="20200107 09:49:02.216" endtime="20200107 09:49:02.216"></status>
</kw>
<kw name="Create Dictionary" library="BuiltIn">
<doc>Creates and returns a dictionary based on the given ``items``.</doc>
<arguments>
<arg>CarrierDisplayName=${XRS_WEB_SERVICES_TEST_DEVICE_1.CarrierDisplayName}</arg>
<arg>Description=This has changed.</arg>
<arg>DeviceType=${XRS_WEB_SERVICES_TEST_DEVICE_1.DeviceType}</arg>
<arg>FixedDisplay=${XRS_WEB_SERVICES_TEST_DEVICE_1.FixedDisplay}</arg>
<arg>OrganizationID=${XRS_GENERAL_INFORMATION.Company.Company_ID}</arg>
<arg>PhoneNumber=${XRS_WEB_SERVICES_TEST_DEVICE_1.PhoneNumber}</arg>
<arg>SendInstallLink=${XRS_WEB_SERVICES_TEST_DEVICE_1.SendInstallLink}</arg>
<arg>Status=${XRS_WEB_SERVICES_TEST_DEVICE_1.Status}</arg>
</arguments>
<assign>
<var>&amp;{XRS_AWS_WEBSERVICE_PUT_TEST_DEVICE_1_DICT}</var>
</assign>
<msg timestamp="20200107 09:49:02.217" level="TRACE">Arguments: [ 'CarrierDisplayName=${XRS_WEB_SERVICES_TEST_DEVICE_1.CarrierDisplayName}' | 'Description=This has changed.' | 'DeviceType=${XRS_WEB_SERVICES_TEST_DEVICE_1.DeviceType}' | 'FixedDisplay=${XRS_WEB_SERVICES_TEST_DEVICE_1.FixedDisplay}' | 'OrganizationID=${XRS_GENERAL_INFORMATION.Company.Company_ID}' | 'PhoneNumber=${XRS_WEB_SERVICES_TEST_DEVICE_1.PhoneNumber}' | 'SendInstallLink=${XRS_WEB_SERVICES_TEST_DEVICE_1.SendInstallLink}' | 'Status=${XRS_WEB_SERVICES_TEST_DEVICE_1.Status}' ]</msg>
<msg timestamp="20200107 09:49:02.219" level="TRACE">Return: {'CarrierDisplayName': 'Sprint',
 'Description': 'This has changed.',
 'DeviceType': 'Other - Android',
 'FixedDisplay': False,
 'OrganizationID': 46663,
 'PhoneNumber': 1201201212,
 'SendInstallLink': False,
 'Status': 'Active'}</msg>
<msg timestamp="20200107 09:49:02.219" level="INFO">&amp;{XRS_AWS_WEBSERVICE_PUT_TEST_DEVICE_1_DICT} = { CarrierDisplayName=Sprint | Description=This has changed. | DeviceType=Other - Android | FixedDisplay=False | OrganizationID=46663 | PhoneNumber=1201201212 | SendInstallLink=False | Status=Active }</msg>
<status status="PASS" starttime="20200107 09:49:02.217" endtime="20200107 09:49:02.219"></status>
</kw>
<kw name="Create List" library="BuiltIn">
<doc>Returns a list containing given items.</doc>
<arguments>
<arg>${XRS_AWS_WEBSERVICE_PUT_TEST_DEVICE_1_DICT}</arg>
</arguments>
<assign>
<var>@{XRS_AWS_WEBSERVICE_PUT_TEST_DEVICE_LIST}</var>
</assign>
<msg timestamp="20200107 09:49:02.220" level="TRACE">Arguments: [ {'CarrierDisplayName': 'Sprint',
 'Description': 'This has changed.',
 'DeviceType': 'Other - Android',
 'FixedDisplay': False,
 'OrganizationID': 46663,
 'PhoneNumber': 1201201212,
 'SendInstallLink': False,
 'Status': 'Active'} ]</msg>
<msg timestamp="20200107 09:49:02.220" level="TRACE">Return: [{'CarrierDisplayName': 'Sprint',
  'Description': 'This has changed.',
  'DeviceType': 'Other - Android',
  'FixedDisplay': False,
  'OrganizationID': 46663,
  'PhoneNumber': 1201201212,
  'SendInstallLink': False,
  'Status': 'Active'}]</msg>
<msg timestamp="20200107 09:49:02.220" level="INFO">@{XRS_AWS_WEBSERVICE_PUT_TEST_DEVICE_LIST} = [ {'CarrierDisplayName': 'Sprint', 'Description': 'This has changed.', 'DeviceType': 'Other - Android', 'FixedDisplay': False, 'OrganizationID': 46663, 'PhoneNumber': 1201201212, 'SendInstallLink': Fa...</msg>
<status status="PASS" starttime="20200107 09:49:02.219" endtime="20200107 09:49:02.221"></status>
</kw>
<kw name="Set Suite Variable" library="BuiltIn">
<doc>Makes a variable available everywhere within the scope of the current suite.</doc>
<arguments>
<arg>@{XRS_AWS_WEBSERVICE_PUT_TEST_DEVICE_LIST}</arg>
</arguments>
<msg timestamp="20200107 09:49:02.221" level="TRACE">Arguments: [ '@{XRS_AWS_WEBSERVICE_PUT_TEST_DEVICE_LIST}' ]</msg>
<msg timestamp="20200107 09:49:02.221" level="INFO">@{XRS_AWS_WEBSERVICE_PUT_TEST_DEVICE_LIST} = [ {'CarrierDisplayName': 'Sprint', 'Description': 'This has changed.', 'DeviceType': 'Other - Android', 'FixedDisplay': False, 'OrganizationID': 46663, 'PhoneNumber': 1201201212, 'SendInstallLink': Fa...</msg>
<msg timestamp="20200107 09:49:02.221" level="TRACE">Return: None</msg>
<status status="PASS" starttime="20200107 09:49:02.221" endtime="20200107 09:49:02.221"></status>
</kw>
<msg timestamp="20200107 09:49:02.222" level="TRACE">Return: None</msg>
<status status="PASS" starttime="20200107 09:49:02.211" endtime="20200107 09:49:02.222"></status>
</kw>
<msg timestamp="20200107 09:49:02.222" level="TRACE">Return: None</msg>
<status status="PASS" starttime="20200107 09:49:02.208" endtime="20200107 09:49:02.222"></status>
</kw>
<test id="s1-s1-s1-t1" name="Validate AWS XRS Get Device REST Web Services Returns 400 Error">
<kw name="Get Device By Phone Number" library="Device">
<doc>Get device information for a particular device using the phone number</doc>
<arguments>
<arg>${XRS_WEB_SERVICES_TEST_DEVICE_1.PhoneNumber}</arg>
</arguments>
<assign>
<var>${response}</var>
</assign>
<msg timestamp="20200107 09:49:02.224" level="TRACE">Arguments: [ ${phone_number}=1201201212 ]</msg>
<kw name="Set Variable" library="BuiltIn">
<doc>Returns the given values which can then be assigned to a variables.</doc>
<arguments>
<arg>${XRS_Entity_Management_Base_URI.Device}${XRS_WEBSERVICE_ENTITY_MANAGEMENT_GET_DELETE_DEVICE_BY_NUMBER}/${phone_number}</arg>
</arguments>
<assign>
<var>${uri}</var>
</assign>
<msg timestamp="20200107 09:49:02.224" level="TRACE">Arguments: [ 'DeviceWebService.svc/device/1201201212' ]</msg>
<msg timestamp="20200107 09:49:02.224" level="TRACE">Return: 'DeviceWebService.svc/device/1201201212'</msg>
<msg timestamp="20200107 09:49:02.224" level="INFO">${uri} = DeviceWebService.svc/device/1201201212</msg>
<status status="PASS" starttime="20200107 09:49:02.224" endtime="20200107 09:49:02.224"></status>
</kw>
<kw name="Get Request" library="RequestsLibrary">
<doc>Send a GET request on the session object found using the
given `alias`</doc>
<arguments>
<arg>${XRS_WEB_SERVICE_SESSION_ALIAS}</arg>
<arg>${uri}</arg>
<arg>headers=${XRS_WEBSERVICES_JSON_HEADER}</arg>
</arguments>
<assign>
<var>${response}</var>
</assign>
<msg timestamp="20200107 09:49:02.224" level="TRACE">Arguments: [ 'xrs_web_service_session' | 'DeviceWebService.svc/device/1201201212' | headers={'Accept': 'application/json',
 'Accept-Encoding': 'gzip, deflate',
 'Content-Type': 'application/json'} ]</msg>
<msg timestamp="20200107 09:49:02.225" level="INFO">GET Request using : uri=DeviceWebService.svc/device/1201201212, params=None, allow_redirects=True, timeout=None
headers={'User-Agent': 'python-requests/2.22.0', 'Accept-Encoding': 'gzip, deflate', 'Accept': 'application/json', 'Connection': 'keep-alive', 'Content-Type': 'application/json'} 
data=None 
json=None</msg>
<msg timestamp="20200107 09:49:02.226" level="DEBUG">Starting new HTTPS connection (1): d3ws.xataxrs.com:443</msg>
<msg timestamp="20200107 09:49:03.331" level="DEBUG">https://d3ws.xataxrs.com:443 "GET /DeviceWebService.svc/device/1201201212 HTTP/1.1" 400 120</msg>
<msg timestamp="20200107 09:49:03.332" level="DEBUG">GET Response : status=400, reason=Bad Request
{"ErrorMessage":"The request failed to return any devices.","EventCode":3460453578429169664,"Parameters":["1201201212"]}</msg>
<msg timestamp="20200107 09:49:03.332" level="TRACE">Return: &lt;Response [400]&gt;</msg>
<msg timestamp="20200107 09:49:03.332" level="INFO">${response} = &lt;Response [400]&gt;</msg>
<status status="PASS" starttime="20200107 09:49:02.224" endtime="20200107 09:49:03.332"></status>
</kw>
<msg timestamp="20200107 09:49:03.332" level="TRACE">Return: &lt;Response [400]&gt;</msg>
<msg timestamp="20200107 09:49:03.332" level="INFO">${response} = &lt;Response [400]&gt;</msg>
<status status="PASS" starttime="20200107 09:49:02.223" endtime="20200107 09:49:03.332"></status>
</kw>
<kw name="Should Be Equal As Strings" library="BuiltIn">
<doc>Fails if objects are unequal after converting them to strings.</doc>
<arguments>
<arg>${response.status_code}</arg>
<arg>400</arg>
</arguments>
<msg timestamp="20200107 09:49:03.333" level="TRACE">Arguments: [ 400 | '400' ]</msg>
<msg timestamp="20200107 09:49:03.333" level="INFO">Argument types are:
&lt;class 'int'&gt;
&lt;type 'unicode'&gt;</msg>
<msg timestamp="20200107 09:49:03.333" level="TRACE">Return: None</msg>
<status status="PASS" starttime="20200107 09:49:03.333" endtime="20200107 09:49:03.333"></status>
</kw>
<doc>Verifies that a device with a specific number does not exist</doc>
<tags>
<tag>awsxrsdevicerestwebservicevalidation</tag>
<tag>awsxrsrestwebservicevalidation</tag>
</tags>
<status status="PASS" starttime="20200107 09:49:02.222" endtime="20200107 09:49:03.334" critical="yes"></status>
</test>
<test id="s1-s1-s1-t2" name="Validate AWS XRS Post Device REST Web Services Returns Code 201">
<kw name="Post Devices" library="Device">
<doc>Calls the Post Method on Devices.
Accepts a list of json objects
Json field definitions:
BelongsToResourceGroups
Indicates the set of ResourceGroupIDs to which the device belongs.
If a resource group is not provided in a Post call,
the new Device is to be placed in the default resource group for the organization to which the new Device is being added.
BluetoothAddress
Read only field indicating the Bluetooth address of the device.
For Windows Mobile devices and devices using Android 5.0 or earlier, this field displays the device's unique Bluetooth address.
For devices using Android 6.0 or later, this field displays a static value of "02:00:00:00:00:00."
CarrierDisplayName
The name of the Carrier.
CompanyName
A read only field that indicates the date and time the device was created.
CreateDate
A read only field that indicates the date and time the device was created.
Description
A description of the device.
DeviceType
Indicates the manufacturer and model of the device.
FixedDisplay
Indicates if this device will always be associated to a particular vehicle.
If set to true this will change the mobile behavior such that it remembers the last vehicle it was associated to.
IsChanged
A read only field indicating if there were any changes to the device since the value in the AsOfDateTime query parameter.
LastCommunication
A read only field indicating the date and time the device last communicated with the host.
LastDriverID
A read only field indicating the ID of the last driver which logged into the device.
LastDriverName
A read only field indicating the name of the last driver which logged into the device.
LastVehicleID
A read only field indicating the ID of the last vehicle to which the device was associated via Bluetooth.
ModifiedBy
A read only field indicating the ID of the last person to modify the driver record.
From AC: CreateDate, ModifiedDate and ModifiedBy data fields will be initialized by system.
ModifiedDate
A read only field indicating the date and time the device was last modified.
OrganizationID
The user-defined ID of the organization.
OrganizationName
A read-only field containing the name of the organization to which the device is assigned.
PhoneNumber
The 10 digit phone number of the device
SendInstallLink
Indicates if an installation link will be sent to the device.
Status
Identifies if a device is active or inactive in Omnitracs XRS. The value of this field must be Active or Inactive.
StoreGNISFileOnMobile
A read only field indicating whether the GNIS file will be stored on the mobile.
UserDefinedField1
User-defined field #1
UserDefinedField2
User-defined field #2
UserDefinedField3
User-defined field #3
UserDefinedField4
User-defined field #4
UserDefinedField5
User-defined field #5</doc>
<arguments>
<arg>@{XRS_AWS_WEBSERVICE_POST_TEST_DEVICE_LIST}</arg>
</arguments>
<assign>
<var>${response}</var>
</assign>
<msg timestamp="20200107 09:49:03.337" level="TRACE">Arguments: [ @{list_data}=[{'CarrierDisplayName': 'Sprint',
  'Description': 'Test Device 1',
  'DeviceType': 'Other - Android',
  'FixedDisplay': False,
  'OrganizationID': 46663,
  'PhoneNumber': 1201201212,
  'SendInstallLink': False,
  'Status': 'Active'}] ]</msg>
<kw name="Set Variable" library="BuiltIn">
<doc>Returns the given values which can then be assigned to a variables.</doc>
<arguments>
<arg>${XRS_Entity_Management_Base_URI.Device}${XRS_WEBSERVICE_ENTITY_MANAGEMENT_POST_GET_PUT_DEVICES}</arg>
</arguments>
<assign>
<var>${uri}</var>
</assign>
<msg timestamp="20200107 09:49:03.338" level="TRACE">Arguments: [ 'DeviceWebService.svc/devices' ]</msg>
<msg timestamp="20200107 09:49:03.338" level="TRACE">Return: 'DeviceWebService.svc/devices'</msg>
<msg timestamp="20200107 09:49:03.338" level="INFO">${uri} = DeviceWebService.svc/devices</msg>
<status status="PASS" starttime="20200107 09:49:03.337" endtime="20200107 09:49:03.338"></status>
</kw>
<kw name="Post Request" library="RequestsLibrary">
<doc>Send a POST request on the session object found using the
given `alias`</doc>
<arguments>
<arg>${XRS_WEB_SERVICE_SESSION_ALIAS}</arg>
<arg>${uri}</arg>
<arg>json=${list_data}</arg>
<arg>headers=${XRS_WEBSERVICES_JSON_HEADER}</arg>
</arguments>
<assign>
<var>${response}</var>
</assign>
<msg timestamp="20200107 09:49:03.338" level="TRACE">Arguments: [ 'xrs_web_service_session' | 'DeviceWebService.svc/devices' | json=[{'CarrierDisplayName': 'Sprint',
  'Description': 'Test Device 1',
  'DeviceType': 'Other - Android',
  'FixedDisplay': False,
  'OrganizationID': 46663,
  'PhoneNumber': 1201201212,
  'SendInstallLink': False,
  'Status': 'Active'}] | headers={'Accept': 'application/json',
 'Accept-Encoding': 'gzip, deflate',
 'Content-Type': 'application/json'} ]</msg>
<msg timestamp="20200107 09:49:03.339" level="INFO">POST Request using : uri=DeviceWebService.svc/devices, params=None, files=None, allow_redirects=True, timeout=None
headers={'User-Agent': 'python-requests/2.22.0', 'Accept-Encoding': 'gzip, deflate', 'Accept': 'application/json', 'Connection': 'keep-alive', 'Content-Type': 'application/json'} 
data=None 
json=[{'CarrierDisplayName': 'Sprint', 'Description': 'Test Device 1', 'DeviceType': 'Other - Android', 'FixedDisplay': False, 'OrganizationID': 46663, 'PhoneNumber': 1201201212, 'SendInstallLink': False, 'Status': 'Active'}]</msg>
<msg timestamp="20200107 09:49:04.541" level="DEBUG">https://d3ws.xataxrs.com:443 "POST /DeviceWebService.svc/devices HTTP/1.1" 200 150</msg>
<msg timestamp="20200107 09:49:04.543" level="DEBUG">POST Response : status=200, reason=OK
[{"Caption":"Created","Code":"201","Description":"Device added successfully.","Id":"1201201212","ObjectName":"Device","SID":0,"Title":"DeviceAdded."}]</msg>
<msg timestamp="20200107 09:49:04.543" level="TRACE">Return: &lt;Response [200]&gt;</msg>
<msg timestamp="20200107 09:49:04.544" level="INFO">${response} = &lt;Response [200]&gt;</msg>
<status status="PASS" starttime="20200107 09:49:03.338" endtime="20200107 09:49:04.544"></status>
</kw>
<msg timestamp="20200107 09:49:04.545" level="TRACE">Return: &lt;Response [200]&gt;</msg>
<msg timestamp="20200107 09:49:04.545" level="INFO">${response} = &lt;Response [200]&gt;</msg>
<status status="PASS" starttime="20200107 09:49:03.337" endtime="20200107 09:49:04.545"></status>
</kw>
<kw name="To Json" library="RequestsLibrary">
<doc>Convert a string to a JSON object</doc>
<arguments>
<arg>${response.content}</arg>
</arguments>
<assign>
<var>${json_response}</var>
</assign>
<msg timestamp="20200107 09:49:04.549" level="TRACE">Arguments: [ b'[{"Caption":"Created","Code":"201","Description":"Device added successfully.","Id":"1201201212","ObjectName":"Device","SID":0,"Title":"DeviceAdded."}]' ]</msg>
<msg timestamp="20200107 09:49:04.549" level="INFO">To JSON using : content=[{"Caption":"Created","Code":"201","Description":"Device added successfully.","Id":"1201201212","ObjectName":"Device","SID":0,"Title":"DeviceAdded."}] </msg>
<msg timestamp="20200107 09:49:04.549" level="INFO">To JSON using : pretty_print=False </msg>
<msg timestamp="20200107 09:49:04.549" level="TRACE">Return: [{'Caption': 'Created',
  'Code': '201',
  'Description': 'Device added successfully.',
  'Id': '1201201212',
  'ObjectName': 'Device',
  'SID': 0,
  'Title': 'DeviceAdded.'}]</msg>
<msg timestamp="20200107 09:49:04.550" level="INFO">${json_response} = [{'Caption': 'Created', 'Code': '201', 'Description': 'Device added successfully.', 'Id': '1201201212', 'ObjectName': 'Device', 'SID': 0, 'Title': 'DeviceAdded.'}]</msg>
<status status="PASS" starttime="20200107 09:49:04.548" endtime="20200107 09:49:04.550"></status>
</kw>
<kw name="${r} IN [ @{json_response} ]" type="for">
<kw name="${r} = {'Caption': 'Created', 'Code': '201', 'Description': 'Device added successfully.', 'Id': '1201201212', 'ObjectName': 'Device', 'SID': 0, 'Title': 'DeviceAdded.'}" type="foritem">
<kw name="Should Be Equal As Strings" library="BuiltIn">
<doc>Fails if objects are unequal after converting them to strings.</doc>
<arguments>
<arg>${r}[Code]</arg>
<arg>201</arg>
</arguments>
<msg timestamp="20200107 09:49:04.553" level="TRACE">Arguments: [ '201' | '201' ]</msg>
<msg timestamp="20200107 09:49:04.553" level="DEBUG">Argument types are:
&lt;type 'unicode'&gt;
&lt;type 'unicode'&gt;</msg>
<msg timestamp="20200107 09:49:04.554" level="TRACE">Return: None</msg>
<status status="PASS" starttime="20200107 09:49:04.553" endtime="20200107 09:49:04.554"></status>
</kw>
<status status="PASS" starttime="20200107 09:49:04.552" endtime="20200107 09:49:04.554"></status>
</kw>
<status status="PASS" starttime="20200107 09:49:04.552" endtime="20200107 09:49:04.554"></status>
</kw>
<doc>Posts a device and expects a Code value of 201</doc>
<tags>
<tag>awsxrsdevicerestwebservicevalidation</tag>
<tag>awsxrsrestwebservicevalidation</tag>
</tags>
<status status="PASS" starttime="20200107 09:49:03.335" endtime="20200107 09:49:04.555" critical="yes"></status>
</test>
<test id="s1-s1-s1-t3" name="Validate AWS XRS Get Device REST Web Services Returns 200 OK">
<kw name="Get Device By Phone Number" library="Device">
<doc>Get device information for a particular device using the phone number</doc>
<arguments>
<arg>${XRS_WEB_SERVICES_TEST_DEVICE_1.PhoneNumber}</arg>
</arguments>
<assign>
<var>${response}</var>
</assign>
<msg timestamp="20200107 09:49:04.561" level="TRACE">Arguments: [ ${phone_number}=1201201212 ]</msg>
<kw name="Set Variable" library="BuiltIn">
<doc>Returns the given values which can then be assigned to a variables.</doc>
<arguments>
<arg>${XRS_Entity_Management_Base_URI.Device}${XRS_WEBSERVICE_ENTITY_MANAGEMENT_GET_DELETE_DEVICE_BY_NUMBER}/${phone_number}</arg>
</arguments>
<assign>
<var>${uri}</var>
</assign>
<msg timestamp="20200107 09:49:04.562" level="TRACE">Arguments: [ 'DeviceWebService.svc/device/1201201212' ]</msg>
<msg timestamp="20200107 09:49:04.562" level="TRACE">Return: 'DeviceWebService.svc/device/1201201212'</msg>
<msg timestamp="20200107 09:49:04.563" level="INFO">${uri} = DeviceWebService.svc/device/1201201212</msg>
<status status="PASS" starttime="20200107 09:49:04.561" endtime="20200107 09:49:04.563"></status>
</kw>
<kw name="Get Request" library="RequestsLibrary">
<doc>Send a GET request on the session object found using the
given `alias`</doc>
<arguments>
<arg>${XRS_WEB_SERVICE_SESSION_ALIAS}</arg>
<arg>${uri}</arg>
<arg>headers=${XRS_WEBSERVICES_JSON_HEADER}</arg>
</arguments>
<assign>
<var>${response}</var>
</assign>
<msg timestamp="20200107 09:49:04.563" level="TRACE">Arguments: [ 'xrs_web_service_session' | 'DeviceWebService.svc/device/1201201212' | headers={'Accept': 'application/json',
 'Accept-Encoding': 'gzip, deflate',
 'Content-Type': 'application/json'} ]</msg>
<msg timestamp="20200107 09:49:04.564" level="INFO">GET Request using : uri=DeviceWebService.svc/device/1201201212, params=None, allow_redirects=True, timeout=None
headers={'User-Agent': 'python-requests/2.22.0', 'Accept-Encoding': 'gzip, deflate', 'Accept': 'application/json', 'Connection': 'keep-alive', 'Content-Type': 'application/json'} 
data=None 
json=None</msg>
<msg timestamp="20200107 09:49:05.224" level="DEBUG">https://d3ws.xataxrs.com:443 "GET /DeviceWebService.svc/device/1201201212 HTTP/1.1" 200 720</msg>
<msg timestamp="20200107 09:49:05.226" level="DEBUG">GET Response : status=200, reason=OK
{"BelongsToDeviceResourceGroups":["Gnome Shipping D3"],"BluetoothAddress":"00:00:00:00:00:00","CarrierDisplayName":"Sprint","CompanyName":"Gnome Shipping D3","CreateDate":"1\/7\/2020 3:48:36 PM","Description":"Test Device 1","DeviceType":"Other - Android","FixedDisplay":"False","IsChanged":"False","LastCommunication":"","LastDriverID":"","LastDriverName":"","LastVehicleID":"","ModifiedBy":"5412","ModifiedDate":"1\/7\/2020 3:48:36 PM","OrganizationID":"46663","OrganizationName":"Gnome Shipping D3","PhoneNumber":"1201201212","SendInstallLink":"False","Status":"Active","StoreGNISFileOnMobile":"False","UserDefinedField1":"","UserDefinedField2":"","UserDefinedField3":"","UserDefinedField4":"","UserDefinedField5":""}</msg>
<msg timestamp="20200107 09:49:05.227" level="TRACE">Return: &lt;Response [200]&gt;</msg>
<msg timestamp="20200107 09:49:05.227" level="INFO">${response} = &lt;Response [200]&gt;</msg>
<status status="PASS" starttime="20200107 09:49:04.563" endtime="20200107 09:49:05.227"></status>
</kw>
<msg timestamp="20200107 09:49:05.228" level="TRACE">Return: &lt;Response [200]&gt;</msg>
<msg timestamp="20200107 09:49:05.229" level="INFO">${response} = &lt;Response [200]&gt;</msg>
<status status="PASS" starttime="20200107 09:49:04.560" endtime="20200107 09:49:05.229"></status>
</kw>
<kw name="Should Be Equal As Strings" library="BuiltIn">
<doc>Fails if objects are unequal after converting them to strings.</doc>
<arguments>
<arg>${response.status_code}</arg>
<arg>200</arg>
</arguments>
<msg timestamp="20200107 09:49:05.233" level="TRACE">Arguments: [ 200 | '200' ]</msg>
<msg timestamp="20200107 09:49:05.234" level="INFO">Argument types are:
&lt;class 'int'&gt;
&lt;type 'unicode'&gt;</msg>
<msg timestamp="20200107 09:49:05.234" level="TRACE">Return: None</msg>
<status status="PASS" starttime="20200107 09:49:05.232" endtime="20200107 09:49:05.234"></status>
</kw>
<doc>Verifies that a posted device now exists</doc>
<tags>
<tag>awsxrsdevicerestwebservicevalidation</tag>
<tag>awsxrsrestwebservicevalidation</tag>
</tags>
<status status="PASS" starttime="20200107 09:49:04.558" endtime="20200107 09:49:05.235" critical="yes"></status>
</test>
<test id="s1-s1-s1-t4" name="Validate AWS XRS Put Device REST Web Services Modifies Description Successfully">
<kw name="Put Devices" library="Device">
<doc>Calls the Put Method on Devices.
Accepts a list of json objects
See Json field definitions in the "Post Devices" Keyword</doc>
<arguments>
<arg>@{XRS_AWS_WEBSERVICE_PUT_TEST_DEVICE_LIST}</arg>
</arguments>
<assign>
<var>${response}</var>
</assign>
<msg timestamp="20200107 09:49:05.242" level="TRACE">Arguments: [ @{list_data}=[{'CarrierDisplayName': 'Sprint',
  'Description': 'This has changed.',
  'DeviceType': 'Other - Android',
  'FixedDisplay': False,
  'OrganizationID': 46663,
  'PhoneNumber': 1201201212,
  'SendInstallLink': False,
  'Status': 'Active'}] ]</msg>
<kw name="Set Variable" library="BuiltIn">
<doc>Returns the given values which can then be assigned to a variables.</doc>
<arguments>
<arg>${XRS_Entity_Management_Base_URI.Device}${XRS_WEBSERVICE_ENTITY_MANAGEMENT_POST_GET_PUT_DEVICES}</arg>
</arguments>
<assign>
<var>${uri}</var>
</assign>
<msg timestamp="20200107 09:49:05.243" level="TRACE">Arguments: [ 'DeviceWebService.svc/devices' ]</msg>
<msg timestamp="20200107 09:49:05.243" level="TRACE">Return: 'DeviceWebService.svc/devices'</msg>
<msg timestamp="20200107 09:49:05.244" level="INFO">${uri} = DeviceWebService.svc/devices</msg>
<status status="PASS" starttime="20200107 09:49:05.242" endtime="20200107 09:49:05.244"></status>
</kw>
<kw name="Put Request" library="RequestsLibrary">
<doc>Send a PUT request on the session object found using the
given `alias`</doc>
<arguments>
<arg>${XRS_WEB_SERVICE_SESSION_ALIAS}</arg>
<arg>${uri}</arg>
<arg>json=${list_data}</arg>
<arg>headers=${XRS_WEBSERVICES_JSON_HEADER}</arg>
</arguments>
<assign>
<var>${response}</var>
</assign>
<msg timestamp="20200107 09:49:05.244" level="TRACE">Arguments: [ 'xrs_web_service_session' | 'DeviceWebService.svc/devices' | json=[{'CarrierDisplayName': 'Sprint',
  'Description': 'This has changed.',
  'DeviceType': 'Other - Android',
  'FixedDisplay': False,
  'OrganizationID': 46663,
  'PhoneNumber': 1201201212,
  'SendInstallLink': False,
  'Status': 'Active'}] | headers={'Accept': 'application/json',
 'Accept-Encoding': 'gzip, deflate',
 'Content-Type': 'application/json'} ]</msg>
<msg timestamp="20200107 09:49:05.245" level="INFO">PUT Request using : uri=DeviceWebService.svc/devices, params=None, files=None, allow_redirects=True, timeout=None
headers={'User-Agent': 'python-requests/2.22.0', 'Accept-Encoding': 'gzip, deflate', 'Accept': 'application/json', 'Connection': 'keep-alive', 'Content-Type': 'application/json'} 
data=None 
json=[{'CarrierDisplayName': 'Sprint', 'Description': 'This has changed.', 'DeviceType': 'Other - Android', 'FixedDisplay': False, 'OrganizationID': 46663, 'PhoneNumber': 1201201212, 'SendInstallLink': False, 'Status': 'Active'}]</msg>
<msg timestamp="20200107 09:49:07.703" level="DEBUG">https://d3ws.xataxrs.com:443 "PUT /DeviceWebService.svc/devices HTTP/1.1" 200 193</msg>
<msg timestamp="20200107 09:49:07.704" level="DEBUG">PUT Response : status=200, reason=OK
[{"Caption":"Device edited successfully.","Code":"200","Description":"Device edited successfully.","Id":"1201201212","ObjectName":"Device edited successfully.","SID":0,"Title":"DeviceEdited."}]</msg>
<msg timestamp="20200107 09:49:07.704" level="TRACE">Return: &lt;Response [200]&gt;</msg>
<msg timestamp="20200107 09:49:07.704" level="INFO">${response} = &lt;Response [200]&gt;</msg>
<status status="PASS" starttime="20200107 09:49:05.244" endtime="20200107 09:49:07.704"></status>
</kw>
<msg timestamp="20200107 09:49:07.704" level="TRACE">Return: &lt;Response [200]&gt;</msg>
<msg timestamp="20200107 09:49:07.705" level="INFO">${response} = &lt;Response [200]&gt;</msg>
<status status="PASS" starttime="20200107 09:49:05.241" endtime="20200107 09:49:07.705"></status>
</kw>
<kw name="To Json" library="RequestsLibrary">
<doc>Convert a string to a JSON object</doc>
<arguments>
<arg>${response.content}</arg>
</arguments>
<assign>
<var>${json_response}</var>
</assign>
<msg timestamp="20200107 09:49:07.707" level="TRACE">Arguments: [ b'[{"Caption":"Device edited successfully.","Code":"200","Description":"Device edited successfully.","Id":"1201201212","ObjectName":"Device edited successfully.","SID":0,"Title":"DeviceEdited."}]' ]</msg>
<msg timestamp="20200107 09:49:07.707" level="INFO">To JSON using : content=[{"Caption":"Device edited successfully.","Code":"200","Description":"Device edited successfully.","Id":"1201201212","ObjectName":"Device edited successfully.","SID":0,"Title":"DeviceEdited."}] </msg>
<msg timestamp="20200107 09:49:07.707" level="INFO">To JSON using : pretty_print=False </msg>
<msg timestamp="20200107 09:49:07.707" level="TRACE">Return: [{'Caption': 'Device edited successfully.',
  'Code': '200',
  'Description': 'Device edited successfully.',
  'Id': '1201201212',
  'ObjectName': 'Device edited successfully.',
  'SID': 0,
  'Title': 'DeviceEdited.'}]</msg>
<msg timestamp="20200107 09:49:07.708" level="INFO">${json_response} = [{'Caption': 'Device edited successfully.', 'Code': '200', 'Description': 'Device edited successfully.', 'Id': '1201201212', 'ObjectName': 'Device edited successfully.', 'SID': 0, 'Title': 'DeviceEdit...</msg>
<status status="PASS" starttime="20200107 09:49:07.706" endtime="20200107 09:49:07.708"></status>
</kw>
<kw name="${r} IN [ @{json_response} ]" type="for">
<kw name="${r} = {'Caption': 'Device edited successfully.', 'Code': '200', 'Description': 'Device edited successfully.', 'Id': '1201201212', 'ObjectName': 'Device edited successfully.', 'SID': 0, 'Title': 'DeviceEdite..." type="foritem">
<kw name="Should Be Equal As Strings" library="BuiltIn">
<doc>Fails if objects are unequal after converting them to strings.</doc>
<arguments>
<arg>${r}[Description]</arg>
<arg>Device edited successfully.</arg>
</arguments>
<msg timestamp="20200107 09:49:07.711" level="TRACE">Arguments: [ 'Device edited successfully.' | 'Device edited successfully.' ]</msg>
<msg timestamp="20200107 09:49:07.711" level="DEBUG">Argument types are:
&lt;type 'unicode'&gt;
&lt;type 'unicode'&gt;</msg>
<msg timestamp="20200107 09:49:07.711" level="TRACE">Return: None</msg>
<status status="PASS" starttime="20200107 09:49:07.710" endtime="20200107 09:49:07.712"></status>
</kw>
<status status="PASS" starttime="20200107 09:49:07.710" endtime="20200107 09:49:07.712"></status>
</kw>
<status status="PASS" starttime="20200107 09:49:07.709" endtime="20200107 09:49:07.712"></status>
</kw>
<doc>Posts a device and expects a Code value of 201</doc>
<tags>
<tag>awsxrsdevicerestwebservicevalidation</tag>
<tag>awsxrsrestwebservicevalidation</tag>
</tags>
<status status="PASS" starttime="20200107 09:49:05.239" endtime="20200107 09:49:07.713" critical="yes"></status>
</test>
<test id="s1-s1-s1-t5" name="Validate AWS XRS Get Devices REST Web Services Returns 200 OK">
<kw name="Get Time" library="BuiltIn">
<doc>Returns the given time in the requested format.</doc>
<arguments>
<arg>year,month,day</arg>
</arguments>
<assign>
<var>${yyyy}</var>
<var>${mm}</var>
<var>${dd}</var>
</assign>
<msg timestamp="20200107 09:49:07.719" level="TRACE">Arguments: [ 'year,month,day' ]</msg>
<msg timestamp="20200107 09:49:07.720" level="TRACE">Return: ['2020', '01', '07']</msg>
<msg timestamp="20200107 09:49:07.720" level="INFO">${yyyy} = 2020</msg>
<msg timestamp="20200107 09:49:07.720" level="INFO">${mm} = 01</msg>
<msg timestamp="20200107 09:49:07.720" level="INFO">${dd} = 07</msg>
<status status="PASS" starttime="20200107 09:49:07.719" endtime="20200107 09:49:07.720"></status>
</kw>
<kw name="Create Dictionary" library="BuiltIn">
<doc>Creates and returns a dictionary based on the given ``items``.</doc>
<arguments>
<arg>OrganizationID=${XRS_GENERAL_INFORMATION.Company.Company_ID}</arg>
<arg>IsActive=True</arg>
<arg>AsOfDateTime=${mm}/${dd}/${yyyy}</arg>
</arguments>
<assign>
<var>&amp;{params}</var>
</assign>
<msg timestamp="20200107 09:49:07.722" level="TRACE">Arguments: [ 'OrganizationID=${XRS_GENERAL_INFORMATION.Company.Company_ID}' | 'IsActive=True' | 'AsOfDateTime=${mm}/${dd}/${yyyy}' ]</msg>
<msg timestamp="20200107 09:49:07.723" level="TRACE">Return: {'AsOfDateTime': '01/07/2020', 'IsActive': 'True', 'OrganizationID': 46663}</msg>
<msg timestamp="20200107 09:49:07.724" level="INFO">&amp;{params} = { OrganizationID=46663 | IsActive=True | AsOfDateTime=01/07/2020 }</msg>
<status status="PASS" starttime="20200107 09:49:07.722" endtime="20200107 09:49:07.724"></status>
</kw>
<kw name="Verify Get Devices With Forward Slash Returns 200 OK">
<doc>Verify that using a '/' in the URI returns 200 OK</doc>
<arguments>
<arg>&amp;{params}</arg>
</arguments>
<msg timestamp="20200107 09:49:07.725" level="TRACE">Arguments: [ &amp;{params}={'AsOfDateTime': '01/07/2020', 'IsActive': 'True', 'OrganizationID': 46663} ]</msg>
<kw name="Set Variable" library="BuiltIn">
<doc>Returns the given values which can then be assigned to a variables.</doc>
<arguments>
<arg>/</arg>
</arguments>
<assign>
<var>${ending_character}</var>
</assign>
<msg timestamp="20200107 09:49:07.726" level="TRACE">Arguments: [ '/' ]</msg>
<msg timestamp="20200107 09:49:07.726" level="TRACE">Return: '/'</msg>
<msg timestamp="20200107 09:49:07.726" level="INFO">${ending_character} = /</msg>
<status status="PASS" starttime="20200107 09:49:07.726" endtime="20200107 09:49:07.726"></status>
</kw>
<kw name="Get Devices With URI Ending With ${ending_character} And Parameters &amp;{params}" library="Device">
<doc>This Keyword modifies character between the base uri and the parameters
This will get devices that match the provided parameters.
Params can be named individually or within a Dictionary
See the Get Devices Keyword for param definitions.</doc>
<assign>
<var>${response}</var>
</assign>
<msg timestamp="20200107 09:49:07.728" level="TRACE">Arguments: [ ${ending_character}='/' | ${params}={'AsOfDateTime': '01/07/2020', 'IsActive': 'True', 'OrganizationID': 46663} ]</msg>
<kw name="Set Variable" library="BuiltIn">
<doc>Returns the given values which can then be assigned to a variables.</doc>
<arguments>
<arg>${XRS_Entity_Management_Base_URI.Device}${XRS_WEBSERVICE_ENTITY_MANAGEMENT_POST_GET_PUT_DEVICES}${ending_character}</arg>
</arguments>
<assign>
<var>${uri}</var>
</assign>
<msg timestamp="20200107 09:49:07.729" level="TRACE">Arguments: [ 'DeviceWebService.svc/devices/' ]</msg>
<msg timestamp="20200107 09:49:07.729" level="TRACE">Return: 'DeviceWebService.svc/devices/'</msg>
<msg timestamp="20200107 09:49:07.730" level="INFO">${uri} = DeviceWebService.svc/devices/</msg>
<status status="PASS" starttime="20200107 09:49:07.728" endtime="20200107 09:49:07.730"></status>
</kw>
<kw name="Get Request" library="RequestsLibrary">
<doc>Send a GET request on the session object found using the
given `alias`</doc>
<arguments>
<arg>${XRS_WEB_SERVICE_SESSION_ALIAS}</arg>
<arg>${uri}</arg>
<arg>headers=${XRS_WEBSERVICES_JSON_HEADER}</arg>
<arg>params=${params}</arg>
</arguments>
<assign>
<var>${response}</var>
</assign>
<msg timestamp="20200107 09:49:07.730" level="TRACE">Arguments: [ 'xrs_web_service_session' | 'DeviceWebService.svc/devices/' | headers={'Accept': 'application/json',
 'Accept-Encoding': 'gzip, deflate',
 'Content-Type': 'application/json'} | params={'AsOfDateTime': '01/07/2020', 'IsActive': 'True', 'OrganizationID': 46663} ]</msg>
<msg timestamp="20200107 09:49:07.731" level="INFO">GET Request using : uri=DeviceWebService.svc/devices/, params={'OrganizationID': 46663, 'IsActive': 'True', 'AsOfDateTime': '01/07/2020'}, allow_redirects=True, timeout=None
headers={'User-Agent': 'python-requests/2.22.0', 'Accept-Encoding': 'gzip, deflate', 'Accept': 'application/json', 'Connection': 'keep-alive', 'Content-Type': 'application/json'} 
data=None 
json=None</msg>
<msg timestamp="20200107 09:49:08.367" level="DEBUG">https://d3ws.xataxrs.com:443 "GET /DeviceWebService.svc/devices/?OrganizationID=46663&amp;IsActive=True&amp;AsOfDateTime=01%2F07%2F2020 HTTP/1.1" 200 726</msg>
<msg timestamp="20200107 09:49:08.369" level="DEBUG">GET Response : status=200, reason=OK
[{"BelongsToDeviceResourceGroups":["Gnome Shipping D3"],"BluetoothAddress":"00:00:00:00:00:00","CarrierDisplayName":"Sprint","CompanyName":"Gnome Shipping D3","CreateDate":"1\/7\/2020 3:48:36 PM","Description":"This has changed.","DeviceType":"Other - Android","FixedDisplay":"False","IsChanged":"False","LastCommunication":"","LastDriverID":"","LastDriverName":"","LastVehicleID":"","ModifiedBy":"5412","ModifiedDate":"1\/7\/2020 3:48:37 PM","OrganizationID":"46663","OrganizationName":"Gnome Shipping D3","PhoneNumber":"1201201212","SendInstallLink":"False","Status":"Active","StoreGNISFileOnMobile":"False","UserDefinedField1":"","UserDefinedField2":"","UserDefinedField3":"","UserDefinedField4":"","UserDefinedField5":""}]</msg>
<msg timestamp="20200107 09:49:08.369" level="TRACE">Return: &lt;Response [200]&gt;</msg>
<msg timestamp="20200107 09:49:08.370" level="INFO">${response} = &lt;Response [200]&gt;</msg>
<status status="PASS" starttime="20200107 09:49:07.730" endtime="20200107 09:49:08.370"></status>
</kw>
<msg timestamp="20200107 09:49:08.371" level="TRACE">Return: &lt;Response [200]&gt;</msg>
<msg timestamp="20200107 09:49:08.371" level="INFO">${response} = &lt;Response [200]&gt;</msg>
<status status="PASS" starttime="20200107 09:49:07.727" endtime="20200107 09:49:08.371"></status>
</kw>
<kw name="Should Be Equal As Strings" library="BuiltIn">
<doc>Fails if objects are unequal after converting them to strings.</doc>
<arguments>
<arg>${response.status_code}</arg>
<arg>200</arg>
</arguments>
<msg timestamp="20200107 09:49:08.373" level="TRACE">Arguments: [ 200 | '200' ]</msg>
<msg timestamp="20200107 09:49:08.374" level="INFO">Argument types are:
&lt;class 'int'&gt;
&lt;type 'unicode'&gt;</msg>
<msg timestamp="20200107 09:49:08.374" level="TRACE">Return: None</msg>
<status status="PASS" starttime="20200107 09:49:08.372" endtime="20200107 09:49:08.375"></status>
</kw>
<msg timestamp="20200107 09:49:08.375" level="TRACE">Return: None</msg>
<status status="PASS" starttime="20200107 09:49:07.725" endtime="20200107 09:49:08.375"></status>
</kw>
<kw name="Verify Get Devices Without Forward Slash Returns 200 OK">
<doc>Verify that not using a '/' in the URI returns 200 OK</doc>
<arguments>
<arg>&amp;{params}</arg>
</arguments>
<msg timestamp="20200107 09:49:08.379" level="TRACE">Arguments: [ &amp;{params}={'AsOfDateTime': '01/07/2020', 'IsActive': 'True', 'OrganizationID': 46663} ]</msg>
<kw name="Get Devices" library="Device">
<doc>Call the Get Method on Devices.
This will get devices that match the provided parameters.
Params can be named individually or within a Dictionary
Param Definitions:
AsOfDateTime
Tells the service to return only the data that changed since the specified date and time.
IsActive
Filters results to active drivers only.
Valid Values: True False Both
Limit
Used in conjunction with the Offset parameter to implement paging.
Limits the number of results to a specified number.
System Limit: 10,000
Offset
Used in conjunction with the Limit parameter to implement paging.
Represents a page number for the starting point of the return set.
OrganizationID
Limits results to devices in one or more organizations.
PhoneNumber
The following values can be specified:
[No Filter] - Limits results to all device records within the Web Service users' OrganizationID and ResourceGroupID.
10 character phone number - Limits results to the device record within the Web Service users' OrganizationID and ResourceGroupID
Example value: 1234567890
ResourceGroupID
Limits results to devices in one or more resource groups.</doc>
<arguments>
<arg>&amp;{params}</arg>
</arguments>
<assign>
<var>${response}</var>
</assign>
<msg timestamp="20200107 09:49:08.381" level="TRACE">Arguments: [ &amp;{params}={'AsOfDateTime': '01/07/2020', 'IsActive': 'True', 'OrganizationID': 46663} ]</msg>
<kw name="Set Variable" library="BuiltIn">
<doc>Returns the given values which can then be assigned to a variables.</doc>
<arguments>
<arg>${XRS_Entity_Management_Base_URI.Device}${XRS_WEBSERVICE_ENTITY_MANAGEMENT_POST_GET_PUT_DEVICES}</arg>
</arguments>
<assign>
<var>${uri}</var>
</assign>
<msg timestamp="20200107 09:49:08.382" level="TRACE">Arguments: [ 'DeviceWebService.svc/devices' ]</msg>
<msg timestamp="20200107 09:49:08.382" level="TRACE">Return: 'DeviceWebService.svc/devices'</msg>
<msg timestamp="20200107 09:49:08.383" level="INFO">${uri} = DeviceWebService.svc/devices</msg>
<status status="PASS" starttime="20200107 09:49:08.381" endtime="20200107 09:49:08.383"></status>
</kw>
<kw name="Get Request" library="RequestsLibrary">
<doc>Send a GET request on the session object found using the
given `alias`</doc>
<arguments>
<arg>${XRS_WEB_SERVICE_SESSION_ALIAS}</arg>
<arg>${uri}</arg>
<arg>headers=${XRS_WEBSERVICES_JSON_HEADER}</arg>
<arg>params=${params}</arg>
</arguments>
<assign>
<var>${response}</var>
</assign>
<msg timestamp="20200107 09:49:08.384" level="TRACE">Arguments: [ 'xrs_web_service_session' | 'DeviceWebService.svc/devices' | headers={'Accept': 'application/json',
 'Accept-Encoding': 'gzip, deflate',
 'Content-Type': 'application/json'} | params={'AsOfDateTime': '01/07/2020', 'IsActive': 'True', 'OrganizationID': 46663} ]</msg>
<msg timestamp="20200107 09:49:08.384" level="INFO">GET Request using : uri=DeviceWebService.svc/devices, params={'OrganizationID': 46663, 'IsActive': 'True', 'AsOfDateTime': '01/07/2020'}, allow_redirects=True, timeout=None
headers={'User-Agent': 'python-requests/2.22.0', 'Accept-Encoding': 'gzip, deflate', 'Accept': 'application/json', 'Connection': 'keep-alive', 'Content-Type': 'application/json'} 
data=None 
json=None</msg>
<msg timestamp="20200107 09:49:08.901" level="DEBUG">https://d3ws.xataxrs.com:443 "GET /DeviceWebService.svc/devices?OrganizationID=46663&amp;IsActive=True&amp;AsOfDateTime=01%2F07%2F2020 HTTP/1.1" 200 726</msg>
<msg timestamp="20200107 09:49:08.903" level="DEBUG">GET Response : status=200, reason=OK
[{"BelongsToDeviceResourceGroups":["Gnome Shipping D3"],"BluetoothAddress":"00:00:00:00:00:00","CarrierDisplayName":"Sprint","CompanyName":"Gnome Shipping D3","CreateDate":"1\/7\/2020 3:48:36 PM","Description":"This has changed.","DeviceType":"Other - Android","FixedDisplay":"False","IsChanged":"False","LastCommunication":"","LastDriverID":"","LastDriverName":"","LastVehicleID":"","ModifiedBy":"5412","ModifiedDate":"1\/7\/2020 3:48:37 PM","OrganizationID":"46663","OrganizationName":"Gnome Shipping D3","PhoneNumber":"1201201212","SendInstallLink":"False","Status":"Active","StoreGNISFileOnMobile":"False","UserDefinedField1":"","UserDefinedField2":"","UserDefinedField3":"","UserDefinedField4":"","UserDefinedField5":""}]</msg>
<msg timestamp="20200107 09:49:08.904" level="TRACE">Return: &lt;Response [200]&gt;</msg>
<msg timestamp="20200107 09:49:08.904" level="INFO">${response} = &lt;Response [200]&gt;</msg>
<status status="PASS" starttime="20200107 09:49:08.383" endtime="20200107 09:49:08.905"></status>
</kw>
<msg timestamp="20200107 09:49:08.905" level="TRACE">Return: &lt;Response [200]&gt;</msg>
<msg timestamp="20200107 09:49:08.906" level="INFO">${response} = &lt;Response [200]&gt;</msg>
<status status="PASS" starttime="20200107 09:49:08.380" endtime="20200107 09:49:08.906"></status>
</kw>
<kw name="Should Be Equal As Strings" library="BuiltIn">
<doc>Fails if objects are unequal after converting them to strings.</doc>
<arguments>
<arg>${response.status_code}</arg>
<arg>200</arg>
</arguments>
<msg timestamp="20200107 09:49:08.908" level="TRACE">Arguments: [ 200 | '200' ]</msg>
<msg timestamp="20200107 09:49:08.908" level="INFO">Argument types are:
&lt;class 'int'&gt;
&lt;type 'unicode'&gt;</msg>
<msg timestamp="20200107 09:49:08.909" level="TRACE">Return: None</msg>
<status status="PASS" starttime="20200107 09:49:08.907" endtime="20200107 09:49:08.909"></status>
</kw>
<msg timestamp="20200107 09:49:08.909" level="TRACE">Return: None</msg>
<status status="PASS" starttime="20200107 09:49:08.378" endtime="20200107 09:49:08.909"></status>
</kw>
<doc>Get devices with basic parameters</doc>
<tags>
<tag>awsxrsdevicerestwebservicevalidation</tag>
<tag>awsxrsrestwebservicevalidation</tag>
</tags>
<status status="PASS" starttime="20200107 09:49:07.717" endtime="20200107 09:49:08.911" critical="yes"></status>
</test>
<test id="s1-s1-s1-t6" name="Validate AWS XRS Get Devices REST Web Services Returns 200 OK With Raw String URI">
<kw name="Verify Get Devices Raw String URI With /? Returns 200 OK">
<doc>Verify that using the given character string in the raw URI string returns 200 OK</doc>
<msg timestamp="20200107 09:49:08.916" level="TRACE">Arguments: [ ${character_string}='/?' ]</msg>
<kw name="Get Time" library="BuiltIn">
<doc>Returns the given time in the requested format.</doc>
<arguments>
<arg>year,month,day</arg>
</arguments>
<assign>
<var>${yyyy}</var>
<var>${mm}</var>
<var>${dd}</var>
</assign>
<msg timestamp="20200107 09:49:08.917" level="TRACE">Arguments: [ 'year,month,day' ]</msg>
<msg timestamp="20200107 09:49:08.918" level="TRACE">Return: ['2020', '01', '07']</msg>
<msg timestamp="20200107 09:49:08.918" level="INFO">${yyyy} = 2020</msg>
<msg timestamp="20200107 09:49:08.918" level="INFO">${mm} = 01</msg>
<msg timestamp="20200107 09:49:08.919" level="INFO">${dd} = 07</msg>
<status status="PASS" starttime="20200107 09:49:08.917" endtime="20200107 09:49:08.919"></status>
</kw>
<kw name="Create Dictionary" library="BuiltIn">
<doc>Creates and returns a dictionary based on the given ``items``.</doc>
<arguments>
<arg>OrganizationID=${XRS_GENERAL_INFORMATION.Company.Company_ID}</arg>
<arg>IsActive=True</arg>
<arg>AsOfDateTime=${mm}/${dd}/${yyyy}</arg>
</arguments>
<assign>
<var>&amp;{params}</var>
</assign>
<msg timestamp="20200107 09:49:08.919" level="TRACE">Arguments: [ 'OrganizationID=${XRS_GENERAL_INFORMATION.Company.Company_ID}' | 'IsActive=True' | 'AsOfDateTime=${mm}/${dd}/${yyyy}' ]</msg>
<msg timestamp="20200107 09:49:08.920" level="TRACE">Return: {'AsOfDateTime': '01/07/2020', 'IsActive': 'True', 'OrganizationID': 46663}</msg>
<msg timestamp="20200107 09:49:08.920" level="INFO">&amp;{params} = { OrganizationID=46663 | IsActive=True | AsOfDateTime=01/07/2020 }</msg>
<status status="PASS" starttime="20200107 09:49:08.919" endtime="20200107 09:49:08.920"></status>
</kw>
<kw name="Create URI String With" library="URIStringBuilderTool">
<doc>Helper Keyword to construct the request uri with different character strings
base_uri = webservice uri
request_type = request extension for the webservice
character_string = final character of the uri. i.e. /, /?, etc ...</doc>
<arguments>
<arg>${XRS_Entity_Management_Base_URI.Device}</arg>
<arg>${XRS_WEBSERVICE_ENTITY_MANAGEMENT_POST_GET_PUT_DEVICES}</arg>
<arg>${character_string}</arg>
</arguments>
<assign>
<var>${uri_string}</var>
</assign>
<msg timestamp="20200107 09:49:08.921" level="TRACE">Arguments: [ ${base_uri}='DeviceWebService.svc' | ${request_type}='/devices' | ${character_string}='/?' ]</msg>
<kw name="Set Variable" library="BuiltIn">
<doc>Returns the given values which can then be assigned to a variables.</doc>
<arguments>
<arg>${base_uri}${request_type}${character_string}</arg>
</arguments>
<assign>
<var>${uri}</var>
</assign>
<msg timestamp="20200107 09:49:08.922" level="TRACE">Arguments: [ 'DeviceWebService.svc/devices/?' ]</msg>
<msg timestamp="20200107 09:49:08.922" level="TRACE">Return: 'DeviceWebService.svc/devices/?'</msg>
<msg timestamp="20200107 09:49:08.922" level="INFO">${uri} = DeviceWebService.svc/devices/?</msg>
<status status="PASS" starttime="20200107 09:49:08.921" endtime="20200107 09:49:08.922"></status>
</kw>
<msg timestamp="20200107 09:49:08.922" level="TRACE">Return: 'DeviceWebService.svc/devices/?'</msg>
<msg timestamp="20200107 09:49:08.922" level="INFO">${uri_string} = DeviceWebService.svc/devices/?</msg>
<status status="PASS" starttime="20200107 09:49:08.921" endtime="20200107 09:49:08.922"></status>
</kw>
<kw name="Set Variable" library="BuiltIn">
<doc>Returns the given values which can then be assigned to a variables.</doc>
<arguments>
<arg>${uri_string}OrganizationID=${params.OrganizationID}&amp;IsActive=${params.IsActive}&amp;AsOfDateTime=${params.AsOfDateTime}</arg>
</arguments>
<assign>
<var>${uri}</var>
</assign>
<msg timestamp="20200107 09:49:08.923" level="TRACE">Arguments: [ 'DeviceWebService.svc/devices/?OrganizationID=46663&amp;IsActive=True&amp;AsOfDateTime=01/07/2020' ]</msg>
<msg timestamp="20200107 09:49:08.923" level="TRACE">Return: 'DeviceWebService.svc/devices/?OrganizationID=46663&amp;IsActive=True&amp;AsOfDateTime=01/07/2020'</msg>
<msg timestamp="20200107 09:49:08.923" level="INFO">${uri} = DeviceWebService.svc/devices/?OrganizationID=46663&amp;IsActive=True&amp;AsOfDateTime=01/07/2020</msg>
<status status="PASS" starttime="20200107 09:49:08.923" endtime="20200107 09:49:08.924"></status>
</kw>
<kw name="Get Request" library="RequestsLibrary">
<doc>Send a GET request on the session object found using the
given `alias`</doc>
<arguments>
<arg>${XRS_WEB_SERVICE_SESSION_ALIAS}</arg>
<arg>${uri}</arg>
<arg>headers=${XRS_WEBSERVICES_JSON_HEADER}</arg>
</arguments>
<assign>
<var>${response}</var>
</assign>
<msg timestamp="20200107 09:49:08.924" level="TRACE">Arguments: [ 'xrs_web_service_session' | 'DeviceWebService.svc/devices/?OrganizationID=46663&amp;IsActive=True&amp;AsOfDateTime=01/07/2020' | headers={'Accept': 'application/json',
 'Accept-Encoding': 'gzip, deflate',
 'Content-Type': 'application/json'} ]</msg>
<msg timestamp="20200107 09:49:08.924" level="INFO">GET Request using : uri=DeviceWebService.svc/devices/?OrganizationID=46663&amp;IsActive=True&amp;AsOfDateTime=01/07/2020, params=None, allow_redirects=True, timeout=None
headers={'User-Agent': 'python-requests/2.22.0', 'Accept-Encoding': 'gzip, deflate', 'Accept': 'application/json', 'Connection': 'keep-alive', 'Content-Type': 'application/json'} 
data=None 
json=None</msg>
<msg timestamp="20200107 09:49:09.516" level="DEBUG">https://d3ws.xataxrs.com:443 "GET /DeviceWebService.svc/devices/?OrganizationID=46663&amp;IsActive=True&amp;AsOfDateTime=01/07/2020 HTTP/1.1" 200 726</msg>
<msg timestamp="20200107 09:49:09.518" level="DEBUG">GET Response : status=200, reason=OK
[{"BelongsToDeviceResourceGroups":["Gnome Shipping D3"],"BluetoothAddress":"00:00:00:00:00:00","CarrierDisplayName":"Sprint","CompanyName":"Gnome Shipping D3","CreateDate":"1\/7\/2020 3:48:36 PM","Description":"This has changed.","DeviceType":"Other - Android","FixedDisplay":"False","IsChanged":"False","LastCommunication":"","LastDriverID":"","LastDriverName":"","LastVehicleID":"","ModifiedBy":"5412","ModifiedDate":"1\/7\/2020 3:48:37 PM","OrganizationID":"46663","OrganizationName":"Gnome Shipping D3","PhoneNumber":"1201201212","SendInstallLink":"False","Status":"Active","StoreGNISFileOnMobile":"False","UserDefinedField1":"","UserDefinedField2":"","UserDefinedField3":"","UserDefinedField4":"","UserDefinedField5":""}]</msg>
<msg timestamp="20200107 09:49:09.518" level="TRACE">Return: &lt;Response [200]&gt;</msg>
<msg timestamp="20200107 09:49:09.519" level="INFO">${response} = &lt;Response [200]&gt;</msg>
<status status="PASS" starttime="20200107 09:49:08.924" endtime="20200107 09:49:09.519"></status>
</kw>
<kw name="Should Be Equal As Strings" library="BuiltIn">
<doc>Fails if objects are unequal after converting them to strings.</doc>
<arguments>
<arg>${response.status_code}</arg>
<arg>200</arg>
</arguments>
<msg timestamp="20200107 09:49:09.521" level="TRACE">Arguments: [ 200 | '200' ]</msg>
<msg timestamp="20200107 09:49:09.522" level="INFO">Argument types are:
&lt;class 'int'&gt;
&lt;type 'unicode'&gt;</msg>
<msg timestamp="20200107 09:49:09.522" level="TRACE">Return: None</msg>
<status status="PASS" starttime="20200107 09:49:09.520" endtime="20200107 09:49:09.522"></status>
</kw>
<msg timestamp="20200107 09:49:09.523" level="TRACE">Return: None</msg>
<status status="PASS" starttime="20200107 09:49:08.916" endtime="20200107 09:49:09.523"></status>
</kw>
<kw name="Verify Get Devices Raw String URI With ? Returns 200 OK">
<doc>Verify that using the given character string in the raw URI string returns 200 OK</doc>
<msg timestamp="20200107 09:49:09.525" level="TRACE">Arguments: [ ${character_string}='?' ]</msg>
<kw name="Get Time" library="BuiltIn">
<doc>Returns the given time in the requested format.</doc>
<arguments>
<arg>year,month,day</arg>
</arguments>
<assign>
<var>${yyyy}</var>
<var>${mm}</var>
<var>${dd}</var>
</assign>
<msg timestamp="20200107 09:49:09.526" level="TRACE">Arguments: [ 'year,month,day' ]</msg>
<msg timestamp="20200107 09:49:09.527" level="TRACE">Return: ['2020', '01', '07']</msg>
<msg timestamp="20200107 09:49:09.527" level="INFO">${yyyy} = 2020</msg>
<msg timestamp="20200107 09:49:09.527" level="INFO">${mm} = 01</msg>
<msg timestamp="20200107 09:49:09.527" level="INFO">${dd} = 07</msg>
<status status="PASS" starttime="20200107 09:49:09.526" endtime="20200107 09:49:09.527"></status>
</kw>
<kw name="Create Dictionary" library="BuiltIn">
<doc>Creates and returns a dictionary based on the given ``items``.</doc>
<arguments>
<arg>OrganizationID=${XRS_GENERAL_INFORMATION.Company.Company_ID}</arg>
<arg>IsActive=True</arg>
<arg>AsOfDateTime=${mm}/${dd}/${yyyy}</arg>
</arguments>
<assign>
<var>&amp;{params}</var>
</assign>
<msg timestamp="20200107 09:49:09.528" level="TRACE">Arguments: [ 'OrganizationID=${XRS_GENERAL_INFORMATION.Company.Company_ID}' | 'IsActive=True' | 'AsOfDateTime=${mm}/${dd}/${yyyy}' ]</msg>
<msg timestamp="20200107 09:49:09.529" level="TRACE">Return: {'AsOfDateTime': '01/07/2020', 'IsActive': 'True', 'OrganizationID': 46663}</msg>
<msg timestamp="20200107 09:49:09.529" level="INFO">&amp;{params} = { OrganizationID=46663 | IsActive=True | AsOfDateTime=01/07/2020 }</msg>
<status status="PASS" starttime="20200107 09:49:09.528" endtime="20200107 09:49:09.529"></status>
</kw>
<kw name="Create URI String With" library="URIStringBuilderTool">
<doc>Helper Keyword to construct the request uri with different character strings
base_uri = webservice uri
request_type = request extension for the webservice
character_string = final character of the uri. i.e. /, /?, etc ...</doc>
<arguments>
<arg>${XRS_Entity_Management_Base_URI.Device}</arg>
<arg>${XRS_WEBSERVICE_ENTITY_MANAGEMENT_POST_GET_PUT_DEVICES}</arg>
<arg>${character_string}</arg>
</arguments>
<assign>
<var>${uri_string}</var>
</assign>
<msg timestamp="20200107 09:49:09.531" level="TRACE">Arguments: [ ${base_uri}='DeviceWebService.svc' | ${request_type}='/devices' | ${character_string}='?' ]</msg>
<kw name="Set Variable" library="BuiltIn">
<doc>Returns the given values which can then be assigned to a variables.</doc>
<arguments>
<arg>${base_uri}${request_type}${character_string}</arg>
</arguments>
<assign>
<var>${uri}</var>
</assign>
<msg timestamp="20200107 09:49:09.531" level="TRACE">Arguments: [ 'DeviceWebService.svc/devices?' ]</msg>
<msg timestamp="20200107 09:49:09.532" level="TRACE">Return: 'DeviceWebService.svc/devices?'</msg>
<msg timestamp="20200107 09:49:09.532" level="INFO">${uri} = DeviceWebService.svc/devices?</msg>
<status status="PASS" starttime="20200107 09:49:09.531" endtime="20200107 09:49:09.532"></status>
</kw>
<msg timestamp="20200107 09:49:09.532" level="TRACE">Return: 'DeviceWebService.svc/devices?'</msg>
<msg timestamp="20200107 09:49:09.532" level="INFO">${uri_string} = DeviceWebService.svc/devices?</msg>
<status status="PASS" starttime="20200107 09:49:09.530" endtime="20200107 09:49:09.532"></status>
</kw>
<kw name="Set Variable" library="BuiltIn">
<doc>Returns the given values which can then be assigned to a variables.</doc>
<arguments>
<arg>${uri_string}OrganizationID=${params.OrganizationID}&amp;IsActive=${params.IsActive}&amp;AsOfDateTime=${params.AsOfDateTime}</arg>
</arguments>
<assign>
<var>${uri}</var>
</assign>
<msg timestamp="20200107 09:49:09.533" level="TRACE">Arguments: [ 'DeviceWebService.svc/devices?OrganizationID=46663&amp;IsActive=True&amp;AsOfDateTime=01/07/2020' ]</msg>
<msg timestamp="20200107 09:49:09.533" level="TRACE">Return: 'DeviceWebService.svc/devices?OrganizationID=46663&amp;IsActive=True&amp;AsOfDateTime=01/07/2020'</msg>
<msg timestamp="20200107 09:49:09.534" level="INFO">${uri} = DeviceWebService.svc/devices?OrganizationID=46663&amp;IsActive=True&amp;AsOfDateTime=01/07/2020</msg>
<status status="PASS" starttime="20200107 09:49:09.532" endtime="20200107 09:49:09.534"></status>
</kw>
<kw name="Get Request" library="RequestsLibrary">
<doc>Send a GET request on the session object found using the
given `alias`</doc>
<arguments>
<arg>${XRS_WEB_SERVICE_SESSION_ALIAS}</arg>
<arg>${uri}</arg>
<arg>headers=${XRS_WEBSERVICES_JSON_HEADER}</arg>
</arguments>
<assign>
<var>${response}</var>
</assign>
<msg timestamp="20200107 09:49:09.534" level="TRACE">Arguments: [ 'xrs_web_service_session' | 'DeviceWebService.svc/devices?OrganizationID=46663&amp;IsActive=True&amp;AsOfDateTime=01/07/2020' | headers={'Accept': 'application/json',
 'Accept-Encoding': 'gzip, deflate',
 'Content-Type': 'application/json'} ]</msg>
<msg timestamp="20200107 09:49:09.535" level="INFO">GET Request using : uri=DeviceWebService.svc/devices?OrganizationID=46663&amp;IsActive=True&amp;AsOfDateTime=01/07/2020, params=None, allow_redirects=True, timeout=None
headers={'User-Agent': 'python-requests/2.22.0', 'Accept-Encoding': 'gzip, deflate', 'Accept': 'application/json', 'Connection': 'keep-alive', 'Content-Type': 'application/json'} 
data=None 
json=None</msg>
<msg timestamp="20200107 09:49:10.077" level="DEBUG">https://d3ws.xataxrs.com:443 "GET /DeviceWebService.svc/devices?OrganizationID=46663&amp;IsActive=True&amp;AsOfDateTime=01/07/2020 HTTP/1.1" 200 726</msg>
<msg timestamp="20200107 09:49:10.079" level="DEBUG">GET Response : status=200, reason=OK
[{"BelongsToDeviceResourceGroups":["Gnome Shipping D3"],"BluetoothAddress":"00:00:00:00:00:00","CarrierDisplayName":"Sprint","CompanyName":"Gnome Shipping D3","CreateDate":"1\/7\/2020 3:48:36 PM","Description":"This has changed.","DeviceType":"Other - Android","FixedDisplay":"False","IsChanged":"False","LastCommunication":"","LastDriverID":"","LastDriverName":"","LastVehicleID":"","ModifiedBy":"5412","ModifiedDate":"1\/7\/2020 3:48:37 PM","OrganizationID":"46663","OrganizationName":"Gnome Shipping D3","PhoneNumber":"1201201212","SendInstallLink":"False","Status":"Active","StoreGNISFileOnMobile":"False","UserDefinedField1":"","UserDefinedField2":"","UserDefinedField3":"","UserDefinedField4":"","UserDefinedField5":""}]</msg>
<msg timestamp="20200107 09:49:10.080" level="TRACE">Return: &lt;Response [200]&gt;</msg>
<msg timestamp="20200107 09:49:10.080" level="INFO">${response} = &lt;Response [200]&gt;</msg>
<status status="PASS" starttime="20200107 09:49:09.534" endtime="20200107 09:49:10.080"></status>
</kw>
<kw name="Should Be Equal As Strings" library="BuiltIn">
<doc>Fails if objects are unequal after converting them to strings.</doc>
<arguments>
<arg>${response.status_code}</arg>
<arg>200</arg>
</arguments>
<msg timestamp="20200107 09:49:10.083" level="TRACE">Arguments: [ 200 | '200' ]</msg>
<msg timestamp="20200107 09:49:10.084" level="INFO">Argument types are:
&lt;class 'int'&gt;
&lt;type 'unicode'&gt;</msg>
<msg timestamp="20200107 09:49:10.084" level="TRACE">Return: None</msg>
<status status="PASS" starttime="20200107 09:49:10.081" endtime="20200107 09:49:10.084"></status>
</kw>
<msg timestamp="20200107 09:49:10.085" level="TRACE">Return: None</msg>
<status status="PASS" starttime="20200107 09:49:09.525" endtime="20200107 09:49:10.085"></status>
</kw>
<doc>Get devices with basic parameters using a raw URI string</doc>
<tags>
<tag>awsxrsdevicerestwebservicevalidation</tag>
<tag>awsxrsrestwebservicevalidation</tag>
</tags>
<status status="PASS" starttime="20200107 09:49:08.915" endtime="20200107 09:49:10.087" critical="yes"></status>
</test>
<test id="s1-s1-s1-t7" name="Validate AWS XRS Get Devices REST Web Services For All Devices Returns 200 OK">
<kw name="Get All Devices" library="Device">
<doc>Get attributes for all Devices.</doc>
<assign>
<var>${response}</var>
</assign>
<msg timestamp="20200107 09:49:10.097" level="TRACE">Arguments: [  ]</msg>
<kw name="Set Variable" library="BuiltIn">
<doc>Returns the given values which can then be assigned to a variables.</doc>
<arguments>
<arg>${XRS_Entity_Management_Base_URI.Device}${XRS_WEBSERVICE_ENTITY_MANAGEMENT_POST_GET_PUT_DEVICES}</arg>
</arguments>
<assign>
<var>${uri}</var>
</assign>
<msg timestamp="20200107 09:49:10.098" level="TRACE">Arguments: [ 'DeviceWebService.svc/devices' ]</msg>
<msg timestamp="20200107 09:49:10.098" level="TRACE">Return: 'DeviceWebService.svc/devices'</msg>
<msg timestamp="20200107 09:49:10.098" level="INFO">${uri} = DeviceWebService.svc/devices</msg>
<status status="PASS" starttime="20200107 09:49:10.097" endtime="20200107 09:49:10.099"></status>
</kw>
<kw name="Get Request" library="RequestsLibrary">
<doc>Send a GET request on the session object found using the
given `alias`</doc>
<arguments>
<arg>${XRS_WEB_SERVICE_SESSION_ALIAS}</arg>
<arg>${uri}</arg>
<arg>headers=${XRS_WEBSERVICES_JSON_HEADER}</arg>
</arguments>
<assign>
<var>${response}</var>
</assign>
<msg timestamp="20200107 09:49:10.099" level="TRACE">Arguments: [ 'xrs_web_service_session' | 'DeviceWebService.svc/devices' | headers={'Accept': 'application/json',
 'Accept-Encoding': 'gzip, deflate',
 'Content-Type': 'application/json'} ]</msg>
<msg timestamp="20200107 09:49:10.100" level="INFO">GET Request using : uri=DeviceWebService.svc/devices, params=None, allow_redirects=True, timeout=None
headers={'User-Agent': 'python-requests/2.22.0', 'Accept-Encoding': 'gzip, deflate', 'Accept': 'application/json', 'Connection': 'keep-alive', 'Content-Type': 'application/json'} 
data=None 
json=None</msg>
<msg timestamp="20200107 09:49:10.810" level="DEBUG">https://d3ws.xataxrs.com:443 "GET /DeviceWebService.svc/devices HTTP/1.1" 200 2965</msg>
<msg timestamp="20200107 09:49:10.812" level="DEBUG">GET Response : status=200, reason=OK
[{"BelongsToDeviceResourceGroups":["Gnome Shipping D3"],"BluetoothAddress":"00:00:00:00:00:00","CarrierDisplayName":"Sprint","CompanyName":"Gnome Shipping D3","CreateDate":"1\/7\/2020 3:48:36 PM","Description":"This has changed.","DeviceType":"Other - Android","FixedDisplay":"False","IsChanged":"False","LastCommunication":"","LastDriverID":"","LastDriverName":"","LastVehicleID":"","ModifiedBy":"5412","ModifiedDate":"1\/7\/2020 3:48:37 PM","OrganizationID":"46663","OrganizationName":"Gnome Shipping D3","PhoneNumber":"1201201212","SendInstallLink":"False","Status":"Active","StoreGNISFileOnMobile":"False","UserDefinedField1":"","UserDefinedField2":"","UserDefinedField3":"","UserDefinedField4":"","UserDefinedField5":""},{"BelongsToDeviceResourceGroups":["Gnome Shipping D3"],"BluetoothAddress":"00:00:00:00:00:00","CarrierDisplayName":"Other","CompanyName":"Gnome Shipping D3","CreateDate":"4\/19\/2019 10:19:30 PM","Description":"Gnomelet","DeviceType":"Samsung Galaxy Tab","FixedDisplay":"False","IsChanged":"False","LastCommunication":"11\/25\/2019 10:54:59 PM","LastDriverID":"","LastDriverName":"","LastVehicleID":"","ModifiedBy":"5685","ModifiedDate":"11\/26\/2019 5:29:39 PM","OrganizationID":"46663","OrganizationName":"Gnome Shipping D3","PhoneNumber":"9522227832","SendInstallLink":"False","Status":"Active","StoreGNISFileOnMobile":"True","UserDefinedField1":"","UserDefinedField2":"","UserDefinedField3":"","UserDefinedField4":"","UserDefinedField5":""},{"BelongsToDeviceResourceGroups":null,"BluetoothAddress":"00:00:00:00:00:00","CarrierDisplayName":"Sprint","CompanyName":"Gnome Shipping D3","CreateDate":"4\/17\/2019 3:58:01 PM","Description":"Kelby Oreo Cell","DeviceType":"Samsung J7 Perx","FixedDisplay":"False","IsChanged":"False","LastCommunication":"8\/9\/2019 5:12:44 PM","LastDriverID":"tomte1","LastDriverName":"Gnome1 Stine","LastVehicleID":"GnomeHauler1","ModifiedBy":"0","ModifiedDate":"8\/9\/2019 5:08:41 PM","OrganizationID":"46663","OrganizationName":"Gnome Shipping D3","PhoneNumber":"9523569618","SendInstallLink":"False","Status":"Active","StoreGNISFileOnMobile":"True","UserDefinedField1":"","UserDefinedField2":"","UserDefinedField3":"","UserDefinedField4":"","UserDefinedField5":""},{"BelongsToDeviceResourceGroups":null,"BluetoothAddress":"78:F7:BE:72:8E:A2","CarrierDisplayName":"AT&amp;T","CompanyName":"Gnome Shipping D3","CreateDate":"9\/27\/2018 2:09:12 PM","Description":"KelbyNote","DeviceType":"Samsung Galaxy Note","FixedDisplay":"False","IsChanged":"False","LastCommunication":"2\/26\/2019 7:47:03 PM","LastDriverID":"tomte1","LastDriverName":"Gnome1 Stine","LastVehicleID":"","ModifiedBy":"0","ModifiedDate":"2\/26\/2019 7:25:59 PM","OrganizationID":"46663","OrganizationName":"Gnome Shipping D3","PhoneNumber":"9522583922","SendInstallLink":"False","Status":"Active","StoreGNISFileOnMobile":"True","UserDefinedField1":"","UserDefinedField2":"","UserDefinedField3":"","UserDefinedField4":"","UserDefinedField5":""}]</msg>
<msg timestamp="20200107 09:49:10.812" level="TRACE">Return: &lt;Response [200]&gt;</msg>
<msg timestamp="20200107 09:49:10.813" level="INFO">${response} = &lt;Response [200]&gt;</msg>
<status status="PASS" starttime="20200107 09:49:10.099" endtime="20200107 09:49:10.813"></status>
</kw>
<msg timestamp="20200107 09:49:10.814" level="TRACE">Return: &lt;Response [200]&gt;</msg>
<msg timestamp="20200107 09:49:10.814" level="INFO">${response} = &lt;Response [200]&gt;</msg>
<status status="PASS" starttime="20200107 09:49:10.096" endtime="20200107 09:49:10.815"></status>
</kw>
<kw name="Should Be Equal As Strings" library="BuiltIn">
<doc>Fails if objects are unequal after converting them to strings.</doc>
<arguments>
<arg>${response.status_code}</arg>
<arg>200</arg>
</arguments>
<msg timestamp="20200107 09:49:10.818" level="TRACE">Arguments: [ 200 | '200' ]</msg>
<msg timestamp="20200107 09:49:10.819" level="INFO">Argument types are:
&lt;class 'int'&gt;
&lt;type 'unicode'&gt;</msg>
<msg timestamp="20200107 09:49:10.819" level="TRACE">Return: None</msg>
<status status="PASS" starttime="20200107 09:49:10.817" endtime="20200107 09:49:10.820"></status>
</kw>
<doc>Gets all the Devices</doc>
<tags>
<tag>awsxrsdevicerestwebservicevalidation</tag>
<tag>awsxrsrestwebservicevalidation</tag>
<tag>xrsawsperftest</tag>
</tags>
<status status="PASS" starttime="20200107 09:49:10.094" endtime="20200107 09:49:10.822" critical="yes"></status>
</test>
<test id="s1-s1-s1-t8" name="Validate AWS XRS Delete Device REST Web Services Returns 200 OK">
<kw name="Delete Device By Phone Number" library="Device">
<doc>Delete device information for a particular device using the phone number</doc>
<arguments>
<arg>${XRS_WEB_SERVICES_TEST_DEVICE_1.PhoneNumber}</arg>
</arguments>
<assign>
<var>${response}</var>
</assign>
<msg timestamp="20200107 09:49:10.835" level="TRACE">Arguments: [ ${phone_number}=1201201212 ]</msg>
<kw name="Set Variable" library="BuiltIn">
<doc>Returns the given values which can then be assigned to a variables.</doc>
<arguments>
<arg>${XRS_Entity_Management_Base_URI.Device}${XRS_WEBSERVICE_ENTITY_MANAGEMENT_GET_DELETE_DEVICE_BY_NUMBER}/${phone_number}</arg>
</arguments>
<assign>
<var>${uri}</var>
</assign>
<msg timestamp="20200107 09:49:10.837" level="TRACE">Arguments: [ 'DeviceWebService.svc/device/1201201212' ]</msg>
<msg timestamp="20200107 09:49:10.837" level="TRACE">Return: 'DeviceWebService.svc/device/1201201212'</msg>
<msg timestamp="20200107 09:49:10.837" level="INFO">${uri} = DeviceWebService.svc/device/1201201212</msg>
<status status="PASS" starttime="20200107 09:49:10.836" endtime="20200107 09:49:10.837"></status>
</kw>
<kw name="Delete Request" library="RequestsLibrary">
<doc>Send a DELETE request on the session object found using the
given `alias`</doc>
<arguments>
<arg>${XRS_WEB_SERVICE_SESSION_ALIAS}</arg>
<arg>${uri}</arg>
<arg>headers=${XRS_WEBSERVICES_JSON_HEADER}</arg>
</arguments>
<assign>
<var>${response}</var>
</assign>
<msg timestamp="20200107 09:49:10.839" level="TRACE">Arguments: [ 'xrs_web_service_session' | 'DeviceWebService.svc/device/1201201212' | headers={'Accept': 'application/json',
 'Accept-Encoding': 'gzip, deflate',
 'Content-Type': 'application/json'} ]</msg>
<msg timestamp="20200107 09:49:10.839" level="INFO">DELETE Request using : uri=DeviceWebService.svc/device/1201201212, params=None, allow_redirects=True, timeout=None
headers={'User-Agent': 'python-requests/2.22.0', 'Accept-Encoding': 'gzip, deflate', 'Accept': 'application/json', 'Connection': 'keep-alive', 'Content-Type': 'application/json'} 
data=None 
json=None</msg>
<msg timestamp="20200107 09:49:12.562" level="DEBUG">https://d3ws.xataxrs.com:443 "DELETE /DeviceWebService.svc/device/1201201212 HTTP/1.1" 200 153</msg>
<msg timestamp="20200107 09:49:12.564" level="DEBUG">DELETE Response : status=200, reason=OK
{"Caption":"Deleted.","Code":"200","Description":"Device deleted successfully.","Id":"1201201212","ObjectName":"Device","SID":0,"Title":"DeviceDeleted."}</msg>
<msg timestamp="20200107 09:49:12.564" level="TRACE">Return: &lt;Response [200]&gt;</msg>
<msg timestamp="20200107 09:49:12.565" level="INFO">${response} = &lt;Response [200]&gt;</msg>
<status status="PASS" starttime="20200107 09:49:10.838" endtime="20200107 09:49:12.565"></status>
</kw>
<msg timestamp="20200107 09:49:12.565" level="TRACE">Return: &lt;Response [200]&gt;</msg>
<msg timestamp="20200107 09:49:12.566" level="INFO">${response} = &lt;Response [200]&gt;</msg>
<status status="PASS" starttime="20200107 09:49:10.833" endtime="20200107 09:49:12.566"></status>
</kw>
<kw name="Should Be Equal As Strings" library="BuiltIn">
<doc>Fails if objects are unequal after converting them to strings.</doc>
<arguments>
<arg>${response.status_code}</arg>
<arg>200</arg>
</arguments>
<msg timestamp="20200107 09:49:12.569" level="TRACE">Arguments: [ 200 | '200' ]</msg>
<msg timestamp="20200107 09:49:12.570" level="INFO">Argument types are:
&lt;class 'int'&gt;
&lt;type 'unicode'&gt;</msg>
<msg timestamp="20200107 09:49:12.570" level="TRACE">Return: None</msg>
<status status="PASS" starttime="20200107 09:49:12.568" endtime="20200107 09:49:12.571"></status>
</kw>
<doc>Verifies that created device is deleted</doc>
<tags>
<tag>awsxrsdevicerestwebservicevalidation</tag>
<tag>awsxrsrestwebservicevalidation</tag>
</tags>
<status status="PASS" starttime="20200107 09:49:10.830" endtime="20200107 09:49:12.573" critical="yes"></status>
</test>
<kw name="Delete All Sessions" library="RequestsLibrary" type="teardown">
<doc>Removes all the session objects</doc>
<msg timestamp="20200107 09:49:12.580" level="TRACE">Arguments: [  ]</msg>
<msg timestamp="20200107 09:49:12.580" level="INFO">Delete All Sessions</msg>
<msg timestamp="20200107 09:49:12.580" level="TRACE">Return: None</msg>
<status status="PASS" starttime="20200107 09:49:12.580" endtime="20200107 09:49:12.581"></status>
</kw>
<doc>Fundamental suite to test XRS AWS Device Entity Management Web Services</doc>
<status status="PASS" starttime="20200107 09:49:02.008" endtime="20200107 09:49:12.581"></status>
</suite>
<suite id="s1-s1-s2" name="Validate AWSXRSDriverWebServices" source="C:\Users\kstine\git\aws-api-gateway-tests\Tests\AWS_XRS_WebServicesTests\02__Validate AWSXRSDriverWebServices.robot">
<kw name="Run Keywords" library="BuiltIn" type="setup">
<doc>Executes all the given keywords in a sequence.</doc>
<arguments>
<arg>Create AWS XRS Web Services Session</arg>
<arg>AND</arg>
<arg>Test Data Setup For XRS AWS Driver Web Service Test Suite</arg>
</arguments>
<msg timestamp="20200107 09:49:12.672" level="TRACE">Arguments: [ 'Create AWS XRS Web Services Session' | 'AND' | 'Test Data Setup For XRS AWS Driver Web Service Test Suite' ]</msg>
<kw name="Create AWS XRS Web Services Session" library="XRSCommonWebService">
<doc>Create a session with aws xrs web services</doc>
<msg timestamp="20200107 09:49:12.672" level="TRACE">Arguments: [  ]</msg>
<kw name="Create Session" library="RequestsLibrary">
<doc>Create Session: create a HTTP session to a server</doc>
<arguments>
<arg>${XRS_WEB_SERVICE_SESSION_ALIAS}</arg>
<arg>${XRS_AWS_WEBSERVICES_URL}[${XRS_HOST_ENVIRONMENT}]</arg>
<arg>verify=True</arg>
<arg>auth=${XRS_WEBSERVICES_AUTHORIZATION}</arg>
</arguments>
<msg timestamp="20200107 09:49:12.672" level="TRACE">Arguments: [ 'xrs_web_service_session' | 'https://d3ws.xataxrs.com' | verify=True | auth=['GnomeShippingD3|admin', 'xrs123'] ]</msg>
<msg timestamp="20200107 09:49:12.673" level="INFO">Creating Session using : alias=xrs_web_service_session, url=https://d3ws.xataxrs.com, headers={},                     cookies={}, auth=&lt;requests.auth.HTTPBasicAuth object at 0x0000018E38245880&gt;, timeout=None, proxies=None, verify=True,                     debug=0 </msg>
<msg timestamp="20200107 09:49:12.673" level="DEBUG">Creating session: xrs_web_service_session</msg>
<msg timestamp="20200107 09:49:12.673" level="DEBUG">Argument types are:
&lt;class 'bool'&gt;</msg>
<msg timestamp="20200107 09:49:12.673" level="TRACE">Return: &lt;requests.sessions.Session object at 0x0000018E3825BD60&gt;</msg>
<status status="PASS" starttime="20200107 09:49:12.672" endtime="20200107 09:49:12.673"></status>
</kw>
<msg timestamp="20200107 09:49:12.673" level="TRACE">Return: None</msg>
<status status="PASS" starttime="20200107 09:49:12.672" endtime="20200107 09:49:12.673"></status>
</kw>
<kw name="Test Data Setup For XRS AWS Driver Web Service Test Suite">
<doc>Keyword for setting up suite variables for AWS Driver Web Service Tests.</doc>
<msg timestamp="20200107 09:49:12.673" level="TRACE">Arguments: [  ]</msg>
<kw name="Create Dictionary" library="BuiltIn">
<doc>Creates and returns a dictionary based on the given ``items``.</doc>
<arguments>
<arg>CDLNumber=${XRS_WEB_SERVICES_TEST_DRIVER_1.CDLNumber}</arg>
<arg>DriverID=${XRS_WEB_SERVICES_TEST_DRIVER_1.DriverID}</arg>
<arg>DefaultHOSRule=${XRS_WEB_SERVICES_TEST_DRIVER_1.DefaultHOSRule}</arg>
<arg>ELDExempt=${XRS_WEB_SERVICES_TEST_DRIVER_1.ELDExempt}</arg>
<arg>EnableBigDay=${XRS_WEB_SERVICES_TEST_DRIVER_1.EnableBigDay}</arg>
<arg>EnableDriverPortal=${XRS_WEB_SERVICES_TEST_DRIVER_1.EnableDriverPortal}</arg>
<arg>EnableHOSRule=${XRS_WEB_SERVICES_TEST_DRIVER_1.EnableHOSRule}</arg>
<arg>EnablePersonalConveyance=${XRS_WEB_SERVICES_TEST_DRIVER_1.EnablePersonalConveyance}</arg>
<arg>EnableTimeClock=${XRS_WEB_SERVICES_TEST_DRIVER_1.EnableTimeClock}</arg>
<arg>EnableYardMove=${XRS_WEB_SERVICES_TEST_DRIVER_1.EnableYardMove}</arg>
<arg>FirstName=${XRS_WEB_SERVICES_TEST_DRIVER_1.FirstName}</arg>
[...]
</kw>
<kw name="Delete Request" library="RequestsLibrary">
<doc>Send a DELETE request on the session object found using the
given `alias`</doc>
<arguments>
<arg>${XRS_WEB_SERVICE_SESSION_ALIAS}</arg>
<arg>${uri}</arg>
<arg>headers=${XRS_WEBSERVICES_JSON_HEADER}</arg>
</arguments>
<assign>
<var>${response}</var>
</assign>
<msg timestamp="20200107 09:50:19.571" level="TRACE">Arguments: [ 'xrs_web_service_session' | 'VehicleWebService.svc/vehicle/AWSXRSAutoHauler' | headers={'Accept': 'application/json',
 'Accept-Encoding': 'gzip, deflate',
 'Content-Type': 'application/json'} ]</msg>
<msg timestamp="20200107 09:50:19.572" level="INFO">DELETE Request using : uri=VehicleWebService.svc/vehicle/AWSXRSAutoHauler, params=None, allow_redirects=True, timeout=None
headers={'User-Agent': 'python-requests/2.22.0', 'Accept-Encoding': 'gzip, deflate', 'Accept': 'application/json', 'Connection': 'keep-alive', 'Content-Type': 'application/json'} 
data=None 
json=None</msg>
<msg timestamp="20200107 09:50:20.305" level="DEBUG">https://d3ws.xataxrs.com:443 "DELETE /VehicleWebService.svc/vehicle/AWSXRSAutoHauler HTTP/1.1" 200 165</msg>
<msg timestamp="20200107 09:50:20.308" level="DEBUG">DELETE Response : status=200, reason=OK
{"Caption":"Deleted.","Code":"200","Description":"Vehicle deleted successfully.","Id":"AWSXRSAutoHauler","ObjectName":"Vehicle","SID":2740,"Title":"VehicleDeleted."}</msg>
<msg timestamp="20200107 09:50:20.308" level="TRACE">Return: &lt;Response [200]&gt;</msg>
<msg timestamp="20200107 09:50:20.309" level="INFO">${response} = &lt;Response [200]&gt;</msg>
<status status="PASS" starttime="20200107 09:50:19.571" endtime="20200107 09:50:20.309"></status>
</kw>
<msg timestamp="20200107 09:50:20.309" level="TRACE">Return: &lt;Response [200]&gt;</msg>
<msg timestamp="20200107 09:50:20.310" level="INFO">${response} = &lt;Response [200]&gt;</msg>
<status status="PASS" starttime="20200107 09:50:19.569" endtime="20200107 09:50:20.310"></status>
</kw>
<kw name="Should Be Equal As Strings" library="BuiltIn">
<doc>Fails if objects are unequal after converting them to strings.</doc>
<arguments>
<arg>${response.status_code}</arg>
<arg>200</arg>
</arguments>
<msg timestamp="20200107 09:50:20.312" level="TRACE">Arguments: [ 200 | '200' ]</msg>
<msg timestamp="20200107 09:50:20.313" level="INFO">Argument types are:
&lt;class 'int'&gt;
&lt;type 'unicode'&gt;</msg>
<msg timestamp="20200107 09:50:20.313" level="TRACE">Return: None</msg>
<status status="PASS" starttime="20200107 09:50:20.312" endtime="20200107 09:50:20.313"></status>
</kw>
<doc>Verifies that created Vehicle is deleted</doc>
<tags>
<tag>awsxrsrestwebservicevalidation</tag>
<tag>awsxrsvehiclerestwebservicevalidation</tag>
</tags>
<status status="PASS" starttime="20200107 09:50:19.568" endtime="20200107 09:50:20.314" critical="yes"></status>
</test>
<test id="s1-s1-s8-t9" name="Validate AWS XRS Get Vehicles REST Web Services For All Vehicles Returns 200 OK">
<kw name="Get All Vehicles" library="Vehicle">
<doc>Get attributes for all vehicles.</doc>
<assign>
<var>${response}</var>
</assign>
<msg timestamp="20200107 09:50:20.320" level="TRACE">Arguments: [  ]</msg>
<kw name="Set Variable" library="BuiltIn">
<doc>Returns the given values which can then be assigned to a variables.</doc>
<arguments>
<arg>${XRS_Entity_Management_Base_URI.Vehicle}${XRS_WEBSERVICE_ENTITY_MANAGEMENT_POST_GET_PUT_DELETE_VEHICLES}</arg>
</arguments>
<assign>
<var>${uri}</var>
</assign>
<msg timestamp="20200107 09:50:20.321" level="TRACE">Arguments: [ 'VehicleWebService.svc/vehicles' ]</msg>
<msg timestamp="20200107 09:50:20.321" level="TRACE">Return: 'VehicleWebService.svc/vehicles'</msg>
<msg timestamp="20200107 09:50:20.321" level="INFO">${uri} = VehicleWebService.svc/vehicles</msg>
<status status="PASS" starttime="20200107 09:50:20.321" endtime="20200107 09:50:20.321"></status>
</kw>
<kw name="Get Request" library="RequestsLibrary">
<doc>Send a GET request on the session object found using the
given `alias`</doc>
<arguments>
<arg>${XRS_WEB_SERVICE_SESSION_ALIAS}</arg>
<arg>${uri}</arg>
<arg>headers=${XRS_WEBSERVICES_JSON_HEADER}</arg>
</arguments>
<assign>
<var>${response}</var>
</assign>
<msg timestamp="20200107 09:50:20.322" level="TRACE">Arguments: [ 'xrs_web_service_session' | 'VehicleWebService.svc/vehicles' | headers={'Accept': 'application/json',
 'Accept-Encoding': 'gzip, deflate',
 'Content-Type': 'application/json'} ]</msg>
<msg timestamp="20200107 09:50:20.322" level="INFO">GET Request using : uri=VehicleWebService.svc/vehicles, params=None, allow_redirects=True, timeout=None
headers={'User-Agent': 'python-requests/2.22.0', 'Accept-Encoding': 'gzip, deflate', 'Accept': 'application/json', 'Connection': 'keep-alive', 'Content-Type': 'application/json'} 
data=None 
json=None</msg>
<msg timestamp="20200107 09:50:20.996" level="DEBUG">https://d3ws.xataxrs.com:443 "GET /VehicleWebService.svc/vehicles HTTP/1.1" 200 4282</msg>
<msg timestamp="20200107 09:50:20.999" level="DEBUG">GET Response : status=200, reason=OK
[{"AllowTrailerInspection":true,"Auxiliary":"None","CompanyName":"Gnome Shipping D3","CompanySID":37,"Country":"USA","EldVehicle":true,"FuelDrawCapacity":0,"GrossVehicleWeight":0,"HP":0,"HUT":false,"HasBerth":true,"HasElectronicEngine":true,"HosExempt":true,"IFTA":true,"InstallDate":"\/Date(1537829400000-0700)\/","LicensePlate":"GNM123","ManualVIN":"false","Manufacture":"","ManufactureDate":"\/Date(-2208960000000-0800)\/","Model":"","ModifiedBy":5412,"ModifiedDate":"\/Date(1568779606560-0700)\/","OBCType":"XRSRelay","Odometer":123000,"OdometerDate":"\/Date(1537790400000-0700)\/","OrganizationID":"46663","OrganizationName":"Gnome Shipping D3","OrganizationSID":414,"OwnerOperator":false,"PowerAxles":1,"ResourceGroupIdList":[],"SID":2635,"StateProvince":"Minnesota","Status":"Active","StraightTruck":false,"TGTNumber":350055,"TransmissionMfg":"","TransmissionType":"","Type":"Tractor","UserDefinedField1":"","UserDefinedField2":"","UserDefinedField3":"","UserDefinedField4":"","UserDefinedField5":"","VIN":"JN8AZ08W96W539181","VehicleName":"GnomeHauler1","Year":""},{"AllowTrailerInspection":true,"Auxiliary":"None","CompanyName":"Gnome Shipping D3","CompanySID":37,"Country":"USA","EldVehicle":true,"FuelDrawCapacity":0,"GrossVehicleWeight":0,"HP":0,"HUT":false,"HasBerth":false,"HasElectronicEngine":true,"HosExempt":false,"IFTA":true,"InstallDate":"\/Date(1562216880000-0700)\/","LicensePlate":"DVCL123","ManualVIN":"false","Manufacture":"","ManufactureDate":"\/Date(-2208960000000-0800)\/","Model":"","ModifiedBy":5412,"ModifiedDate":"\/Date(1562216932015-0700)\/","OBCType":"None","Odometer":123000,"OdometerDate":"\/Date(1562155200000-0700)\/","OrganizationID":"46663","OrganizationName":"Gnome Shipping D3","OrganizationSID":414,"OwnerOperator":false,"PowerAxles":1,"ResourceGroupIdList":[],"SID":2685,"StateProvince":"Minnesota","Status":"Active","StraightTruck":false,"TGTNumber":0,"TransmissionMfg":"","TransmissionType":"","Type":"Tractor","UserDefinedField1":"","UserDefinedField2":"","UserDefinedField3":"","UserDefinedField4":"","UserDefinedField5":"","VIN":"1HGCB7642NA299780","VehicleName":"Default_Vehicle","Year":""},{"AllowTrailerInspection":true,"Auxiliary":"None","CompanyName":"Gnome Shipping D3","CompanySID":37,"Country":"USA","EldVehicle":true,"FuelDrawCapacity":0,"GrossVehicleWeight":0,"HP":0,"HUT":false,"HasBerth":false,"HasElectronicEngine":true,"HosExempt":false,"IFTA":true,"InstallDate":"\/Date(1539311340000-0700)\/","LicensePlate":"Troller123","ManualVIN":"false","Manufacture":"","ManufactureDate":"\/Date(-2208960000000-0800)\/","Model":"","ModifiedBy":0,"ModifiedDate":"\/Date(1556317305999-0700)\/","OBCType":"None","Odometer":123000,"OdometerDate":"\/Date(1539259200000-0700)\/","OrganizationID":"46663","OrganizationName":"Gnome Shipping D3","OrganizationSID":414,"OwnerOperator":false,"PowerAxles":1,"ResourceGroupIdList":[],"SID":2638,"StateProvince":"Minnesota","Status":"Active","StraightTruck":false,"TGTNumber":0,"TransmissionMfg":"","TransmissionType":"","Type":"Tractor","UserDefinedField1":"","UserDefinedField2":"","UserDefinedField3":"","UserDefinedField4":"","UserDefinedField5":"","VIN":"1GTR1VE01BZ108698","VehicleName":"TrollTruck","Year":""},{"AllowTrailerInspection":true,"Auxiliary":"None","CompanyName":"Gnome Shipping D3","CompanySID":37,"Country":"USA","EldVehicle":true,"FuelDrawCapacity":0,"GrossVehicleWeight":0,"HP":0,"HUT":false,"HasBerth":true,"HasElectronicEngine":true,"HosExempt":false,"IFTA":true,"InstallDate":"\/Date(1553308620000-0700)\/","LicensePlate":"dwarf123","ManualVIN":"false","Manufacture":"","ManufactureDate":"\/Date(-2208960000000-0800)\/","Model":"","ModifiedBy":5416,"ModifiedDate":"\/Date(1555738617542-0700)\/","OBCType":"AMGC","Odometer":123000,"OdometerDate":"\/Date(1553256000000-0700)\/","OrganizationID":"46663","OrganizationName":"Gnome Shipping D3","OrganizationSID":414,"OwnerOperator":false,"PowerAxles":1,"ResourceGroupIdList":[],"SID":2667,"StateProvince":"Minnesota","Status":"Active","StraightTruck":false,"TGTNumber":170000226,"TransmissionMfg":"","TransmissionType":"","Type":"Tractor","UserDefinedField1":"","UserDefinedField2":"","UserDefinedField3":"","UserDefinedField4":"","UserDefinedField5":"","VIN":"1FVXA7AS24LM58815","VehicleName":"AMGDwarfHauler","Year":""}]</msg>
<msg timestamp="20200107 09:50:21.000" level="TRACE">Return: &lt;Response [200]&gt;</msg>
<msg timestamp="20200107 09:50:21.001" level="INFO">${response} = &lt;Response [200]&gt;</msg>
<status status="PASS" starttime="20200107 09:50:20.322" endtime="20200107 09:50:21.001"></status>
</kw>
<msg timestamp="20200107 09:50:21.002" level="TRACE">Return: &lt;Response [200]&gt;</msg>
<msg timestamp="20200107 09:50:21.002" level="INFO">${response} = &lt;Response [200]&gt;</msg>
<status status="PASS" starttime="20200107 09:50:20.320" endtime="20200107 09:50:21.002"></status>
</kw>
<kw name="Should Be Equal As Strings" library="BuiltIn">
<doc>Fails if objects are unequal after converting them to strings.</doc>
<arguments>
<arg>${response.status_code}</arg>
<arg>200</arg>
</arguments>
<msg timestamp="20200107 09:50:21.006" level="TRACE">Arguments: [ 200 | '200' ]</msg>
<msg timestamp="20200107 09:50:21.006" level="INFO">Argument types are:
&lt;class 'int'&gt;
&lt;type 'unicode'&gt;</msg>
<msg timestamp="20200107 09:50:21.007" level="TRACE">Return: None</msg>
<status status="PASS" starttime="20200107 09:50:21.005" endtime="20200107 09:50:21.007"></status>
</kw>
<doc>Gets all the Vehicles</doc>
<tags>
<tag>awsxrsrestwebservicevalidation</tag>
<tag>awsxrsvehiclerestwebservicevalidation</tag>
<tag>xrsawsperftest</tag>
</tags>
<status status="PASS" starttime="20200107 09:50:20.318" endtime="20200107 09:50:21.008" critical="yes"></status>
</test>
<test id="s1-s1-s8-t10" name="Validate AWS XRS Delete Vehicle By SID REST Web Services Returns ErrorMessage &quot;Vehicle identity 'xxxx' does not exist.&quot;">
<kw name="Set Variable" library="BuiltIn">
<doc>Returns the given values which can then be assigned to a variables.</doc>
<arguments>
<arg>Vehicle with identity '${XRS_WEB_SERVICES_TEST_VEHICLE_SID}' does not exist.</arg>
</arguments>
<assign>
<var>${expected_error_message}</var>
</assign>
<msg timestamp="20200107 09:50:21.014" level="TRACE">Arguments: [ "Vehicle with identity '2740' does not exist." ]</msg>
<msg timestamp="20200107 09:50:21.015" level="TRACE">Return: "Vehicle with identity '2740' does not exist."</msg>
<msg timestamp="20200107 09:50:21.015" level="INFO">${expected_error_message} = Vehicle with identity '2740' does not exist.</msg>
<status status="PASS" starttime="20200107 09:50:21.014" endtime="20200107 09:50:21.015"></status>
</kw>
<kw name="Delete Vehicle By SID" library="Vehicle">
<doc>Delete vehicle information for a particular vehicle using the vehicle sid
The Delete method supports the deletion of one vehicle per call only</doc>
<arguments>
<arg>${XRS_WEB_SERVICES_TEST_VEHICLE_SID}</arg>
</arguments>
<assign>
<var>${response}</var>
</assign>
<msg timestamp="20200107 09:50:21.017" level="TRACE">Arguments: [ ${vehicle_sid}=2740 ]</msg>
<kw name="Set Variable" library="BuiltIn">
<doc>Returns the given values which can then be assigned to a variables.</doc>
<arguments>
<arg>${XRS_Entity_Management_Base_URI.Vehicle}${XRS_WEBSERVICE_ENTITY_MANAGEMENT_POST_GET_PUT_DELETE_VEHICLES}/${vehicle_sid}</arg>
</arguments>
<assign>
<var>${uri}</var>
</assign>
<msg timestamp="20200107 09:50:21.017" level="TRACE">Arguments: [ 'VehicleWebService.svc/vehicles/2740' ]</msg>
<msg timestamp="20200107 09:50:21.017" level="TRACE">Return: 'VehicleWebService.svc/vehicles/2740'</msg>
<msg timestamp="20200107 09:50:21.018" level="INFO">${uri} = VehicleWebService.svc/vehicles/2740</msg>
<status status="PASS" starttime="20200107 09:50:21.017" endtime="20200107 09:50:21.018"></status>
</kw>
<kw name="Delete Request" library="RequestsLibrary">
<doc>Send a DELETE request on the session object found using the
given `alias`</doc>
<arguments>
<arg>${XRS_WEB_SERVICE_SESSION_ALIAS}</arg>
<arg>${uri}</arg>
<arg>headers=${XRS_WEBSERVICES_JSON_HEADER}</arg>
</arguments>
<assign>
<var>${response}</var>
</assign>
<msg timestamp="20200107 09:50:21.018" level="TRACE">Arguments: [ 'xrs_web_service_session' | 'VehicleWebService.svc/vehicles/2740' | headers={'Accept': 'application/json',
 'Accept-Encoding': 'gzip, deflate',
 'Content-Type': 'application/json'} ]</msg>
<msg timestamp="20200107 09:50:21.019" level="INFO">DELETE Request using : uri=VehicleWebService.svc/vehicles/2740, params=None, allow_redirects=True, timeout=None
headers={'User-Agent': 'python-requests/2.22.0', 'Accept-Encoding': 'gzip, deflate', 'Accept': 'application/json', 'Connection': 'keep-alive', 'Content-Type': 'application/json'} 
data=None 
json=None</msg>
<msg timestamp="20200107 09:50:21.678" level="DEBUG">https://d3ws.xataxrs.com:443 "DELETE /VehicleWebService.svc/vehicles/2740 HTTP/1.1" 400 111</msg>
<msg timestamp="20200107 09:50:21.680" level="DEBUG">DELETE Response : status=400, reason=Bad Request
{"ErrorMessage":"Vehicle with identity '2740' does not exist.","EventCode":3461016519792656384,"Parameters":[]}</msg>
<msg timestamp="20200107 09:50:21.681" level="TRACE">Return: &lt;Response [400]&gt;</msg>
<msg timestamp="20200107 09:50:21.681" level="INFO">${response} = &lt;Response [400]&gt;</msg>
<status status="PASS" starttime="20200107 09:50:21.018" endtime="20200107 09:50:21.682"></status>
</kw>
<msg timestamp="20200107 09:50:21.683" level="TRACE">Return: &lt;Response [400]&gt;</msg>
<msg timestamp="20200107 09:50:21.683" level="INFO">${response} = &lt;Response [400]&gt;</msg>
<status status="PASS" starttime="20200107 09:50:21.016" endtime="20200107 09:50:21.683"></status>
</kw>
<kw name="To Json" library="RequestsLibrary">
<doc>Convert a string to a JSON object</doc>
<arguments>
<arg>${response.content}</arg>
</arguments>
<assign>
<var>${json_response}</var>
</assign>
<msg timestamp="20200107 09:50:21.687" level="TRACE">Arguments: [ b'{"ErrorMessage":"Vehicle with identity \'2740\' does not exist.","EventCode":3461016519792656384,"Parameters":[]}' ]</msg>
<msg timestamp="20200107 09:50:21.688" level="INFO">To JSON using : content={"ErrorMessage":"Vehicle with identity '2740' does not exist.","EventCode":3461016519792656384,"Parameters":[]} </msg>
<msg timestamp="20200107 09:50:21.688" level="INFO">To JSON using : pretty_print=False </msg>
<msg timestamp="20200107 09:50:21.688" level="TRACE">Return: {'ErrorMessage': "Vehicle with identity '2740' does not exist.",
 'EventCode': 3461016519792656384,
 'Parameters': []}</msg>
<msg timestamp="20200107 09:50:21.689" level="INFO">${json_response} = {'ErrorMessage': "Vehicle with identity '2740' does not exist.", 'EventCode': 3461016519792656384, 'Parameters': []}</msg>
<status status="PASS" starttime="20200107 09:50:21.686" endtime="20200107 09:50:21.689"></status>
</kw>
<kw name="Should Be Equal As Strings" library="BuiltIn">
<doc>Fails if objects are unequal after converting them to strings.</doc>
<arguments>
<arg>${json_response}[ErrorMessage]</arg>
<arg>${expected_error_message}</arg>
</arguments>
<msg timestamp="20200107 09:50:21.693" level="TRACE">Arguments: [ "Vehicle with identity '2740' does not exist." | "Vehicle with identity '2740' does not exist." ]</msg>
<msg timestamp="20200107 09:50:21.693" level="DEBUG">Argument types are:
&lt;type 'unicode'&gt;
&lt;type 'unicode'&gt;</msg>
<msg timestamp="20200107 09:50:21.693" level="TRACE">Return: None</msg>
<status status="PASS" starttime="20200107 09:50:21.691" endtime="20200107 09:50:21.694"></status>
</kw>
<doc>Attempts to delete a previously deleted Vehicle.</doc>
<tags>
<tag>awsxrsrestwebservicevalidation</tag>
<tag>awsxrsvehiclerestwebservicevalidation</tag>
</tags>
<status status="PASS" starttime="20200107 09:50:21.012" endtime="20200107 09:50:21.696" critical="yes"></status>
</test>
<kw name="Delete All Sessions" library="RequestsLibrary" type="teardown">
<doc>Removes all the session objects</doc>
<msg timestamp="20200107 09:50:21.705" level="TRACE">Arguments: [  ]</msg>
<msg timestamp="20200107 09:50:21.705" level="INFO">Delete All Sessions</msg>
<msg timestamp="20200107 09:50:21.708" level="TRACE">Return: None</msg>
<status status="PASS" starttime="20200107 09:50:21.704" endtime="20200107 09:50:21.708"></status>
</kw>
<doc>Fundamental suite to test XRS AWS Vehicle Entity Management Web Services</doc>
<status status="PASS" starttime="20200107 09:50:13.191" endtime="20200107 09:50:21.708"></status>
</suite>
<status status="FAIL" starttime="20200107 09:49:02.006" endtime="20200107 09:50:21.723"></status>
</suite>
<status status="FAIL" starttime="20200107 09:49:01.982" endtime="20200107 09:50:21.746"></status>
</suite>
<statistics>
<total>
<stat pass="76" fail="2">Critical Tests</stat>
<stat pass="76" fail="2">All Tests</stat>
</total>
<tag>
<stat pass="8" fail="0">awsxrsdevicerestwebservicevalidation</stat>
<stat pass="9" fail="0">awsxrsdriverrestwebservicevalidation</stat>
<stat pass="11" fail="1">awsxrsorganizationrestwebservicevalidation</stat>
<stat pass="4" fail="0">awsxrsresourcegrouprestwebservicevalidation</stat>
<stat pass="76" fail="2">awsxrsrestwebservicevalidation</stat>
<stat pass="9" fail="0">awsxrssiterestwebservicevalidation</stat>
<stat pass="17" fail="0">awsxrstrailerrestwebservicevalidation</stat>
<stat pass="8" fail="1">awsxrsuserrestwebservicevalidation</stat>
<stat pass="10" fail="0">awsxrsvehiclerestwebservicevalidation</stat>
<stat pass="9" fail="0">xrsawsperftest</stat>
</tag>
<suite>
<stat pass="76" fail="2" id="s1" name="Tests">Tests</stat>
<stat pass="76" fail="2" id="s1-s1" name="AWS XRS WebServicesTests">Tests.AWS XRS WebServicesTests</stat>
<stat pass="8" fail="0" id="s1-s1-s1" name="ValidateAWSXRSDeviceWebServices">Tests.AWS XRS WebServicesTests.ValidateAWSXRSDeviceWebServices</stat>
<stat pass="9" fail="0" id="s1-s1-s2" name="Validate AWSXRSDriverWebServices">Tests.AWS XRS WebServicesTests.Validate AWSXRSDriverWebServices</stat>
<stat pass="11" fail="1" id="s1-s1-s3" name="ValidateAWSXRSOrganizationWebService">Tests.AWS XRS WebServicesTests.ValidateAWSXRSOrganizationWebService</stat>
<stat pass="4" fail="0" id="s1-s1-s4" name="ValidateAWSXRSResourceGroupWebService">Tests.AWS XRS WebServicesTests.ValidateAWSXRSResourceGroupWebService</stat>
<stat pass="9" fail="0" id="s1-s1-s5" name="ValidateAWSXRSSiteWebService">Tests.AWS XRS WebServicesTests.ValidateAWSXRSSiteWebService</stat>
<stat pass="17" fail="0" id="s1-s1-s6" name="ValidateAWSXRSTrailerWebService">Tests.AWS XRS WebServicesTests.ValidateAWSXRSTrailerWebService</stat>
<stat pass="8" fail="1" id="s1-s1-s7" name="ValidateAWSXRSUserWebService">Tests.AWS XRS WebServicesTests.ValidateAWSXRSUserWebService</stat>
<stat pass="10" fail="0" id="s1-s1-s8" name="ValidateAWSXRSVehicleWebService">Tests.AWS XRS WebServicesTests.ValidateAWSXRSVehicleWebService</stat>
</suite>
</statistics>
<errors>
</errors>
</robot>
