<?xml version="1.0" encoding="UTF-8"?>
<robot generator="Robot 3.1.2 (Python 3.7.3 on win32)" generated="20191206 16:20:13.184" rpa="false">
<suite id="s1" name="AWS XRS WebServicesTests" source="C:\Users\kstine\git\aws-api-gateway-tests\Tests\AWS_XRS_WebServicesTests">
<suite id="s1-s1" name="ValidateAWSXRSWebServices" source="C:\Users\kstine\git\aws-api-gateway-tests\Tests\AWS_XRS_WebServicesTests\00__ValidateAWSXRSWebServices.robot">
<kw name="Create AWS XRS Web Services Session With No Authorization" library="XRSCommonWebService" type="setup">
<doc>Create a session with aws xrs web services without authorization</doc>
<msg timestamp="20191206 16:20:13.382" level="TRACE">Arguments: [  ]</msg>
<kw name="Create Session" library="RequestsLibrary">
<doc>Create Session: create a HTTP session to a server</doc>
<arguments>
<arg>${XRS_WEB_SERVICE_SESSION_ALIAS}</arg>
<arg>${XRS_AWS_WEBSERVICES_URL}[${XRS_HOST_ENVIRONMENT}]</arg>
<arg>verify=True</arg>
</arguments>
<msg timestamp="20191206 16:20:13.383" level="TRACE">Arguments: [ 'xrs_web_service_session' | 'https://d3ws.xataxrs.com' | verify=True ]</msg>
<msg timestamp="20191206 16:20:13.383" level="INFO">Creating Session using : alias=xrs_web_service_session, url=https://d3ws.xataxrs.com, headers={},                     cookies={}, auth=None, timeout=None, proxies=None, verify=True,                     debug=0 </msg>
<msg timestamp="20191206 16:20:13.383" level="DEBUG">Creating session: xrs_web_service_session</msg>
<msg timestamp="20191206 16:20:13.383" level="DEBUG">Argument types are:
&lt;class 'bool'&gt;</msg>
<msg timestamp="20191206 16:20:13.383" level="TRACE">Return: &lt;requests.sessions.Session object at 0x0000024290FD4C88&gt;</msg>
<status status="PASS" starttime="20191206 16:20:13.382" endtime="20191206 16:20:13.383"></status>
</kw>
<msg timestamp="20191206 16:20:13.383" level="TRACE">Return: None</msg>
<status status="PASS" starttime="20191206 16:20:13.382" endtime="20191206 16:20:13.383"></status>
</kw>
<test id="s1-s1-t1" name="Validate XRS AWS Webservices">
<kw name="Verify 200 OK Response From XRS WebServices">
<doc>Validates a 200 response from each xrs webservice</doc>
<arguments>
<arg>${XRS_Entity_Management_Base_URI}</arg>
</arguments>
<msg timestamp="20191206 16:20:13.384" level="TRACE">Arguments: [ ${xrs_web_service_dict}={'Device': 'DeviceWebService.svc',
 'Driver': 'DriverWebService.svc',
 'Organization': 'OrganizationWebService.svc',
 'Resource_Group': 'ResourceGroupWebService.svc',
 'Site': 'SiteWebService.svc',
 'Trailer': 'TrailerWebService.svc',
 'User': 'UserWebService.svc',
 'Vehicle': 'VehicleWebService.svc'} ]</msg>
<kw name="Set Variable" library="BuiltIn">
<doc>Returns the given values which can then be assigned to a variables.</doc>
<arguments>
<arg>base_uri</arg>
</arguments>
<assign>
<var>${base_uri}</var>
</assign>
<msg timestamp="20191206 16:20:13.384" level="TRACE">Arguments: [ 'base_uri' ]</msg>
<msg timestamp="20191206 16:20:13.385" level="TRACE">Return: 'base_uri'</msg>
<msg timestamp="20191206 16:20:13.385" level="INFO">${base_uri} = base_uri</msg>
<status status="PASS" starttime="20191206 16:20:13.384" endtime="20191206 16:20:13.385"></status>
</kw>
<kw name="${e} IN [ @{xrs_web_service_dict} ]" type="for">
<kw name="${e} = Device" type="foritem">
<kw name="Get Request" library="RequestsLibrary">
<doc>Send a GET request on the session object found using the
given `alias`</doc>
<arguments>
<arg>${XRS_WEB_SERVICE_SESSION_ALIAS}</arg>
<arg>${xrs_web_service_dict}[${e}]</arg>
</arguments>
<assign>
<var>${response}</var>
</assign>
<msg timestamp="20191206 16:20:13.385" level="TRACE">Arguments: [ 'xrs_web_service_session' | 'DeviceWebService.svc' ]</msg>
<msg timestamp="20191206 16:20:13.385" level="INFO">GET Request using : uri=DeviceWebService.svc, params=None, allow_redirects=True, timeout=None
headers={'User-Agent': 'python-requests/2.22.0', 'Accept-Encoding': 'gzip, deflate', 'Accept': '*/*', 'Connection': 'keep-alive'} 
data=None 
json=None</msg>
<msg timestamp="20191206 16:20:13.388" level="DEBUG">Starting new HTTPS connection (1): d3ws.xataxrs.com:443</msg>
<msg timestamp="20191206 16:20:14.272" level="DEBUG">https://d3ws.xataxrs.com:443 "GET /DeviceWebService.svc HTTP/1.1" 200 1362</msg>
<msg timestamp="20191206 16:20:14.273" level="DEBUG">GET Response : status=200, reason=OK
&lt;HTML&gt;&lt;HEAD&gt;&lt;link rel="alternate" type="text/xml" href="http://xrs-apigw-ws-2a944cb0887450de.elb.us-east-1.amazonaws.com/DeviceWebService.svc?disco"/&gt;&lt;STYLE type="text/css"&gt;#content{ FONT-SIZE: 0.7em; PADDING-BOTTOM: 2em; MARGIN-LEFT: 30px}BODY{MARGIN-TOP: 0px; MARGIN-LEFT: 0px; COLOR: #000000; FONT-FAMILY: Verdana; BACKGROUND-COLOR: white}P{MARGIN-TOP: 0px; MARGIN-BOTTOM: 12px; COLOR: #000000; FONT-FAMILY: Verdana}PRE{BORDER-RIGHT: #f0f0e0 1px solid; PADDING-RIGHT: 5px; BORDER-TOP: #f0f0e0 1px solid; MARGIN-TOP: -5px; PADDING-LEFT: 5px; FONT-SIZE: 1.2em; PADDING-BOTTOM: 5px; BORDER-LEFT: #f0f0e0 1px solid; PADDING-TOP: 5px; BORDER-BOTTOM: #f0f0e0 1px solid; FONT-FAMILY: Courier New; BACKGROUND-COLOR: #e5e5cc}.heading1{MARGIN-TOP: 0px; PADDING-LEFT: 15px; FONT-WEIGHT: normal; FONT-SIZE: 26px; MARGIN-BOTTOM: 0px; PADDING-BOTTOM: 3px; MARGIN-LEFT: -30px; WIDTH: 100%; COLOR: #ffffff; PADDING-TOP: 10px; FONT-FAMILY: Tahoma; BACKGROUND-COLOR: #003366}.intro{MARGIN-LEFT: -15px}&lt;/STYLE&gt;&lt;TITLE&gt;DeviceWebService Service&lt;/TITLE&gt;&lt;/HEAD&gt;&lt;BODY&gt;&lt;DIV id="content"&gt;&lt;P class="heading1"&gt;DeviceWebService Service&lt;/P&gt;&lt;BR/&gt;&lt;P class="intro"&gt;You have created a service.&lt;P class='intro'&gt;To test this service, you will need to create a client and use it to call the service. You can do this using the svcutil.exe tool from the command line with the following syntax:&lt;/P&gt; &lt;BR/&gt;&lt;PRE&gt;svcutil.exe &lt;A HREF="http://xrs-apigw-ws-2a944cb0887450de.elb.us-east-1.amazonaws.com/DeviceWebService.svc?wsdl"&gt;http://xrs-apigw-ws-2a944cb0887450de.elb.us-east-1.amazonaws.com/DeviceWebService.svc?wsdl&lt;/A&gt;&lt;/PRE&gt;&lt;P&gt;You can also access the service description as a single file:&lt;BR/&gt;&lt;PRE&gt;&lt;A HREF="http://xrs-apigw-ws-2a944cb0887450de.elb.us-east-1.amazonaws.com/DeviceWebService.svc?singleWsdl"&gt;http://xrs-apigw-ws-2a944cb0887450de.elb.us-east-1.amazonaws.com/DeviceWebService.svc?singleWsdl&lt;/A&gt;&lt;/PRE&gt;&lt;/P&gt;&lt;/P&gt;&lt;P class="intro"/&gt;This will generate a configuration file and a code file that contains the client class. Add the two files to your client application and use the generated client class to call the Service. For example:&lt;BR/&gt;&lt;P class='intro'&gt;&lt;B&gt;C#&lt;/B&gt;&lt;/P&gt;&lt;PRE&gt;&lt;font color="blue"&gt;class &lt;/font&gt;&lt;font color="teal"&gt;Test
&lt;/font&gt;{
&lt;font color="blue"&gt;    static void &lt;/font&gt;Main()
    {
        &lt;font color="teal"&gt;DeviceWebServiceClient&lt;/font&gt; client = &lt;font color="blue"&gt;new &lt;/font&gt;&lt;font color="teal"&gt;DeviceWebServiceClient&lt;/font&gt;();

&lt;font color="green"&gt;        // Use the 'client' variable to call operations on the service.

&lt;/font&gt;&lt;font color="green"&gt;        // Always close the client.
&lt;/font&gt;        client.Close();
    }
}
&lt;/PRE&gt;&lt;BR/&gt;&lt;P class='intro'&gt;&lt;B&gt;Visual Basic&lt;/B&gt;&lt;/P&gt;&lt;PRE&gt;&lt;font color="blue"&gt;Class &lt;/font&gt;&lt;font color="teal"&gt;Test
&lt;/font&gt;&lt;font color="blue"&gt;    Shared Sub &lt;/font&gt;Main()
&lt;font color="blue"&gt;        Dim &lt;/font&gt;client As &lt;font color="teal"&gt;DeviceWebServiceClient&lt;/font&gt; = &lt;font color="blue"&gt;New &lt;/font&gt;&lt;font color="teal"&gt;DeviceWebServiceClient&lt;/font&gt;()
&lt;font color="green"&gt;        ' Use the 'client' variable to call operations on the service.

&lt;/font&gt;&lt;font color="green"&gt;        ' Always close the client.
&lt;/font&gt;        client.Close()
&lt;font color="blue"&gt;    End Sub
&lt;/font&gt;&lt;font color="blue"&gt;End Class&lt;/font&gt;&lt;/PRE&gt;&lt;/DIV&gt;&lt;/BODY&gt;&lt;/HTML&gt;</msg>
<msg timestamp="20191206 16:20:14.274" level="TRACE">Return: &lt;Response [200]&gt;</msg>
<msg timestamp="20191206 16:20:14.274" level="INFO">${response} = &lt;Response [200]&gt;</msg>
<status status="PASS" starttime="20191206 16:20:13.385" endtime="20191206 16:20:14.274"></status>
</kw>
<kw name="Should Be Equal As Strings" library="BuiltIn">
<doc>Fails if objects are unequal after converting them to strings.</doc>
<arguments>
<arg>${response.status_code}</arg>
<arg>200</arg>
</arguments>
<msg timestamp="20191206 16:20:14.275" level="TRACE">Arguments: [ 200 | '200' ]</msg>
<msg timestamp="20191206 16:20:14.275" level="INFO">Argument types are:
&lt;class 'int'&gt;
&lt;type 'unicode'&gt;</msg>
<msg timestamp="20191206 16:20:14.275" level="TRACE">Return: None</msg>
<status status="PASS" starttime="20191206 16:20:14.274" endtime="20191206 16:20:14.275"></status>
</kw>
<status status="PASS" starttime="20191206 16:20:13.385" endtime="20191206 16:20:14.275"></status>
</kw>
<kw name="${e} = Driver" type="foritem">
<kw name="Get Request" library="RequestsLibrary">
<doc>Send a GET request on the session object found using the
given `alias`</doc>
<arguments>
<arg>${XRS_WEB_SERVICE_SESSION_ALIAS}</arg>
<arg>${xrs_web_service_dict}[${e}]</arg>
</arguments>
<assign>
<var>${response}</var>
</assign>
<msg timestamp="20191206 16:20:14.276" level="TRACE">Arguments: [ 'xrs_web_service_session' | 'DriverWebService.svc' ]</msg>
<msg timestamp="20191206 16:20:14.276" level="INFO">GET Request using : uri=DriverWebService.svc, params=None, allow_redirects=True, timeout=None
headers={'User-Agent': 'python-requests/2.22.0', 'Accept-Encoding': 'gzip, deflate', 'Accept': '*/*', 'Connection': 'keep-alive'} 
data=None 
json=None</msg>
<msg timestamp="20191206 16:20:14.564" level="DEBUG">https://d3ws.xataxrs.com:443 "GET /DriverWebService.svc HTTP/1.1" 200 1364</msg>
<msg timestamp="20191206 16:20:14.564" level="DEBUG">GET Response : status=200, reason=OK
&lt;HTML&gt;&lt;HEAD&gt;&lt;link rel="alternate" type="text/xml" href="http://xrs-apigw-ws-2a944cb0887450de.elb.us-east-1.amazonaws.com/DriverWebService.svc?disco"/&gt;&lt;STYLE type="text/css"&gt;#content{ FONT-SIZE: 0.7em; PADDING-BOTTOM: 2em; MARGIN-LEFT: 30px}BODY{MARGIN-TOP: 0px; MARGIN-LEFT: 0px; COLOR: #000000; FONT-FAMILY: Verdana; BACKGROUND-COLOR: white}P{MARGIN-TOP: 0px; MARGIN-BOTTOM: 12px; COLOR: #000000; FONT-FAMILY: Verdana}PRE{BORDER-RIGHT: #f0f0e0 1px solid; PADDING-RIGHT: 5px; BORDER-TOP: #f0f0e0 1px solid; MARGIN-TOP: -5px; PADDING-LEFT: 5px; FONT-SIZE: 1.2em; PADDING-BOTTOM: 5px; BORDER-LEFT: #f0f0e0 1px solid; PADDING-TOP: 5px; BORDER-BOTTOM: #f0f0e0 1px solid; FONT-FAMILY: Courier New; BACKGROUND-COLOR: #e5e5cc}.heading1{MARGIN-TOP: 0px; PADDING-LEFT: 15px; FONT-WEIGHT: normal; FONT-SIZE: 26px; MARGIN-BOTTOM: 0px; PADDING-BOTTOM: 3px; MARGIN-LEFT: -30px; WIDTH: 100%; COLOR: #ffffff; PADDING-TOP: 10px; FONT-FAMILY: Tahoma; BACKGROUND-COLOR: #003366}.intro{MARGIN-LEFT: -15px}&lt;/STYLE&gt;&lt;TITLE&gt;DriverWebService Service&lt;/TITLE&gt;&lt;/HEAD&gt;&lt;BODY&gt;&lt;DIV id="content"&gt;&lt;P class="heading1"&gt;DriverWebService Service&lt;/P&gt;&lt;BR/&gt;&lt;P class="intro"&gt;You have created a service.&lt;P class='intro'&gt;To test this service, you will need to create a client and use it to call the service. You can do this using the svcutil.exe tool from the command line with the following syntax:&lt;/P&gt; &lt;BR/&gt;&lt;PRE&gt;svcutil.exe &lt;A HREF="http://xrs-apigw-ws-2a944cb0887450de.elb.us-east-1.amazonaws.com/DriverWebService.svc?wsdl"&gt;http://xrs-apigw-ws-2a944cb0887450de.elb.us-east-1.amazonaws.com/DriverWebService.svc?wsdl&lt;/A&gt;&lt;/PRE&gt;&lt;P&gt;You can also access the service description as a single file:&lt;BR/&gt;&lt;PRE&gt;&lt;A HREF="http://xrs-apigw-ws-2a944cb0887450de.elb.us-east-1.amazonaws.com/DriverWebService.svc?singleWsdl"&gt;http://xrs-apigw-ws-2a944cb0887450de.elb.us-east-1.amazonaws.com/DriverWebService.svc?singleWsdl&lt;/A&gt;&lt;/PRE&gt;&lt;/P&gt;&lt;/P&gt;&lt;P class="intro"/&gt;This will generate a configuration file and a code file that contains the client class. Add the two files to your client application and use the generated client class to call the Service. For example:&lt;BR/&gt;&lt;P class='intro'&gt;&lt;B&gt;C#&lt;/B&gt;&lt;/P&gt;&lt;PRE&gt;&lt;font color="blue"&gt;class &lt;/font&gt;&lt;font color="teal"&gt;Test
&lt;/font&gt;{
&lt;font color="blue"&gt;    static void &lt;/font&gt;Main()
    {
        &lt;font color="teal"&gt;DriverWebServiceClient&lt;/font&gt; client = &lt;font color="blue"&gt;new &lt;/font&gt;&lt;font color="teal"&gt;DriverWebServiceClient&lt;/font&gt;();

&lt;font color="green"&gt;        // Use the 'client' variable to call operations on the service.

&lt;/font&gt;&lt;font color="green"&gt;        // Always close the client.
&lt;/font&gt;        client.Close();
    }
}
&lt;/PRE&gt;&lt;BR/&gt;&lt;P class='intro'&gt;&lt;B&gt;Visual Basic&lt;/B&gt;&lt;/P&gt;&lt;PRE&gt;&lt;font color="blue"&gt;Class &lt;/font&gt;&lt;font color="teal"&gt;Test
&lt;/font&gt;&lt;font color="blue"&gt;    Shared Sub &lt;/font&gt;Main()
&lt;font color="blue"&gt;        Dim &lt;/font&gt;client As &lt;font color="teal"&gt;DriverWebServiceClient&lt;/font&gt; = &lt;font color="blue"&gt;New &lt;/font&gt;&lt;font color="teal"&gt;DriverWebServiceClient&lt;/font&gt;()
&lt;font color="green"&gt;        ' Use the 'client' variable to call operations on the service.

&lt;/font&gt;&lt;font color="green"&gt;        ' Always close the client.
&lt;/font&gt;        client.Close()
&lt;font color="blue"&gt;    End Sub
&lt;/font&gt;&lt;font color="blue"&gt;End Class&lt;/font&gt;&lt;/PRE&gt;&lt;/DIV&gt;&lt;/BODY&gt;&lt;/HTML&gt;</msg>
<msg timestamp="20191206 16:20:14.565" level="TRACE">Return: &lt;Response [200]&gt;</msg>
<msg timestamp="20191206 16:20:14.565" level="INFO">${response} = &lt;Response [200]&gt;</msg>
<status status="PASS" starttime="20191206 16:20:14.275" endtime="20191206 16:20:14.565"></status>
</kw>
<kw name="Should Be Equal As Strings" library="BuiltIn">
<doc>Fails if objects are unequal after converting them to strings.</doc>
<arguments>
<arg>${response.status_code}</arg>
<arg>200</arg>
</arguments>
<msg timestamp="20191206 16:20:14.566" level="TRACE">Arguments: [ 200 | '200' ]</msg>
<msg timestamp="20191206 16:20:14.566" level="INFO">Argument types are:
&lt;class 'int'&gt;
&lt;type 'unicode'&gt;</msg>
<msg timestamp="20191206 16:20:14.566" level="TRACE">Return: None</msg>
<status status="PASS" starttime="20191206 16:20:14.565" endtime="20191206 16:20:14.566"></status>
</kw>
<status status="PASS" starttime="20191206 16:20:14.275" endtime="20191206 16:20:14.566"></status>
</kw>
<kw name="${e} = Organization" type="foritem">
<kw name="Get Request" library="RequestsLibrary">
<doc>Send a GET request on the session object found using the
given `alias`</doc>
<arguments>
<arg>${XRS_WEB_SERVICE_SESSION_ALIAS}</arg>
<arg>${xrs_web_service_dict}[${e}]</arg>
</arguments>
<assign>
<var>${response}</var>
</assign>
<msg timestamp="20191206 16:20:14.567" level="TRACE">Arguments: [ 'xrs_web_service_session' | 'OrganizationWebService.svc' ]</msg>
<msg timestamp="20191206 16:20:14.567" level="INFO">GET Request using : uri=OrganizationWebService.svc, params=None, allow_redirects=True, timeout=None
headers={'User-Agent': 'python-requests/2.22.0', 'Accept-Encoding': 'gzip, deflate', 'Accept': '*/*', 'Connection': 'keep-alive'} 
data=None 
json=None</msg>
<msg timestamp="20191206 16:20:14.842" level="DEBUG">https://d3ws.xataxrs.com:443 "GET /OrganizationWebService.svc HTTP/1.1" 200 1369</msg>
<msg timestamp="20191206 16:20:14.844" level="DEBUG">GET Response : status=200, reason=OK
&lt;HTML&gt;&lt;HEAD&gt;&lt;link rel="alternate" type="text/xml" href="http://xrs-apigw-ws-2a944cb0887450de.elb.us-east-1.amazonaws.com/OrganizationWebService.svc?disco"/&gt;&lt;STYLE type="text/css"&gt;#content{ FONT-SIZE: 0.7em; PADDING-BOTTOM: 2em; MARGIN-LEFT: 30px}BODY{MARGIN-TOP: 0px; MARGIN-LEFT: 0px; COLOR: #000000; FONT-FAMILY: Verdana; BACKGROUND-COLOR: white}P{MARGIN-TOP: 0px; MARGIN-BOTTOM: 12px; COLOR: #000000; FONT-FAMILY: Verdana}PRE{BORDER-RIGHT: #f0f0e0 1px solid; PADDING-RIGHT: 5px; BORDER-TOP: #f0f0e0 1px solid; MARGIN-TOP: -5px; PADDING-LEFT: 5px; FONT-SIZE: 1.2em; PADDING-BOTTOM: 5px; BORDER-LEFT: #f0f0e0 1px solid; PADDING-TOP: 5px; BORDER-BOTTOM: #f0f0e0 1px solid; FONT-FAMILY: Courier New; BACKGROUND-COLOR: #e5e5cc}.heading1{MARGIN-TOP: 0px; PADDING-LEFT: 15px; FONT-WEIGHT: normal; FONT-SIZE: 26px; MARGIN-BOTTOM: 0px; PADDING-BOTTOM: 3px; MARGIN-LEFT: -30px; WIDTH: 100%; COLOR: #ffffff; PADDING-TOP: 10px; FONT-FAMILY: Tahoma; BACKGROUND-COLOR: #003366}.intro{MARGIN-LEFT: -15px}&lt;/STYLE&gt;&lt;TITLE&gt;OrganizationWebService Service&lt;/TITLE&gt;&lt;/HEAD&gt;&lt;BODY&gt;&lt;DIV id="content"&gt;&lt;P class="heading1"&gt;OrganizationWebService Service&lt;/P&gt;&lt;BR/&gt;&lt;P class="intro"&gt;You have created a service.&lt;P class='intro'&gt;To test this service, you will need to create a client and use it to call the service. You can do this using the svcutil.exe tool from the command line with the following syntax:&lt;/P&gt; &lt;BR/&gt;&lt;PRE&gt;svcutil.exe &lt;A HREF="http://xrs-apigw-ws-2a944cb0887450de.elb.us-east-1.amazonaws.com/OrganizationWebService.svc?wsdl"&gt;http://xrs-apigw-ws-2a944cb0887450de.elb.us-east-1.amazonaws.com/OrganizationWebService.svc?wsdl&lt;/A&gt;&lt;/PRE&gt;&lt;P&gt;You can also access the service description as a single file:&lt;BR/&gt;&lt;PRE&gt;&lt;A HREF="http://xrs-apigw-ws-2a944cb0887450de.elb.us-east-1.amazonaws.com/OrganizationWebService.svc?singleWsdl"&gt;http://xrs-apigw-ws-2a944cb0887450de.elb.us-east-1.amazonaws.com/OrganizationWebService.svc?singleWsdl&lt;/A&gt;&lt;/PRE&gt;&lt;/P&gt;&lt;/P&gt;&lt;P class="intro"/&gt;This will generate a configuration file and a code file that contains the client class. Add the two files to your client application and use the generated client class to call the Service. For example:&lt;BR/&gt;&lt;P class='intro'&gt;&lt;B&gt;C#&lt;/B&gt;&lt;/P&gt;&lt;PRE&gt;&lt;font color="blue"&gt;class &lt;/font&gt;&lt;font color="teal"&gt;Test
&lt;/font&gt;{
&lt;font color="blue"&gt;    static void &lt;/font&gt;Main()
    {
        &lt;font color="teal"&gt;OrganizationWebServiceClient&lt;/font&gt; client = &lt;font color="blue"&gt;new &lt;/font&gt;&lt;font color="teal"&gt;OrganizationWebServiceClient&lt;/font&gt;();

&lt;font color="green"&gt;        // Use the 'client' variable to call operations on the service.

&lt;/font&gt;&lt;font color="green"&gt;        // Always close the client.
&lt;/font&gt;        client.Close();
    }
}
&lt;/PRE&gt;&lt;BR/&gt;&lt;P class='intro'&gt;&lt;B&gt;Visual Basic&lt;/B&gt;&lt;/P&gt;&lt;PRE&gt;&lt;font color="blue"&gt;Class &lt;/font&gt;&lt;font color="teal"&gt;Test
&lt;/font&gt;&lt;font color="blue"&gt;    Shared Sub &lt;/font&gt;Main()
&lt;font color="blue"&gt;        Dim &lt;/font&gt;client As &lt;font color="teal"&gt;OrganizationWebServiceClient&lt;/font&gt; = &lt;font color="blue"&gt;New &lt;/font&gt;&lt;font color="teal"&gt;OrganizationWebServiceClient&lt;/font&gt;()
&lt;font color="green"&gt;        ' Use the 'client' variable to call operations on the service.

&lt;/font&gt;&lt;font color="green"&gt;        ' Always close the client.
&lt;/font&gt;        client.Close()
&lt;font color="blue"&gt;    End Sub
&lt;/font&gt;&lt;font color="blue"&gt;End Class&lt;/font&gt;&lt;/PRE&gt;&lt;/DIV&gt;&lt;/BODY&gt;&lt;/HTML&gt;</msg>
<msg timestamp="20191206 16:20:14.845" level="TRACE">Return: &lt;Response [200]&gt;</msg>
<msg timestamp="20191206 16:20:14.845" level="INFO">${response} = &lt;Response [200]&gt;</msg>
<status status="PASS" starttime="20191206 16:20:14.566" endtime="20191206 16:20:14.845"></status>
</kw>
<kw name="Should Be Equal As Strings" library="BuiltIn">
<doc>Fails if objects are unequal after converting them to strings.</doc>
<arguments>
<arg>${response.status_code}</arg>
<arg>200</arg>
</arguments>
<msg timestamp="20191206 16:20:14.846" level="TRACE">Arguments: [ 200 | '200' ]</msg>
<msg timestamp="20191206 16:20:14.847" level="INFO">Argument types are:
&lt;class 'int'&gt;
&lt;type 'unicode'&gt;</msg>
<msg timestamp="20191206 16:20:14.847" level="TRACE">Return: None</msg>
<status status="PASS" starttime="20191206 16:20:14.846" endtime="20191206 16:20:14.847"></status>
</kw>
<status status="PASS" starttime="20191206 16:20:14.566" endtime="20191206 16:20:14.847"></status>
</kw>
<kw name="${e} = Resource_Group" type="foritem">
<kw name="Get Request" library="RequestsLibrary">
<doc>Send a GET request on the session object found using the
given `alias`</doc>
<arguments>
<arg>${XRS_WEB_SERVICE_SESSION_ALIAS}</arg>
<arg>${xrs_web_service_dict}[${e}]</arg>
</arguments>
<assign>
<var>${response}</var>
</assign>
<msg timestamp="20191206 16:20:14.849" level="TRACE">Arguments: [ 'xrs_web_service_session' | 'ResourceGroupWebService.svc' ]</msg>
<msg timestamp="20191206 16:20:14.850" level="INFO">GET Request using : uri=ResourceGroupWebService.svc, params=None, allow_redirects=True, timeout=None
headers={'User-Agent': 'python-requests/2.22.0', 'Accept-Encoding': 'gzip, deflate', 'Accept': '*/*', 'Connection': 'keep-alive'} 
data=None 
json=None</msg>
<msg timestamp="20191206 16:20:15.161" level="DEBUG">https://d3ws.xataxrs.com:443 "GET /ResourceGroupWebService.svc HTTP/1.1" 200 1370</msg>
<msg timestamp="20191206 16:20:15.162" level="DEBUG">GET Response : status=200, reason=OK
&lt;HTML&gt;&lt;HEAD&gt;&lt;link rel="alternate" type="text/xml" href="http://xrs-apigw-ws-2a944cb0887450de.elb.us-east-1.amazonaws.com/ResourceGroupWebService.svc?disco"/&gt;&lt;STYLE type="text/css"&gt;#content{ FONT-SIZE: 0.7em; PADDING-BOTTOM: 2em; MARGIN-LEFT: 30px}BODY{MARGIN-TOP: 0px; MARGIN-LEFT: 0px; COLOR: #000000; FONT-FAMILY: Verdana; BACKGROUND-COLOR: white}P{MARGIN-TOP: 0px; MARGIN-BOTTOM: 12px; COLOR: #000000; FONT-FAMILY: Verdana}PRE{BORDER-RIGHT: #f0f0e0 1px solid; PADDING-RIGHT: 5px; BORDER-TOP: #f0f0e0 1px solid; MARGIN-TOP: -5px; PADDING-LEFT: 5px; FONT-SIZE: 1.2em; PADDING-BOTTOM: 5px; BORDER-LEFT: #f0f0e0 1px solid; PADDING-TOP: 5px; BORDER-BOTTOM: #f0f0e0 1px solid; FONT-FAMILY: Courier New; BACKGROUND-COLOR: #e5e5cc}.heading1{MARGIN-TOP: 0px; PADDING-LEFT: 15px; FONT-WEIGHT: normal; FONT-SIZE: 26px; MARGIN-BOTTOM: 0px; PADDING-BOTTOM: 3px; MARGIN-LEFT: -30px; WIDTH: 100%; COLOR: #ffffff; PADDING-TOP: 10px; FONT-FAMILY: Tahoma; BACKGROUND-COLOR: #003366}.intro{MARGIN-LEFT: -15px}&lt;/STYLE&gt;&lt;TITLE&gt;ResourceGroupWebService Service&lt;/TITLE&gt;&lt;/HEAD&gt;&lt;BODY&gt;&lt;DIV id="content"&gt;&lt;P class="heading1"&gt;ResourceGroupWebService Service&lt;/P&gt;&lt;BR/&gt;&lt;P class="intro"&gt;You have created a service.&lt;P class='intro'&gt;To test this service, you will need to create a client and use it to call the service. You can do this using the svcutil.exe tool from the command line with the following syntax:&lt;/P&gt; &lt;BR/&gt;&lt;PRE&gt;svcutil.exe &lt;A HREF="http://xrs-apigw-ws-2a944cb0887450de.elb.us-east-1.amazonaws.com/ResourceGroupWebService.svc?wsdl"&gt;http://xrs-apigw-ws-2a944cb0887450de.elb.us-east-1.amazonaws.com/ResourceGroupWebService.svc?wsdl&lt;/A&gt;&lt;/PRE&gt;&lt;P&gt;You can also access the service description as a single file:&lt;BR/&gt;&lt;PRE&gt;&lt;A HREF="http://xrs-apigw-ws-2a944cb0887450de.elb.us-east-1.amazonaws.com/ResourceGroupWebService.svc?singleWsdl"&gt;http://xrs-apigw-ws-2a944cb0887450de.elb.us-east-1.amazonaws.com/ResourceGroupWebService.svc?singleWsdl&lt;/A&gt;&lt;/PRE&gt;&lt;/P&gt;&lt;/P&gt;&lt;P class="intro"/&gt;This will generate a configuration file and a code file that contains the client class. Add the two files to your client application and use the generated client class to call the Service. For example:&lt;BR/&gt;&lt;P class='intro'&gt;&lt;B&gt;C#&lt;/B&gt;&lt;/P&gt;&lt;PRE&gt;&lt;font color="blue"&gt;class &lt;/font&gt;&lt;font color="teal"&gt;Test
&lt;/font&gt;{
&lt;font color="blue"&gt;    static void &lt;/font&gt;Main()
    {
        &lt;font color="teal"&gt;ResourceGroupWebServiceClient&lt;/font&gt; client = &lt;font color="blue"&gt;new &lt;/font&gt;&lt;font color="teal"&gt;ResourceGroupWebServiceClient&lt;/font&gt;();

&lt;font color="green"&gt;        // Use the 'client' variable to call operations on the service.

&lt;/font&gt;&lt;font color="green"&gt;        // Always close the client.
&lt;/font&gt;        client.Close();
    }
}
&lt;/PRE&gt;&lt;BR/&gt;&lt;P class='intro'&gt;&lt;B&gt;Visual Basic&lt;/B&gt;&lt;/P&gt;&lt;PRE&gt;&lt;font color="blue"&gt;Class &lt;/font&gt;&lt;font color="teal"&gt;Test
&lt;/font&gt;&lt;font color="blue"&gt;    Shared Sub &lt;/font&gt;Main()
&lt;font color="blue"&gt;        Dim &lt;/font&gt;client As &lt;font color="teal"&gt;ResourceGroupWebServiceClient&lt;/font&gt; = &lt;font color="blue"&gt;New &lt;/font&gt;&lt;font color="teal"&gt;ResourceGroupWebServiceClient&lt;/font&gt;()
&lt;font color="green"&gt;        ' Use the 'client' variable to call operations on the service.

&lt;/font&gt;&lt;font color="green"&gt;        ' Always close the client.
&lt;/font&gt;        client.Close()
&lt;font color="blue"&gt;    End Sub
&lt;/font&gt;&lt;font color="blue"&gt;End Class&lt;/font&gt;&lt;/PRE&gt;&lt;/DIV&gt;&lt;/BODY&gt;&lt;/HTML&gt;</msg>
<msg timestamp="20191206 16:20:15.162" level="TRACE">Return: &lt;Response [200]&gt;</msg>
<msg timestamp="20191206 16:20:15.162" level="INFO">${response} = &lt;Response [200]&gt;</msg>
<status status="PASS" starttime="20191206 16:20:14.848" endtime="20191206 16:20:15.162"></status>
</kw>
<kw name="Should Be Equal As Strings" library="BuiltIn">
<doc>Fails if objects are unequal after converting them to strings.</doc>
<arguments>
<arg>${response.status_code}</arg>
<arg>200</arg>
</arguments>
<msg timestamp="20191206 16:20:15.163" level="TRACE">Arguments: [ 200 | '200' ]</msg>
<msg timestamp="20191206 16:20:15.163" level="INFO">Argument types are:
&lt;class 'int'&gt;
&lt;type 'unicode'&gt;</msg>
<msg timestamp="20191206 16:20:15.164" level="TRACE">Return: None</msg>
<status status="PASS" starttime="20191206 16:20:15.163" endtime="20191206 16:20:15.164"></status>
</kw>
<status status="PASS" starttime="20191206 16:20:14.847" endtime="20191206 16:20:15.164"></status>
</kw>
<kw name="${e} = Site" type="foritem">
<kw name="Get Request" library="RequestsLibrary">
<doc>Send a GET request on the session object found using the
given `alias`</doc>
<arguments>
<arg>${XRS_WEB_SERVICE_SESSION_ALIAS}</arg>
<arg>${xrs_web_service_dict}[${e}]</arg>
</arguments>
<assign>
<var>${response}</var>
</assign>
<msg timestamp="20191206 16:20:15.165" level="TRACE">Arguments: [ 'xrs_web_service_session' | 'SiteWebService.svc' ]</msg>
<msg timestamp="20191206 16:20:15.165" level="INFO">GET Request using : uri=SiteWebService.svc, params=None, allow_redirects=True, timeout=None
headers={'User-Agent': 'python-requests/2.22.0', 'Accept-Encoding': 'gzip, deflate', 'Accept': '*/*', 'Connection': 'keep-alive'} 
data=None 
json=None</msg>
<msg timestamp="20191206 16:20:15.495" level="DEBUG">https://d3ws.xataxrs.com:443 "GET /SiteWebService.svc HTTP/1.1" 200 1361</msg>
<msg timestamp="20191206 16:20:15.496" level="DEBUG">GET Response : status=200, reason=OK
&lt;HTML&gt;&lt;HEAD&gt;&lt;link rel="alternate" type="text/xml" href="http://xrs-apigw-ws-2a944cb0887450de.elb.us-east-1.amazonaws.com/SiteWebService.svc?disco"/&gt;&lt;STYLE type="text/css"&gt;#content{ FONT-SIZE: 0.7em; PADDING-BOTTOM: 2em; MARGIN-LEFT: 30px}BODY{MARGIN-TOP: 0px; MARGIN-LEFT: 0px; COLOR: #000000; FONT-FAMILY: Verdana; BACKGROUND-COLOR: white}P{MARGIN-TOP: 0px; MARGIN-BOTTOM: 12px; COLOR: #000000; FONT-FAMILY: Verdana}PRE{BORDER-RIGHT: #f0f0e0 1px solid; PADDING-RIGHT: 5px; BORDER-TOP: #f0f0e0 1px solid; MARGIN-TOP: -5px; PADDING-LEFT: 5px; FONT-SIZE: 1.2em; PADDING-BOTTOM: 5px; BORDER-LEFT: #f0f0e0 1px solid; PADDING-TOP: 5px; BORDER-BOTTOM: #f0f0e0 1px solid; FONT-FAMILY: Courier New; BACKGROUND-COLOR: #e5e5cc}.heading1{MARGIN-TOP: 0px; PADDING-LEFT: 15px; FONT-WEIGHT: normal; FONT-SIZE: 26px; MARGIN-BOTTOM: 0px; PADDING-BOTTOM: 3px; MARGIN-LEFT: -30px; WIDTH: 100%; COLOR: #ffffff; PADDING-TOP: 10px; FONT-FAMILY: Tahoma; BACKGROUND-COLOR: #003366}.intro{MARGIN-LEFT: -15px}&lt;/STYLE&gt;&lt;TITLE&gt;SiteWebService Service&lt;/TITLE&gt;&lt;/HEAD&gt;&lt;BODY&gt;&lt;DIV id="content"&gt;&lt;P class="heading1"&gt;SiteWebService Service&lt;/P&gt;&lt;BR/&gt;&lt;P class="intro"&gt;You have created a service.&lt;P class='intro'&gt;To test this service, you will need to create a client and use it to call the service. You can do this using the svcutil.exe tool from the command line with the following syntax:&lt;/P&gt; &lt;BR/&gt;&lt;PRE&gt;svcutil.exe &lt;A HREF="http://xrs-apigw-ws-2a944cb0887450de.elb.us-east-1.amazonaws.com/SiteWebService.svc?wsdl"&gt;http://xrs-apigw-ws-2a944cb0887450de.elb.us-east-1.amazonaws.com/SiteWebService.svc?wsdl&lt;/A&gt;&lt;/PRE&gt;&lt;P&gt;You can also access the service description as a single file:&lt;BR/&gt;&lt;PRE&gt;&lt;A HREF="http://xrs-apigw-ws-2a944cb0887450de.elb.us-east-1.amazonaws.com/SiteWebService.svc?singleWsdl"&gt;http://xrs-apigw-ws-2a944cb0887450de.elb.us-east-1.amazonaws.com/SiteWebService.svc?singleWsdl&lt;/A&gt;&lt;/PRE&gt;&lt;/P&gt;&lt;/P&gt;&lt;P class="intro"/&gt;This will generate a configuration file and a code file that contains the client class. Add the two files to your client application and use the generated client class to call the Service. For example:&lt;BR/&gt;&lt;P class='intro'&gt;&lt;B&gt;C#&lt;/B&gt;&lt;/P&gt;&lt;PRE&gt;&lt;font color="blue"&gt;class &lt;/font&gt;&lt;font color="teal"&gt;Test
&lt;/font&gt;{
&lt;font color="blue"&gt;    static void &lt;/font&gt;Main()
    {
        &lt;font color="teal"&gt;SiteWebServiceClient&lt;/font&gt; client = &lt;font color="blue"&gt;new &lt;/font&gt;&lt;font color="teal"&gt;SiteWebServiceClient&lt;/font&gt;();

&lt;font color="green"&gt;        // Use the 'client' variable to call operations on the service.

&lt;/font&gt;&lt;font color="green"&gt;        // Always close the client.
&lt;/font&gt;        client.Close();
    }
}
&lt;/PRE&gt;&lt;BR/&gt;&lt;P class='intro'&gt;&lt;B&gt;Visual Basic&lt;/B&gt;&lt;/P&gt;&lt;PRE&gt;&lt;font color="blue"&gt;Class &lt;/font&gt;&lt;font color="teal"&gt;Test
&lt;/font&gt;&lt;font color="blue"&gt;    Shared Sub &lt;/font&gt;Main()
&lt;font color="blue"&gt;        Dim &lt;/font&gt;client As &lt;font color="teal"&gt;SiteWebServiceClient&lt;/font&gt; = &lt;font color="blue"&gt;New &lt;/font&gt;&lt;font color="teal"&gt;SiteWebServiceClient&lt;/font&gt;()
&lt;font color="green"&gt;        ' Use the 'client' variable to call operations on the service.

&lt;/font&gt;&lt;font color="green"&gt;        ' Always close the client.
&lt;/font&gt;        client.Close()
&lt;font color="blue"&gt;    End Sub
&lt;/font&gt;&lt;font color="blue"&gt;End Class&lt;/font&gt;&lt;/PRE&gt;&lt;/DIV&gt;&lt;/BODY&gt;&lt;/HTML&gt;</msg>
<msg timestamp="20191206 16:20:15.496" level="TRACE">Return: &lt;Response [200]&gt;</msg>
<msg timestamp="20191206 16:20:15.496" level="INFO">${response} = &lt;Response [200]&gt;</msg>
<status status="PASS" starttime="20191206 16:20:15.164" endtime="20191206 16:20:15.496"></status>
</kw>
<kw name="Should Be Equal As Strings" library="BuiltIn">
<doc>Fails if objects are unequal after converting them to strings.</doc>
<arguments>
<arg>${response.status_code}</arg>
<arg>200</arg>
</arguments>
<msg timestamp="20191206 16:20:15.497" level="TRACE">Arguments: [ 200 | '200' ]</msg>
<msg timestamp="20191206 16:20:15.497" level="INFO">Argument types are:
&lt;class 'int'&gt;
&lt;type 'unicode'&gt;</msg>
<msg timestamp="20191206 16:20:15.497" level="TRACE">Return: None</msg>
<status status="PASS" starttime="20191206 16:20:15.496" endtime="20191206 16:20:15.497"></status>
</kw>
<status status="PASS" starttime="20191206 16:20:15.164" endtime="20191206 16:20:15.497"></status>
</kw>
<kw name="${e} = Trailer" type="foritem">
<kw name="Get Request" library="RequestsLibrary">
<doc>Send a GET request on the session object found using the
given `alias`</doc>
<arguments>
<arg>${XRS_WEB_SERVICE_SESSION_ALIAS}</arg>
<arg>${xrs_web_service_dict}[${e}]</arg>
</arguments>
<assign>
<var>${response}</var>
</assign>
<msg timestamp="20191206 16:20:15.497" level="TRACE">Arguments: [ 'xrs_web_service_session' | 'TrailerWebService.svc' ]</msg>
<msg timestamp="20191206 16:20:15.498" level="INFO">GET Request using : uri=TrailerWebService.svc, params=None, allow_redirects=True, timeout=None
headers={'User-Agent': 'python-requests/2.22.0', 'Accept-Encoding': 'gzip, deflate', 'Accept': '*/*', 'Connection': 'keep-alive'} 
data=None 
json=None</msg>
<msg timestamp="20191206 16:20:15.774" level="DEBUG">https://d3ws.xataxrs.com:443 "GET /TrailerWebService.svc HTTP/1.1" 200 1363</msg>
<msg timestamp="20191206 16:20:15.775" level="DEBUG">GET Response : status=200, reason=OK
&lt;HTML&gt;&lt;HEAD&gt;&lt;link rel="alternate" type="text/xml" href="http://xrs-apigw-ws-2a944cb0887450de.elb.us-east-1.amazonaws.com/TrailerWebService.svc?disco"/&gt;&lt;STYLE type="text/css"&gt;#content{ FONT-SIZE: 0.7em; PADDING-BOTTOM: 2em; MARGIN-LEFT: 30px}BODY{MARGIN-TOP: 0px; MARGIN-LEFT: 0px; COLOR: #000000; FONT-FAMILY: Verdana; BACKGROUND-COLOR: white}P{MARGIN-TOP: 0px; MARGIN-BOTTOM: 12px; COLOR: #000000; FONT-FAMILY: Verdana}PRE{BORDER-RIGHT: #f0f0e0 1px solid; PADDING-RIGHT: 5px; BORDER-TOP: #f0f0e0 1px solid; MARGIN-TOP: -5px; PADDING-LEFT: 5px; FONT-SIZE: 1.2em; PADDING-BOTTOM: 5px; BORDER-LEFT: #f0f0e0 1px solid; PADDING-TOP: 5px; BORDER-BOTTOM: #f0f0e0 1px solid; FONT-FAMILY: Courier New; BACKGROUND-COLOR: #e5e5cc}.heading1{MARGIN-TOP: 0px; PADDING-LEFT: 15px; FONT-WEIGHT: normal; FONT-SIZE: 26px; MARGIN-BOTTOM: 0px; PADDING-BOTTOM: 3px; MARGIN-LEFT: -30px; WIDTH: 100%; COLOR: #ffffff; PADDING-TOP: 10px; FONT-FAMILY: Tahoma; BACKGROUND-COLOR: #003366}.intro{MARGIN-LEFT: -15px}&lt;/STYLE&gt;&lt;TITLE&gt;TrailerWebService Service&lt;/TITLE&gt;&lt;/HEAD&gt;&lt;BODY&gt;&lt;DIV id="content"&gt;&lt;P class="heading1"&gt;TrailerWebService Service&lt;/P&gt;&lt;BR/&gt;&lt;P class="intro"&gt;You have created a service.&lt;P class='intro'&gt;To test this service, you will need to create a client and use it to call the service. You can do this using the svcutil.exe tool from the command line with the following syntax:&lt;/P&gt; &lt;BR/&gt;&lt;PRE&gt;svcutil.exe &lt;A HREF="http://xrs-apigw-ws-2a944cb0887450de.elb.us-east-1.amazonaws.com/TrailerWebService.svc?wsdl"&gt;http://xrs-apigw-ws-2a944cb0887450de.elb.us-east-1.amazonaws.com/TrailerWebService.svc?wsdl&lt;/A&gt;&lt;/PRE&gt;&lt;P&gt;You can also access the service description as a single file:&lt;BR/&gt;&lt;PRE&gt;&lt;A HREF="http://xrs-apigw-ws-2a944cb0887450de.elb.us-east-1.amazonaws.com/TrailerWebService.svc?singleWsdl"&gt;http://xrs-apigw-ws-2a944cb0887450de.elb.us-east-1.amazonaws.com/TrailerWebService.svc?singleWsdl&lt;/A&gt;&lt;/PRE&gt;&lt;/P&gt;&lt;/P&gt;&lt;P class="intro"/&gt;This will generate a configuration file and a code file that contains the client class. Add the two files to your client application and use the generated client class to call the Service. For example:&lt;BR/&gt;&lt;P class='intro'&gt;&lt;B&gt;C#&lt;/B&gt;&lt;/P&gt;&lt;PRE&gt;&lt;font color="blue"&gt;class &lt;/font&gt;&lt;font color="teal"&gt;Test
&lt;/font&gt;{
&lt;font color="blue"&gt;    static void &lt;/font&gt;Main()
    {
        &lt;font color="teal"&gt;TrailerWebServiceClient&lt;/font&gt; client = &lt;font color="blue"&gt;new &lt;/font&gt;&lt;font color="teal"&gt;TrailerWebServiceClient&lt;/font&gt;();

&lt;font color="green"&gt;        // Use the 'client' variable to call operations on the service.

&lt;/font&gt;&lt;font color="green"&gt;        // Always close the client.
&lt;/font&gt;        client.Close();
    }
}
&lt;/PRE&gt;&lt;BR/&gt;&lt;P class='intro'&gt;&lt;B&gt;Visual Basic&lt;/B&gt;&lt;/P&gt;&lt;PRE&gt;&lt;font color="blue"&gt;Class &lt;/font&gt;&lt;font color="teal"&gt;Test
&lt;/font&gt;&lt;font color="blue"&gt;    Shared Sub &lt;/font&gt;Main()
&lt;font color="blue"&gt;        Dim &lt;/font&gt;client As &lt;font color="teal"&gt;TrailerWebServiceClient&lt;/font&gt; = &lt;font color="blue"&gt;New &lt;/font&gt;&lt;font color="teal"&gt;TrailerWebServiceClient&lt;/font&gt;()
&lt;font color="green"&gt;        ' Use the 'client' variable to call operations on the service.

&lt;/font&gt;&lt;font color="green"&gt;        ' Always close the client.
&lt;/font&gt;        client.Close()
&lt;font color="blue"&gt;    End Sub
&lt;/font&gt;&lt;font color="blue"&gt;End Class&lt;/font&gt;&lt;/PRE&gt;&lt;/DIV&gt;&lt;/BODY&gt;&lt;/HTML&gt;</msg>
<msg timestamp="20191206 16:20:15.776" level="TRACE">Return: &lt;Response [200]&gt;</msg>
<msg timestamp="20191206 16:20:15.776" level="INFO">${response} = &lt;Response [200]&gt;</msg>
<status status="PASS" starttime="20191206 16:20:15.497" endtime="20191206 16:20:15.776"></status>
</kw>
<kw name="Should Be Equal As Strings" library="BuiltIn">
<doc>Fails if objects are unequal after converting them to strings.</doc>
<arguments>
<arg>${response.status_code}</arg>
<arg>200</arg>
</arguments>
<msg timestamp="20191206 16:20:15.777" level="TRACE">Arguments: [ 200 | '200' ]</msg>
<msg timestamp="20191206 16:20:15.777" level="INFO">Argument types are:
&lt;class 'int'&gt;
&lt;type 'unicode'&gt;</msg>
<msg timestamp="20191206 16:20:15.777" level="TRACE">Return: None</msg>
<status status="PASS" starttime="20191206 16:20:15.776" endtime="20191206 16:20:15.777"></status>
</kw>
<status status="PASS" starttime="20191206 16:20:15.497" endtime="20191206 16:20:15.778"></status>
</kw>
<kw name="${e} = User" type="foritem">
<kw name="Get Request" library="RequestsLibrary">
<doc>Send a GET request on the session object found using the
given `alias`</doc>
<arguments>
<arg>${XRS_WEB_SERVICE_SESSION_ALIAS}</arg>
<arg>${xrs_web_service_dict}[${e}]</arg>
</arguments>
<assign>
<var>${response}</var>
</assign>
<msg timestamp="20191206 16:20:15.778" level="TRACE">Arguments: [ 'xrs_web_service_session' | 'UserWebService.svc' ]</msg>
<msg timestamp="20191206 16:20:15.779" level="INFO">GET Request using : uri=UserWebService.svc, params=None, allow_redirects=True, timeout=None
headers={'User-Agent': 'python-requests/2.22.0', 'Accept-Encoding': 'gzip, deflate', 'Accept': '*/*', 'Connection': 'keep-alive'} 
data=None 
json=None</msg>
<msg timestamp="20191206 16:20:16.057" level="DEBUG">https://d3ws.xataxrs.com:443 "GET /UserWebService.svc HTTP/1.1" 200 1367</msg>
<msg timestamp="20191206 16:20:16.057" level="DEBUG">GET Response : status=200, reason=OK
&lt;HTML&gt;&lt;HEAD&gt;&lt;link rel="alternate" type="text/xml" href="http://xrs-apigw-ws-2a944cb0887450de.elb.us-east-1.amazonaws.com/UserWebService.svc?disco"/&gt;&lt;STYLE type="text/css"&gt;#content{ FONT-SIZE: 0.7em; PADDING-BOTTOM: 2em; MARGIN-LEFT: 30px}BODY{MARGIN-TOP: 0px; MARGIN-LEFT: 0px; COLOR: #000000; FONT-FAMILY: Verdana; BACKGROUND-COLOR: white}P{MARGIN-TOP: 0px; MARGIN-BOTTOM: 12px; COLOR: #000000; FONT-FAMILY: Verdana}PRE{BORDER-RIGHT: #f0f0e0 1px solid; PADDING-RIGHT: 5px; BORDER-TOP: #f0f0e0 1px solid; MARGIN-TOP: -5px; PADDING-LEFT: 5px; FONT-SIZE: 1.2em; PADDING-BOTTOM: 5px; BORDER-LEFT: #f0f0e0 1px solid; PADDING-TOP: 5px; BORDER-BOTTOM: #f0f0e0 1px solid; FONT-FAMILY: Courier New; BACKGROUND-COLOR: #e5e5cc}.heading1{MARGIN-TOP: 0px; PADDING-LEFT: 15px; FONT-WEIGHT: normal; FONT-SIZE: 26px; MARGIN-BOTTOM: 0px; PADDING-BOTTOM: 3px; MARGIN-LEFT: -30px; WIDTH: 100%; COLOR: #ffffff; PADDING-TOP: 10px; FONT-FAMILY: Tahoma; BACKGROUND-COLOR: #003366}.intro{MARGIN-LEFT: -15px}&lt;/STYLE&gt;&lt;TITLE&gt;UserWebService Service&lt;/TITLE&gt;&lt;/HEAD&gt;&lt;BODY&gt;&lt;DIV id="content"&gt;&lt;P class="heading1"&gt;UserWebService Service&lt;/P&gt;&lt;BR/&gt;&lt;P class="intro"&gt;You have created a service.&lt;P class='intro'&gt;To test this service, you will need to create a client and use it to call the service. You can do this using the svcutil.exe tool from the command line with the following syntax:&lt;/P&gt; &lt;BR/&gt;&lt;PRE&gt;svcutil.exe &lt;A HREF="http://xrs-apigw-ws-2a944cb0887450de.elb.us-east-1.amazonaws.com/UserWebService.svc?wsdl"&gt;http://xrs-apigw-ws-2a944cb0887450de.elb.us-east-1.amazonaws.com/UserWebService.svc?wsdl&lt;/A&gt;&lt;/PRE&gt;&lt;P&gt;You can also access the service description as a single file:&lt;BR/&gt;&lt;PRE&gt;&lt;A HREF="http://xrs-apigw-ws-2a944cb0887450de.elb.us-east-1.amazonaws.com/UserWebService.svc?singleWsdl"&gt;http://xrs-apigw-ws-2a944cb0887450de.elb.us-east-1.amazonaws.com/UserWebService.svc?singleWsdl&lt;/A&gt;&lt;/PRE&gt;&lt;/P&gt;&lt;/P&gt;&lt;P class="intro"/&gt;This will generate a configuration file and a code file that contains the client class. Add the two files to your client application and use the generated client class to call the Service. For example:&lt;BR/&gt;&lt;P class='intro'&gt;&lt;B&gt;C#&lt;/B&gt;&lt;/P&gt;&lt;PRE&gt;&lt;font color="blue"&gt;class &lt;/font&gt;&lt;font color="teal"&gt;Test
&lt;/font&gt;{
&lt;font color="blue"&gt;    static void &lt;/font&gt;Main()
    {
        &lt;font color="teal"&gt;UserWebServiceClient&lt;/font&gt; client = &lt;font color="blue"&gt;new &lt;/font&gt;&lt;font color="teal"&gt;UserWebServiceClient&lt;/font&gt;();

&lt;font color="green"&gt;        // Use the 'client' variable to call operations on the service.

&lt;/font&gt;&lt;font color="green"&gt;        // Always close the client.
&lt;/font&gt;        client.Close();
    }
}
&lt;/PRE&gt;&lt;BR/&gt;&lt;P class='intro'&gt;&lt;B&gt;Visual Basic&lt;/B&gt;&lt;/P&gt;&lt;PRE&gt;&lt;font color="blue"&gt;Class &lt;/font&gt;&lt;font color="teal"&gt;Test
&lt;/font&gt;&lt;font color="blue"&gt;    Shared Sub &lt;/font&gt;Main()
&lt;font color="blue"&gt;        Dim &lt;/font&gt;client As &lt;font color="teal"&gt;UserWebServiceClient&lt;/font&gt; = &lt;font color="blue"&gt;New &lt;/font&gt;&lt;font color="teal"&gt;UserWebServiceClient&lt;/font&gt;()
&lt;font color="green"&gt;        ' Use the 'client' variable to call operations on the service.

&lt;/font&gt;&lt;font color="green"&gt;        ' Always close the client.
&lt;/font&gt;        client.Close()
&lt;font color="blue"&gt;    End Sub
&lt;/font&gt;&lt;font color="blue"&gt;End Class&lt;/font&gt;&lt;/PRE&gt;&lt;/DIV&gt;&lt;/BODY&gt;&lt;/HTML&gt;</msg>
<msg timestamp="20191206 16:20:16.057" level="TRACE">Return: &lt;Response [200]&gt;</msg>
<msg timestamp="20191206 16:20:16.058" level="INFO">${response} = &lt;Response [200]&gt;</msg>
<status status="PASS" starttime="20191206 16:20:15.778" endtime="20191206 16:20:16.058"></status>
</kw>
<kw name="Should Be Equal As Strings" library="BuiltIn">
<doc>Fails if objects are unequal after converting them to strings.</doc>
<arguments>
<arg>${response.status_code}</arg>
<arg>200</arg>
</arguments>
<msg timestamp="20191206 16:20:16.058" level="TRACE">Arguments: [ 200 | '200' ]</msg>
<msg timestamp="20191206 16:20:16.058" level="INFO">Argument types are:
&lt;class 'int'&gt;
&lt;type 'unicode'&gt;</msg>
<msg timestamp="20191206 16:20:16.058" level="TRACE">Return: None</msg>
<status status="PASS" starttime="20191206 16:20:16.058" endtime="20191206 16:20:16.058"></status>
</kw>
<status status="PASS" starttime="20191206 16:20:15.778" endtime="20191206 16:20:16.058"></status>
</kw>
<kw name="${e} = Vehicle" type="foritem">
<kw name="Get Request" library="RequestsLibrary">
<doc>Send a GET request on the session object found using the
given `alias`</doc>
<arguments>
<arg>${XRS_WEB_SERVICE_SESSION_ALIAS}</arg>
<arg>${xrs_web_service_dict}[${e}]</arg>
</arguments>
<assign>
<var>${response}</var>
</assign>
<msg timestamp="20191206 16:20:16.059" level="TRACE">Arguments: [ 'xrs_web_service_session' | 'VehicleWebService.svc' ]</msg>
<msg timestamp="20191206 16:20:16.059" level="INFO">GET Request using : uri=VehicleWebService.svc, params=None, allow_redirects=True, timeout=None
headers={'User-Agent': 'python-requests/2.22.0', 'Accept-Encoding': 'gzip, deflate', 'Accept': '*/*', 'Connection': 'keep-alive'} 
data=None 
json=None</msg>
<msg timestamp="20191206 16:20:16.325" level="DEBUG">https://d3ws.xataxrs.com:443 "GET /VehicleWebService.svc HTTP/1.1" 200 1365</msg>
<msg timestamp="20191206 16:20:16.325" level="DEBUG">GET Response : status=200, reason=OK
&lt;HTML&gt;&lt;HEAD&gt;&lt;link rel="alternate" type="text/xml" href="http://xrs-apigw-ws-2a944cb0887450de.elb.us-east-1.amazonaws.com/VehicleWebService.svc?disco"/&gt;&lt;STYLE type="text/css"&gt;#content{ FONT-SIZE: 0.7em; PADDING-BOTTOM: 2em; MARGIN-LEFT: 30px}BODY{MARGIN-TOP: 0px; MARGIN-LEFT: 0px; COLOR: #000000; FONT-FAMILY: Verdana; BACKGROUND-COLOR: white}P{MARGIN-TOP: 0px; MARGIN-BOTTOM: 12px; COLOR: #000000; FONT-FAMILY: Verdana}PRE{BORDER-RIGHT: #f0f0e0 1px solid; PADDING-RIGHT: 5px; BORDER-TOP: #f0f0e0 1px solid; MARGIN-TOP: -5px; PADDING-LEFT: 5px; FONT-SIZE: 1.2em; PADDING-BOTTOM: 5px; BORDER-LEFT: #f0f0e0 1px solid; PADDING-TOP: 5px; BORDER-BOTTOM: #f0f0e0 1px solid; FONT-FAMILY: Courier New; BACKGROUND-COLOR: #e5e5cc}.heading1{MARGIN-TOP: 0px; PADDING-LEFT: 15px; FONT-WEIGHT: normal; FONT-SIZE: 26px; MARGIN-BOTTOM: 0px; PADDING-BOTTOM: 3px; MARGIN-LEFT: -30px; WIDTH: 100%; COLOR: #ffffff; PADDING-TOP: 10px; FONT-FAMILY: Tahoma; BACKGROUND-COLOR: #003366}.intro{MARGIN-LEFT: -15px}&lt;/STYLE&gt;&lt;TITLE&gt;VehicleWebService Service&lt;/TITLE&gt;&lt;/HEAD&gt;&lt;BODY&gt;&lt;DIV id="content"&gt;&lt;P class="heading1"&gt;VehicleWebService Service&lt;/P&gt;&lt;BR/&gt;&lt;P class="intro"&gt;You have created a service.&lt;P class='intro'&gt;To test this service, you will need to create a client and use it to call the service. You can do this using the svcutil.exe tool from the command line with the following syntax:&lt;/P&gt; &lt;BR/&gt;&lt;PRE&gt;svcutil.exe &lt;A HREF="http://xrs-apigw-ws-2a944cb0887450de.elb.us-east-1.amazonaws.com/VehicleWebService.svc?wsdl"&gt;http://xrs-apigw-ws-2a944cb0887450de.elb.us-east-1.amazonaws.com/VehicleWebService.svc?wsdl&lt;/A&gt;&lt;/PRE&gt;&lt;P&gt;You can also access the service description as a single file:&lt;BR/&gt;&lt;PRE&gt;&lt;A HREF="http://xrs-apigw-ws-2a944cb0887450de.elb.us-east-1.amazonaws.com/VehicleWebService.svc?singleWsdl"&gt;http://xrs-apigw-ws-2a944cb0887450de.elb.us-east-1.amazonaws.com/VehicleWebService.svc?singleWsdl&lt;/A&gt;&lt;/PRE&gt;&lt;/P&gt;&lt;/P&gt;&lt;P class="intro"/&gt;This will generate a configuration file and a code file that contains the client class. Add the two files to your client application and use the generated client class to call the Service. For example:&lt;BR/&gt;&lt;P class='intro'&gt;&lt;B&gt;C#&lt;/B&gt;&lt;/P&gt;&lt;PRE&gt;&lt;font color="blue"&gt;class &lt;/font&gt;&lt;font color="teal"&gt;Test
&lt;/font&gt;{
&lt;font color="blue"&gt;    static void &lt;/font&gt;Main()
    {
        &lt;font color="teal"&gt;VehicleWebServiceClient&lt;/font&gt; client = &lt;font color="blue"&gt;new &lt;/font&gt;&lt;font color="teal"&gt;VehicleWebServiceClient&lt;/font&gt;();

&lt;font color="green"&gt;        // Use the 'client' variable to call operations on the service.

&lt;/font&gt;&lt;font color="green"&gt;        // Always close the client.
&lt;/font&gt;        client.Close();
    }
}
&lt;/PRE&gt;&lt;BR/&gt;&lt;P class='intro'&gt;&lt;B&gt;Visual Basic&lt;/B&gt;&lt;/P&gt;&lt;PRE&gt;&lt;font color="blue"&gt;Class &lt;/font&gt;&lt;font color="teal"&gt;Test
&lt;/font&gt;&lt;font color="blue"&gt;    Shared Sub &lt;/font&gt;Main()
&lt;font color="blue"&gt;        Dim &lt;/font&gt;client As &lt;font color="teal"&gt;VehicleWebServiceClient&lt;/font&gt; = &lt;font color="blue"&gt;New &lt;/font&gt;&lt;font color="teal"&gt;VehicleWebServiceClient&lt;/font&gt;()
&lt;font color="green"&gt;        ' Use the 'client' variable to call operations on the service.

&lt;/font&gt;&lt;font color="green"&gt;        ' Always close the client.
&lt;/font&gt;        client.Close()
&lt;font color="blue"&gt;    End Sub
&lt;/font&gt;&lt;font color="blue"&gt;End Class&lt;/font&gt;&lt;/PRE&gt;&lt;/DIV&gt;&lt;/BODY&gt;&lt;/HTML&gt;</msg>
<msg timestamp="20191206 16:20:16.325" level="TRACE">Return: &lt;Response [200]&gt;</msg>
<msg timestamp="20191206 16:20:16.325" level="INFO">${response} = &lt;Response [200]&gt;</msg>
<status status="PASS" starttime="20191206 16:20:16.058" endtime="20191206 16:20:16.325"></status>
</kw>
<kw name="Should Be Equal As Strings" library="BuiltIn">
<doc>Fails if objects are unequal after converting them to strings.</doc>
<arguments>
<arg>${response.status_code}</arg>
<arg>200</arg>
</arguments>
<msg timestamp="20191206 16:20:16.326" level="TRACE">Arguments: [ 200 | '200' ]</msg>
<msg timestamp="20191206 16:20:16.326" level="INFO">Argument types are:
&lt;class 'int'&gt;
&lt;type 'unicode'&gt;</msg>
<msg timestamp="20191206 16:20:16.326" level="TRACE">Return: None</msg>
<status status="PASS" starttime="20191206 16:20:16.326" endtime="20191206 16:20:16.326"></status>
</kw>
<status status="PASS" starttime="20191206 16:20:16.058" endtime="20191206 16:20:16.326"></status>
</kw>
<status status="PASS" starttime="20191206 16:20:13.385" endtime="20191206 16:20:16.326"></status>
</kw>
<msg timestamp="20191206 16:20:16.326" level="TRACE">Return: None</msg>
<status status="PASS" starttime="20191206 16:20:13.384" endtime="20191206 16:20:16.326"></status>
</kw>
<kw name="Verify 200 OK Response From XRS WebServices">
<doc>Validates a 200 response from each xrs webservice</doc>
<arguments>
<arg>${XRS_Form_Messaging_Base_URI}</arg>
</arguments>
<msg timestamp="20191206 16:20:16.327" level="TRACE">Arguments: [ ${xrs_web_service_dict}={'Form_Template_Category': 'FormTemplateCategoryWebService.svc',
 'Form_Template_Content': 'FormTemplateContentWebService.svc',
 'Form_Template_Header': 'FormTemplateHeaderWebService.svc',
 'Message': 'MessageWebService.svc'} ]</msg>
<kw name="Set Variable" library="BuiltIn">
<doc>Returns the given values which can then be assigned to a variables.</doc>
<arguments>
<arg>base_uri</arg>
</arguments>
<assign>
<var>${base_uri}</var>
</assign>
<msg timestamp="20191206 16:20:16.327" level="TRACE">Arguments: [ 'base_uri' ]</msg>
<msg timestamp="20191206 16:20:16.327" level="TRACE">Return: 'base_uri'</msg>
<msg timestamp="20191206 16:20:16.327" level="INFO">${base_uri} = base_uri</msg>
<status status="PASS" starttime="20191206 16:20:16.327" endtime="20191206 16:20:16.327"></status>
</kw>
<kw name="${e} IN [ @{xrs_web_service_dict} ]" type="for">
<kw name="${e} = Form_Template_Category" type="foritem">
<kw name="Get Request" library="RequestsLibrary">
<doc>Send a GET request on the session object found using the
given `alias`</doc>
<arguments>
<arg>${XRS_WEB_SERVICE_SESSION_ALIAS}</arg>
<arg>${xrs_web_service_dict}[${e}]</arg>
</arguments>
<assign>
<var>${response}</var>
</assign>
<msg timestamp="20191206 16:20:16.328" level="TRACE">Arguments: [ 'xrs_web_service_session' | 'FormTemplateCategoryWebService.svc' ]</msg>
<msg timestamp="20191206 16:20:16.328" level="INFO">GET Request using : uri=FormTemplateCategoryWebService.svc, params=None, allow_redirects=True, timeout=None
headers={'User-Agent': 'python-requests/2.22.0', 'Accept-Encoding': 'gzip, deflate', 'Accept': '*/*', 'Connection': 'keep-alive'} 
data=None 
json=None</msg>
<msg timestamp="20191206 16:20:16.625" level="DEBUG">https://d3ws.xataxrs.com:443 "GET /FormTemplateCategoryWebService.svc HTTP/1.1" 200 1379</msg>
<msg timestamp="20191206 16:20:16.625" level="DEBUG">GET Response : status=200, reason=OK
&lt;HTML&gt;&lt;HEAD&gt;&lt;link rel="alternate" type="text/xml" href="http://xrs-apigw-ws-2a944cb0887450de.elb.us-east-1.amazonaws.com/FormTemplateCategoryWebService.svc?disco"/&gt;&lt;STYLE type="text/css"&gt;#content{ FONT-SIZE: 0.7em; PADDING-BOTTOM: 2em; MARGIN-LEFT: 30px}BODY{MARGIN-TOP: 0px; MARGIN-LEFT: 0px; COLOR: #000000; FONT-FAMILY: Verdana; BACKGROUND-COLOR: white}P{MARGIN-TOP: 0px; MARGIN-BOTTOM: 12px; COLOR: #000000; FONT-FAMILY: Verdana}PRE{BORDER-RIGHT: #f0f0e0 1px solid; PADDING-RIGHT: 5px; BORDER-TOP: #f0f0e0 1px solid; MARGIN-TOP: -5px; PADDING-LEFT: 5px; FONT-SIZE: 1.2em; PADDING-BOTTOM: 5px; BORDER-LEFT: #f0f0e0 1px solid; PADDING-TOP: 5px; BORDER-BOTTOM: #f0f0e0 1px solid; FONT-FAMILY: Courier New; BACKGROUND-COLOR: #e5e5cc}.heading1{MARGIN-TOP: 0px; PADDING-LEFT: 15px; FONT-WEIGHT: normal; FONT-SIZE: 26px; MARGIN-BOTTOM: 0px; PADDING-BOTTOM: 3px; MARGIN-LEFT: -30px; WIDTH: 100%; COLOR: #ffffff; PADDING-TOP: 10px; FONT-FAMILY: Tahoma; BACKGROUND-COLOR: #003366}.intro{MARGIN-LEFT: -15px}&lt;/STYLE&gt;&lt;TITLE&gt;FormTemplateCategoryWebService Service&lt;/TITLE&gt;&lt;/HEAD&gt;&lt;BODY&gt;&lt;DIV id="content"&gt;&lt;P class="heading1"&gt;FormTemplateCategoryWebService Service&lt;/P&gt;&lt;BR/&gt;&lt;P class="intro"&gt;You have created a service.&lt;P class='intro'&gt;To test this service, you will need to create a client and use it to call the service. You can do this using the svcutil.exe tool from the command line with the following syntax:&lt;/P&gt; &lt;BR/&gt;&lt;PRE&gt;svcutil.exe &lt;A HREF="http://xrs-apigw-ws-2a944cb0887450de.elb.us-east-1.amazonaws.com/FormTemplateCategoryWebService.svc?wsdl"&gt;http://xrs-apigw-ws-2a944cb0887450de.elb.us-east-1.amazonaws.com/FormTemplateCategoryWebService.svc?wsdl&lt;/A&gt;&lt;/PRE&gt;&lt;P&gt;You can also access the service description as a single file:&lt;BR/&gt;&lt;PRE&gt;&lt;A HREF="http://xrs-apigw-ws-2a944cb0887450de.elb.us-east-1.amazonaws.com/FormTemplateCategoryWebService.svc?singleWsdl"&gt;http://xrs-apigw-ws-2a944cb0887450de.elb.us-east-1.amazonaws.com/FormTemplateCategoryWebService.svc?singleWsdl&lt;/A&gt;&lt;/PRE&gt;&lt;/P&gt;&lt;/P&gt;&lt;P class="intro"/&gt;This will generate a configuration file and a code file that contains the client class. Add the two files to your client application and use the generated client class to call the Service. For example:&lt;BR/&gt;&lt;P class='intro'&gt;&lt;B&gt;C#&lt;/B&gt;&lt;/P&gt;&lt;PRE&gt;&lt;font color="blue"&gt;class &lt;/font&gt;&lt;font color="teal"&gt;Test
&lt;/font&gt;{
&lt;font color="blue"&gt;    static void &lt;/font&gt;Main()
    {
        &lt;font color="teal"&gt;FormTemplateCategoryWebServiceClient&lt;/font&gt; client = &lt;font color="blue"&gt;new &lt;/font&gt;&lt;font color="teal"&gt;FormTemplateCategoryWebServiceClient&lt;/font&gt;();

&lt;font color="green"&gt;        // Use the 'client' variable to call operations on the service.

&lt;/font&gt;&lt;font color="green"&gt;        // Always close the client.
&lt;/font&gt;        client.Close();
    }
}
&lt;/PRE&gt;&lt;BR/&gt;&lt;P class='intro'&gt;&lt;B&gt;Visual Basic&lt;/B&gt;&lt;/P&gt;&lt;PRE&gt;&lt;font color="blue"&gt;Class &lt;/font&gt;&lt;font color="teal"&gt;Test
&lt;/font&gt;&lt;font color="blue"&gt;    Shared Sub &lt;/font&gt;Main()
&lt;font color="blue"&gt;        Dim &lt;/font&gt;client As &lt;font color="teal"&gt;FormTemplateCategoryWebServiceClient&lt;/font&gt; = &lt;font color="blue"&gt;New &lt;/font&gt;&lt;font color="teal"&gt;FormTemplateCategoryWebServiceClient&lt;/font&gt;()
&lt;font color="green"&gt;        ' Use the 'client' variable to call operations on the service.

&lt;/font&gt;&lt;font color="green"&gt;        ' Always close the client.
&lt;/font&gt;        client.Close()
&lt;font color="blue"&gt;    End Sub
&lt;/font&gt;&lt;font color="blue"&gt;End Class&lt;/font&gt;&lt;/PRE&gt;&lt;/DIV&gt;&lt;/BODY&gt;&lt;/HTML&gt;</msg>
<msg timestamp="20191206 16:20:16.625" level="TRACE">Return: &lt;Response [200]&gt;</msg>
<msg timestamp="20191206 16:20:16.626" level="INFO">${response} = &lt;Response [200]&gt;</msg>
<status status="PASS" starttime="20191206 16:20:16.328" endtime="20191206 16:20:16.626"></status>
</kw>
<kw name="Should Be Equal As Strings" library="BuiltIn">
<doc>Fails if objects are unequal after converting them to strings.</doc>
<arguments>
<arg>${response.status_code}</arg>
<arg>200</arg>
</arguments>
<msg timestamp="20191206 16:20:16.626" level="TRACE">Arguments: [ 200 | '200' ]</msg>
<msg timestamp="20191206 16:20:16.627" level="INFO">Argument types are:
&lt;class 'int'&gt;
&lt;type 'unicode'&gt;</msg>
<msg timestamp="20191206 16:20:16.627" level="TRACE">Return: None</msg>
<status status="PASS" starttime="20191206 16:20:16.626" endtime="20191206 16:20:16.627"></status>
</kw>
<status status="PASS" starttime="20191206 16:20:16.328" endtime="20191206 16:20:16.627"></status>
</kw>
<kw name="${e} = Form_Template_Content" type="foritem">
<kw name="Get Request" library="RequestsLibrary">
<doc>Send a GET request on the session object found using the
given `alias`</doc>
<arguments>
<arg>${XRS_WEB_SERVICE_SESSION_ALIAS}</arg>
<arg>${xrs_web_service_dict}[${e}]</arg>
</arguments>
<assign>
<var>${response}</var>
</assign>
<msg timestamp="20191206 16:20:16.627" level="TRACE">Arguments: [ 'xrs_web_service_session' | 'FormTemplateContentWebService.svc' ]</msg>
<msg timestamp="20191206 16:20:16.628" level="INFO">GET Request using : uri=FormTemplateContentWebService.svc, params=None, allow_redirects=True, timeout=None
headers={'User-Agent': 'python-requests/2.22.0', 'Accept-Encoding': 'gzip, deflate', 'Accept': '*/*', 'Connection': 'keep-alive'} 
data=None 
json=None</msg>
<msg timestamp="20191206 16:20:16.909" level="DEBUG">https://d3ws.xataxrs.com:443 "GET /FormTemplateContentWebService.svc HTTP/1.1" 200 1375</msg>
<msg timestamp="20191206 16:20:16.910" level="DEBUG">GET Response : status=200, reason=OK
&lt;HTML&gt;&lt;HEAD&gt;&lt;link rel="alternate" type="text/xml" href="http://xrs-apigw-ws-2a944cb0887450de.elb.us-east-1.amazonaws.com/FormTemplateContentWebService.svc?disco"/&gt;&lt;STYLE type="text/css"&gt;#content{ FONT-SIZE: 0.7em; PADDING-BOTTOM: 2em; MARGIN-LEFT: 30px}BODY{MARGIN-TOP: 0px; MARGIN-LEFT: 0px; COLOR: #000000; FONT-FAMILY: Verdana; BACKGROUND-COLOR: white}P{MARGIN-TOP: 0px; MARGIN-BOTTOM: 12px; COLOR: #000000; FONT-FAMILY: Verdana}PRE{BORDER-RIGHT: #f0f0e0 1px solid; PADDING-RIGHT: 5px; BORDER-TOP: #f0f0e0 1px solid; MARGIN-TOP: -5px; PADDING-LEFT: 5px; FONT-SIZE: 1.2em; PADDING-BOTTOM: 5px; BORDER-LEFT: #f0f0e0 1px solid; PADDING-TOP: 5px; BORDER-BOTTOM: #f0f0e0 1px solid; FONT-FAMILY: Courier New; BACKGROUND-COLOR: #e5e5cc}.heading1{MARGIN-TOP: 0px; PADDING-LEFT: 15px; FONT-WEIGHT: normal; FONT-SIZE: 26px; MARGIN-BOTTOM: 0px; PADDING-BOTTOM: 3px; MARGIN-LEFT: -30px; WIDTH: 100%; COLOR: #ffffff; PADDING-TOP: 10px; FONT-FAMILY: Tahoma; BACKGROUND-COLOR: #003366}.intro{MARGIN-LEFT: -15px}&lt;/STYLE&gt;&lt;TITLE&gt;FormTemplateContentWebService Service&lt;/TITLE&gt;&lt;/HEAD&gt;&lt;BODY&gt;&lt;DIV id="content"&gt;&lt;P class="heading1"&gt;FormTemplateContentWebService Service&lt;/P&gt;&lt;BR/&gt;&lt;P class="intro"&gt;You have created a service.&lt;P class='intro'&gt;To test this service, you will need to create a client and use it to call the service. You can do this using the svcutil.exe tool from the command line with the following syntax:&lt;/P&gt; &lt;BR/&gt;&lt;PRE&gt;svcutil.exe &lt;A HREF="http://xrs-apigw-ws-2a944cb0887450de.elb.us-east-1.amazonaws.com/FormTemplateContentWebService.svc?wsdl"&gt;http://xrs-apigw-ws-2a944cb0887450de.elb.us-east-1.amazonaws.com/FormTemplateContentWebService.svc?wsdl&lt;/A&gt;&lt;/PRE&gt;&lt;P&gt;You can also access the service description as a single file:&lt;BR/&gt;&lt;PRE&gt;&lt;A HREF="http://xrs-apigw-ws-2a944cb0887450de.elb.us-east-1.amazonaws.com/FormTemplateContentWebService.svc?singleWsdl"&gt;http://xrs-apigw-ws-2a944cb0887450de.elb.us-east-1.amazonaws.com/FormTemplateContentWebService.svc?singleWsdl&lt;/A&gt;&lt;/PRE&gt;&lt;/P&gt;&lt;/P&gt;&lt;P class="intro"/&gt;This will generate a configuration file and a code file that contains the client class. Add the two files to your client application and use the generated client class to call the Service. For example:&lt;BR/&gt;&lt;P class='intro'&gt;&lt;B&gt;C#&lt;/B&gt;&lt;/P&gt;&lt;PRE&gt;&lt;font color="blue"&gt;class &lt;/font&gt;&lt;font color="teal"&gt;Test
&lt;/font&gt;{
&lt;font color="blue"&gt;    static void &lt;/font&gt;Main()
    {
        &lt;font color="teal"&gt;FormTemplateContentWebServiceClient&lt;/font&gt; client = &lt;font color="blue"&gt;new &lt;/font&gt;&lt;font color="teal"&gt;FormTemplateContentWebServiceClient&lt;/font&gt;();

&lt;font color="green"&gt;        // Use the 'client' variable to call operations on the service.

&lt;/font&gt;&lt;font color="green"&gt;        // Always close the client.
&lt;/font&gt;        client.Close();
    }
}
&lt;/PRE&gt;&lt;BR/&gt;&lt;P class='intro'&gt;&lt;B&gt;Visual Basic&lt;/B&gt;&lt;/P&gt;&lt;PRE&gt;&lt;font color="blue"&gt;Class &lt;/font&gt;&lt;font color="teal"&gt;Test
&lt;/font&gt;&lt;font color="blue"&gt;    Shared Sub &lt;/font&gt;Main()
&lt;font color="blue"&gt;        Dim &lt;/font&gt;client As &lt;font color="teal"&gt;FormTemplateContentWebServiceClient&lt;/font&gt; = &lt;font color="blue"&gt;New &lt;/font&gt;&lt;font color="teal"&gt;FormTemplateContentWebServiceClient&lt;/font&gt;()
&lt;font color="green"&gt;        ' Use the 'client' variable to call operations on the service.

&lt;/font&gt;&lt;font color="green"&gt;        ' Always close the client.
&lt;/font&gt;        client.Close()
&lt;font color="blue"&gt;    End Sub
&lt;/font&gt;&lt;font color="blue"&gt;End Class&lt;/font&gt;&lt;/PRE&gt;&lt;/DIV&gt;&lt;/BODY&gt;&lt;/HTML&gt;</msg>
<msg timestamp="20191206 16:20:16.910" level="TRACE">Return: &lt;Response [200]&gt;</msg>
<msg timestamp="20191206 16:20:16.910" level="INFO">${response} = &lt;Response [200]&gt;</msg>
<status status="PASS" starttime="20191206 16:20:16.627" endtime="20191206 16:20:16.910"></status>
</kw>
<kw name="Should Be Equal As Strings" library="BuiltIn">
<doc>Fails if objects are unequal after converting them to strings.</doc>
<arguments>
<arg>${response.status_code}</arg>
<arg>200</arg>
</arguments>
<msg timestamp="20191206 16:20:16.910" level="TRACE">Arguments: [ 200 | '200' ]</msg>
<msg timestamp="20191206 16:20:16.910" level="INFO">Argument types are:
&lt;class 'int'&gt;
&lt;type 'unicode'&gt;</msg>
<msg timestamp="20191206 16:20:16.910" level="TRACE">Return: None</msg>
<status status="PASS" starttime="20191206 16:20:16.910" endtime="20191206 16:20:16.910"></status>
</kw>
<status status="PASS" starttime="20191206 16:20:16.627" endtime="20191206 16:20:16.910"></status>
</kw>
<kw name="${e} = Form_Template_Header" type="foritem">
<kw name="Get Request" library="RequestsLibrary">
<doc>Send a GET request on the session object found using the
given `alias`</doc>
<arguments>
<arg>${XRS_WEB_SERVICE_SESSION_ALIAS}</arg>
<arg>${xrs_web_service_dict}[${e}]</arg>
</arguments>
<assign>
<var>${response}</var>
</assign>
<msg timestamp="20191206 16:20:16.911" level="TRACE">Arguments: [ 'xrs_web_service_session' | 'FormTemplateHeaderWebService.svc' ]</msg>
<msg timestamp="20191206 16:20:16.911" level="INFO">GET Request using : uri=FormTemplateHeaderWebService.svc, params=None, allow_redirects=True, timeout=None
headers={'User-Agent': 'python-requests/2.22.0', 'Accept-Encoding': 'gzip, deflate', 'Accept': '*/*', 'Connection': 'keep-alive'} 
data=None 
json=None</msg>
<msg timestamp="20191206 16:20:17.181" level="DEBUG">https://d3ws.xataxrs.com:443 "GET /FormTemplateHeaderWebService.svc HTTP/1.1" 200 1378</msg>
<msg timestamp="20191206 16:20:17.184" level="DEBUG">GET Response : status=200, reason=OK
&lt;HTML&gt;&lt;HEAD&gt;&lt;link rel="alternate" type="text/xml" href="http://xrs-apigw-ws-2a944cb0887450de.elb.us-east-1.amazonaws.com/FormTemplateHeaderWebService.svc?disco"/&gt;&lt;STYLE type="text/css"&gt;#content{ FONT-SIZE: 0.7em; PADDING-BOTTOM: 2em; MARGIN-LEFT: 30px}BODY{MARGIN-TOP: 0px; MARGIN-LEFT: 0px; COLOR: #000000; FONT-FAMILY: Verdana; BACKGROUND-COLOR: white}P{MARGIN-TOP: 0px; MARGIN-BOTTOM: 12px; COLOR: #000000; FONT-FAMILY: Verdana}PRE{BORDER-RIGHT: #f0f0e0 1px solid; PADDING-RIGHT: 5px; BORDER-TOP: #f0f0e0 1px solid; MARGIN-TOP: -5px; PADDING-LEFT: 5px; FONT-SIZE: 1.2em; PADDING-BOTTOM: 5px; BORDER-LEFT: #f0f0e0 1px solid; PADDING-TOP: 5px; BORDER-BOTTOM: #f0f0e0 1px solid; FONT-FAMILY: Courier New; BACKGROUND-COLOR: #e5e5cc}.heading1{MARGIN-TOP: 0px; PADDING-LEFT: 15px; FONT-WEIGHT: normal; FONT-SIZE: 26px; MARGIN-BOTTOM: 0px; PADDING-BOTTOM: 3px; MARGIN-LEFT: -30px; WIDTH: 100%; COLOR: #ffffff; PADDING-TOP: 10px; FONT-FAMILY: Tahoma; BACKGROUND-COLOR: #003366}.intro{MARGIN-LEFT: -15px}&lt;/STYLE&gt;&lt;TITLE&gt;FormTemplateHeaderWebService Service&lt;/TITLE&gt;&lt;/HEAD&gt;&lt;BODY&gt;&lt;DIV id="content"&gt;&lt;P class="heading1"&gt;FormTemplateHeaderWebService Service&lt;/P&gt;&lt;BR/&gt;&lt;P class="intro"&gt;You have created a service.&lt;P class='intro'&gt;To test this service, you will need to create a client and use it to call the service. You can do this using the svcutil.exe tool from the command line with the following syntax:&lt;/P&gt; &lt;BR/&gt;&lt;PRE&gt;svcutil.exe &lt;A HREF="http://xrs-apigw-ws-2a944cb0887450de.elb.us-east-1.amazonaws.com/FormTemplateHeaderWebService.svc?wsdl"&gt;http://xrs-apigw-ws-2a944cb0887450de.elb.us-east-1.amazonaws.com/FormTemplateHeaderWebService.svc?wsdl&lt;/A&gt;&lt;/PRE&gt;&lt;P&gt;You can also access the service description as a single file:&lt;BR/&gt;&lt;PRE&gt;&lt;A HREF="http://xrs-apigw-ws-2a944cb0887450de.elb.us-east-1.amazonaws.com/FormTemplateHeaderWebService.svc?singleWsdl"&gt;http://xrs-apigw-ws-2a944cb0887450de.elb.us-east-1.amazonaws.com/FormTemplateHeaderWebService.svc?singleWsdl&lt;/A&gt;&lt;/PRE&gt;&lt;/P&gt;&lt;/P&gt;&lt;P class="intro"/&gt;This will generate a configuration file and a code file that contains the client class. Add the two files to your client application and use the generated client class to call the Service. For example:&lt;BR/&gt;&lt;P class='intro'&gt;&lt;B&gt;C#&lt;/B&gt;&lt;/P&gt;&lt;PRE&gt;&lt;font color="blue"&gt;class &lt;/font&gt;&lt;font color="teal"&gt;Test
&lt;/font&gt;{
&lt;font color="blue"&gt;    static void &lt;/font&gt;Main()
    {
        &lt;font color="teal"&gt;FormTemplateHeaderWebServiceClient&lt;/font&gt; client = &lt;font color="blue"&gt;new &lt;/font&gt;&lt;font color="teal"&gt;FormTemplateHeaderWebServiceClient&lt;/font&gt;();

&lt;font color="green"&gt;        // Use the 'client' variable to call operations on the service.

&lt;/font&gt;&lt;font color="green"&gt;        // Always close the client.
&lt;/font&gt;        client.Close();
    }
}
&lt;/PRE&gt;&lt;BR/&gt;&lt;P class='intro'&gt;&lt;B&gt;Visual Basic&lt;/B&gt;&lt;/P&gt;&lt;PRE&gt;&lt;font color="blue"&gt;Class &lt;/font&gt;&lt;font color="teal"&gt;Test
&lt;/font&gt;&lt;font color="blue"&gt;    Shared Sub &lt;/font&gt;Main()
&lt;font color="blue"&gt;        Dim &lt;/font&gt;client As &lt;font color="teal"&gt;FormTemplateHeaderWebServiceClient&lt;/font&gt; = &lt;font color="blue"&gt;New &lt;/font&gt;&lt;font color="teal"&gt;FormTemplateHeaderWebServiceClient&lt;/font&gt;()
&lt;font color="green"&gt;        ' Use the 'client' variable to call operations on the service.

&lt;/font&gt;&lt;font color="green"&gt;        ' Always close the client.
&lt;/font&gt;        client.Close()
&lt;font color="blue"&gt;    End Sub
&lt;/font&gt;&lt;font color="blue"&gt;End Class&lt;/font&gt;&lt;/PRE&gt;&lt;/DIV&gt;&lt;/BODY&gt;&lt;/HTML&gt;</msg>
<msg timestamp="20191206 16:20:17.184" level="TRACE">Return: &lt;Response [200]&gt;</msg>
<msg timestamp="20191206 16:20:17.185" level="INFO">${response} = &lt;Response [200]&gt;</msg>
<status status="PASS" starttime="20191206 16:20:16.911" endtime="20191206 16:20:17.185"></status>
</kw>
<kw name="Should Be Equal As Strings" library="BuiltIn">
<doc>Fails if objects are unequal after converting them to strings.</doc>
<arguments>
<arg>${response.status_code}</arg>
<arg>200</arg>
</arguments>
<msg timestamp="20191206 16:20:17.186" level="TRACE">Arguments: [ 200 | '200' ]</msg>
<msg timestamp="20191206 16:20:17.187" level="INFO">Argument types are:
&lt;class 'int'&gt;
&lt;type 'unicode'&gt;</msg>
<msg timestamp="20191206 16:20:17.188" level="TRACE">Return: None</msg>
<status status="PASS" starttime="20191206 16:20:17.185" endtime="20191206 16:20:17.188"></status>
</kw>
<status status="PASS" starttime="20191206 16:20:16.910" endtime="20191206 16:20:17.188"></status>
</kw>
<kw name="${e} = Message" type="foritem">
<kw name="Get Request" library="RequestsLibrary">
<doc>Send a GET request on the session object found using the
given `alias`</doc>
<arguments>
<arg>${XRS_WEB_SERVICE_SESSION_ALIAS}</arg>
<arg>${xrs_web_service_dict}[${e}]</arg>
</arguments>
<assign>
<var>${response}</var>
</assign>
<msg timestamp="20191206 16:20:17.191" level="TRACE">Arguments: [ 'xrs_web_service_session' | 'MessageWebService.svc' ]</msg>
<msg timestamp="20191206 16:20:17.192" level="INFO">GET Request using : uri=MessageWebService.svc, params=None, allow_redirects=True, timeout=None
headers={'User-Agent': 'python-requests/2.22.0', 'Accept-Encoding': 'gzip, deflate', 'Accept': '*/*', 'Connection': 'keep-alive'} 
data=None 
json=None</msg>
<msg timestamp="20191206 16:20:17.480" level="DEBUG">https://d3ws.xataxrs.com:443 "GET /MessageWebService.svc HTTP/1.1" 200 1364</msg>
<msg timestamp="20191206 16:20:17.481" level="DEBUG">GET Response : status=200, reason=OK
&lt;HTML&gt;&lt;HEAD&gt;&lt;link rel="alternate" type="text/xml" href="http://xrs-apigw-ws-2a944cb0887450de.elb.us-east-1.amazonaws.com/MessageWebService.svc?disco"/&gt;&lt;STYLE type="text/css"&gt;#content{ FONT-SIZE: 0.7em; PADDING-BOTTOM: 2em; MARGIN-LEFT: 30px}BODY{MARGIN-TOP: 0px; MARGIN-LEFT: 0px; COLOR: #000000; FONT-FAMILY: Verdana; BACKGROUND-COLOR: white}P{MARGIN-TOP: 0px; MARGIN-BOTTOM: 12px; COLOR: #000000; FONT-FAMILY: Verdana}PRE{BORDER-RIGHT: #f0f0e0 1px solid; PADDING-RIGHT: 5px; BORDER-TOP: #f0f0e0 1px solid; MARGIN-TOP: -5px; PADDING-LEFT: 5px; FONT-SIZE: 1.2em; PADDING-BOTTOM: 5px; BORDER-LEFT: #f0f0e0 1px solid; PADDING-TOP: 5px; BORDER-BOTTOM: #f0f0e0 1px solid; FONT-FAMILY: Courier New; BACKGROUND-COLOR: #e5e5cc}.heading1{MARGIN-TOP: 0px; PADDING-LEFT: 15px; FONT-WEIGHT: normal; FONT-SIZE: 26px; MARGIN-BOTTOM: 0px; PADDING-BOTTOM: 3px; MARGIN-LEFT: -30px; WIDTH: 100%; COLOR: #ffffff; PADDING-TOP: 10px; FONT-FAMILY: Tahoma; BACKGROUND-COLOR: #003366}.intro{MARGIN-LEFT: -15px}&lt;/STYLE&gt;&lt;TITLE&gt;MessageWebService Service&lt;/TITLE&gt;&lt;/HEAD&gt;&lt;BODY&gt;&lt;DIV id="content"&gt;&lt;P class="heading1"&gt;MessageWebService Service&lt;/P&gt;&lt;BR/&gt;&lt;P class="intro"&gt;You have created a service.&lt;P class='intro'&gt;To test this service, you will need to create a client and use it to call the service. You can do this using the svcutil.exe tool from the command line with the following syntax:&lt;/P&gt; &lt;BR/&gt;&lt;PRE&gt;svcutil.exe &lt;A HREF="http://xrs-apigw-ws-2a944cb0887450de.elb.us-east-1.amazonaws.com/MessageWebService.svc?wsdl"&gt;http://xrs-apigw-ws-2a944cb0887450de.elb.us-east-1.amazonaws.com/MessageWebService.svc?wsdl&lt;/A&gt;&lt;/PRE&gt;&lt;P&gt;You can also access the service description as a single file:&lt;BR/&gt;&lt;PRE&gt;&lt;A HREF="http://xrs-apigw-ws-2a944cb0887450de.elb.us-east-1.amazonaws.com/MessageWebService.svc?singleWsdl"&gt;http://xrs-apigw-ws-2a944cb0887450de.elb.us-east-1.amazonaws.com/MessageWebService.svc?singleWsdl&lt;/A&gt;&lt;/PRE&gt;&lt;/P&gt;&lt;/P&gt;&lt;P class="intro"/&gt;This will generate a configuration file and a code file that contains the client class. Add the two files to your client application and use the generated client class to call the Service. For example:&lt;BR/&gt;&lt;P class='intro'&gt;&lt;B&gt;C#&lt;/B&gt;&lt;/P&gt;&lt;PRE&gt;&lt;font color="blue"&gt;class &lt;/font&gt;&lt;font color="teal"&gt;Test
&lt;/font&gt;{
&lt;font color="blue"&gt;    static void &lt;/font&gt;Main()
    {
        &lt;font color="teal"&gt;MessageWebServiceClient&lt;/font&gt; client = &lt;font color="blue"&gt;new &lt;/font&gt;&lt;font color="teal"&gt;MessageWebServiceClient&lt;/font&gt;();

&lt;font color="green"&gt;        // Use the 'client' variable to call operations on the service.

&lt;/font&gt;&lt;font color="green"&gt;        // Always close the client.
&lt;/font&gt;        client.Close();
    }
}
&lt;/PRE&gt;&lt;BR/&gt;&lt;P class='intro'&gt;&lt;B&gt;Visual Basic&lt;/B&gt;&lt;/P&gt;&lt;PRE&gt;&lt;font color="blue"&gt;Class &lt;/font&gt;&lt;font color="teal"&gt;Test
&lt;/font&gt;&lt;font color="blue"&gt;    Shared Sub &lt;/font&gt;Main()
&lt;font color="blue"&gt;        Dim &lt;/font&gt;client As &lt;font color="teal"&gt;MessageWebServiceClient&lt;/font&gt; = &lt;font color="blue"&gt;New &lt;/font&gt;&lt;font color="teal"&gt;MessageWebServiceClient&lt;/font&gt;()
&lt;font color="green"&gt;        ' Use the 'client' variable to call operations on the service.

&lt;/font&gt;&lt;font color="green"&gt;        ' Always close the client.
&lt;/font&gt;        client.Close()
&lt;font color="blue"&gt;    End Sub
&lt;/font&gt;&lt;font color="blue"&gt;End Class&lt;/font&gt;&lt;/PRE&gt;&lt;/DIV&gt;&lt;/BODY&gt;&lt;/HTML&gt;</msg>
<msg timestamp="20191206 16:20:17.481" level="TRACE">Return: &lt;Response [200]&gt;</msg>
<msg timestamp="20191206 16:20:17.481" level="INFO">${response} = &lt;Response [200]&gt;</msg>
<status status="PASS" starttime="20191206 16:20:17.190" endtime="20191206 16:20:17.481"></status>
</kw>
<kw name="Should Be Equal As Strings" library="BuiltIn">
<doc>Fails if objects are unequal after converting them to strings.</doc>
<arguments>
<arg>${response.status_code}</arg>
<arg>200</arg>
</arguments>
<msg timestamp="20191206 16:20:17.482" level="TRACE">Arguments: [ 200 | '200' ]</msg>
<msg timestamp="20191206 16:20:17.482" level="INFO">Argument types are:
&lt;class 'int'&gt;
&lt;type 'unicode'&gt;</msg>
<msg timestamp="20191206 16:20:17.482" level="TRACE">Return: None</msg>
<status status="PASS" starttime="20191206 16:20:17.481" endtime="20191206 16:20:17.482"></status>
</kw>
<status status="PASS" starttime="20191206 16:20:17.189" endtime="20191206 16:20:17.482"></status>
</kw>
<status status="PASS" starttime="20191206 16:20:16.328" endtime="20191206 16:20:17.482"></status>
</kw>
<msg timestamp="20191206 16:20:17.482" level="TRACE">Return: None</msg>
<status status="PASS" starttime="20191206 16:20:16.327" endtime="20191206 16:20:17.482"></status>
</kw>
<kw name="Verify 200 OK Response From XRS WebServices">
<doc>Validates a 200 response from each xrs webservice</doc>
<arguments>
<arg>${XRS_Performance_Base_URI}</arg>
</arguments>
<msg timestamp="20191206 16:20:17.483" level="TRACE">Arguments: [ ${xrs_web_service_dict}={'Black_Box': 'BlackBoxWebService.svc',
 'Critical_Events': 'CriticalEventWebService.svc',
 'Daily_Detail': 'DailyDetailWebService.svc',
 'Fault_Code': 'FaultCodeWebService.svc',
 'Operation': 'OperationWebService.svc'} ]</msg>
<kw name="Set Variable" library="BuiltIn">
<doc>Returns the given values which can then be assigned to a variables.</doc>
<arguments>
<arg>base_uri</arg>
</arguments>
<assign>
<var>${base_uri}</var>
</assign>
<msg timestamp="20191206 16:20:17.483" level="TRACE">Arguments: [ 'base_uri' ]</msg>
<msg timestamp="20191206 16:20:17.483" level="TRACE">Return: 'base_uri'</msg>
<msg timestamp="20191206 16:20:17.483" level="INFO">${base_uri} = base_uri</msg>
<status status="PASS" starttime="20191206 16:20:17.483" endtime="20191206 16:20:17.483"></status>
</kw>
<kw name="${e} IN [ @{xrs_web_service_dict} ]" type="for">
<kw name="${e} = Black_Box" type="foritem">
<kw name="Get Request" library="RequestsLibrary">
<doc>Send a GET request on the session object found using the
given `alias`</doc>
<arguments>
<arg>${XRS_WEB_SERVICE_SESSION_ALIAS}</arg>
<arg>${xrs_web_service_dict}[${e}]</arg>
</arguments>
<assign>
<var>${response}</var>
</assign>
<msg timestamp="20191206 16:20:17.484" level="TRACE">Arguments: [ 'xrs_web_service_session' | 'BlackBoxWebService.svc' ]</msg>
<msg timestamp="20191206 16:20:17.484" level="INFO">GET Request using : uri=BlackBoxWebService.svc, params=None, allow_redirects=True, timeout=None
headers={'User-Agent': 'python-requests/2.22.0', 'Accept-Encoding': 'gzip, deflate', 'Accept': '*/*', 'Connection': 'keep-alive'} 
data=None 
json=None</msg>
<msg timestamp="20191206 16:20:17.758" level="DEBUG">https://d3ws.xataxrs.com:443 "GET /BlackBoxWebService.svc HTTP/1.1" 200 1366</msg>
<msg timestamp="20191206 16:20:17.760" level="DEBUG">GET Response : status=200, reason=OK
&lt;HTML&gt;&lt;HEAD&gt;&lt;link rel="alternate" type="text/xml" href="http://xrs-apigw-ws-2a944cb0887450de.elb.us-east-1.amazonaws.com/BlackBoxWebService.svc?disco"/&gt;&lt;STYLE type="text/css"&gt;#content{ FONT-SIZE: 0.7em; PADDING-BOTTOM: 2em; MARGIN-LEFT: 30px}BODY{MARGIN-TOP: 0px; MARGIN-LEFT: 0px; COLOR: #000000; FONT-FAMILY: Verdana; BACKGROUND-COLOR: white}P{MARGIN-TOP: 0px; MARGIN-BOTTOM: 12px; COLOR: #000000; FONT-FAMILY: Verdana}PRE{BORDER-RIGHT: #f0f0e0 1px solid; PADDING-RIGHT: 5px; BORDER-TOP: #f0f0e0 1px solid; MARGIN-TOP: -5px; PADDING-LEFT: 5px; FONT-SIZE: 1.2em; PADDING-BOTTOM: 5px; BORDER-LEFT: #f0f0e0 1px solid; PADDING-TOP: 5px; BORDER-BOTTOM: #f0f0e0 1px solid; FONT-FAMILY: Courier New; BACKGROUND-COLOR: #e5e5cc}.heading1{MARGIN-TOP: 0px; PADDING-LEFT: 15px; FONT-WEIGHT: normal; FONT-SIZE: 26px; MARGIN-BOTTOM: 0px; PADDING-BOTTOM: 3px; MARGIN-LEFT: -30px; WIDTH: 100%; COLOR: #ffffff; PADDING-TOP: 10px; FONT-FAMILY: Tahoma; BACKGROUND-COLOR: #003366}.intro{MARGIN-LEFT: -15px}&lt;/STYLE&gt;&lt;TITLE&gt;BlackBoxWebService Service&lt;/TITLE&gt;&lt;/HEAD&gt;&lt;BODY&gt;&lt;DIV id="content"&gt;&lt;P class="heading1"&gt;BlackBoxWebService Service&lt;/P&gt;&lt;BR/&gt;&lt;P class="intro"&gt;You have created a service.&lt;P class='intro'&gt;To test this service, you will need to create a client and use it to call the service. You can do this using the svcutil.exe tool from the command line with the following syntax:&lt;/P&gt; &lt;BR/&gt;&lt;PRE&gt;svcutil.exe &lt;A HREF="http://xrs-apigw-ws-2a944cb0887450de.elb.us-east-1.amazonaws.com/BlackBoxWebService.svc?wsdl"&gt;http://xrs-apigw-ws-2a944cb0887450de.elb.us-east-1.amazonaws.com/BlackBoxWebService.svc?wsdl&lt;/A&gt;&lt;/PRE&gt;&lt;P&gt;You can also access the service description as a single file:&lt;BR/&gt;&lt;PRE&gt;&lt;A HREF="http://xrs-apigw-ws-2a944cb0887450de.elb.us-east-1.amazonaws.com/BlackBoxWebService.svc?singleWsdl"&gt;http://xrs-apigw-ws-2a944cb0887450de.elb.us-east-1.amazonaws.com/BlackBoxWebService.svc?singleWsdl&lt;/A&gt;&lt;/PRE&gt;&lt;/P&gt;&lt;/P&gt;&lt;P class="intro"/&gt;This will generate a configuration file and a code file that contains the client class. Add the two files to your client application and use the generated client class to call the Service. For example:&lt;BR/&gt;&lt;P class='intro'&gt;&lt;B&gt;C#&lt;/B&gt;&lt;/P&gt;&lt;PRE&gt;&lt;font color="blue"&gt;class &lt;/font&gt;&lt;font color="teal"&gt;Test
&lt;/font&gt;{
&lt;font color="blue"&gt;    static void &lt;/font&gt;Main()
    {
        &lt;font color="teal"&gt;BlackBoxWebServiceClient&lt;/font&gt; client = &lt;font color="blue"&gt;new &lt;/font&gt;&lt;font color="teal"&gt;BlackBoxWebServiceClient&lt;/font&gt;();

&lt;font color="green"&gt;        // Use the 'client' variable to call operations on the service.

&lt;/font&gt;&lt;font color="green"&gt;        // Always close the client.
&lt;/font&gt;        client.Close();
    }
}
&lt;/PRE&gt;&lt;BR/&gt;&lt;P class='intro'&gt;&lt;B&gt;Visual Basic&lt;/B&gt;&lt;/P&gt;&lt;PRE&gt;&lt;font color="blue"&gt;Class &lt;/font&gt;&lt;font color="teal"&gt;Test
&lt;/font&gt;&lt;font color="blue"&gt;    Shared Sub &lt;/font&gt;Main()
&lt;font color="blue"&gt;        Dim &lt;/font&gt;client As &lt;font color="teal"&gt;BlackBoxWebServiceClient&lt;/font&gt; = &lt;font color="blue"&gt;New &lt;/font&gt;&lt;font color="teal"&gt;BlackBoxWebServiceClient&lt;/font&gt;()
&lt;font color="green"&gt;        ' Use the 'client' variable to call operations on the service.

[...]
<msg timestamp="20191206 16:20:28.880" level="TRACE">Return: &lt;Response [200]&gt;</msg>
<msg timestamp="20191206 16:20:28.881" level="INFO">${response} = &lt;Response [200]&gt;</msg>
<status status="PASS" starttime="20191206 16:20:27.453" endtime="20191206 16:20:28.881"></status>
</kw>
<msg timestamp="20191206 16:20:28.881" level="TRACE">Return: &lt;Response [200]&gt;</msg>
<msg timestamp="20191206 16:20:28.882" level="INFO">${response} = &lt;Response [200]&gt;</msg>
<status status="PASS" starttime="20191206 16:20:27.452" endtime="20191206 16:20:28.882"></status>
</kw>
<kw name="Should Be Equal As Strings" library="BuiltIn">
<doc>Fails if objects are unequal after converting them to strings.</doc>
<arguments>
<arg>${response.status_code}</arg>
<arg>200</arg>
</arguments>
<msg timestamp="20191206 16:20:28.883" level="TRACE">Arguments: [ 200 | '200' ]</msg>
<msg timestamp="20191206 16:20:28.884" level="INFO">Argument types are:
&lt;class 'int'&gt;
&lt;type 'unicode'&gt;</msg>
<msg timestamp="20191206 16:20:28.884" level="TRACE">Return: None</msg>
<status status="PASS" starttime="20191206 16:20:28.882" endtime="20191206 16:20:28.885"></status>
</kw>
<msg timestamp="20191206 16:20:28.885" level="TRACE">Return: None</msg>
<status status="PASS" starttime="20191206 16:20:27.452" endtime="20191206 16:20:28.885"></status>
</kw>
<doc>Get devices with basic parameters</doc>
<tags>
<tag>awsxrsdevicerestwebservicevalidation</tag>
</tags>
<status status="PASS" starttime="20191206 16:20:26.832" endtime="20191206 16:20:28.887" critical="yes"></status>
</test>
<test id="s1-s2-t6" name="Validate AWS XRS Get Devices REST Web Services Returns 200 OK With Raw String URI">
<kw name="Verify Get Devices Raw String URI With Forward Slash Returns 200 OK">
<doc>Verify that using a '/' in the raw URI string returns 200 OK</doc>
<msg timestamp="20191206 16:20:28.900" level="TRACE">Arguments: [  ]</msg>
<kw name="Get Time" library="BuiltIn">
<doc>Returns the given time in the requested format.</doc>
<arguments>
<arg>year,month,day</arg>
</arguments>
<assign>
<var>${yyyy}</var>
<var>${mm}</var>
<var>${dd}</var>
</assign>
<msg timestamp="20191206 16:20:28.900" level="TRACE">Arguments: [ 'year,month,day' ]</msg>
<msg timestamp="20191206 16:20:28.901" level="TRACE">Return: ['2019', '12', '06']</msg>
<msg timestamp="20191206 16:20:28.901" level="INFO">${yyyy} = 2019</msg>
<msg timestamp="20191206 16:20:28.901" level="INFO">${mm} = 12</msg>
<msg timestamp="20191206 16:20:28.901" level="INFO">${dd} = 06</msg>
<status status="PASS" starttime="20191206 16:20:28.900" endtime="20191206 16:20:28.901"></status>
</kw>
<kw name="Create Dictionary" library="BuiltIn">
<doc>Creates and returns a dictionary based on the given ``items``.</doc>
<arguments>
<arg>OrganizationID=${XRS_GENERAL_INFORMATION.Company.Company_ID}</arg>
<arg>IsActive=True</arg>
<arg>AsOfDateTime=${mm}/${dd}/${yyyy}</arg>
</arguments>
<assign>
<var>&amp;{params}</var>
</assign>
<msg timestamp="20191206 16:20:28.901" level="TRACE">Arguments: [ 'OrganizationID=${XRS_GENERAL_INFORMATION.Company.Company_ID}' | 'IsActive=True' | 'AsOfDateTime=${mm}/${dd}/${yyyy}' ]</msg>
<msg timestamp="20191206 16:20:28.902" level="TRACE">Return: {'AsOfDateTime': '12/06/2019', 'IsActive': 'True', 'OrganizationID': 46663}</msg>
<msg timestamp="20191206 16:20:28.902" level="INFO">&amp;{params} = { OrganizationID=46663 | IsActive=True | AsOfDateTime=12/06/2019 }</msg>
<status status="PASS" starttime="20191206 16:20:28.901" endtime="20191206 16:20:28.902"></status>
</kw>
<kw name="Set Variable" library="BuiltIn">
<doc>Returns the given values which can then be assigned to a variables.</doc>
<arguments>
<arg>${XRS_Entity_Management_Base_URI.Device}${ENTITY_MANAGEMENT_WEBSERVICE_POST_PUT_GET_DEVICES}/?OrganizationID=${params.OrganizationID}&amp;IsActive=${params.IsActive}&amp;AsOfDateTime=${params.AsOfDateTime}</arg>
</arguments>
<assign>
<var>${uri}</var>
</assign>
<msg timestamp="20191206 16:20:28.903" level="TRACE">Arguments: [ 'DeviceWebService.svc/devices/?OrganizationID=46663&amp;IsActive=True&amp;AsOfDateTime=12/06/2019' ]</msg>
<msg timestamp="20191206 16:20:28.903" level="TRACE">Return: 'DeviceWebService.svc/devices/?OrganizationID=46663&amp;IsActive=True&amp;AsOfDateTime=12/06/2019'</msg>
<msg timestamp="20191206 16:20:28.904" level="INFO">${uri} = DeviceWebService.svc/devices/?OrganizationID=46663&amp;IsActive=True&amp;AsOfDateTime=12/06/2019</msg>
<status status="PASS" starttime="20191206 16:20:28.902" endtime="20191206 16:20:28.904"></status>
</kw>
<kw name="Get Request" library="RequestsLibrary">
<doc>Send a GET request on the session object found using the
given `alias`</doc>
<arguments>
<arg>${XRS_WEB_SERVICE_SESSION_ALIAS}</arg>
<arg>${uri}</arg>
<arg>headers=${XRS_WEBSERVICES_JSON_HEADER}</arg>
</arguments>
<assign>
<var>${response}</var>
</assign>
<msg timestamp="20191206 16:20:28.904" level="TRACE">Arguments: [ 'xrs_web_service_session' | 'DeviceWebService.svc/devices/?OrganizationID=46663&amp;IsActive=True&amp;AsOfDateTime=12/06/2019' | headers={'Accept': 'application/json',
 'Accept-Encoding': 'gzip, deflate',
 'Content-Type': 'application/json'} ]</msg>
<msg timestamp="20191206 16:20:28.904" level="INFO">GET Request using : uri=DeviceWebService.svc/devices/?OrganizationID=46663&amp;IsActive=True&amp;AsOfDateTime=12/06/2019, params=None, allow_redirects=True, timeout=None
headers={'User-Agent': 'python-requests/2.22.0', 'Accept-Encoding': 'gzip, deflate', 'Accept': 'application/json', 'Connection': 'keep-alive', 'Content-Type': 'application/json'} 
data=None 
json=None</msg>
<msg timestamp="20191206 16:20:29.522" level="DEBUG">https://d3ws.xataxrs.com:443 "GET /DeviceWebService.svc/devices/?OrganizationID=46663&amp;IsActive=True&amp;AsOfDateTime=12/06/2019 HTTP/1.1" 200 726</msg>
<msg timestamp="20191206 16:20:29.523" level="DEBUG">GET Response : status=200, reason=OK
[{"BelongsToDeviceResourceGroups":["Gnome Shipping D3"],"BluetoothAddress":"00:00:00:00:00:00","CarrierDisplayName":"Sprint","CompanyName":"Gnome Shipping D3","CreateDate":"12\/6\/2019 10:20:25 PM","Description":"Test Device 1","DeviceType":"Other - Android","FixedDisplay":"False","IsChanged":"False","LastCommunication":"","LastDriverID":"","LastDriverName":"","LastVehicleID":"","ModifiedBy":"5412","ModifiedDate":"12\/6\/2019 10:20:27 PM","OrganizationID":"46663","OrganizationName":"Gnome Shipping D3","PhoneNumber":"1201201212","SendInstallLink":"False","Status":"Active","StoreGNISFileOnMobile":"False","UserDefinedField1":"","UserDefinedField2":"","UserDefinedField3":"","UserDefinedField4":"","UserDefinedField5":""}]</msg>
<msg timestamp="20191206 16:20:29.523" level="TRACE">Return: &lt;Response [200]&gt;</msg>
<msg timestamp="20191206 16:20:29.523" level="INFO">${response} = &lt;Response [200]&gt;</msg>
<status status="PASS" starttime="20191206 16:20:28.904" endtime="20191206 16:20:29.523"></status>
</kw>
<kw name="Should Be Equal As Strings" library="BuiltIn">
<doc>Fails if objects are unequal after converting them to strings.</doc>
<arguments>
<arg>${response.status_code}</arg>
<arg>200</arg>
</arguments>
<msg timestamp="20191206 16:20:29.525" level="TRACE">Arguments: [ 200 | '200' ]</msg>
<msg timestamp="20191206 16:20:29.525" level="INFO">Argument types are:
&lt;class 'int'&gt;
&lt;type 'unicode'&gt;</msg>
<msg timestamp="20191206 16:20:29.525" level="TRACE">Return: None</msg>
<status status="PASS" starttime="20191206 16:20:29.524" endtime="20191206 16:20:29.525"></status>
</kw>
<msg timestamp="20191206 16:20:29.525" level="TRACE">Return: None</msg>
<status status="PASS" starttime="20191206 16:20:28.899" endtime="20191206 16:20:29.526"></status>
</kw>
<kw name="Verify Get Devices Raw String URI Without Forward Slash Returns 200 OK">
<doc>Verify that not using a '/' in the raw URI string returns 200 OK</doc>
<msg timestamp="20191206 16:20:29.527" level="TRACE">Arguments: [  ]</msg>
<kw name="Get Time" library="BuiltIn">
<doc>Returns the given time in the requested format.</doc>
<arguments>
<arg>year,month,day</arg>
</arguments>
<assign>
<var>${yyyy}</var>
<var>${mm}</var>
<var>${dd}</var>
</assign>
<msg timestamp="20191206 16:20:29.528" level="TRACE">Arguments: [ 'year,month,day' ]</msg>
<msg timestamp="20191206 16:20:29.528" level="TRACE">Return: ['2019', '12', '06']</msg>
<msg timestamp="20191206 16:20:29.529" level="INFO">${yyyy} = 2019</msg>
<msg timestamp="20191206 16:20:29.529" level="INFO">${mm} = 12</msg>
<msg timestamp="20191206 16:20:29.529" level="INFO">${dd} = 06</msg>
<status status="PASS" starttime="20191206 16:20:29.527" endtime="20191206 16:20:29.529"></status>
</kw>
<kw name="Create Dictionary" library="BuiltIn">
<doc>Creates and returns a dictionary based on the given ``items``.</doc>
<arguments>
<arg>OrganizationID=${XRS_GENERAL_INFORMATION.Company.Company_ID}</arg>
<arg>IsActive=True</arg>
<arg>AsOfDateTime=${mm}/${dd}/${yyyy}</arg>
</arguments>
<assign>
<var>&amp;{params}</var>
</assign>
<msg timestamp="20191206 16:20:29.530" level="TRACE">Arguments: [ 'OrganizationID=${XRS_GENERAL_INFORMATION.Company.Company_ID}' | 'IsActive=True' | 'AsOfDateTime=${mm}/${dd}/${yyyy}' ]</msg>
<msg timestamp="20191206 16:20:29.531" level="TRACE">Return: {'AsOfDateTime': '12/06/2019', 'IsActive': 'True', 'OrganizationID': 46663}</msg>
<msg timestamp="20191206 16:20:29.531" level="INFO">&amp;{params} = { OrganizationID=46663 | IsActive=True | AsOfDateTime=12/06/2019 }</msg>
<status status="PASS" starttime="20191206 16:20:29.529" endtime="20191206 16:20:29.531"></status>
</kw>
<kw name="Set Variable" library="BuiltIn">
<doc>Returns the given values which can then be assigned to a variables.</doc>
<arguments>
<arg>${XRS_Entity_Management_Base_URI.Device}${ENTITY_MANAGEMENT_WEBSERVICE_POST_PUT_GET_DEVICES}?OrganizationID=${params.OrganizationID}&amp;IsActive=${params.IsActive}&amp;AsOfDateTime=${params.AsOfDateTime}</arg>
</arguments>
<assign>
<var>${uri}</var>
</assign>
<msg timestamp="20191206 16:20:29.534" level="TRACE">Arguments: [ 'DeviceWebService.svc/devices?OrganizationID=46663&amp;IsActive=True&amp;AsOfDateTime=12/06/2019' ]</msg>
<msg timestamp="20191206 16:20:29.535" level="TRACE">Return: 'DeviceWebService.svc/devices?OrganizationID=46663&amp;IsActive=True&amp;AsOfDateTime=12/06/2019'</msg>
<msg timestamp="20191206 16:20:29.535" level="INFO">${uri} = DeviceWebService.svc/devices?OrganizationID=46663&amp;IsActive=True&amp;AsOfDateTime=12/06/2019</msg>
<status status="PASS" starttime="20191206 16:20:29.532" endtime="20191206 16:20:29.535"></status>
</kw>
<kw name="Get Request" library="RequestsLibrary">
<doc>Send a GET request on the session object found using the
given `alias`</doc>
<arguments>
<arg>${XRS_WEB_SERVICE_SESSION_ALIAS}</arg>
<arg>${uri}</arg>
<arg>headers=${XRS_WEBSERVICES_JSON_HEADER}</arg>
</arguments>
<assign>
<var>${response}</var>
</assign>
<msg timestamp="20191206 16:20:29.537" level="TRACE">Arguments: [ 'xrs_web_service_session' | 'DeviceWebService.svc/devices?OrganizationID=46663&amp;IsActive=True&amp;AsOfDateTime=12/06/2019' | headers={'Accept': 'application/json',
 'Accept-Encoding': 'gzip, deflate',
 'Content-Type': 'application/json'} ]</msg>
<msg timestamp="20191206 16:20:29.537" level="INFO">GET Request using : uri=DeviceWebService.svc/devices?OrganizationID=46663&amp;IsActive=True&amp;AsOfDateTime=12/06/2019, params=None, allow_redirects=True, timeout=None
headers={'User-Agent': 'python-requests/2.22.0', 'Accept-Encoding': 'gzip, deflate', 'Accept': 'application/json', 'Connection': 'keep-alive', 'Content-Type': 'application/json'} 
data=None 
json=None</msg>
<msg timestamp="20191206 16:20:30.118" level="DEBUG">https://d3ws.xataxrs.com:443 "GET /DeviceWebService.svc/devices?OrganizationID=46663&amp;IsActive=True&amp;AsOfDateTime=12/06/2019 HTTP/1.1" 200 726</msg>
<msg timestamp="20191206 16:20:30.119" level="DEBUG">GET Response : status=200, reason=OK
[{"BelongsToDeviceResourceGroups":["Gnome Shipping D3"],"BluetoothAddress":"00:00:00:00:00:00","CarrierDisplayName":"Sprint","CompanyName":"Gnome Shipping D3","CreateDate":"12\/6\/2019 10:20:25 PM","Description":"Test Device 1","DeviceType":"Other - Android","FixedDisplay":"False","IsChanged":"False","LastCommunication":"","LastDriverID":"","LastDriverName":"","LastVehicleID":"","ModifiedBy":"5412","ModifiedDate":"12\/6\/2019 10:20:27 PM","OrganizationID":"46663","OrganizationName":"Gnome Shipping D3","PhoneNumber":"1201201212","SendInstallLink":"False","Status":"Active","StoreGNISFileOnMobile":"False","UserDefinedField1":"","UserDefinedField2":"","UserDefinedField3":"","UserDefinedField4":"","UserDefinedField5":""}]</msg>
<msg timestamp="20191206 16:20:30.119" level="TRACE">Return: &lt;Response [200]&gt;</msg>
<msg timestamp="20191206 16:20:30.119" level="INFO">${response} = &lt;Response [200]&gt;</msg>
<status status="PASS" starttime="20191206 16:20:29.536" endtime="20191206 16:20:30.119"></status>
</kw>
<kw name="Should Be Equal As Strings" library="BuiltIn">
<doc>Fails if objects are unequal after converting them to strings.</doc>
<arguments>
<arg>${response.status_code}</arg>
<arg>200</arg>
</arguments>
<msg timestamp="20191206 16:20:30.120" level="TRACE">Arguments: [ 200 | '200' ]</msg>
<msg timestamp="20191206 16:20:30.121" level="INFO">Argument types are:
&lt;class 'int'&gt;
&lt;type 'unicode'&gt;</msg>
<msg timestamp="20191206 16:20:30.121" level="TRACE">Return: None</msg>
<status status="PASS" starttime="20191206 16:20:30.120" endtime="20191206 16:20:30.121"></status>
</kw>
<msg timestamp="20191206 16:20:30.121" level="TRACE">Return: None</msg>
<status status="PASS" starttime="20191206 16:20:29.526" endtime="20191206 16:20:30.121"></status>
</kw>
<doc>Get devices with basic parameters using a raw URI string</doc>
<tags>
<tag>awsxrsdevicerestwebservicevalidation</tag>
</tags>
<status status="PASS" starttime="20191206 16:20:28.891" endtime="20191206 16:20:30.122" critical="yes"></status>
</test>
<test id="s1-s2-t7" name="Validate AWS XRS Delete Device REST Web Services Returns 200 OK">
<kw name="Delete Device With Phone Number" library="Device">
<doc>This will delete device information for a particular device using the phone number</doc>
<arguments>
<arg>${XRS_WEB_SERVICES_TEST_DEVICE_1.PhoneNumber}</arg>
</arguments>
<assign>
<var>${response}</var>
</assign>
<msg timestamp="20191206 16:20:30.127" level="TRACE">Arguments: [ ${phone_number}=1201201212 ]</msg>
<kw name="Set Variable" library="BuiltIn">
<doc>Returns the given values which can then be assigned to a variables.</doc>
<arguments>
<arg>${XRS_Entity_Management_Base_URI.Device}${ENTITY_MANAGEMENT_WEBSERVICE_GET_DELETE_DEVICE_WITH_NUMBER}/${phone_number}</arg>
</arguments>
<assign>
<var>${uri}</var>
</assign>
<msg timestamp="20191206 16:20:30.128" level="TRACE">Arguments: [ 'DeviceWebService.svc/device/1201201212' ]</msg>
<msg timestamp="20191206 16:20:30.128" level="TRACE">Return: 'DeviceWebService.svc/device/1201201212'</msg>
<msg timestamp="20191206 16:20:30.128" level="INFO">${uri} = DeviceWebService.svc/device/1201201212</msg>
<status status="PASS" starttime="20191206 16:20:30.127" endtime="20191206 16:20:30.128"></status>
</kw>
<kw name="Delete Request" library="RequestsLibrary">
<doc>Send a DELETE request on the session object found using the
given `alias`</doc>
<arguments>
<arg>${XRS_WEB_SERVICE_SESSION_ALIAS}</arg>
<arg>${uri}</arg>
<arg>headers=${XRS_WEBSERVICES_JSON_HEADER}</arg>
</arguments>
<assign>
<var>${response}</var>
</assign>
<msg timestamp="20191206 16:20:30.129" level="TRACE">Arguments: [ 'xrs_web_service_session' | 'DeviceWebService.svc/device/1201201212' | headers={'Accept': 'application/json',
 'Accept-Encoding': 'gzip, deflate',
 'Content-Type': 'application/json'} ]</msg>
<msg timestamp="20191206 16:20:30.130" level="INFO">DELETE Request using : uri=DeviceWebService.svc/device/1201201212, params=None, allow_redirects=True, timeout=None
headers={'User-Agent': 'python-requests/2.22.0', 'Accept-Encoding': 'gzip, deflate', 'Accept': 'application/json', 'Connection': 'keep-alive', 'Content-Type': 'application/json'} 
data=None 
json=None</msg>
<msg timestamp="20191206 16:20:30.946" level="DEBUG">https://d3ws.xataxrs.com:443 "DELETE /DeviceWebService.svc/device/1201201212 HTTP/1.1" 200 153</msg>
<msg timestamp="20191206 16:20:30.947" level="DEBUG">DELETE Response : status=200, reason=OK
{"Caption":"Deleted.","Code":"200","Description":"Device deleted successfully.","Id":"1201201212","ObjectName":"Device","SID":0,"Title":"DeviceDeleted."}</msg>
<msg timestamp="20191206 16:20:30.947" level="TRACE">Return: &lt;Response [200]&gt;</msg>
<msg timestamp="20191206 16:20:30.947" level="INFO">${response} = &lt;Response [200]&gt;</msg>
<status status="PASS" starttime="20191206 16:20:30.129" endtime="20191206 16:20:30.947"></status>
</kw>
<msg timestamp="20191206 16:20:30.948" level="TRACE">Return: &lt;Response [200]&gt;</msg>
<msg timestamp="20191206 16:20:30.948" level="INFO">${response} = &lt;Response [200]&gt;</msg>
<status status="PASS" starttime="20191206 16:20:30.126" endtime="20191206 16:20:30.948"></status>
</kw>
<kw name="Should Be Equal As Strings" library="BuiltIn">
<doc>Fails if objects are unequal after converting them to strings.</doc>
<arguments>
<arg>${response.status_code}</arg>
<arg>200</arg>
</arguments>
<msg timestamp="20191206 16:20:30.949" level="TRACE">Arguments: [ 200 | '200' ]</msg>
<msg timestamp="20191206 16:20:30.949" level="INFO">Argument types are:
&lt;class 'int'&gt;
&lt;type 'unicode'&gt;</msg>
<msg timestamp="20191206 16:20:30.949" level="TRACE">Return: None</msg>
<status status="PASS" starttime="20191206 16:20:30.949" endtime="20191206 16:20:30.949"></status>
</kw>
<doc>Verifies that created device is deleted</doc>
<tags>
<tag>awsxrsdevicerestwebservicevalidation</tag>
</tags>
<status status="PASS" starttime="20191206 16:20:30.125" endtime="20191206 16:20:30.950" critical="yes"></status>
</test>
<kw name="Delete All Sessions" library="RequestsLibrary" type="teardown">
<doc>Removes all the session objects</doc>
<msg timestamp="20191206 16:20:30.954" level="TRACE">Arguments: [  ]</msg>
<msg timestamp="20191206 16:20:30.954" level="INFO">Delete All Sessions</msg>
<msg timestamp="20191206 16:20:30.954" level="TRACE">Return: None</msg>
<status status="PASS" starttime="20191206 16:20:30.954" endtime="20191206 16:20:30.954"></status>
</kw>
<doc>Fundamental suite to test XRS AWS Device Entity Management Web Services</doc>
<status status="PASS" starttime="20191206 16:20:23.561" endtime="20191206 16:20:30.954"></status>
</suite>
<status status="PASS" starttime="20191206 16:20:13.186" endtime="20191206 16:20:30.960"></status>
</suite>
<statistics>
<total>
<stat pass="8" fail="0">Critical Tests</stat>
<stat pass="8" fail="0">All Tests</stat>
</total>
<tag>
<stat pass="7" fail="0">awsxrsdevicerestwebservicevalidation</stat>
<stat pass="1" fail="0">postdevice</stat>
<stat pass="1" fail="0">xrsawswebservicevalidation</stat>
</tag>
<suite>
<stat pass="8" fail="0" id="s1" name="AWS XRS WebServicesTests">AWS XRS WebServicesTests</stat>
<stat pass="1" fail="0" id="s1-s1" name="ValidateAWSXRSWebServices">AWS XRS WebServicesTests.ValidateAWSXRSWebServices</stat>
<stat pass="7" fail="0" id="s1-s2" name="ValidateAWSXRSDeviceWebServices">AWS XRS WebServicesTests.ValidateAWSXRSDeviceWebServices</stat>
</suite>
</statistics>
<errors>
</errors>
</robot>
