<?xml version="1.0" encoding="UTF-8"?>
<robot generator="Robot 3.1.2 (Python 3.8.0 on win32)" generated="20191220 13:04:53.070" rpa="false">
<suite id="s1" name="Tests" source="C:\Users\kstine\git\aws-api-gateway-tests\Tests">
<suite id="s1-s1" name="AWS XRS WebServicesTests" source="C:\Users\kstine\git\aws-api-gateway-tests\Tests\AWS_XRS_WebServicesTests">
<suite id="s1-s1-s1" name="ValidateAWSXRSDeviceWebServices" source="C:\Users\kstine\git\aws-api-gateway-tests\Tests\AWS_XRS_WebServicesTests\01__ValidateAWSXRSDeviceWebServices.robot">
<kw name="Run Keywords" library="BuiltIn" type="setup">
<doc>Executes all the given keywords in a sequence.</doc>
<arguments>
<arg>Create AWS XRS Web Services Session</arg>
<arg>AND</arg>
<arg>Test Data Setup For XRS AWS Device Web Service Test Suite</arg>
</arguments>
<msg timestamp="20191220 13:04:53.297" level="TRACE">Arguments: [ 'Create AWS XRS Web Services Session' | 'AND' | 'Test Data Setup For XRS AWS Device Web Service Test Suite' ]</msg>
<kw name="Create AWS XRS Web Services Session" library="XRSCommonWebService">
<doc>Create a session with aws xrs web services</doc>
<msg timestamp="20191220 13:04:53.297" level="TRACE">Arguments: [  ]</msg>
<kw name="Create Session" library="RequestsLibrary">
<doc>Create Session: create a HTTP session to a server</doc>
<arguments>
<arg>${XRS_WEB_SERVICE_SESSION_ALIAS}</arg>
<arg>${XRS_AWS_WEBSERVICES_URL}[${XRS_HOST_ENVIRONMENT}]</arg>
<arg>verify=True</arg>
<arg>auth=${XRS_WEBSERVICES_AUTHORIZATION}</arg>
</arguments>
<msg timestamp="20191220 13:04:53.298" level="TRACE">Arguments: [ 'xrs_web_service_session' | 'https://d3ws.xataxrs.com' | verify=True | auth=['GnomeShippingD3|admin', 'xrs123'] ]</msg>
<msg timestamp="20191220 13:04:53.298" level="INFO">Creating Session using : alias=xrs_web_service_session, url=https://d3ws.xataxrs.com, headers={},                     cookies={}, auth=&lt;requests.auth.HTTPBasicAuth object at 0x00000217C145DE50&gt;, timeout=None, proxies=None, verify=True,                     debug=0 </msg>
<msg timestamp="20191220 13:04:53.298" level="DEBUG">Creating session: xrs_web_service_session</msg>
<msg timestamp="20191220 13:04:53.298" level="DEBUG">Argument types are:
&lt;class 'bool'&gt;</msg>
<msg timestamp="20191220 13:04:53.298" level="TRACE">Return: &lt;requests.sessions.Session object at 0x00000217C145DFD0&gt;</msg>
<status status="PASS" starttime="20191220 13:04:53.298" endtime="20191220 13:04:53.298"></status>
</kw>
<msg timestamp="20191220 13:04:53.298" level="TRACE">Return: None</msg>
<status status="PASS" starttime="20191220 13:04:53.297" endtime="20191220 13:04:53.299"></status>
</kw>
<kw name="Test Data Setup For XRS AWS Device Web Service Test Suite">
<doc>Keyword for setting up suite variables for AWS Device Web Service Tests.</doc>
<msg timestamp="20191220 13:04:53.299" level="TRACE">Arguments: [  ]</msg>
<kw name="Create Dictionary" library="BuiltIn">
<doc>Creates and returns a dictionary based on the given ``items``.</doc>
<arguments>
<arg>CarrierDisplayName=${XRS_WEB_SERVICES_TEST_DEVICE_1.CarrierDisplayName}</arg>
<arg>Description=${XRS_WEB_SERVICES_TEST_DEVICE_1.Description}</arg>
<arg>DeviceType=${XRS_WEB_SERVICES_TEST_DEVICE_1.DeviceType}</arg>
<arg>FixedDisplay=${XRS_WEB_SERVICES_TEST_DEVICE_1.FixedDisplay}</arg>
<arg>OrganizationID=${XRS_GENERAL_INFORMATION.Company.Company_ID}</arg>
<arg>PhoneNumber=${XRS_WEB_SERVICES_TEST_DEVICE_1.PhoneNumber}</arg>
<arg>SendInstallLink=${XRS_WEB_SERVICES_TEST_DEVICE_1.SendInstallLink}</arg>
<arg>Status=${XRS_WEB_SERVICES_TEST_DEVICE_1.Status}</arg>
</arguments>
<assign>
<var>&amp;{XRS_AWS_WEBSERVICE_POST_TEST_DEVICE_1_DICT}</var>
</assign>
<msg timestamp="20191220 13:04:53.299" level="TRACE">Arguments: [ 'CarrierDisplayName=${XRS_WEB_SERVICES_TEST_DEVICE_1.CarrierDisplayName}' | 'Description=${XRS_WEB_SERVICES_TEST_DEVICE_1.Description}' | 'DeviceType=${XRS_WEB_SERVICES_TEST_DEVICE_1.DeviceType}' | 'FixedDisplay=${XRS_WEB_SERVICES_TEST_DEVICE_1.FixedDisplay}' | 'OrganizationID=${XRS_GENERAL_INFORMATION.Company.Company_ID}' | 'PhoneNumber=${XRS_WEB_SERVICES_TEST_DEVICE_1.PhoneNumber}' | 'SendInstallLink=${XRS_WEB_SERVICES_TEST_DEVICE_1.SendInstallLink}' | 'Status=${XRS_WEB_SERVICES_TEST_DEVICE_1.Status}' ]</msg>
<msg timestamp="20191220 13:04:53.300" level="TRACE">Return: {'CarrierDisplayName': 'Sprint',
 'Description': 'Test Device 1',
 'DeviceType': 'Other - Android',
 'FixedDisplay': False,
 'OrganizationID': 46663,
 'PhoneNumber': 1201201212,
 'SendInstallLink': False,
 'Status': 'Active'}</msg>
<msg timestamp="20191220 13:04:53.300" level="INFO">&amp;{XRS_AWS_WEBSERVICE_POST_TEST_DEVICE_1_DICT} = { CarrierDisplayName=Sprint | Description=Test Device 1 | DeviceType=Other - Android | FixedDisplay=False | OrganizationID=46663 | PhoneNumber=1201201212 | SendInstallLink=False | Status=Active }</msg>
<status status="PASS" starttime="20191220 13:04:53.299" endtime="20191220 13:04:53.300"></status>
</kw>
<kw name="Create List" library="BuiltIn">
<doc>Returns a list containing given items.</doc>
<arguments>
<arg>${XRS_AWS_WEBSERVICE_POST_TEST_DEVICE_1_DICT}</arg>
</arguments>
<assign>
<var>@{XRS_AWS_WEBSERVICE_POST_TEST_DEVICE_LIST}</var>
</assign>
<msg timestamp="20191220 13:04:53.301" level="TRACE">Arguments: [ {'CarrierDisplayName': 'Sprint',
 'Description': 'Test Device 1',
 'DeviceType': 'Other - Android',
 'FixedDisplay': False,
 'OrganizationID': 46663,
 'PhoneNumber': 1201201212,
 'SendInstallLink': False,
 'Status': 'Active'} ]</msg>
<msg timestamp="20191220 13:04:53.301" level="TRACE">Return: [{'CarrierDisplayName': 'Sprint',
  'Description': 'Test Device 1',
  'DeviceType': 'Other - Android',
  'FixedDisplay': False,
  'OrganizationID': 46663,
  'PhoneNumber': 1201201212,
  'SendInstallLink': False,
  'Status': 'Active'}]</msg>
<msg timestamp="20191220 13:04:53.301" level="INFO">@{XRS_AWS_WEBSERVICE_POST_TEST_DEVICE_LIST} = [ {'CarrierDisplayName': 'Sprint', 'Description': 'Test Device 1', 'DeviceType': 'Other - Android', 'FixedDisplay': False, 'OrganizationID': 46663, 'PhoneNumber': 1201201212, 'SendInstallLink': False,...</msg>
<status status="PASS" starttime="20191220 13:04:53.301" endtime="20191220 13:04:53.301"></status>
</kw>
<kw name="Set Suite Variable" library="BuiltIn">
<doc>Makes a variable available everywhere within the scope of the current suite.</doc>
<arguments>
<arg>@{XRS_AWS_WEBSERVICE_POST_TEST_DEVICE_LIST}</arg>
</arguments>
<msg timestamp="20191220 13:04:53.301" level="TRACE">Arguments: [ '@{XRS_AWS_WEBSERVICE_POST_TEST_DEVICE_LIST}' ]</msg>
<msg timestamp="20191220 13:04:53.301" level="INFO">@{XRS_AWS_WEBSERVICE_POST_TEST_DEVICE_LIST} = [ {'CarrierDisplayName': 'Sprint', 'Description': 'Test Device 1', 'DeviceType': 'Other - Android', 'FixedDisplay': False, 'OrganizationID': 46663, 'PhoneNumber': 1201201212, 'SendInstallLink': False,...</msg>
<msg timestamp="20191220 13:04:53.302" level="TRACE">Return: None</msg>
<status status="PASS" starttime="20191220 13:04:53.301" endtime="20191220 13:04:53.302"></status>
</kw>
<kw name="Create Dictionary" library="BuiltIn">
<doc>Creates and returns a dictionary based on the given ``items``.</doc>
<arguments>
<arg>CarrierDisplayName=${XRS_WEB_SERVICES_TEST_DEVICE_1.CarrierDisplayName}</arg>
<arg>Description=This has changed.</arg>
<arg>DeviceType=${XRS_WEB_SERVICES_TEST_DEVICE_1.DeviceType}</arg>
<arg>FixedDisplay=${XRS_WEB_SERVICES_TEST_DEVICE_1.FixedDisplay}</arg>
<arg>OrganizationID=${XRS_GENERAL_INFORMATION.Company.Company_ID}</arg>
<arg>PhoneNumber=${XRS_WEB_SERVICES_TEST_DEVICE_1.PhoneNumber}</arg>
<arg>SendInstallLink=${XRS_WEB_SERVICES_TEST_DEVICE_1.SendInstallLink}</arg>
<arg>Status=${XRS_WEB_SERVICES_TEST_DEVICE_1.Status}</arg>
</arguments>
<assign>
<var>&amp;{XRS_AWS_WEBSERVICE_PUT_TEST_DEVICE_1_DICT}</var>
</assign>
<msg timestamp="20191220 13:04:53.302" level="TRACE">Arguments: [ 'CarrierDisplayName=${XRS_WEB_SERVICES_TEST_DEVICE_1.CarrierDisplayName}' | 'Description=This has changed.' | 'DeviceType=${XRS_WEB_SERVICES_TEST_DEVICE_1.DeviceType}' | 'FixedDisplay=${XRS_WEB_SERVICES_TEST_DEVICE_1.FixedDisplay}' | 'OrganizationID=${XRS_GENERAL_INFORMATION.Company.Company_ID}' | 'PhoneNumber=${XRS_WEB_SERVICES_TEST_DEVICE_1.PhoneNumber}' | 'SendInstallLink=${XRS_WEB_SERVICES_TEST_DEVICE_1.SendInstallLink}' | 'Status=${XRS_WEB_SERVICES_TEST_DEVICE_1.Status}' ]</msg>
<msg timestamp="20191220 13:04:53.304" level="TRACE">Return: {'CarrierDisplayName': 'Sprint',
 'Description': 'This has changed.',
 'DeviceType': 'Other - Android',
 'FixedDisplay': False,
 'OrganizationID': 46663,
 'PhoneNumber': 1201201212,
 'SendInstallLink': False,
 'Status': 'Active'}</msg>
<msg timestamp="20191220 13:04:53.304" level="INFO">&amp;{XRS_AWS_WEBSERVICE_PUT_TEST_DEVICE_1_DICT} = { CarrierDisplayName=Sprint | Description=This has changed. | DeviceType=Other - Android | FixedDisplay=False | OrganizationID=46663 | PhoneNumber=1201201212 | SendInstallLink=False | Status=Active }</msg>
<status status="PASS" starttime="20191220 13:04:53.302" endtime="20191220 13:04:53.304"></status>
</kw>
<kw name="Create List" library="BuiltIn">
<doc>Returns a list containing given items.</doc>
<arguments>
<arg>${XRS_AWS_WEBSERVICE_PUT_TEST_DEVICE_1_DICT}</arg>
</arguments>
<assign>
<var>@{XRS_AWS_WEBSERVICE_PUT_TEST_DEVICE_LIST}</var>
</assign>
<msg timestamp="20191220 13:04:53.305" level="TRACE">Arguments: [ {'CarrierDisplayName': 'Sprint',
 'Description': 'This has changed.',
 'DeviceType': 'Other - Android',
 'FixedDisplay': False,
 'OrganizationID': 46663,
 'PhoneNumber': 1201201212,
 'SendInstallLink': False,
 'Status': 'Active'} ]</msg>
<msg timestamp="20191220 13:04:53.305" level="TRACE">Return: [{'CarrierDisplayName': 'Sprint',
  'Description': 'This has changed.',
  'DeviceType': 'Other - Android',
  'FixedDisplay': False,
  'OrganizationID': 46663,
  'PhoneNumber': 1201201212,
  'SendInstallLink': False,
  'Status': 'Active'}]</msg>
<msg timestamp="20191220 13:04:53.305" level="INFO">@{XRS_AWS_WEBSERVICE_PUT_TEST_DEVICE_LIST} = [ {'CarrierDisplayName': 'Sprint', 'Description': 'This has changed.', 'DeviceType': 'Other - Android', 'FixedDisplay': False, 'OrganizationID': 46663, 'PhoneNumber': 1201201212, 'SendInstallLink': Fa...</msg>
<status status="PASS" starttime="20191220 13:04:53.304" endtime="20191220 13:04:53.305"></status>
</kw>
<kw name="Set Suite Variable" library="BuiltIn">
<doc>Makes a variable available everywhere within the scope of the current suite.</doc>
<arguments>
<arg>@{XRS_AWS_WEBSERVICE_PUT_TEST_DEVICE_LIST}</arg>
</arguments>
<msg timestamp="20191220 13:04:53.305" level="TRACE">Arguments: [ '@{XRS_AWS_WEBSERVICE_PUT_TEST_DEVICE_LIST}' ]</msg>
<msg timestamp="20191220 13:04:53.306" level="INFO">@{XRS_AWS_WEBSERVICE_PUT_TEST_DEVICE_LIST} = [ {'CarrierDisplayName': 'Sprint', 'Description': 'This has changed.', 'DeviceType': 'Other - Android', 'FixedDisplay': False, 'OrganizationID': 46663, 'PhoneNumber': 1201201212, 'SendInstallLink': Fa...</msg>
<msg timestamp="20191220 13:04:53.306" level="TRACE">Return: None</msg>
<status status="PASS" starttime="20191220 13:04:53.305" endtime="20191220 13:04:53.306"></status>
</kw>
<msg timestamp="20191220 13:04:53.306" level="TRACE">Return: None</msg>
<status status="PASS" starttime="20191220 13:04:53.299" endtime="20191220 13:04:53.306"></status>
</kw>
<msg timestamp="20191220 13:04:53.306" level="TRACE">Return: None</msg>
<status status="PASS" starttime="20191220 13:04:53.297" endtime="20191220 13:04:53.306"></status>
</kw>
<test id="s1-s1-s1-t1" name="Validate AWS XRS Get Devices REST Web Services For All Devices Returns 200 OK">
<kw name="Get All Devices" library="Device">
<doc>Get attributes for all Devices.</doc>
<assign>
<var>${response}</var>
</assign>
<msg timestamp="20191220 13:04:53.307" level="TRACE">Arguments: [  ]</msg>
<kw name="Set Variable" library="BuiltIn">
<doc>Returns the given values which can then be assigned to a variables.</doc>
<arguments>
<arg>${XRS_Entity_Management_Base_URI.Driver}${XRS_WEBSERVICE_ENTITY_MANAGEMENT_POST_GET_PUT_DEVICES}</arg>
</arguments>
<assign>
<var>${uri}</var>
</assign>
<msg timestamp="20191220 13:04:53.308" level="TRACE">Arguments: [ 'DriverWebService.svc/devices' ]</msg>
<msg timestamp="20191220 13:04:53.308" level="TRACE">Return: 'DriverWebService.svc/devices'</msg>
<msg timestamp="20191220 13:04:53.308" level="INFO">${uri} = DriverWebService.svc/devices</msg>
<status status="PASS" starttime="20191220 13:04:53.307" endtime="20191220 13:04:53.308"></status>
</kw>
<kw name="Get Request" library="RequestsLibrary">
<doc>Send a GET request on the session object found using the
given `alias`</doc>
<arguments>
<arg>${XRS_WEB_SERVICE_SESSION_ALIAS}</arg>
<arg>${uri}</arg>
<arg>headers=${XRS_WEBSERVICES_JSON_HEADER}</arg>
</arguments>
<assign>
<var>${response}</var>
</assign>
<msg timestamp="20191220 13:04:53.308" level="TRACE">Arguments: [ 'xrs_web_service_session' | 'DriverWebService.svc/devices' | headers={'Accept': 'application/json',
 'Accept-Encoding': 'gzip, deflate',
 'Content-Type': 'application/json'} ]</msg>
<msg timestamp="20191220 13:04:53.309" level="INFO">GET Request using : uri=DriverWebService.svc/devices, params=None, allow_redirects=True, timeout=None
headers={'User-Agent': 'python-requests/2.22.0', 'Accept-Encoding': 'gzip, deflate', 'Accept': 'application/json', 'Connection': 'keep-alive', 'Content-Type': 'application/json'} 
data=None 
json=None</msg>
<msg timestamp="20191220 13:04:53.311" level="DEBUG">Starting new HTTPS connection (1): d3ws.xataxrs.com:443</msg>
<msg timestamp="20191220 13:04:54.210" level="DEBUG">https://d3ws.xataxrs.com:443 "GET /DriverWebService.svc/devices HTTP/1.1" 404 1776</msg>
<msg timestamp="20191220 13:04:54.210" level="DEBUG">GET Response : status=404, reason=Not Found
﻿&lt;?xml version="1.0" encoding="utf-8"?&gt;
&lt;!DOCTYPE html PUBLIC "-//W3C//DTD XHTML 1.0 Transitional//EN" "http://www.w3.org/TR/xhtml1/DTD/xhtml1-transitional.dtd"&gt;
&lt;html xmlns="http://www.w3.org/1999/xhtml"&gt;
  &lt;head&gt;
    &lt;title&gt;Service&lt;/title&gt;
    &lt;style&gt;BODY { color: #000000; background-color: white; font-family: Verdana; margin-left: 0px; margin-top: 0px; } #content { margin-left: 30px; font-size: .70em; padding-bottom: 2em; } A:link { color: #336699; font-weight: bold; text-decoration: underline; } A:visited { color: #6699cc; font-weight: bold; text-decoration: underline; } A:active { color: #336699; font-weight: bold; text-decoration: underline; } .heading1 { background-color: #003366; border-bottom: #336699 6px solid; color: #ffffff; font-family: Tahoma; font-size: 26px; font-weight: normal;margin: 0em 0em 10px -20px; padding-bottom: 8px; padding-left: 30px;padding-top: 16px;} pre { font-size:small; background-color: #e5e5cc; padding: 5px; font-family: Courier New; margin-top: 0px; border: 1px #f0f0e0 solid; white-space: pre-wrap; white-space: -pre-wrap; word-wrap: break-word; } table { border-collapse: collapse; border-spacing: 0px; font-family: Verdana;} table th { border-right: 2px white solid; border-bottom: 2px white solid; font-weight: bold; background-color: #cecf9c;} table td { border-right: 2px white solid; border-bottom: 2px white solid; background-color: #e5e5cc;}&lt;/style&gt;
  &lt;/head&gt;
  &lt;body&gt;
    &lt;div id="content"&gt;
      &lt;p class="heading1"&gt;Service&lt;/p&gt;
      &lt;p xmlns=""&gt;Endpoint not found. Please see the &lt;a rel="help-page" href="http://xrs-apigw-ws-2a944cb0887450de.elb.us-east-1.amazonaws.com/DriverWebService.svc/help"&gt;service help page&lt;/a&gt; for constructing valid requests to the service.&lt;/p&gt;
    &lt;/div&gt;
  &lt;/body&gt;
&lt;/html&gt;</msg>
<msg timestamp="20191220 13:04:54.210" level="TRACE">Return: &lt;Response [404]&gt;</msg>
<msg timestamp="20191220 13:04:54.211" level="INFO">${response} = &lt;Response [404]&gt;</msg>
<status status="PASS" starttime="20191220 13:04:53.308" endtime="20191220 13:04:54.211"></status>
</kw>
<msg timestamp="20191220 13:04:54.211" level="TRACE">Return: &lt;Response [404]&gt;</msg>
<msg timestamp="20191220 13:04:54.211" level="INFO">${response} = &lt;Response [404]&gt;</msg>
<status status="PASS" starttime="20191220 13:04:53.307" endtime="20191220 13:04:54.211"></status>
</kw>
<kw name="Should Be Equal As Strings" library="BuiltIn">
<doc>Fails if objects are unequal after converting them to strings.</doc>
<arguments>
<arg>${response.status_code}</arg>
<arg>200</arg>
</arguments>
<msg timestamp="20191220 13:04:54.212" level="TRACE">Arguments: [ 404 | '200' ]</msg>
<msg timestamp="20191220 13:04:54.212" level="INFO">Argument types are:
&lt;class 'int'&gt;
&lt;type 'unicode'&gt;</msg>
<msg timestamp="20191220 13:04:54.212" level="FAIL">404 != 200</msg>
<msg timestamp="20191220 13:04:54.212" level="DEBUG">Traceback (most recent call last):
  None</msg>
<status status="FAIL" starttime="20191220 13:04:54.211" endtime="20191220 13:04:54.212"></status>
</kw>
<doc>Gets all the Devices</doc>
<tags>
<tag>awsxrsdevicerestwebservicevalidation</tag>
<tag>xrsawsperftest</tag>
</tags>
<status status="FAIL" starttime="20191220 13:04:53.306" endtime="20191220 13:04:54.213" critical="yes">404 != 200</status>
</test>
<kw name="Delete All Sessions" library="RequestsLibrary" type="teardown">
<doc>Removes all the session objects</doc>
<msg timestamp="20191220 13:04:54.215" level="TRACE">Arguments: [  ]</msg>
<msg timestamp="20191220 13:04:54.215" level="INFO">Delete All Sessions</msg>
<msg timestamp="20191220 13:04:54.215" level="TRACE">Return: None</msg>
<status status="PASS" starttime="20191220 13:04:54.215" endtime="20191220 13:04:54.215"></status>
</kw>
<doc>Fundamental suite to test XRS AWS Device Entity Management Web Services</doc>
<status status="FAIL" starttime="20191220 13:04:53.099" endtime="20191220 13:04:54.215"></status>
</suite>
<suite id="s1-s1-s2" name="Validate AWSXRSDriverWebServices" source="C:\Users\kstine\git\aws-api-gateway-tests\Tests\AWS_XRS_WebServicesTests\02__Validate AWSXRSDriverWebServices.robot">
<kw name="Run Keywords" library="BuiltIn" type="setup">
<doc>Executes all the given keywords in a sequence.</doc>
<arguments>
<arg>Create AWS XRS Web Services Session</arg>
<arg>AND</arg>
<arg>Test Data Setup For XRS AWS Driver Web Service Test Suite</arg>
</arguments>
<msg timestamp="20191220 13:04:54.323" level="TRACE">Arguments: [ 'Create AWS XRS Web Services Session' | 'AND' | 'Test Data Setup For XRS AWS Driver Web Service Test Suite' ]</msg>
<kw name="Create AWS XRS Web Services Session" library="XRSCommonWebService">
<doc>Create a session with aws xrs web services</doc>
<msg timestamp="20191220 13:04:54.323" level="TRACE">Arguments: [  ]</msg>
<kw name="Create Session" library="RequestsLibrary">
<doc>Create Session: create a HTTP session to a server</doc>
<arguments>
<arg>${XRS_WEB_SERVICE_SESSION_ALIAS}</arg>
<arg>${XRS_AWS_WEBSERVICES_URL}[${XRS_HOST_ENVIRONMENT}]</arg>
<arg>verify=True</arg>
<arg>auth=${XRS_WEBSERVICES_AUTHORIZATION}</arg>
</arguments>
<msg timestamp="20191220 13:04:54.324" level="TRACE">Arguments: [ 'xrs_web_service_session' | 'https://d3ws.xataxrs.com' | verify=True | auth=['GnomeShippingD3|admin', 'xrs123'] ]</msg>
<msg timestamp="20191220 13:04:54.324" level="INFO">Creating Session using : alias=xrs_web_service_session, url=https://d3ws.xataxrs.com, headers={},                     cookies={}, auth=&lt;requests.auth.HTTPBasicAuth object at 0x00000217C142A880&gt;, timeout=None, proxies=None, verify=True,                     debug=0 </msg>
<msg timestamp="20191220 13:04:54.324" level="DEBUG">Creating session: xrs_web_service_session</msg>
<msg timestamp="20191220 13:04:54.324" level="DEBUG">Argument types are:
&lt;class 'bool'&gt;</msg>
<msg timestamp="20191220 13:04:54.324" level="TRACE">Return: &lt;requests.sessions.Session object at 0x00000217C142A130&gt;</msg>
<status status="PASS" starttime="20191220 13:04:54.323" endtime="20191220 13:04:54.324"></status>
</kw>
<msg timestamp="20191220 13:04:54.324" level="TRACE">Return: None</msg>
<status status="PASS" starttime="20191220 13:04:54.323" endtime="20191220 13:04:54.324"></status>
</kw>
<kw name="Test Data Setup For XRS AWS Driver Web Service Test Suite">
<doc>Keyword for setting up suite variables for AWS Driver Web Service Tests.</doc>
<msg timestamp="20191220 13:04:54.324" level="TRACE">Arguments: [  ]</msg>
<kw name="Create Dictionary" library="BuiltIn">
<doc>Creates and returns a dictionary based on the given ``items``.</doc>
<arguments>
<arg>CDLNumber=${XRS_WEB_SERVICES_TEST_DRIVER_1.CDLNumber}</arg>
<arg>DriverID=${XRS_WEB_SERVICES_TEST_DRIVER_1.DriverID}</arg>
<arg>DefaultHOSRule=${XRS_WEB_SERVICES_TEST_DRIVER_1.DefaultHOSRule}</arg>
<arg>ELDExempt=${XRS_WEB_SERVICES_TEST_DRIVER_1.ELDExempt}</arg>
<arg>EnableBigDay=${XRS_WEB_SERVICES_TEST_DRIVER_1.EnableBigDay}</arg>
<arg>EnableDriverPortal=${XRS_WEB_SERVICES_TEST_DRIVER_1.EnableDriverPortal}</arg>
<arg>EnableHOSRule=${XRS_WEB_SERVICES_TEST_DRIVER_1.EnableHOSRule}</arg>
<arg>EnablePersonalConveyance=${XRS_WEB_SERVICES_TEST_DRIVER_1.EnablePersonalConveyance}</arg>
<arg>EnableTimeClock=${XRS_WEB_SERVICES_TEST_DRIVER_1.EnableTimeClock}</arg>
<arg>EnableYardMove=${XRS_WEB_SERVICES_TEST_DRIVER_1.EnableYardMove}</arg>
<arg>FirstName=${XRS_WEB_SERVICES_TEST_DRIVER_1.FirstName}</arg>
<arg>Language=${XRS_WEB_SERVICES_TEST_DRIVER_1.Language}</arg>
<arg>LastName=${XRS_WEB_SERVICES_TEST_DRIVER_1.LastName}</arg>
<arg>LicenseIssuingCountry=${XRS_WEB_SERVICES_TEST_DRIVER_1.LicenseIssuingCountry}</arg>
<arg>LicenseIssuingStateProvince=${XRS_WEB_SERVICES_TEST_DRIVER_1.LicenseIssuingStateProvince}</arg>
<arg>MiddleName=${XRS_WEB_SERVICES_TEST_DRIVER_1.MiddleName}</arg>
<arg>OrganizationID=${XRS_GENERAL_INFORMATION.Company.Company_ID}</arg>
<arg>OrganizationSID=${XRS_WEB_SERVICES_TEST_DRIVER_1.OrganizationSID}</arg>
<arg>Password=${XRS_WEB_SERVICES_TEST_DRIVER_1.Password}</arg>
<arg>SendInboundMessageTo=${XRS_WEB_SERVICES_TEST_DRIVER_1.SendInboundMessageTo}</arg>
<arg>SID=${XRS_WEB_SERVICES_TEST_DRIVER_1.SID}</arg>
<arg>Status=${XRS_WEB_SERVICES_TEST_DRIVER_1.Status}</arg>
<arg>UseHOSOrganizationSettings=${XRS_WEB_SERVICES_TEST_DRIVER_1.UseHOSOrganizationSettings}</arg>
<arg>UserName=${XRS_WEB_SERVICES_TEST_DRIVER_1.UserName}</arg>
</arguments>
<assign>
<var>&amp;{XRS_AWS_WEBSERVICE_POST_TEST_DRIVER_1_DICT}</var>
</assign>
<msg timestamp="20191220 13:04:54.325" level="TRACE">Arguments: [ 'CDLNumber=${XRS_WEB_SERVICES_TEST_DRIVER_1.CDLNumber}' | 'DriverID=${XRS_WEB_SERVICES_TEST_DRIVER_1.DriverID}' | 'DefaultHOSRule=${XRS_WEB_SERVICES_TEST_DRIVER_1.DefaultHOSRule}' | 'ELDExempt=${XRS_WEB_SERVICES_TEST_DRIVER_1.ELDExempt}' | 'EnableBigDay=${XRS_WEB_SERVICES_TEST_DRIVER_1.EnableBigDay}' | 'EnableDriverPortal=${XRS_WEB_SERVICES_TEST_DRIVER_1.EnableDriverPortal}' | 'EnableHOSRule=${XRS_WEB_SERVICES_TEST_DRIVER_1.EnableHOSRule}' | 'EnablePersonalConveyance=${XRS_WEB_SERVICES_TEST_DRIVER_1.EnablePersonalConveyance}' | 'EnableTimeClock=${XRS_WEB_SERVICES_TEST_DRIVER_1.EnableTimeClock}' | 'EnableYardMove=${XRS_WEB_SERVICES_TEST_DRIVER_1.EnableYardMove}' | 'FirstName=${XRS_WEB_SERVICES_TEST_DRIVER_1.FirstName}' | 'Language=${XRS_WEB_SERVICES_TEST_DRIVER_1.Language}' | 'LastName=${XRS_WEB_SERVICES_TEST_DRIVER_1.LastName}' | 'LicenseIssuingCountry=${XRS_WEB_SERVICES_TEST_DRIVER_1.LicenseIssuingCountry}' | 'LicenseIssuingStateProvince=${XRS_WEB_SERVICES_TEST_DRIVER_1.LicenseIssuingStateProvince}' | 'MiddleName=${XRS_WEB_SERVICES_TEST_DRIVER_1.MiddleName}' | 'OrganizationID=${XRS_GENERAL_INFORMATION.Company.Company_ID}' | 'OrganizationSID=${XRS_WEB_SERVICES_TEST_DRIVER_1.OrganizationSID}' | 'Password=${XRS_WEB_SERVICES_TEST_DRIVER_1.Password}' | 'SendInboundMessageTo=${XRS_WEB_SERVICES_TEST_DRIVER_1.SendInboundMessageTo}' | 'SID=${XRS_WEB_SERVICES_TEST_DRIVER_1.SID}' | 'Status=${XRS_WEB_SERVICES_TEST_DRIVER_1.Status}' | 'UseHOSOrganizationSettings=${XRS_WEB_SERVICES_TEST_DRIVER_1.UseHOSOrganizationSettings}' | 'UserName=${XRS_WEB_SERVICES_TEST_DRIVER_1.UserName}' ]</msg>
<msg timestamp="20191220 13:04:54.329" level="TRACE">Return: {'CDLNumber': 'awsxrstestdriver1234',
 'DefaultHOSRule': None,
 'DriverID': 'awsxrstestdriver1',
 'ELDExempt': False,
 'EnableBigDay': True,
 'EnableDriverPortal': True,
 'EnableHOSRule': '',
 'EnablePersonalConveyance': False,
 'EnableTimeClock': False,
 'EnableYardMove': False,
 'FirstName': 'AWSXRS',
 'Language': 'English',
 'LastName': 'Testdriver1',
 'LicenseIssuingCountry': 'USA',
 'LicenseIssuingStateProvince': 'Minnesota',
 'MiddleName': 'AWSXRSTest',
 'OrganizationID': 46663,
 'OrganizationSID': 0,
 'Password': 123456,
 'SID': 0,
 'SendInboundMessageTo': 0,
 'Status': 'Active',
 'UseHOSOrganizationSettings': True,
 'UserName': 'awsxrstestdriver1'}</msg>
<msg timestamp="20191220 13:04:54.330" level="INFO">&amp;{XRS_AWS_WEBSERVICE_POST_TEST_DRIVER_1_DICT} = { CDLNumber=awsxrstestdriver1234 | DriverID=awsxrstestdriver1 | DefaultHOSRule=None | ELDExempt=False | EnableBigDay=True | EnableDriverPortal=True | EnableHOSRule= | EnablePersonalConveyance=False | ...</msg>
<status status="PASS" starttime="20191220 13:04:54.325" endtime="20191220 13:04:54.331"></status>
</kw>
<kw name="Create List" library="BuiltIn">
<doc>Returns a list containing given items.</doc>
<arguments>
<arg>${XRS_AWS_WEBSERVICE_POST_TEST_DRIVER_1_DICT}</arg>
</arguments>
<assign>
<var>@{XRS_AWS_WEBSERVICE_POST_TEST_DRIVER_LIST}</var>
</assign>
<msg timestamp="20191220 13:04:54.331" level="TRACE">Arguments: [ {'CDLNumber': 'awsxrstestdriver1234',
 'DefaultHOSRule': None,
 'DriverID': 'awsxrstestdriver1',
 'ELDExempt': False,
 'EnableBigDay': True,
 'EnableDriverPortal': True,
 'EnableHOSRule': '',
 'EnablePersonalConveyance': False,
 'EnableTimeClock': False,
 'EnableYardMove': False,
 'FirstName': 'AWSXRS',
 'Language': 'English',
 'LastName': 'Testdriver1',
 'LicenseIssuingCountry': 'USA',
 'LicenseIssuingStateProvince': 'Minnesota',
 'MiddleName': 'AWSXRSTest',
 'OrganizationID': 46663,
 'OrganizationSID': 0,
 'Password': 123456,
 'SID': 0,
 'SendInboundMessageTo': 0,
 'Status': 'Active',
 'UseHOSOrganizationSettings': True,
 'UserName': 'awsxrstestdriver1'} ]</msg>
<msg timestamp="20191220 13:04:54.332" level="TRACE">Return: [{'CDLNumber': 'awsxrstestdriver1234',
  'DefaultHOSRule': None,
  'DriverID': 'awsxrstestdriver1',
  'ELDExempt': False,
  'EnableBigDay': True,
  'EnableDriverPortal': True,
  'EnableHOSRule': '',
  'EnablePersonalConveyance': False,
  'EnableTimeClock': False,
  'EnableYardMove': False,
  'FirstName': 'AWSXRS',
  'Language': 'English',
  'LastName': 'Testdriver1',
  'LicenseIssuingCountry': 'USA',
  'LicenseIssuingStateProvince': 'Minnesota',
  'MiddleName': 'AWSXRSTest',
  'OrganizationID': 46663,
  'OrganizationSID': 0,
  'Password': 123456,
  'SID': 0,
  'SendInboundMessageTo': 0,
  'Status': 'Active',
  'UseHOSOrganizationSettings': True,
  'UserName': 'awsxrstestdriver1'}]</msg>
<msg timestamp="20191220 13:04:54.332" level="INFO">@{XRS_AWS_WEBSERVICE_POST_TEST_DRIVER_LIST} = [ {'CDLNumber': 'awsxrstestdriver1234', 'DriverID': 'awsxrstestdriver1', 'DefaultHOSRule': None, 'ELDExempt': False, 'EnableBigDay': True, 'EnableDriverPortal': True, 'EnableHOSRule': '', 'EnablePerso...</msg>
<status status="PASS" starttime="20191220 13:04:54.331" endtime="20191220 13:04:54.332"></status>
</kw>
<kw name="Set Suite Variable" library="BuiltIn">
<doc>Makes a variable available everywhere within the scope of the current suite.</doc>
<arguments>
<arg>@{XRS_AWS_WEBSERVICE_POST_TEST_DRIVER_LIST}</arg>
</arguments>
<msg timestamp="20191220 13:04:54.333" level="TRACE">Arguments: [ '@{XRS_AWS_WEBSERVICE_POST_TEST_DRIVER_LIST}' ]</msg>
<msg timestamp="20191220 13:04:54.334" level="INFO">@{XRS_AWS_WEBSERVICE_POST_TEST_DRIVER_LIST} = [ {'CDLNumber': 'awsxrstestdriver1234', 'DriverID': 'awsxrstestdriver1', 'DefaultHOSRule': None, 'ELDExempt': False, 'EnableBigDay': True, 'EnableDriverPortal': True, 'EnableHOSRule': '', 'EnablePerso...</msg>
<msg timestamp="20191220 13:04:54.334" level="TRACE">Return: None</msg>
<status status="PASS" starttime="20191220 13:04:54.333" endtime="20191220 13:04:54.334"></status>
</kw>
<kw name="Create Dictionary" library="BuiltIn">
<doc>Creates and returns a dictionary based on the given ``items``.</doc>
<arguments>
<arg>DriverID=${XRS_WEB_SERVICES_TEST_DRIVER_1.DriverID}</arg>
<arg>DefaultHOSRule=${XRS_WEB_SERVICES_TEST_DRIVER_1.DefaultHOSRule}</arg>
<arg>ELDExempt=${XRS_WEB_SERVICES_TEST_DRIVER_1.ELDExempt}</arg>
<arg>EnableBigDay=${XRS_WEB_SERVICES_TEST_DRIVER_1.EnableBigDay}</arg>
<arg>EnableDriverPortal=${XRS_WEB_SERVICES_TEST_DRIVER_1.EnableDriverPortal}</arg>
<arg>EnableHOSRule=${XRS_WEB_SERVICES_TEST_DRIVER_1.EnableHOSRule}</arg>
<arg>EnablePersonalConveyance=${XRS_WEB_SERVICES_TEST_DRIVER_1.EnablePersonalConveyance}</arg>
<arg>EnableTimeClock=${XRS_WEB_SERVICES_TEST_DRIVER_1.EnableTimeClock}</arg>
<arg>EnableYardMove=${XRS_WEB_SERVICES_TEST_DRIVER_1.EnableYardMove}</arg>
<arg>FirstName=${XRS_WEB_SERVICES_TEST_DRIVER_1.FirstName}</arg>
<arg>Language=${XRS_WEB_SERVICES_TEST_DRIVER_1.Language}</arg>
<arg>LastName=${XRS_WEB_SERVICES_TEST_DRIVER_1.LastName}</arg>
<arg>LicenseIssuingCountry=${XRS_WEB_SERVICES_TEST_DRIVER_1.LicenseIssuingCountry}</arg>
<arg>LicenseIssuingStateProvince=${XRS_WEB_SERVICES_TEST_DRIVER_1.LicenseIssuingStateProvince}</arg>
<arg>MiddleName=This has been changed.</arg>
<arg>OrganizationSID=${XRS_WEB_SERVICES_TEST_DRIVER_1.OrganizationSID}</arg>
<arg>SendInboundMessageTo=${XRS_WEB_SERVICES_TEST_DRIVER_1.SendInboundMessageTo}</arg>
<arg>SID=${XRS_WEB_SERVICES_TEST_DRIVER_1.SID}</arg>
<arg>Status=${XRS_WEB_SERVICES_TEST_DRIVER_1.Status}</arg>
<arg>UseHOSOrganizationSettings=${XRS_WEB_SERVICES_TEST_DRIVER_1.UseHOSOrganizationSettings}</arg>
<arg>UserName=${XRS_WEB_SERVICES_TEST_DRIVER_1.UserName}</arg>
</arguments>
<assign>
<var>&amp;{XRS_AWS_WEBSERVICE_PUT_TEST_DRIVER_1_DICT}</var>
</assign>
<msg timestamp="20191220 13:04:54.334" level="TRACE">Arguments: [ 'DriverID=${XRS_WEB_SERVICES_TEST_DRIVER_1.DriverID}' | 'DefaultHOSRule=${XRS_WEB_SERVICES_TEST_DRIVER_1.DefaultHOSRule}' | 'ELDExempt=${XRS_WEB_SERVICES_TEST_DRIVER_1.ELDExempt}' | 'EnableBigDay=${XRS_WEB_SERVICES_TEST_DRIVER_1.EnableBigDay}' | 'EnableDriverPortal=${XRS_WEB_SERVICES_TEST_DRIVER_1.EnableDriverPortal}' | 'EnableHOSRule=${XRS_WEB_SERVICES_TEST_DRIVER_1.EnableHOSRule}' | 'EnablePersonalConveyance=${XRS_WEB_SERVICES_TEST_DRIVER_1.EnablePersonalConveyance}' | 'EnableTimeClock=${XRS_WEB_SERVICES_TEST_DRIVER_1.EnableTimeClock}' | 'EnableYardMove=${XRS_WEB_SERVICES_TEST_DRIVER_1.EnableYardMove}' | 'FirstName=${XRS_WEB_SERVICES_TEST_DRIVER_1.FirstName}' | 'Language=${XRS_WEB_SERVICES_TEST_DRIVER_1.Language}' | 'LastName=${XRS_WEB_SERVICES_TEST_DRIVER_1.LastName}' | 'LicenseIssuingCountry=${XRS_WEB_SERVICES_TEST_DRIVER_1.LicenseIssuingCountry}' | 'LicenseIssuingStateProvince=${XRS_WEB_SERVICES_TEST_DRIVER_1.LicenseIssuingStateProvince}' | 'MiddleName=This has been changed.' | 'OrganizationSID=${XRS_WEB_SERVICES_TEST_DRIVER_1.OrganizationSID}' | 'SendInboundMessageTo=${XRS_WEB_SERVICES_TEST_DRIVER_1.SendInboundMessageTo}' | 'SID=${XRS_WEB_SERVICES_TEST_DRIVER_1.SID}' | 'Status=${XRS_WEB_SERVICES_TEST_DRIVER_1.Status}' | 'UseHOSOrganizationSettings=${XRS_WEB_SERVICES_TEST_DRIVER_1.UseHOSOrganizationSettings}' | 'UserName=${XRS_WEB_SERVICES_TEST_DRIVER_1.UserName}' ]</msg>
<msg timestamp="20191220 13:04:54.340" level="TRACE">Return: {'DefaultHOSRule': None,
 'DriverID': 'awsxrstestdriver1',
 'ELDExempt': False,
 'EnableBigDay': True,
 'EnableDriverPortal': True,
 'EnableHOSRule': '',
 'EnablePersonalConveyance': False,
 'EnableTimeClock': False,
 'EnableYardMove': False,
 'FirstName': 'AWSXRS',
 'Language': 'English',
 'LastName': 'Testdriver1',
 'LicenseIssuingCountry': 'USA',
 'LicenseIssuingStateProvince': 'Minnesota',
 'MiddleName': 'This has been changed.',
 'OrganizationSID': 0,
 'SID': 0,
 'SendInboundMessageTo': 0,
 'Status': 'Active',
 'UseHOSOrganizationSettings': True,
 'UserName': 'awsxrstestdriver1'}</msg>
<msg timestamp="20191220 13:04:54.341" level="INFO">&amp;{XRS_AWS_WEBSERVICE_PUT_TEST_DRIVER_1_DICT} = { DriverID=awsxrstestdriver1 | DefaultHOSRule=None | ELDExempt=False | EnableBigDay=True | EnableDriverPortal=True | EnableHOSRule= | EnablePersonalConveyance=False | EnableTimeClock=False | EnableYar...</msg>
<status status="PASS" starttime="20191220 13:04:54.334" endtime="20191220 13:04:54.341"></status>
</kw>
<kw name="Create List" library="BuiltIn">
<doc>Returns a list containing given items.</doc>
<arguments>
<arg>${XRS_AWS_WEBSERVICE_PUT_TEST_DRIVER_1_DICT}</arg>
</arguments>
<assign>
<var>@{XRS_AWS_WEBSERVICE_PUT_TEST_DRIVER_LIST}</var>
</assign>
<msg timestamp="20191220 13:04:54.341" level="TRACE">Arguments: [ {'DefaultHOSRule': None,
 'DriverID': 'awsxrstestdriver1',
 'ELDExempt': False,
 'EnableBigDay': True,
 'EnableDriverPortal': True,
 'EnableHOSRule': '',
 'EnablePersonalConveyance': False,
 'EnableTimeClock': False,
 'EnableYardMove': False,
 'FirstName': 'AWSXRS',
 'Language': 'English',
 'LastName': 'Testdriver1',
 'LicenseIssuingCountry': 'USA',
 'LicenseIssuingStateProvince': 'Minnesota',
 'MiddleName': 'This has been changed.',
 'OrganizationSID': 0,
 'SID': 0,
 'SendInboundMessageTo': 0,
 'Status': 'Active',
 'UseHOSOrganizationSettings': True,
 'UserName': 'awsxrstestdriver1'} ]</msg>
<msg timestamp="20191220 13:04:54.342" level="TRACE">Return: [{'DefaultHOSRule': None,
  'DriverID': 'awsxrstestdriver1',
  'ELDExempt': False,
  'EnableBigDay': True,
  'EnableDriverPortal': True,
  'EnableHOSRule': '',
  'EnablePersonalConveyance': False,
  'EnableTimeClock': False,
  'EnableYardMove': False,
  'FirstName': 'AWSXRS',
  'Language': 'English',
  'LastName': 'Testdriver1',
  'LicenseIssuingCountry': 'USA',
  'LicenseIssuingStateProvince': 'Minnesota',
  'MiddleName': 'This has been changed.',
  'OrganizationSID': 0,
  'SID': 0,
  'SendInboundMessageTo': 0,
  'Status': 'Active',
  'UseHOSOrganizationSettings': True,
  'UserName': 'awsxrstestdriver1'}]</msg>
<msg timestamp="20191220 13:04:54.343" level="INFO">@{XRS_AWS_WEBSERVICE_PUT_TEST_DRIVER_LIST} = [ {'DriverID': 'awsxrstestdriver1', 'DefaultHOSRule': None, 'ELDExempt': False, 'EnableBigDay': True, 'EnableDriverPortal': True, 'EnableHOSRule': '', 'EnablePersonalConveyance': False, 'EnableTimeClo...</msg>
<status status="PASS" starttime="20191220 13:04:54.341" endtime="20191220 13:04:54.343"></status>
</kw>
<kw name="Set Suite Variable" library="BuiltIn">
<doc>Makes a variable available everywhere within the scope of the current suite.</doc>
<arguments>
<arg>@{XRS_AWS_WEBSERVICE_PUT_TEST_DRIVER_LIST}</arg>
</arguments>
<msg timestamp="20191220 13:04:54.344" level="TRACE">Arguments: [ '@{XRS_AWS_WEBSERVICE_PUT_TEST_DRIVER_LIST}' ]</msg>
<msg timestamp="20191220 13:04:54.344" level="INFO">@{XRS_AWS_WEBSERVICE_PUT_TEST_DRIVER_LIST} = [ {'DriverID': 'awsxrstestdriver1', 'DefaultHOSRule': None, 'ELDExempt': False, 'EnableBigDay': True, 'EnableDriverPortal': True, 'EnableHOSRule': '', 'EnablePersonalConveyance': False, 'EnableTimeClo...</msg>
<msg timestamp="20191220 13:04:54.344" level="TRACE">Return: None</msg>
<status status="PASS" starttime="20191220 13:04:54.343" endtime="20191220 13:04:54.344"></status>
</kw>
<msg timestamp="20191220 13:04:54.344" level="TRACE">Return: None</msg>
<status status="PASS" starttime="20191220 13:04:54.324" endtime="20191220 13:04:54.344"></status>
</kw>
<msg timestamp="20191220 13:04:54.344" level="TRACE">Return: None</msg>
<status status="PASS" starttime="20191220 13:04:54.322" endtime="20191220 13:04:54.344"></status>
</kw>
<test id="s1-s1-s2-t1" name="Validate AWS XRS Get Drivers REST Web Services For All Drivers Returns 200 OK">
<kw name="Get All Drivers" library="Driver">
<doc>Get attributes for all drivers.</doc>
<assign>
<var>${response}</var>
</assign>
<msg timestamp="20191220 13:04:54.346" level="TRACE">Arguments: [  ]</msg>
<kw name="Set Variable" library="BuiltIn">
<doc>Returns the given values which can then be assigned to a variables.</doc>
<arguments>
<arg>${XRS_Entity_Management_Base_URI.Driver}${XRS_WEBSERVICE_ENTITY_MANAGEMENT_POST_GET_PUT_DELETE_DRIVERS}</arg>
</arguments>
<assign>
<var>${uri}</var>
</assign>
<msg timestamp="20191220 13:04:54.347" level="TRACE">Arguments: [ 'DriverWebService.svc/drivers' ]</msg>
<msg timestamp="20191220 13:04:54.347" level="TRACE">Return: 'DriverWebService.svc/drivers'</msg>
<msg timestamp="20191220 13:04:54.347" level="INFO">${uri} = DriverWebService.svc/drivers</msg>
<status status="PASS" starttime="20191220 13:04:54.346" endtime="20191220 13:04:54.347"></status>
</kw>
<kw name="Get Request" library="RequestsLibrary">
<doc>Send a GET request on the session object found using the
given `alias`</doc>
<arguments>
<arg>${XRS_WEB_SERVICE_SESSION_ALIAS}</arg>
<arg>${uri}</arg>
<arg>headers=${XRS_WEBSERVICES_JSON_HEADER}</arg>
</arguments>
<assign>
<var>${response}</var>
</assign>
<msg timestamp="20191220 13:04:54.349" level="TRACE">Arguments: [ 'xrs_web_service_session' | 'DriverWebService.svc/drivers' | headers={'Accept': 'application/json',
 'Accept-Encoding': 'gzip, deflate',
 'Content-Type': 'application/json'} ]</msg>
<msg timestamp="20191220 13:04:54.350" level="INFO">GET Request using : uri=DriverWebService.svc/drivers, params=None, allow_redirects=True, timeout=None
headers={'User-Agent': 'python-requests/2.22.0', 'Accept-Encoding': 'gzip, deflate', 'Accept': 'application/json', 'Connection': 'keep-alive', 'Content-Type': 'application/json'} 
data=None 
json=None</msg>
<msg timestamp="20191220 13:04:54.352" level="DEBUG">Starting new HTTPS connection (1): d3ws.xataxrs.com:443</msg>
<msg timestamp="20191220 13:04:55.657" level="DEBUG">https://d3ws.xataxrs.com:443 "GET /DriverWebService.svc/drivers HTTP/1.1" 200 38102</msg>
<msg timestamp="20191220 13:04:55.810" level="DEBUG">GET Response : status=200, reason=OK
[{"CDLExpiration":"\/Date(-62135568000000-0800)\/","CDLNumber":"Tomte223456","CellPhone":"","CompanyName":"Gnome Shipping D3","CompanySID":2340,"CreateDate":"\/Date(1537837221000-0700)\/","DefaultHOSRule":null,"DriverID":"tomte2","ELDExempt":false,"ELDExemptExplanation":null,"ELDExemptVehicleInspection":"UseOrganizationSetting","EnableBigDay":false,"EnableDriverPortal":true,"EnableHOSRule":"","EnablePersonalConveyance":false,"EnableTimeClock":false,"EnableYardMove":false,"Endorsements":"","FirstName":"Gnome2","HomeTelephone":"","Language":"English","LastLogin":"\/Date(1574751300579-0800)\/","LastName":"Stine","LicenseIssuingCountry":"USA","LicenseIssuingStateProvince":"Minnesota","MaxConveyanceDistance":0,"MedicalExp":"\/Date(-62135568000000-0800)\/","MiddleName":"","ModifiedBy":5416,"ModifiedDate":"\/Date(1574751300579-0800)\/","OrganizationID":"46663","OrganizationName":"Gnome Shipping D3","OrganizationSID":414,"Password":"E1ADC3949BA59ABBE56E057F2F883E","PayrollOrganizationSID":0,"PayrollSID":0,"ResourceGroupIDList":null,"SID":5414,"SendInboundMessageTo":357,"SendInboundMessageToID":"Gnome Shipping D3","Status":"Active","UseHOSOrganizationSettings":true,"UserDefinedField1":"","UserDefinedField2":"","UserDefinedField3":"","UserDefinedField4":"","UserDefinedField5":"","UserName":"tomte2"},{"CDLExpiration":"\/Date(-62135568000000-0800)\/","CDLNumber":"Tomte323456","CellPhone":"","CompanyName":"Gnome Shipping D3","CompanySID":2340,"CreateDate":"\/Date(1538008987000-0700)\/","DefaultHOSRule":null,"DriverID":"tomte3","ELDExempt":false,"ELDExemptExplanation":null,"ELDExemptVehicleInspection":"UseOrganizationSetting","EnableBigDay":false,"EnableDriverPortal":true,"EnableHOSRule":"","EnablePersonalConveyance":false,"EnableTimeClock":false,"EnableYardMove":false,"Endorsements":"","FirstName":"Gnome3","HomeTelephone":"","Language":"English","LastLogin":"\/Date(1568780186436-0700)\/","LastName":"Stine","LicenseIssuingCountry":"USA","LicenseIssuingStateProvince":"Minnesota","MaxConveyanceDistance":0,"MedicalExp":"\/Date(-62135568000000-0800)\/","MiddleName":"","ModifiedBy":5412,"ModifiedDate":"\/Date(1568780186436-0700)\/","OrganizationID":"46663","OrganizationName":"Gnome Shipping D3","OrganizationSID":414,"Password":"E1ADC3949BA59ABBE56E057F2F883E","PayrollOrganizationSID":0,"PayrollSID":0,"ResourceGroupIDList":null,"SID":5420,"SendInboundMessageTo":357,"SendInboundMessageToID":"Gnome Shipping D3","Status":"Active","UseHOSOrganizationSettings":true,"UserDefinedField1":"","UserDefinedField2":"","UserDefinedField3":"","UserDefinedField4":"","UserDefinedField5":"","UserName":"tomte3"},{"CDLExpiration":"\/Date(-62135568000000-0800)\/","CDLNumber":"Tomte123456","CellPhone":"","CompanyName":"Gnome Shipping D3","CompanySID":2340,"CreateDate":"\/Date(1537829346000-0700)\/","DefaultHOSRule":null,"DriverID":"tomte1","ELDExempt":false,"ELDExemptExplanation":null,"ELDExemptVehicleInspection":"UseOrganizationSetting","EnableBigDay":false,"EnableDriverPortal":true,"EnableHOSRule":"","EnablePersonalConveyance":false,"EnableTimeClock":false,"EnableYardMove":false,"Endorsements":"","FirstName":"Gnome1","HomeTelephone":"","Language":"English","LastLogin":"\/Date(1568779260240-0700)\/","LastName":"Stine","LicenseIssuingCountry":"USA","LicenseIssuingStateProvince":"Minnesota","MaxConveyanceDistance":0,"MedicalExp":"\/Date(-62135568000000-0800)\/","MiddleName":"","ModifiedBy":5412,"ModifiedDate":"\/Date(1568779260240-0700)\/","OrganizationID":"46663","OrganizationName":"Gnome Shipping D3","OrganizationSID":414,"Password":"E1ADC3949BA59ABBE56E057F2F883E","PayrollOrganizationSID":0,"PayrollSID":0,"ResourceGroupIDList":null,"SID":5413,"SendInboundMessageTo":357,"SendInboundMessageToID":"Gnome Shipping D3","Status":"Active","UseHOSOrganizationSettings":true,"UserDefinedField1":"","UserDefinedField2":"","UserDefinedField3":"","UserDefinedField4":"","UserDefinedField5":"","UserName":"tomte1"},{"CDLExpiration":"\/Date(-62135568000000-0800)\/","CDLNumber":"Q608776246717","CellPhone":"","CompanyName":"Gnome Shipping D3","CompanySID":2340,"CreateDate":"\/Date(1562192164928-0700)\/","DefaultHOSRule":null,"DriverID":"kstine10150703","ELDExempt":false,"ELDExemptExplanation":null,"ELDExemptVehicleInspection":"UseOrganizationSetting","EnableBigDay":false,"EnableDriverPortal":true,"EnableHOSRule":"","EnablePersonalConveyance":false,"EnableTimeClock":false,"EnableYardMove":false,"Endorsements":"","FirstName":"Default","HomeTelephone":"","Language":"English","LastLogin":"\/Date(-62135568000000-0800)\/","LastName":"Driver","LicenseIssuingCountry":"USA","LicenseIssuingStateProvince":"Minnesota","MaxConveyanceDistance":0,"MedicalExp":"\/Date(-62135568000000-0800)\/","MiddleName":"Automation","ModifiedBy":5412,"ModifiedDate":"\/Date(1562192164554-0700)\/","OrganizationID":"46663","OrganizationName":"Gnome Shipping D3","OrganizationSID":414,"Password":"E1ADC3949BA59ABBE56E057F2F883E","PayrollOrganizationSID":0,"PayrollSID":0,"ResourceGroupIDList":null,"SID":5636,"SendInboundMessageTo":357,"SendInboundMessageToID":"Gnome Shipping D3","Status":"Active","UseHOSOrganizationSettings":true,"UserDefinedField1":"","UserDefinedField2":"","UserDefinedField3":"","UserDefinedField4":"","UserDefinedField5":"","UserName":"kstine1015"},{"CDLExpiration":"\/Date(-62135568000000-0800)\/","CDLNumber":"Q697830936680","CellPhone":"","CompanyName":"Gnome Shipping D3","CompanySID":2340,"CreateDate":"\/Date(1562189481023-0700)\/","DefaultHOSRule":null,"DriverID":"kstine09310703","ELDExempt":false,"ELDExemptExplanation":null,"ELDExemptVehicleInspection":"UseOrganizationSetting","EnableBigDay":false,"EnableDriverPortal":true,"EnableHOSRule":"","EnablePersonalConveyance":false,"EnableTimeClock":false,"EnableYardMove":false,"Endorsements":"","FirstName":"Default","HomeTelephone":"","Language":"English","LastLogin":"\/Date(-62135568000000-0800)\/","LastName":"Driver","LicenseIssuingCountry":"USA","LicenseIssuingStateProvince":"Minnesota","MaxConveyanceDistance":0,"MedicalExp":"\/Date(-62135568000000-0800)\/","MiddleName":"Automation","ModifiedBy":5412,"ModifiedDate":"\/Date(1562189480736-0700)\/","OrganizationID":"46663","OrganizationName":"Gnome Shipping D3","OrganizationSID":414,"Password":"E1ADC3949BA59ABBE56E057F2F883E","PayrollOrganizationSID":0,"PayrollSID":0,"ResourceGroupIDList":null,"SID":5635,"SendInboundMessageTo":357,"SendInboundMessageToID":"Gnome Shipping D3","Status":"Active","UseHOSOrganizationSettings":true,"UserDefinedField1":"","UserDefinedField2":"","UserDefinedField3":"","UserDefinedField4":"","UserDefinedField5":"","UserName":"kstine0931"},{"CDLExpiration":"\/Date(-62135568000000-0800)\/","CDLNumber":"Q676045628908","CellPhone":"","CompanyName":"Gnome Shipping D3","CompanySID":2340,"CreateDate":"\/Date(1562188774768-0700)\/","DefaultHOSRule":null,"DriverID":"kstine09190703","ELDExempt":false,"ELDExemptExplanation":null,"ELDExemptVehicleInspection":"UseOrganizationSetting","EnableBigDay":false,"EnableDriverPortal":true,"EnableHOSRule":"","EnablePersonalConveyance":false,"EnableTimeClock":false,"EnableYardMove":false,"Endorsements":"","FirstName":"Default","HomeTelephone":"","Language":"English","LastLogin":"\/Date(-62135568000000-0800)\/","LastName":"Driver","LicenseIssuingCountry":"USA","LicenseIssuingStateProvince":"Minnesota","MaxConveyanceDistance":0,"MedicalExp":"\/Date(-62135568000000-0800)\/","MiddleName":"Automation","ModifiedBy":5412,"ModifiedDate":"\/Date(1562188774489-0700)\/","OrganizationID":"46663","OrganizationName":"Gnome Shipping D3","OrganizationSID":414,"Password":"E1ADC3949BA59ABBE56E057F2F883E","PayrollOrganizationSID":0,"PayrollSID":0,"ResourceGroupIDList":null,"SID":5634,"SendInboundMessageTo":357,"SendInboundMessageToID":"Gnome Shipping D3","Status":"Active","UseHOSOrganizationSettings":true,"UserDefinedField1":"","UserDefinedField2":"","UserDefinedField3":"","UserDefinedField4":"","UserDefinedField5":"","UserName":"kstine0919"},{"CDLExpiration":"\/Date(-62135568000000-0800)\/","CDLNumber":"260965236004","CellPhone":"","CompanyName":"Gnome Shipping D3","CompanySID":2340,"CreateDate":"\/Date(1562129123634-0700)\/","DefaultHOSRule":null,"DriverID":"kstine16450702","ELDExempt":false,"ELDExemptExplanation":null,"ELDExemptVehicleInspection":"UseOrganizationSetting","EnableBigDay":false,"EnableDriverPortal":true,"EnableHOSRule":"","EnablePersonalConveyance":false,"EnableTimeClock":false,"EnableYardMove":false,"Endorsements":"","FirstName":"Shelby","HomeTelephone":"","Language":"English","LastLogin":"\/Date(-62135568000000-0800)\/","LastName":"Williams","LicenseIssuingCountry":"USA","LicenseIssuingStateProvince":"Minnesota","MaxConveyanceDistance":0,"MedicalExp":"\/Date(-62135568000000-0800)\/","MiddleName":"","ModifiedBy":5412,"ModifiedDate":"\/Date(1562129123313-0700)\/","OrganizationID":"46663","OrganizationName":"Gnome Shipping D3","OrganizationSID":414,"Password":"E1ADC3949BA59ABBE56E057F2F883E","PayrollOrganizationSID":0,"PayrollSID":0,"ResourceGroupIDList":null,"SID":5633,"SendInboundMessageTo":357,"SendInboundMessageToID":"Gnome Shipping D3","Status":"Active","UseHOSOrganizationSettings":true,"UserDefinedField1":"","UserDefinedField2":"","UserDefinedField3":"","UserDefinedField4":"","UserDefinedField5":"","UserName":"kstine1645"},{"CDLExpiration":"\/Date(-62135568000000-0800)\/","CDLNumber":"420553385949","CellPhone":"","CompanyName":"Gnome Shipping D3","CompanySID":2340,"CreateDate":"\/Date(1562128990123-0700)\/","DefaultHOSRule":null,"DriverID":"kstine16430702","ELDExempt":false,"ELDExemptExplanation":null,"ELDExemptVehicleInspection":"UseOrganizationSetting","EnableBigDay":false,"EnableDriverPortal":true,"EnableHOSRule":"","EnablePersonalConveyance":false,"EnableTimeClock":false,"EnableYardMove":false,"Endorsements":"","FirstName":"Daniel","HomeTelephone":"","Language":"English","LastLogin":"\/Date(-62135568000000-0800)\/","LastName":"Barton","LicenseIssuingCountry":"USA","LicenseIssuingStateProvince":"Minnesota","MaxConveyanceDistance":0,"MedicalExp":"\/Date(-62135568000000-0800)\/","MiddleName":"","ModifiedBy":5412,"ModifiedDate":"\/Date(1562128989706-0700)\/","OrganizationID":"46663","OrganizationName":"Gnome Shipping D3","OrganizationSID":414,"Password":"E1ADC3949BA59ABBE56E057F2F883E","PayrollOrganizationSID":0,"PayrollSID":0,"ResourceGroupIDList":null,"SID":5632,"SendInboundMessageTo":357,"SendInboundMessageToID":"Gnome Shipping D3","Status":"Active","UseHOSOrganizationSettings":true,"UserDefinedField1":"","UserDefinedField2":"","UserDefinedField3":"","UserDefinedField4":"","UserDefinedField5":"","UserName":"kstine1643"},{"CDLExpiration":"\/Date(-62135568000000-0800)\/","CDLNumber":"","CellPhone":"","CompanyName":"Gnome Shipping D3","CompanySID":2340,"CreateDate":"\/Date(1562127801318-0700)\/","DefaultHOSRule":null,"DriverID":"kstine160702","ELDExempt":false,"ELDExemptExplanation":null,"ELDExemptVehicleInspection":"UseOrganizationSetting","EnableBigDay":false,"EnableDriverPortal":true,"EnableHOSRule":"","EnablePersonalConveyance":false,"EnableTimeClock":false,"EnableYardMove":false,"Endorsements":"","FirstName":"Jaime","HomeTelephone":"","Language":"English","LastLogin":"\/Date(-62135568000000-0800)\/","LastName":"Perkins","LicenseIssuingCountry":"USA","LicenseIssuingStateProvince":"Minnesota","MaxConveyanceDistance":0,"MedicalExp":"\/Date(-62135568000000-0800)\/","MiddleName":"","ModifiedBy":5412,"ModifiedDate":"\/Date(1562127800923-0700)\/","OrganizationID":"46663","OrganizationName":"Gnome Shipping D3","OrganizationSID":414,"Password":"E1ADC3949BA59ABBE56E057F2F883E","PayrollOrganizationSID":0,"PayrollSID":0,"ResourceGroupIDList":null,"SID":5631,"SendInboundMessageTo":357,"SendInboundMessageToID":"Gnome Shipping D3","Status":"Active","UseHOSOrganizationSettings":true,"UserDefinedField1":"","UserDefinedField2":"","UserDefinedField3":"","UserDefinedField4":"","UserDefinedField5":"","UserName":"kstine16"},{"CDLExpiration":"\/Date(-62135568000000-0800)\/","CDLNumber":"","CellPhone":"","CompanyName":"Gnome Shipping D3","CompanySID":2340,"CreateDate":"\/Date(1562127741005-0700)\/","DefaultHOSRule":null,"DriverID":"kstine16220702","ELDExempt":false,"ELDExemptExplanation":null,"ELDExemptVehicleInspection":"UseOrganizationSetting","EnableBigDay":false,"EnableDriverPortal":true,"EnableHOSRule":"","EnablePersonalConveyance":false,"EnableTimeClock":false,"EnableYardMove":false,"Endorsements":"","FirstName":"Daniel","HomeTelephone":"","Language":"English","LastLogin":"\/Date(-62135568000000-0800)\/","LastName":"Jones","LicenseIssuingCountry":"USA","LicenseIssuingStateProvince":"Minnesota","MaxConveyanceDistance":0,"MedicalExp":"\/Date(-62135568000000-0800)\/","MiddleName":"","ModifiedBy":5412,"ModifiedDate":"\/Date(1562127740644-0700)\/","OrganizationID":"46663","OrganizationName":"Gnome Shipping D3","OrganizationSID":414,"Password":"E1ADC3949BA59ABBE56E057F2F883E","PayrollOrganizationSID":0,"PayrollSID":0,"ResourceGroupIDList":null,"SID":5630,"SendInboundMessageTo":357,"SendInboundMessageToID":"Gnome Shipping D3","Status":"Active","UseHOSOrganizationSettings":true,"UserDefinedField1":"","UserDefinedField2":"","UserDefinedField3":"","UserDefinedField4":"","UserDefinedField5":"","UserName":"kstine1622"},{"CDLExpiration":"\/Date(-62135568000000-0800)\/","CDLNumber":"","CellPhone":"","CompanyName":"Gnome Shipping D3","CompanySID":2340,"CreateDate":"\/Date(1562127649942-0700)\/","DefaultHOSRule":null,"DriverID":"kstine16200702","ELDExempt":false,"ELDExemptExplanation":null,"ELDExemptVehicleInspection":"UseOrganizationSetting","EnableBigDay":false,"EnableDriverPortal":true,"EnableHOSRule":"","EnablePersonalConveyance":false,"EnableTimeClock":false,"EnableYardMove":false,"Endorsements":"","FirstName":"Peter","HomeTelephone":"","Language":"English","LastLogin":"\/Date(-62135568000000-0800)\/","LastName":"Williams","LicenseIssuingCountry":"USA","LicenseIssuingStateProvince":"Minnesota","MaxConveyanceDistance":0,"MedicalExp":"\/Date(-62135568000000-0800)\/","MiddleName":"","ModifiedBy":5412,"ModifiedDate":"\/Date(1562127649559-0700)\/","OrganizationID":"46663","OrganizationName":"Gnome Shipping D3","OrganizationSID":414,"Password":"E1ADC3949BA59ABBE56E057F2F883E","PayrollOrganizationSID":0,"PayrollSID":0,"ResourceGroupIDList":null,"SID":5629,"SendInboundMessageTo":357,"SendInboundMessageToID":"Gnome Shipping D3","Status":"Active","UseHOSOrganizationSettings":true,"UserDefinedField1":"","UserDefinedField2":"","UserDefinedField3":"","UserDefinedField4":"","UserDefinedField5":"","UserName":"kstine1620"},{"CDLExpiration":"\/Date(-62135568000000-0800)\/","CDLNumber":"","CellPhone":"","CompanyName":"Gnome Shipping D3","CompanySID":2340,"CreateDate":"\/Date(1562127588167-0700)\/","DefaultHOSRule":null,"DriverID":"kstine16190702","ELDExempt":false,"ELDExemptExplanation":null,"ELDExemptVehicleInspection":"UseOrganizationSetting","EnableBigDay":false,"EnableDriverPortal":true,"EnableHOSRule":"","EnablePersonalConveyance":false,"EnableTimeClock":false,"EnableYardMove":false,"Endorsements":"","FirstName":"Jason","HomeTelephone":"","Language":"English","LastLogin":"\/Date(-62135568000000-0800)\/","LastName":"Little","LicenseIssuingCountry":"USA","LicenseIssuingStateProvince":"Minnesota","MaxConveyanceDistance":0,"MedicalExp":"\/Date(-62135568000000-0800)\/","MiddleName":"","ModifiedBy":5412,"ModifiedDate":"\/Date(1562127587762-0700)\/","OrganizationID":"46663","OrganizationName":"Gnome Shipping D3","OrganizationSID":414,"Password":"E1ADC3949BA59ABBE56E057F2F883E","PayrollOrganizationSID":0,"PayrollSID":0,"ResourceGroupIDList":null,"SID":5628,"SendInboundMessageTo":357,"SendInboundMessageToID":"Gnome Shipping D3","Status":"Active","UseHOSOrganizationSettings":true,"UserDefinedField1":"","UserDefinedField2":"","UserDefinedField3":"","UserDefinedField4":"","UserDefinedField5":"","UserName":"kstine1619"},{"CDLExpiration":"\/Date(-62135568000000-0800)\/","CDLNumber":"Tomte623456","CellPhone":"","CompanyName":"Gnome Shipping D3","CompanySID":2340,"CreateDate":"\/Date(1538021062000-0700)\/","DefaultHOSRule":null,"DriverID":"tomte6","ELDExempt":false,"ELDExemptExplanation":null,"ELDExemptVehicleInspection":"UseOrganizationSetting","EnableBigDay":false,"EnableDriverPortal":true,"EnableHOSRule":"","EnablePersonalConveyance":false,"EnableTimeClock":false,"EnableYardMove":false,"Endorsements":"","FirstName":"Gnome6","HomeTelephone":"","Language":"English","LastLogin":"\/Date(1559103222719-0700)\/","LastName":"Stine","LicenseIssuingCountry":"USA","LicenseIssuingStateProvince":"Minnesota","MaxConveyanceDistance":0,"MedicalExp":"\/Date(-62135568000000-0800)\/","MiddleName":"","ModifiedBy":5412,"ModifiedDate":"\/Date(1561682690013-0700)\/","OrganizationID":"46663","OrganizationName":"Gnome Shipping D3","OrganizationSID":414,"Password":"E1ADC3949BA59ABBE56E057F2F883E","PayrollOrganizationSID":0,"PayrollSID":0,"ResourceGroupIDList":null,"SID":5423,"SendInboundMessageTo":357,"SendInboundMessageToID":"Gnome Shipping D3","Status":"Inactive","UseHOSOrganizationSettings":true,"UserDefinedField1":"","UserDefinedField2":"","UserDefinedField3":"","UserDefinedField4":"","UserDefinedField5":"","UserName":"tomte6"},{"CDLExpiration":"\/Date(-62135568000000-0800)\/","CDLNumber":"Bobby123","CellPhone":"","CompanyName":"Gnome Shipping D3","CompanySID":2340,"CreateDate":"\/Date(1556323216523-0700)\/","DefaultHOSRule":null,"DriverID":"bob01","ELDExempt":false,"ELDExemptExplanation":null,"ELDExemptVehicleInspection":"UseOrganizationSetting","EnableBigDay":false,"EnableDriverPortal":true,"EnableHOSRule":"","EnablePersonalConveyance":false,"EnableTimeClock":false,"EnableYardMove":false,"Endorsements":"","FirstName":"Robert1","HomeTelephone":"","Language":"English","LastLogin":"\/Date(1556323971950-0700)\/","LastName":"Builder","LicenseIssuingCountry":"USA","LicenseIssuingStateProvince":"Minnesota","MaxConveyanceDistance":0,"MedicalExp":"\/Date(-62135568000000-0800)\/","MiddleName":"","ModifiedBy":5416,"ModifiedDate":"\/Date(1556323971950-0700)\/","OrganizationID":"Bob","OrganizationName":"Bob","OrganizationSID":482,"Password":"E1ADC3949BA59ABBE56E057F2F883E","PayrollOrganizationSID":0,"PayrollSID":0,"ResourceGroupIDList":null,"SID":5583,"SendInboundMessageTo":357,"SendInboundMessageToID":"Gnome Shipping D3","Status":"Active","UseHOSOrganizationSettings":true,"UserDefinedField1":"","UserDefinedField2":"","UserDefinedField3":"","UserDefinedField4":"","UserDefinedField5":"","UserName":"bob01"},{"CDLExpiration":"\/Date(-62135568000000-0800)\/","CDLNumber":"bigday123","CellPhone":"","CompanyName":"Gnome Shipping D3","CompanySID":2340,"CreateDate":"\/Date(1538110250000-0700)\/","DefaultHOSRule":null,"DriverID":"bigday1","ELDExempt":false,"ELDExemptExplanation":null,"ELDExemptVehicleInspection":"UseOrganizationSetting","EnableBigDay":false,"EnableDriverPortal":true,"EnableHOSRule":"","EnablePersonalConveyance":false,"EnableTimeClock":false,"EnableYardMove":false,"Endorsements":"","FirstName":"bigday1","HomeTelephone":"","Language":"English","LastLogin":"\/Date(1555553096057-0700)\/","LastName":"Stine","LicenseIssuingCountry":"USA","LicenseIssuingStateProvince":"Minnesota","MaxConveyanceDistance":0,"MedicalExp":"\/Date(-62135568000000-0800)\/","MiddleName":"","ModifiedBy":5412,"ModifiedDate":"\/Date(1555553096057-0700)\/","OrganizationID":"46663","OrganizationName":"Gnome Shipping D3","OrganizationSID":414,"Password":"E1ADC3949BA59ABBE56E057F2F883E","PayrollOrganizationSID":0,"PayrollSID":0,"ResourceGroupIDList":null,"SID":5430,"SendInboundMessageTo":357,"SendInboundMessageToID":"Gnome Shipping D3","Status":"Active","UseHOSOrganizationSettings":true,"UserDefinedField1":"","UserDefinedField2":"","UserDefinedField3":"","UserDefinedField4":"","UserDefinedField5":"","UserName":"bigday1"},{"CDLExpiration":"\/Date(-62135568000000-0800)\/","CDLNumber":"Tomte523456","CellPhone":"","CompanyName":"Gnome Shipping D3","CompanySID":2340,"CreateDate":"\/Date(1538019628000-0700)\/","DefaultHOSRule":null,"DriverID":"tomte5","ELDExempt":false,"ELDExemptExplanation":null,"ELDExemptVehicleInspection":"UseOrganizationSetting","EnableBigDay":false,"EnableDriverPortal":true,"EnableHOSRule":"","EnablePersonalConveyance":false,"EnableTimeClock":false,"EnableYardMove":false,"Endorsements":"","FirstName":"Gnome5","HomeTelephone":"","Language":"English","LastLogin":"\/Date(1550113626126-0800)\/","LastName":"Stine","LicenseIssuingCountry":"USA","LicenseIssuingStateProvince":"Minnesota","MaxConveyanceDistance":0,"MedicalExp":"\/Date(-62135568000000-0800)\/","MiddleName":"","ModifiedBy":5412,"ModifiedDate":"\/Date(1550113626126-0800)\/","OrganizationID":"46663","OrganizationName":"Gnome Shipping D3","OrganizationSID":414,"Password":"E1ADC3949BA59ABBE56E057F2F883E","PayrollOrganizationSID":0,"PayrollSID":0,"ResourceGroupIDList":null,"SID":5422,"SendInboundMessageTo":357,"SendInboundMessageToID":"Gnome Shipping D3","Status":"Inactive","UseHOSOrganizationSettings":true,"UserDefinedField1":"","UserDefinedField2":"","UserDefinedField3":"","UserDefinedField4":"","UserDefinedField5":"","UserName":"tomte5"},{"CDLExpiration":"\/Date(-62135568000000-0800)\/","CDLNumber":"Tomte423456","CellPhone":"","CompanyName":"Gnome Shipping D3","CompanySID":2340,"CreateDate":"\/Date(1538017506000-0700)\/","DefaultHOSRule":null,"DriverID":"tomte4","ELDExempt":false,"ELDExemptExplanation":null,"ELDExemptVehicleInspection":"UseOrganizationSetting","EnableBigDay":false,"EnableDriverPortal":true,"EnableHOSRule":"","EnablePersonalConveyance":false,"EnableTimeClock":false,"EnableYardMove":false,"Endorsements":"","FirstName":"Gnome4","HomeTelephone":"","Language":"English","LastLogin":"\/Date(1550029037616-0800)\/","LastName":"Stine","LicenseIssuingCountry":"USA","LicenseIssuingStateProvince":"Minnesota","MaxConveyanceDistance":0,"MedicalExp":"\/Date(-62135568000000-0800)\/","MiddleName":"","ModifiedBy":5416,"ModifiedDate":"\/Date(1550029037616-0800)\/","OrganizationID":"46663","OrganizationName":"Gnome Shipping D3","OrganizationSID":414,"Password":"E1ADC3949BA59ABBE56E057F2F883E","PayrollOrganizationSID":0,"PayrollSID":0,"ResourceGroupIDList":null,"SID":5421,"SendInboundMessageTo":357,"SendInboundMessageToID":"Gnome Shipping D3","Status":"Inactive","UseHOSOrganizationSettings":true,"UserDefinedField1":"","UserDefinedField2":"","UserDefinedField3":"","UserDefinedField4":"","UserDefinedField5":"","UserName":"tomte4"},{"CDLExpiration":"\/Date(-62135568000000-0800)\/","CDLNumber":"afterbigday123","CellPhone":"","CompanyName":"Gnome Shipping D3","CompanySID":2340,"CreateDate":"\/Date(1538185530051-0700)\/","DefaultHOSRule":null,"DriverID":"afterbigday1","ELDExempt":false,"ELDExemptExplanation":null,"ELDExemptVehicleInspection":"UseOrganizationSetting","EnableBigDay":false,"EnableDriverPortal":true,"EnableHOSRule":"","EnablePersonalConveyance":false,"EnableTimeClock":false,"EnableYardMove":false,"Endorsements":"","FirstName":"afterbigday1","HomeTelephone":"","Language":"English","LastLogin":"\/Date(1538187181989-0700)\/","LastName":"Stine","LicenseIssuingCountry":"USA","LicenseIssuingStateProvince":"Minnesota","MaxConveyanceDistance":0,"MedicalExp":"\/Date(-62135568000000-0800)\/","MiddleName":"","ModifiedBy":5416,"ModifiedDate":"\/Date(1538187181989-0700)\/","OrganizationID":"46663","OrganizationName":"Gnome Shipping D3","OrganizationSID":414,"Password":"E1ADC3949BA59ABBE56E057F2F883E","PayrollOrganizationSID":0,"PayrollSID":0,"ResourceGroupIDList":null,"SID":5437,"SendInboundMessageTo":357,"SendInboundMessageToID":"Gnome Shipping D3","Status":"Active","UseHOSOrganizationSettings":true,"UserDefinedField1":"","UserDefinedField2":"","UserDefinedField3":"","UserDefinedField4":"","UserDefinedField5":"","UserName":"afterbigday1"},{"CDLExpiration":"\/Date(-62135568000000-0800)\/","CDLNumber":"bigday567","CellPhone":"","CompanyName":"Gnome Shipping D3","CompanySID":2340,"CreateDate":"\/Date(1538178407326-0700)\/","DefaultHOSRule":null,"DriverID":"bigday5","ELDExempt":false,"ELDExemptExplanation":null,"ELDExemptVehicleInspection":"UseOrganizationSetting","EnableBigDay":false,"EnableDriverPortal":true,"EnableHOSRule":"","EnablePersonalConveyance":false,"EnableTimeClock":false,"EnableYardMove":false,"Endorsements":"","FirstName":"bigday5","HomeTelephone":"","Language":"English","LastLogin":"\/Date(1538179779123-0700)\/","LastName":"Stine","LicenseIssuingCountry":"USA","LicenseIssuingStateProvince":"Minnesota","MaxConveyanceDistance":0,"MedicalExp":"\/Date(-62135568000000-0800)\/","MiddleName":"","ModifiedBy":5416,"ModifiedDate":"\/Date(1538179779123-0700)\/","OrganizationID":"46663","OrganizationName":"Gnome Shipping D3","OrganizationSID":414,"Password":"E1ADC3949BA59ABBE56E057F2F883E","PayrollOrganizationSID":0,"PayrollSID":0,"ResourceGroupIDList":null,"SID":5436,"SendInboundMessageTo":357,"SendInboundMessageToID":"Gnome Shipping D3","Status":"Active","UseHOSOrganizationSettings":true,"UserDefinedField1":"","UserDefinedField2":"","UserDefinedField3":"","UserDefinedField4":"","UserDefinedField5":"","UserName":"bigday5"},{"CDLExpiration":"\/Date(-62135568000000-0800)\/","CDLNumber":"bigday456","CellPhone":"","CompanyName":"Gnome Shipping D3","CompanySID":2340,"CreateDate":"\/Date(1538171921315-0700)\/","DefaultHOSRule":null,"DriverID":"bigday4","ELDExempt":false,"ELDExemptExplanation":null,"ELDExemptVehicleInspection":"UseOrganizationSetting","EnableBigDay":false,"EnableDriverPortal":true,"EnableHOSRule":"","EnablePersonalConveyance":false,"EnableTimeClock":false,"EnableYardMove":false,"Endorsements":"","FirstName":"bigday4","HomeTelephone":"","Language":"English","LastLogin":"\/Date(1538175385977-0700)\/","LastName":"Stine","LicenseIssuingCountry":"USA","LicenseIssuingStateProvince":"Minnesota","MaxConveyanceDistance":0,"MedicalExp":"\/Date(-62135568000000-0800)\/","MiddleName":"","ModifiedBy":5416,"ModifiedDate":"\/Date(1538175385977-0700)\/","OrganizationID":"46663","OrganizationName":"Gnome Shipping D3","OrganizationSID":414,"Password":"E1ADC3949BA59ABBE56E057F2F883E","PayrollOrganizationSID":0,"PayrollSID":0,"ResourceGroupIDList":null,"SID":5435,"SendInboundMessageTo":357,"SendInboundMessageToID":"Gnome Shipping D3","Status":"Active","UseHOSOrganizationSettings":true,"UserDefinedField1":"","UserDefinedField2":"","UserDefinedField3":"","UserDefinedField4":"","UserDefinedField5":"","UserName":"bigday4"},{"CDLExpiration":"\/Date(-62135568000000-0800)\/","CDLNumber":"bigday345","CellPhone":"","CompanyName":"Gnome Shipping D3","CompanySID":2340,"CreateDate":"\/Date(1538170761822-0700)\/","DefaultHOSRule":null,"DriverID":"bigday3","ELDExempt":false,"ELDExemptExplanation":null,"ELDExemptVehicleInspection":"UseOrganizationSetting","EnableBigDay":false,"EnableDriverPortal":true,"EnableHOSRule":"","EnablePersonalConveyance":false,"EnableTimeClock":false,"EnableYardMove":false,"Endorsements":"","FirstName":"bigday3","HomeTelephone":"","Language":"English","LastLogin":"\/Date(1538171879044-0700)\/","LastName":"Stine","LicenseIssuingCountry":"USA","LicenseIssuingStateProvince":"Minnesota","MaxConveyanceDistance":0,"MedicalExp":"\/Date(-62135568000000-0800)\/","MiddleName":"","ModifiedBy":5416,"ModifiedDate":"\/Date(1538171879044-0700)\/","OrganizationID":"46663","OrganizationName":"Gnome Shipping D3","OrganizationSID":414,"Password":"E1ADC3949BA59ABBE56E057F2F883E","PayrollOrganizationSID":0,"PayrollSID":0,"ResourceGroupIDList":null,"SID":5434,"SendInboundMessageTo":357,"SendInboundMessageToID":"Gnome Shipping D3","Status":"Active","UseHOSOrganizationSettings":true,"UserDefinedField1":"","UserDefinedField2":"","UserDefinedField3":"","UserDefinedField4":"","UserDefinedField5":"","UserName":"bigday3"},{"CDLExpiration":"\/Date(-62135568000000-0800)\/","CDLNumber":"yard456","CellPhone":"","CompanyName":"Gnome Shipping D3","CompanySID":2340,"CreateDate":"\/Date(1538167605066-0700)\/","DefaultHOSRule":null,"DriverID":"yard4","ELDExempt":false,"ELDExemptExplanation":null,"ELDExemptVehicleInspection":"UseOrganizationSetting","EnableBigDay":false,"EnableDriverPortal":true,"EnableHOSRule":"","EnablePersonalConveyance":false,"EnableTimeClock":false,"EnableYardMove":false,"Endorsements":"","FirstName":"yard4","HomeTelephone":"","Language":"English","LastLogin":"\/Date(1538169371981-0700)\/","LastName":"Stine","LicenseIssuingCountry":"USA","LicenseIssuingStateProvince":"Minnesota","MaxConveyanceDistance":0,"MedicalExp":"\/Date(-62135568000000-0800)\/","MiddleName":"","ModifiedBy":5416,"ModifiedDate":"\/Date(1538169371981-0700)\/","OrganizationID":"46663","OrganizationName":"Gnome Shipping D3","OrganizationSID":414,"Password":"E1ADC3949BA59ABBE56E057F2F883E","PayrollOrganizationSID":0,"PayrollSID":0,"ResourceGroupIDList":null,"SID":5432,"SendInboundMessageTo":357,"SendInboundMessageToID":"Gnome Shipping D3","Status":"Active","UseHOSOrganizationSettings":true,"UserDefinedField1":"","UserDefinedField2":"","UserDefinedField3":"","UserDefinedField4":"","UserDefinedField5":"","UserName":"yard4"},{"CDLExpiration":"\/Date(-62135568000000-0800)\/","CDLNumber":"bigday234","CellPhone":"","CompanyName":"Gnome Shipping D3","CompanySID":2340,"CreateDate":"\/Date(1538111946331-0700)\/","DefaultHOSRule":null,"DriverID":"bigday2","ELDExempt":false,"ELDExemptExplanation":null,"ELDExemptVehicleInspection":"UseOrganizationSetting","EnableBigDay":false,"EnableDriverPortal":true,"EnableHOSRule":"","EnablePersonalConveyance":false,"EnableTimeClock":false,"EnableYardMove":false,"Endorsements":"","FirstName":"bigday2","HomeTelephone":"","Language":"English","LastLogin":"\/Date(1538113165030-0700)\/","LastName":"Stine","LicenseIssuingCountry":"USA","LicenseIssuingStateProvince":"Minnesota","MaxConveyanceDistance":0,"MedicalExp":"\/Date(-62135568000000-0800)\/","MiddleName":"","ModifiedBy":5416,"ModifiedDate":"\/Date(1538113165030-0700)\/","OrganizationID":"46663","OrganizationName":"Gnome Shipping D3","OrganizationSID":414,"Password":"E1ADC3949BA59ABBE56E057F2F883E","PayrollOrganizationSID":0,"PayrollSID":0,"ResourceGroupIDList":null,"SID":5431,"SendInboundMessageTo":357,"SendInboundMessageToID":"Gnome Shipping D3","Status":"Active","UseHOSOrganizationSettings":true,"UserDefinedField1":"","UserDefinedField2":"","UserDefinedField3":"","UserDefinedField4":"","UserDefinedField5":"","UserName":"bigday2"},{"CDLExpiration":"\/Date(-62135568000000-0800)\/","CDLNumber":"yard345","CellPhone":"","CompanyName":"Gnome Shipping D3","CompanySID":2340,"CreateDate":"\/Date(1538109456283-0700)\/","DefaultHOSRule":null,"DriverID":"yard3","ELDExempt":false,"ELDExemptExplanation":null,"ELDExemptVehicleInspection":"UseOrganizationSetting","EnableBigDay":false,"EnableDriverPortal":true,"EnableHOSRule":"","EnablePersonalConveyance":false,"EnableTimeClock":false,"EnableYardMove":false,"Endorsements":"","FirstName":"yard3","HomeTelephone":"","Language":"English","LastLogin":"\/Date(1538168332704-0700)\/","LastName":"Stine","LicenseIssuingCountry":"USA","LicenseIssuingStateProvince":"Minnesota","MaxConveyanceDistance":0,"MedicalExp":"\/Date(-62135568000000-0800)\/","MiddleName":"","ModifiedBy":5416,"ModifiedDate":"\/Date(1538168332704-0700)\/","OrganizationID":"46663","OrganizationName":"Gnome Shipping D3","OrganizationSID":414,"Password":"E1ADC3949BA59ABBE56E057F2F883E","PayrollOrganizationSID":0,"PayrollSID":0,"ResourceGroupIDList":null,"SID":5429,"SendInboundMessageTo":357,"SendInboundMessageToID":"Gnome Shipping D3","Status":"Active","UseHOSOrganizationSettings":true,"UserDefinedField1":"","UserDefinedField2":"","UserDefinedField3":"","UserDefinedField4":"","UserDefinedField5":"","UserName":"yard3"},{"CDLExpiration":"\/Date(-62135568000000-0800)\/","CDLNumber":"Yard234","CellPhone":"","CompanyName":"Gnome Shipping D3","CompanySID":2340,"CreateDate":"\/Date(1538108343758-0700)\/","DefaultHOSRule":null,"DriverID":"yard2","ELDExempt":false,"ELDExemptExplanation":null,"ELDExemptVehicleInspection":"UseOrganizationSetting","EnableBigDay":false,"EnableDriverPortal":true,"EnableHOSRule":"","EnablePersonalConveyance":false,"EnableTimeClock":false,"EnableYardMove":false,"Endorsements":"","FirstName":"Yard2","HomeTelephone":"","Language":"English","LastLogin":"\/Date(1538109141707-0700)\/","LastName":"Stine","LicenseIssuingCountry":"USA","LicenseIssuingStateProvince":"Minnesota","MaxConveyanceDistance":0,"MedicalExp":"\/Date(-62135568000000-0800)\/","MiddleName":"","ModifiedBy":5416,"ModifiedDate":"\/Date(1538109141707-0700)\/","OrganizationID":"46663","OrganizationName":"Gnome Shipping D3","OrganizationSID":414,"Password":"E1ADC3949BA59ABBE56E057F2F883E","PayrollOrganizationSID":0,"PayrollSID":0,"ResourceGroupIDList":null,"SID":5428,"SendInboundMessageTo":357,"SendInboundMessageToID":"Gnome Shipping D3","Status":"Active","UseHOSOrganizationSettings":true,"UserDefinedField1":"","UserDefinedField2":"","UserDefinedField3":"","UserDefinedField4":"","UserDefinedField5":"","UserName":"yard2"},{"CDLExpiration":"\/Date(-62135568000000-0800)\/","CDLNumber":"yard123","CellPhone":"","CompanyName":"Gnome Shipping D3","CompanySID":2340,"CreateDate":"\/Date(1538107546000-0700)\/","DefaultHOSRule":null,"DriverID":"yard1","ELDExempt":false,"ELDExemptExplanation":null,"ELDExemptVehicleInspection":"UseOrganizationSetting","EnableBigDay":false,"EnableDriverPortal":true,"EnableHOSRule":"","EnablePersonalConveyance":false,"EnableTimeClock":false,"EnableYardMove":false,"Endorsements":"","FirstName":"Yard1","HomeTelephone":"","Language":"English","LastLogin":"\/Date(1538108235892-0700)\/","LastName":"Stine","LicenseIssuingCountry":"USA","LicenseIssuingStateProvince":"Minnesota","MaxConveyanceDistance":0,"MedicalExp":"\/Date(-62135568000000-0800)\/","MiddleName":"","ModifiedBy":5416,"ModifiedDate":"\/Date(1538108288802-0700)\/","OrganizationID":"46663","OrganizationName":"Gnome Shipping D3","OrganizationSID":414,"Password":"E1ADC3949BA59ABBE56E057F2F883E","PayrollOrganizationSID":0,"PayrollSID":0,"ResourceGroupIDList":null,"SID":5427,"SendInboundMessageTo":357,"SendInboundMessageToID":"Gnome Shipping D3","Status":"Active","UseHOSOrganizationSettings":true,"UserDefinedField1":"","UserDefinedField2":"","UserDefinedField3":"","UserDefinedField4":"","UserDefinedField5":"","UserName":"yard1"},{"CDLExpiration":"\/Date(-62135568000000-0800)\/","CDLNumber":"Tomte923456","CellPhone":"","CompanyName":"Gnome Shipping D3","CompanySID":2340,"CreateDate":"\/Date(1538102712537-0700)\/","DefaultHOSRule":null,"DriverID":"tomte9","ELDExempt":false,"ELDExemptExplanation":null,"ELDExemptVehicleInspection":"UseOrganizationSetting","EnableBigDay":false,"EnableDriverPortal":true,"EnableHOSRule":"","EnablePersonalConveyance":false,"EnableTimeClock":false,"EnableYardMove":false,"Endorsements":"","FirstName":"Steve","HomeTelephone":"","Language":"English","LastLogin":"\/Date(1538107429840-0700)\/","LastName":"Stine","LicenseIssuingCountry":"USA","LicenseIssuingStateProvince":"Minnesota","MaxConveyanceDistance":0,"MedicalExp":"\/Date(-62135568000000-0800)\/","MiddleName":"","ModifiedBy":5416,"ModifiedDate":"\/Date(1538107429840-0700)\/","OrganizationID":"46663","OrganizationName":"Gnome Shipping D3","OrganizationSID":414,"Password":"112E2C5D4297F7F2618A06F647FEE60","PayrollOrganizationSID":0,"PayrollSID":0,"ResourceGroupIDList":null,"SID":5426,"SendInboundMessageTo":357,"SendInboundMessageToID":"Gnome Shipping D3","Status":"Active","UseHOSOrganizationSettings":true,"UserDefinedField1":"","UserDefinedField2":"","UserDefinedField3":"","UserDefinedField4":"","UserDefinedField5":"","UserName":"tomte9"},{"CDLExpiration":"\/Date(-62135568000000-0800)\/","CDLNumber":"tomte890890","CellPhone":"","CompanyName":"Gnome Shipping D3","CompanySID":2340,"CreateDate":"\/Date(1538098295471-0700)\/","DefaultHOSRule":null,"DriverID":"tomte8","ELDExempt":false,"ELDExemptExplanation":null,"ELDExemptVehicleInspection":"UseOrganizationSetting","EnableBigDay":false,"EnableDriverPortal":true,"EnableHOSRule":"","EnablePersonalConveyance":false,"EnableTimeClock":false,"EnableYardMove":false,"Endorsements":"","FirstName":"Bob","HomeTelephone":"","Language":"English","LastLogin":"\/Date(1538099634064-0700)\/","LastName":"Stine","LicenseIssuingCountry":"USA","LicenseIssuingStateProvince":"Minnesota","MaxConveyanceDistance":0,"MedicalExp":"\/Date(-62135568000000-0800)\/","MiddleName":"","ModifiedBy":5416,"ModifiedDate":"\/Date(1538099634064-0700)\/","OrganizationID":"46663","OrganizationName":"Gnome Shipping D3","OrganizationSID":414,"Password":"112E2C5D4297F7F2618A06F647FEE60","PayrollOrganizationSID":0,"PayrollSID":0,"ResourceGroupIDList":null,"SID":5425,"SendInboundMessageTo":357,"SendInboundMessageToID":"Gnome Shipping D3","Status":"Active","UseHOSOrganizationSettings":true,"UserDefinedField1":"","UserDefinedField2":"","UserDefinedField3":"","UserDefinedField4":"","UserDefinedField5":"","UserName":"tomte8"},{"CDLExpiration":"\/Date(-62135568000000-0800)\/","CDLNumber":"Tomte723456","CellPhone":"","CompanyName":"Gnome Shipping D3","CompanySID":2340,"CreateDate":"\/Date(1538097463984-0700)\/","DefaultHOSRule":null,"DriverID":"tomte7","ELDExempt":false,"ELDExemptExplanation":null,"ELDExemptVehicleInspection":"UseOrganizationSetting","EnableBigDay":false,"EnableDriverPortal":true,"EnableHOSRule":"","EnablePersonalConveyance":false,"EnableTimeClock":false,"EnableYardMove":false,"Endorsements":"","FirstName":"Ian","HomeTelephone":"","Language":"English","LastLogin":"\/Date(1538098259682-0700)\/","LastName":"Stine","LicenseIssuingCountry":"USA","LicenseIssuingStateProvince":"Minnesota","MaxConveyanceDistance":0,"MedicalExp":"\/Date(-62135568000000-0800)\/","MiddleName":"","ModifiedBy":5416,"ModifiedDate":"\/Date(1538098259682-0700)\/","OrganizationID":"46663","OrganizationName":"Gnome Shipping D3","OrganizationSID":414,"Password":"112E2C5D4297F7F2618A06F647FEE60","PayrollOrganizationSID":0,"PayrollSID":0,"ResourceGroupIDList":null,"SID":5424,"SendInboundMessageTo":357,"SendInboundMessageToID":"Gnome Shipping D3","Status":"Active","UseHOSOrganizationSettings":true,"UserDefinedField1":"","UserDefinedField2":"","UserDefinedField3":"","UserDefinedField4":"","UserDefinedField5":"","UserName":"tomte7"}]</msg>
<msg timestamp="20191220 13:04:55.813" level="TRACE">Return: &lt;Response [200]&gt;</msg>
<msg timestamp="20191220 13:04:55.813" level="INFO">${response} = &lt;Response [200]&gt;</msg>
<status status="PASS" starttime="20191220 13:04:54.347" endtime="20191220 13:04:55.814"></status>
</kw>
<msg timestamp="20191220 13:04:55.815" level="TRACE">Return: &lt;Response [200]&gt;</msg>
<msg timestamp="20191220 13:04:55.816" level="INFO">${response} = &lt;Response [200]&gt;</msg>
<status status="PASS" starttime="20191220 13:04:54.346" endtime="20191220 13:04:55.816"></status>
</kw>
<kw name="Should Be Equal As Strings" library="BuiltIn">
<doc>Fails if objects are unequal after converting them to strings.</doc>
<arguments>
<arg>${response.status_code}</arg>
<arg>200</arg>
</arguments>
<msg timestamp="20191220 13:04:55.818" level="TRACE">Arguments: [ 200 | '200' ]</msg>
<msg timestamp="20191220 13:04:55.819" level="INFO">Argument types are:
&lt;class 'int'&gt;
&lt;type 'unicode'&gt;</msg>
<msg timestamp="20191220 13:04:55.819" level="TRACE">Return: None</msg>
<status status="PASS" starttime="20191220 13:04:55.818" endtime="20191220 13:04:55.819"></status>
</kw>
<doc>Gets all the drivers</doc>
<tags>
<tag>awsxrsdriverrestwebservicevalidation</tag>
<tag>xrsawsperftest</tag>
</tags>
<status status="PASS" starttime="20191220 13:04:54.344" endtime="20191220 13:04:55.820" critical="yes"></status>
</test>
<kw name="Delete All Sessions" library="RequestsLibrary" type="teardown">
<doc>Removes all the session objects</doc>
<msg timestamp="20191220 13:04:55.825" level="TRACE">Arguments: [  ]</msg>
<msg timestamp="20191220 13:04:55.825" level="INFO">Delete All Sessions</msg>
<msg timestamp="20191220 13:04:55.825" level="TRACE">Return: None</msg>
<status status="PASS" starttime="20191220 13:04:55.825" endtime="20191220 13:04:55.826"></status>
</kw>
<doc>Fundamental suite to test XRS AWS Driver Entity Management Web Services</doc>
<status status="PASS" starttime="20191220 13:04:54.218" endtime="20191220 13:04:55.826"></status>
</suite>
<suite id="s1-s1-s3" name="ValidateAWSXRSOrganizationWebService" source="C:\Users\kstine\git\aws-api-gateway-tests\Tests\AWS_XRS_WebServicesTests\03__ValidateAWSXRSOrganizationWebService.robot">
<kw name="Run Keywords" library="BuiltIn" type="setup">
<doc>Executes all the given keywords in a sequence.</doc>
<arguments>
<arg>Create AWS XRS Web Services Session</arg>
<arg>AND</arg>
<arg>Test Data Setup For XRS AWS Organization Web Service Test Suite</arg>
</arguments>
<msg timestamp="20191220 13:04:56.311" level="TRACE">Arguments: [ 'Create AWS XRS Web Services Session' | 'AND' | 'Test Data Setup For XRS AWS Organization Web Service Test Suite' ]</msg>
<kw name="Create AWS XRS Web Services Session" library="XRSCommonWebService">
<doc>Create a session with aws xrs web services</doc>
<msg timestamp="20191220 13:04:56.312" level="TRACE">Arguments: [  ]</msg>
<kw name="Create Session" library="RequestsLibrary">
<doc>Create Session: create a HTTP session to a server</doc>
<arguments>
<arg>${XRS_WEB_SERVICE_SESSION_ALIAS}</arg>
<arg>${XRS_AWS_WEBSERVICES_URL}[${XRS_HOST_ENVIRONMENT}]</arg>
<arg>verify=True</arg>
<arg>auth=${XRS_WEBSERVICES_AUTHORIZATION}</arg>
</arguments>
<msg timestamp="20191220 13:04:56.312" level="TRACE">Arguments: [ 'xrs_web_service_session' | 'https://d3ws.xataxrs.com' | verify=True | auth=['GnomeShippingD3|admin', 'xrs123'] ]</msg>
<msg timestamp="20191220 13:04:56.312" level="INFO">Creating Session using : alias=xrs_web_service_session, url=https://d3ws.xataxrs.com, headers={},                     cookies={}, auth=&lt;requests.auth.HTTPBasicAuth object at 0x00000217C264D3A0&gt;, timeout=None, proxies=None, verify=True,                     debug=0 </msg>
<msg timestamp="20191220 13:04:56.312" level="DEBUG">Creating session: xrs_web_service_session</msg>
<msg timestamp="20191220 13:04:56.312" level="DEBUG">Argument types are:
&lt;class 'bool'&gt;</msg>
[...]
:"46663","ParentOrganizationSid":414,"PostalCode":"","State":"","Status":true,"TimeZone":"CST","UnitOfMeasure":"Standard"},{"Address1":"12900 Whitewater Dr","Address2":"Suite 300","AllowSharedResourceGroup":true,"AllowSubscriptionChange":false,"BillingOrganizationId":"46663","BillingOrganizationSid":414,"CarrierName":"Gnome Shipping D3","City":"Minnetonka","Country":"USA","CreateDate":"\/Date(1576113346196-0800)\/","DotNumber":"123456","FleetViewRefresh":5,"Language":"English","ModifiedBy":5412,"ModifiedDate":"\/Date(1576113346196-0800)\/","OrganizationId":"sdfgsdfgdfg","OrganizationName":"ksdjfhgkjsdg","OrganizationSid":497,"ParentOrganizationId":"46663","ParentOrganizationSid":414,"PostalCode":"55343","State":"Minnesota","Status":true,"TimeZone":"HST","UnitOfMeasure":"Standard"},{"Address1":"","Address2":"","AllowSharedResourceGroup":false,"AllowSubscriptionChange":false,"BillingOrganizationId":null,"BillingOrganizationSid":0,"CarrierName":"Gnome Shipping D3","City":"","Country":"USA","CreateDate":"\/Date(1576194375306-0800)\/","DotNumber":"123456","FleetViewRefresh":0,"Language":"English","ModifiedBy":5412,"ModifiedDate":"\/Date(1576194375502-0800)\/","OrganizationId":"sherequire","OrganizationName":"she require","OrganizationSid":510,"ParentOrganizationId":"46663","ParentOrganizationSid":414,"PostalCode":"","State":"","Status":true,"TimeZone":"CST","UnitOfMeasure":"Standard"},{"Address1":"","Address2":"","AllowSharedResourceGroup":false,"AllowSubscriptionChange":false,"BillingOrganizationId":null,"BillingOrganizationSid":0,"CarrierName":"Gnome Shipping D3","City":"","Country":"USA","CreateDate":"\/Date(1576626894133-0800)\/","DotNumber":"123456","FleetViewRefresh":0,"Language":"English","ModifiedBy":5412,"ModifiedDate":"\/Date(1576626894519-0800)\/","OrganizationId":"sidelate","OrganizationName":"side late","OrganizationSid":528,"ParentOrganizationId":"46663","ParentOrganizationSid":414,"PostalCode":"","State":"","Status":true,"TimeZone":"CST","UnitOfMeasure":"Standard"},{"Address1":"","Address2":"","AllowSharedResourceGroup":false,"AllowSubscriptionChange":false,"BillingOrganizationId":null,"BillingOrganizationSid":0,"CarrierName":"Gnome Shipping D3","City":"","Country":"USA","CreateDate":"\/Date(1576204005471-0800)\/","DotNumber":"123456","FleetViewRefresh":0,"Language":"English","ModifiedBy":5412,"ModifiedDate":"\/Date(1576204005274-0800)\/","OrganizationId":"sidestand","OrganizationName":"side stand","OrganizationSid":522,"ParentOrganizationId":"46663","ParentOrganizationSid":414,"PostalCode":"","State":"","Status":true,"TimeZone":"CST","UnitOfMeasure":"Standard"},{"Address1":"","Address2":"","AllowSharedResourceGroup":false,"AllowSubscriptionChange":false,"BillingOrganizationId":null,"BillingOrganizationSid":0,"CarrierName":"Gnome Shipping D3","City":"","Country":"USA","CreateDate":"\/Date(1576128882233-0800)\/","DotNumber":"123456","FleetViewRefresh":0,"Language":"English","ModifiedBy":5412,"ModifiedDate":"\/Date(1576128882274-0800)\/","OrganizationId":"simplybecause","OrganizationName":"simply because","OrganizationSid":500,"ParentOrganizationId":"46663","ParentOrganizationSid":414,"PostalCode":"","State":"","Status":true,"TimeZone":"CST","UnitOfMeasure":"Standard"},{"Address1":"","Address2":"","AllowSharedResourceGroup":false,"AllowSubscriptionChange":false,"BillingOrganizationId":null,"BillingOrganizationSid":0,"CarrierName":"Gnome Shipping D3","City":"","Country":"USA","CreateDate":"\/Date(1576627001150-0800)\/","DotNumber":"123456","FleetViewRefresh":0,"Language":"English","ModifiedBy":5412,"ModifiedDate":"\/Date(1576627001284-0800)\/","OrganizationId":"simplything","OrganizationName":"simply thing","OrganizationSid":529,"ParentOrganizationId":"46663","ParentOrganizationSid":414,"PostalCode":"","State":"","Status":true,"TimeZone":"CST","UnitOfMeasure":"Standard"},{"Address1":"","Address2":"","AllowSharedResourceGroup":false,"AllowSubscriptionChange":false,"BillingOrganizationId":null,"BillingOrganizationSid":0,"CarrierName":"Gnome Shipping D3","City":"","Country":"USA","CreateDate":"\/Date(1576132795706-0800)\/","DotNumber":"123456","FleetViewRefresh":0,"Language":"English","ModifiedBy":5412,"ModifiedDate":"\/Date(1576132795968-0800)\/","OrganizationId":"strategymeeting","OrganizationName":"strategy meeting","OrganizationSid":502,"ParentOrganizationId":"46663","ParentOrganizationSid":414,"PostalCode":"","State":"","Status":true,"TimeZone":"CST","UnitOfMeasure":"Standard"},{"Address1":"12900 Whitewater Dr","Address2":"300","AllowSharedResourceGroup":true,"AllowSubscriptionChange":false,"BillingOrganizationId":"46663","BillingOrganizationSid":414,"CarrierName":"SvirfneblinSyndicate","City":"Minnetonka","Country":"USA","CreateDate":"\/Date(1537907376514-0700)\/","DotNumber":"12312312","FleetViewRefresh":5,"Language":"English","ModifiedBy":5412,"ModifiedDate":"\/Date(1575349017631-0800)\/","OrganizationId":"SvirfneblinSyndicate","OrganizationName":"SvirfneblinSyndicate","OrganizationSid":415,"ParentOrganizationId":"46663","ParentOrganizationSid":414,"PostalCode":"55343","State":"Minnesota","Status":true,"TimeZone":"CST","UnitOfMeasure":"Standard"},{"Address1":"","Address2":"","AllowSharedResourceGroup":false,"AllowSubscriptionChange":false,"BillingOrganizationId":null,"BillingOrganizationSid":0,"CarrierName":"Gnome Shipping D3","City":"","Country":"USA","CreateDate":"\/Date(1576204512559-0800)\/","DotNumber":"123456","FleetViewRefresh":0,"Language":"English","ModifiedBy":5412,"ModifiedDate":"\/Date(1576204512897-0800)\/","OrganizationId":"testarticle","OrganizationName":"test article","OrganizationSid":525,"ParentOrganizationId":"46663","ParentOrganizationSid":414,"PostalCode":"","State":"","Status":true,"TimeZone":"CST","UnitOfMeasure":"Standard"},{"Address1":"","Address2":"","AllowSharedResourceGroup":false,"AllowSubscriptionChange":false,"BillingOrganizationId":null,"BillingOrganizationSid":0,"CarrierName":"Gnome Shipping D3","City":"","Country":"USA","CreateDate":"\/Date(1576626487900-0800)\/","DotNumber":"123456","FleetViewRefresh":0,"Language":"English","ModifiedBy":5412,"ModifiedDate":"\/Date(1576626487870-0800)\/","OrganizationId":"themcreate","OrganizationName":"them create","OrganizationSid":527,"ParentOrganizationId":"46663","ParentOrganizationSid":414,"PostalCode":"","State":"","Status":true,"TimeZone":"CST","UnitOfMeasure":"Standard"},{"Address1":"","Address2":"","AllowSharedResourceGroup":false,"AllowSubscriptionChange":false,"BillingOrganizationId":null,"BillingOrganizationSid":0,"CarrierName":"Gnome Shipping D3","City":"","Country":"USA","CreateDate":"\/Date(1576193767687-0800)\/","DotNumber":"123456","FleetViewRefresh":0,"Language":"English","ModifiedBy":5412,"ModifiedDate":"\/Date(1576193767766-0800)\/","OrganizationId":"uponremember","OrganizationName":"upon remember","OrganizationSid":508,"ParentOrganizationId":"46663","ParentOrganizationSid":414,"PostalCode":"","State":"","Status":true,"TimeZone":"CST","UnitOfMeasure":"Standard"},{"Address1":"","Address2":"","AllowSharedResourceGroup":false,"AllowSubscriptionChange":false,"BillingOrganizationId":null,"BillingOrganizationSid":0,"CarrierName":"Gnome Shipping D3","City":"","Country":"USA","CreateDate":"\/Date(1576203769350-0800)\/","DotNumber":"123456","FleetViewRefresh":0,"Language":"English","ModifiedBy":5412,"ModifiedDate":"\/Date(1576203769194-0800)\/","OrganizationId":"whatparticipant","OrganizationName":"what participant","OrganizationSid":519,"ParentOrganizationId":"46663","ParentOrganizationSid":414,"PostalCode":"","State":"","Status":true,"TimeZone":"CST","UnitOfMeasure":"Standard"},{"Address1":"","Address2":"","AllowSharedResourceGroup":false,"AllowSubscriptionChange":false,"BillingOrganizationId":null,"BillingOrganizationSid":0,"CarrierName":"Gnome Shipping D3","City":"","Country":"USA","CreateDate":"\/Date(1576132988050-0800)\/","DotNumber":"123456","FleetViewRefresh":0,"Language":"English","ModifiedBy":5412,"ModifiedDate":"\/Date(1576132988266-0800)\/","OrganizationId":"whiterule","OrganizationName":"white rule","OrganizationSid":505,"ParentOrganizationId":"46663","ParentOrganizationSid":414,"PostalCode":"","State":"","Status":true,"TimeZone":"CST","UnitOfMeasure":"Standard"},{"Address1":"","Address2":"","AllowSharedResourceGroup":false,"AllowSubscriptionChange":false,"BillingOrganizationId":null,"BillingOrganizationSid":0,"CarrierName":"Gnome Shipping D3","City":"","Country":"USA","CreateDate":"\/Date(1576627159186-0800)\/","DotNumber":"123456","FleetViewRefresh":0,"Language":"English","ModifiedBy":5412,"ModifiedDate":"\/Date(1576627159028-0800)\/","OrganizationId":"windrun","OrganizationName":"wind run","OrganizationSid":531,"ParentOrganizationId":"46663","ParentOrganizationSid":414,"PostalCode":"","State":"","Status":true,"TimeZone":"CST","UnitOfMeasure":"Standard"},{"Address1":"","Address2":"","AllowSharedResourceGroup":false,"AllowSubscriptionChange":false,"BillingOrganizationId":null,"BillingOrganizationSid":0,"CarrierName":"Gnome Shipping D3","City":"","Country":"USA","CreateDate":"\/Date(1576193686932-0800)\/","DotNumber":"123456","FleetViewRefresh":0,"Language":"English","ModifiedBy":5412,"ModifiedDate":"\/Date(1576193687184-0800)\/","OrganizationId":"withloss","OrganizationName":"with loss","OrganizationSid":507,"ParentOrganizationId":"46663","ParentOrganizationSid":414,"PostalCode":"","State":"","Status":true,"TimeZone":"CST","UnitOfMeasure":"Standard"}]</msg>
<msg timestamp="20191220 13:04:57.596" level="TRACE">Return: &lt;Response [200]&gt;</msg>
<msg timestamp="20191220 13:04:57.596" level="INFO">${response} = &lt;Response [200]&gt;</msg>
<status status="PASS" starttime="20191220 13:04:56.322" endtime="20191220 13:04:57.596"></status>
</kw>
<msg timestamp="20191220 13:04:57.597" level="TRACE">Return: &lt;Response [200]&gt;</msg>
<msg timestamp="20191220 13:04:57.597" level="INFO">${response} = &lt;Response [200]&gt;</msg>
<status status="PASS" starttime="20191220 13:04:56.321" endtime="20191220 13:04:57.597"></status>
</kw>
<kw name="Should Be Equal As Strings" library="BuiltIn">
<doc>Fails if objects are unequal after converting them to strings.</doc>
<arguments>
<arg>${response.status_code}</arg>
<arg>200</arg>
</arguments>
<msg timestamp="20191220 13:04:57.599" level="TRACE">Arguments: [ 200 | '200' ]</msg>
<msg timestamp="20191220 13:04:57.599" level="INFO">Argument types are:
&lt;class 'int'&gt;
&lt;type 'unicode'&gt;</msg>
<msg timestamp="20191220 13:04:57.599" level="TRACE">Return: None</msg>
<status status="PASS" starttime="20191220 13:04:57.598" endtime="20191220 13:04:57.599"></status>
</kw>
<doc>Gets all the Organizations</doc>
<tags>
<tag>awsxrsorganizationrestwebservicevalidation</tag>
<tag>xrsawsperftest</tag>
</tags>
<status status="PASS" starttime="20191220 13:04:56.320" endtime="20191220 13:04:57.600" critical="yes"></status>
</test>
<kw name="Delete All Sessions" library="RequestsLibrary" type="teardown">
<doc>Removes all the session objects</doc>
<msg timestamp="20191220 13:04:57.604" level="TRACE">Arguments: [  ]</msg>
<msg timestamp="20191220 13:04:57.604" level="INFO">Delete All Sessions</msg>
<msg timestamp="20191220 13:04:57.604" level="TRACE">Return: None</msg>
<status status="PASS" starttime="20191220 13:04:57.604" endtime="20191220 13:04:57.605"></status>
</kw>
<doc>Fundamental suite to test XRS AWS Organization Entity Management Web Services</doc>
<status status="PASS" starttime="20191220 13:04:55.829" endtime="20191220 13:04:57.605"></status>
</suite>
<suite id="s1-s1-s4" name="ValidateAWSXRSResourceGroupWebService" source="C:\Users\kstine\git\aws-api-gateway-tests\Tests\AWS_XRS_WebServicesTests\04__ValidateAWSXRSResourceGroupWebService.robot">
<kw name="Create AWS XRS Web Services Session" library="XRSCommonWebService" type="setup">
<doc>Create a session with aws xrs web services</doc>
<msg timestamp="20191220 13:04:57.691" level="TRACE">Arguments: [  ]</msg>
<kw name="Create Session" library="RequestsLibrary">
<doc>Create Session: create a HTTP session to a server</doc>
<arguments>
<arg>${XRS_WEB_SERVICE_SESSION_ALIAS}</arg>
<arg>${XRS_AWS_WEBSERVICES_URL}[${XRS_HOST_ENVIRONMENT}]</arg>
<arg>verify=True</arg>
<arg>auth=${XRS_WEBSERVICES_AUTHORIZATION}</arg>
</arguments>
<msg timestamp="20191220 13:04:57.691" level="TRACE">Arguments: [ 'xrs_web_service_session' | 'https://d3ws.xataxrs.com' | verify=True | auth=['GnomeShippingD3|admin', 'xrs123'] ]</msg>
<msg timestamp="20191220 13:04:57.691" level="INFO">Creating Session using : alias=xrs_web_service_session, url=https://d3ws.xataxrs.com, headers={},                     cookies={}, auth=&lt;requests.auth.HTTPBasicAuth object at 0x00000217C265DB80&gt;, timeout=None, proxies=None, verify=True,                     debug=0 </msg>
<msg timestamp="20191220 13:04:57.692" level="DEBUG">Creating session: xrs_web_service_session</msg>
<msg timestamp="20191220 13:04:57.692" level="DEBUG">Argument types are:
&lt;class 'bool'&gt;</msg>
<msg timestamp="20191220 13:04:57.692" level="TRACE">Return: &lt;requests.sessions.Session object at 0x00000217C265D490&gt;</msg>
<status status="PASS" starttime="20191220 13:04:57.691" endtime="20191220 13:04:57.692"></status>
</kw>
<msg timestamp="20191220 13:04:57.692" level="TRACE">Return: None</msg>
<status status="PASS" starttime="20191220 13:04:57.691" endtime="20191220 13:04:57.692"></status>
</kw>
<test id="s1-s1-s4-t1" name="Validate AWS XRS Get Resource Groups REST Web Services For All Resource Groups Returns 200 OK">
<kw name="Get All Resource Groups" library="ResourceGroup">
<doc>Get attributes for all organizations.</doc>
<assign>
<var>${response}</var>
</assign>
<msg timestamp="20191220 13:04:57.693" level="TRACE">Arguments: [  ]</msg>
<kw name="Set Variable" library="BuiltIn">
<doc>Returns the given values which can then be assigned to a variables.</doc>
<arguments>
<arg>${XRS_Entity_Management_Base_URI.Resource_Group}${XRS_WEBSERVICE_ENTITY_MANAGEMENT_GET_RESOURCE_GROUPS}</arg>
</arguments>
<assign>
<var>${uri}</var>
</assign>
<msg timestamp="20191220 13:04:57.693" level="TRACE">Arguments: [ 'ResourceGroupWebService.svc/resourcegroups' ]</msg>
<msg timestamp="20191220 13:04:57.693" level="TRACE">Return: 'ResourceGroupWebService.svc/resourcegroups'</msg>
<msg timestamp="20191220 13:04:57.693" level="INFO">${uri} = ResourceGroupWebService.svc/resourcegroups</msg>
<status status="PASS" starttime="20191220 13:04:57.693" endtime="20191220 13:04:57.694"></status>
</kw>
<kw name="Get Request" library="RequestsLibrary">
<doc>Send a GET request on the session object found using the
given `alias`</doc>
<arguments>
<arg>${XRS_WEB_SERVICE_SESSION_ALIAS}</arg>
<arg>${uri}</arg>
<arg>headers=${XRS_WEBSERVICES_JSON_HEADER}</arg>
</arguments>
<assign>
<var>${response}</var>
</assign>
<msg timestamp="20191220 13:04:57.694" level="TRACE">Arguments: [ 'xrs_web_service_session' | 'ResourceGroupWebService.svc/resourcegroups' | headers={'Accept': 'application/json',
 'Accept-Encoding': 'gzip, deflate',
 'Content-Type': 'application/json'} ]</msg>
<msg timestamp="20191220 13:04:57.694" level="INFO">GET Request using : uri=ResourceGroupWebService.svc/resourcegroups, params=None, allow_redirects=True, timeout=None
headers={'User-Agent': 'python-requests/2.22.0', 'Accept-Encoding': 'gzip, deflate', 'Accept': 'application/json', 'Connection': 'keep-alive', 'Content-Type': 'application/json'} 
data=None 
json=None</msg>
<msg timestamp="20191220 13:04:57.695" level="DEBUG">Starting new HTTPS connection (1): d3ws.xataxrs.com:443</msg>
<msg timestamp="20191220 13:04:58.607" level="DEBUG">https://d3ws.xataxrs.com:443 "GET /ResourceGroupWebService.svc/resourcegroups HTTP/1.1" 200 648</msg>
<msg timestamp="20191220 13:04:58.608" level="DEBUG">GET Response : status=200, reason=OK
[{"DeviceNumberList":["9522227832"],"DeviceSidList":[2720],"DriverIdList":[],"DriverSidList":[],"IsDefaultGroup":true,"IsSharedResourceGroup":false,"ModifiedBy":0,"ModifiedDate":"\/Date(1576198671606-0800)\/","OrganizationID":"46663","OrganizationSID":414,"ResourceGroupName":"Gnome Shipping D3","ResourceGroupSid":357,"SiteIdList":[],"SiteSidList":[],"Status":true,"TrailerIdList":[],"TrailerSidList":[],"UserIdList":["dispatchUser","fleetviewUser","kstine","readOnlyUser","admin","annj","operationsUser","mobileInstallerUser","maintenanceUser"],"UserSidList":[5687,5690,5685,5686,5412,5523,5688,5691,5689],"VehicleIdList":[],"VehicleSidList":[]}]</msg>
<msg timestamp="20191220 13:04:58.608" level="TRACE">Return: &lt;Response [200]&gt;</msg>
<msg timestamp="20191220 13:04:58.608" level="INFO">${response} = &lt;Response [200]&gt;</msg>
<status status="PASS" starttime="20191220 13:04:57.694" endtime="20191220 13:04:58.609"></status>
</kw>
<msg timestamp="20191220 13:04:58.609" level="TRACE">Return: &lt;Response [200]&gt;</msg>
<msg timestamp="20191220 13:04:58.609" level="INFO">${response} = &lt;Response [200]&gt;</msg>
<status status="PASS" starttime="20191220 13:04:57.693" endtime="20191220 13:04:58.609"></status>
</kw>
<kw name="Should Be Equal As Strings" library="BuiltIn">
<doc>Fails if objects are unequal after converting them to strings.</doc>
<arguments>
<arg>${response.status_code}</arg>
<arg>200</arg>
</arguments>
<msg timestamp="20191220 13:04:58.611" level="TRACE">Arguments: [ 200 | '200' ]</msg>
<msg timestamp="20191220 13:04:58.612" level="INFO">Argument types are:
&lt;class 'int'&gt;
&lt;type 'unicode'&gt;</msg>
<msg timestamp="20191220 13:04:58.612" level="TRACE">Return: None</msg>
<status status="PASS" starttime="20191220 13:04:58.611" endtime="20191220 13:04:58.612"></status>
</kw>
<doc>Gets all the Organizations</doc>
<tags>
<tag>awsxrsresourcegrouprestwebservicevalidation</tag>
<tag>xrsawsperftest</tag>
</tags>
<status status="PASS" starttime="20191220 13:04:57.692" endtime="20191220 13:04:58.614" critical="yes"></status>
</test>
<kw name="Delete All Sessions" library="RequestsLibrary" type="teardown">
<doc>Removes all the session objects</doc>
<msg timestamp="20191220 13:04:58.621" level="TRACE">Arguments: [  ]</msg>
<msg timestamp="20191220 13:04:58.622" level="INFO">Delete All Sessions</msg>
<msg timestamp="20191220 13:04:58.622" level="TRACE">Return: None</msg>
<status status="PASS" starttime="20191220 13:04:58.621" endtime="20191220 13:04:58.622"></status>
</kw>
<doc>Fundamental suite to test XRS AWS Resource Group Entity Management Web Services</doc>
<status status="PASS" starttime="20191220 13:04:57.610" endtime="20191220 13:04:58.622"></status>
</suite>
<status status="FAIL" starttime="20191220 13:04:53.097" endtime="20191220 13:04:58.629"></status>
</suite>
<status status="FAIL" starttime="20191220 13:04:53.071" endtime="20191220 13:04:58.634"></status>
</suite>
<statistics>
<total>
<stat pass="3" fail="1">Critical Tests</stat>
<stat pass="3" fail="1">All Tests</stat>
</total>
<tag>
<stat pass="0" fail="1">awsxrsdevicerestwebservicevalidation</stat>
<stat pass="1" fail="0">awsxrsdriverrestwebservicevalidation</stat>
<stat pass="1" fail="0">awsxrsorganizationrestwebservicevalidation</stat>
<stat pass="1" fail="0">awsxrsresourcegrouprestwebservicevalidation</stat>
<stat pass="3" fail="1">xrsawsperftest</stat>
</tag>
<suite>
<stat pass="3" fail="1" id="s1" name="Tests">Tests</stat>
<stat pass="3" fail="1" id="s1-s1" name="AWS XRS WebServicesTests">Tests.AWS XRS WebServicesTests</stat>
<stat pass="0" fail="1" id="s1-s1-s1" name="ValidateAWSXRSDeviceWebServices">Tests.AWS XRS WebServicesTests.ValidateAWSXRSDeviceWebServices</stat>
<stat pass="1" fail="0" id="s1-s1-s2" name="Validate AWSXRSDriverWebServices">Tests.AWS XRS WebServicesTests.Validate AWSXRSDriverWebServices</stat>
<stat pass="1" fail="0" id="s1-s1-s3" name="ValidateAWSXRSOrganizationWebService">Tests.AWS XRS WebServicesTests.ValidateAWSXRSOrganizationWebService</stat>
<stat pass="1" fail="0" id="s1-s1-s4" name="ValidateAWSXRSResourceGroupWebService">Tests.AWS XRS WebServicesTests.ValidateAWSXRSResourceGroupWebService</stat>
</suite>
</statistics>
<errors>
</errors>
</robot>
