<?xml version="1.0" encoding="UTF-8"?>
<robot generator="Robot 3.1.2 (Python 3.7.3 on win32)" generated="20191126 16:06:51.949" rpa="false">
<suite id="s1" name="Tests" source="C:\Users\kstine\git\aws-api-gateway-tests\Tests">
<suite id="s1-s1" name="AWS XRS WebServicesTests" source="C:\Users\kstine\git\aws-api-gateway-tests\Tests\AWS_XRS_WebServicesTests">
<suite id="s1-s1-s1" name="ValidateAWSXRSWebServices" source="C:\Users\kstine\git\aws-api-gateway-tests\Tests\AWS_XRS_WebServicesTests\ValidateAWSXRSWebServices.robot">
<kw name="Create AWS XRS Web Services Session" library="CommonWebService" type="setup">
<doc>Create a session with aws xrs web services without authorization</doc>
<kw name="Create Session" library="RequestsLibrary">
<doc>Create Session: create a HTTP session to a server</doc>
<arguments>
<arg>${XRS_WEB_SERVICE_SESSION}</arg>
<arg>${XRS_AWS_WEBSERVICES_URL}[${XRS_HOST_ENVIRONMENT}]</arg>
<arg>verify=True</arg>
<arg>auth=${XRS_WEBSERVICES_AUTHORIZATION}</arg>
</arguments>
<msg timestamp="20191126 16:06:52.198" level="INFO">Creating Session using : alias=xrs_web_service_session, url=https://d3ws.xataxrs.com, headers={},                     cookies={}, auth=&lt;requests.auth.HTTPBasicAuth object at 0x000001F22AB8C8D0&gt;, timeout=None, proxies=None, verify=True,                     debug=0 </msg>
<status status="PASS" starttime="20191126 16:06:52.197" endtime="20191126 16:06:52.198"></status>
</kw>
<status status="PASS" starttime="20191126 16:06:52.197" endtime="20191126 16:06:52.198"></status>
</kw>
<test id="s1-s1-s1-t1" name="Validate AWS XRS Device REST Webservices">
<kw name="Run Keyword And Continue On Failure" library="BuiltIn">
<doc>Runs the keyword and continues execution even if a failure occurs.</doc>
<arguments>
<arg>Get Device</arg>
</arguments>
<kw name="Get Device">
<kw name="Get Request" library="RequestsLibrary">
<doc>Send a GET request on the session object found using the
given `alias`</doc>
<arguments>
<arg>${XRS_WEB_SERVICE_SESSION}</arg>
<arg>${XRS_Entity_Management_REST.Device_REST.base_uri}/device</arg>
</arguments>
<assign>
<var>${response}</var>
</assign>
<msg timestamp="20191126 16:06:52.200" level="INFO">GET Request using : uri=DeviceWebService.svc/device, params=None, allow_redirects=True, timeout=None
headers={'User-Agent': 'python-requests/2.22.0', 'Accept-Encoding': 'gzip, deflate', 'Accept': '*/*', 'Connection': 'keep-alive'} 
data=None 
json=None</msg>
<msg timestamp="20191126 16:06:53.019" level="INFO">${response} = &lt;Response [404]&gt;</msg>
<status status="PASS" starttime="20191126 16:06:52.200" endtime="20191126 16:06:53.019"></status>
</kw>
<kw name="Log To Console" library="BuiltIn">
<doc>Logs the given message to the console.</doc>
<arguments>
<arg>${response.headers}</arg>
</arguments>
<status status="PASS" starttime="20191126 16:06:53.019" endtime="20191126 16:06:53.021"></status>
</kw>
<kw name="Should Be Equal As Strings" library="BuiltIn">
<doc>Fails if objects are unequal after converting them to strings.</doc>
<arguments>
<arg>${response.status_code}</arg>
<arg>401</arg>
</arguments>
<msg timestamp="20191126 16:06:53.021" level="INFO">Argument types are:
&lt;class 'int'&gt;
&lt;type 'unicode'&gt;</msg>
<msg timestamp="20191126 16:06:53.022" level="FAIL">404 != 401</msg>
<status status="FAIL" starttime="20191126 16:06:53.021" endtime="20191126 16:06:53.022"></status>
</kw>
<status status="FAIL" starttime="20191126 16:06:52.200" endtime="20191126 16:06:53.022"></status>
</kw>
<status status="FAIL" starttime="20191126 16:06:52.199" endtime="20191126 16:06:53.022"></status>
</kw>
<kw name="Run Keyword And Continue On Failure" library="BuiltIn">
<doc>Runs the keyword and continues execution even if a failure occurs.</doc>
<arguments>
<arg>Delete Device</arg>
</arguments>
<kw name="Delete Device">
<kw name="Delete Request" library="RequestsLibrary">
<doc>Send a DELETE request on the session object found using the
given `alias`</doc>
<arguments>
<arg>${XRS_WEB_SERVICE_SESSION}</arg>
<arg>${XRS_Entity_Management_REST.Device_REST.base_uri}/device</arg>
</arguments>
<assign>
<var>${response}</var>
</assign>
<msg timestamp="20191126 16:06:53.025" level="INFO">DELETE Request using : uri=DeviceWebService.svc/device, params=None, allow_redirects=True, timeout=None
headers={'User-Agent': 'python-requests/2.22.0', 'Accept-Encoding': 'gzip, deflate', 'Accept': '*/*', 'Connection': 'keep-alive'} 
data=None 
json=None</msg>
<msg timestamp="20191126 16:06:53.444" level="INFO">${response} = &lt;Response [404]&gt;</msg>
<status status="PASS" starttime="20191126 16:06:53.024" endtime="20191126 16:06:53.444"></status>
</kw>
<kw name="Should Be Equal As Strings" library="BuiltIn">
<doc>Fails if objects are unequal after converting them to strings.</doc>
<arguments>
<arg>${response.status_code}</arg>
<arg>401</arg>
</arguments>
<msg timestamp="20191126 16:06:53.445" level="INFO">Argument types are:
&lt;class 'int'&gt;
&lt;type 'unicode'&gt;</msg>
<msg timestamp="20191126 16:06:53.445" level="FAIL">404 != 401</msg>
<status status="FAIL" starttime="20191126 16:06:53.444" endtime="20191126 16:06:53.445"></status>
</kw>
<status status="FAIL" starttime="20191126 16:06:53.024" endtime="20191126 16:06:53.445"></status>
</kw>
<status status="FAIL" starttime="20191126 16:06:53.023" endtime="20191126 16:06:53.445"></status>
</kw>
<kw name="Run Keyword And Continue On Failure" library="BuiltIn">
<doc>Runs the keyword and continues execution even if a failure occurs.</doc>
<arguments>
<arg>Post Devices</arg>
</arguments>
<kw name="Post Devices">
<kw name="Post Request" library="RequestsLibrary">
<doc>Send a POST request on the session object found using the
given `alias`</doc>
<arguments>
<arg>${XRS_WEB_SERVICE_SESSION}</arg>
<arg>${XRS_Entity_Management_REST.Device_REST.base_uri}/devices</arg>
</arguments>
<assign>
<var>${response}</var>
</assign>
<msg timestamp="20191126 16:06:53.449" level="INFO">POST Request using : uri=DeviceWebService.svc/devices, params=None, files=None, allow_redirects=True, timeout=None
headers={'User-Agent': 'python-requests/2.22.0', 'Accept-Encoding': 'gzip, deflate', 'Accept': '*/*', 'Connection': 'keep-alive'} 
data=None 
json=None</msg>
<msg timestamp="20191126 16:06:53.909" level="INFO">${response} = &lt;Response [500]&gt;</msg>
<status status="PASS" starttime="20191126 16:06:53.448" endtime="20191126 16:06:53.909"></status>
</kw>
<kw name="Should Be Equal As Strings" library="BuiltIn">
<doc>Fails if objects are unequal after converting them to strings.</doc>
<arguments>
<arg>${response.status_code}</arg>
<arg>401</arg>
</arguments>
<msg timestamp="20191126 16:06:53.909" level="INFO">Argument types are:
&lt;class 'int'&gt;
&lt;type 'unicode'&gt;</msg>
<msg timestamp="20191126 16:06:53.910" level="FAIL">500 != 401</msg>
<status status="FAIL" starttime="20191126 16:06:53.909" endtime="20191126 16:06:53.910"></status>
</kw>
<status status="FAIL" starttime="20191126 16:06:53.448" endtime="20191126 16:06:53.910"></status>
</kw>
<status status="FAIL" starttime="20191126 16:06:53.448" endtime="20191126 16:06:53.910"></status>
</kw>
<kw name="Run Keyword And Continue On Failure" library="BuiltIn">
<doc>Runs the keyword and continues execution even if a failure occurs.</doc>
<arguments>
<arg>Put Devices</arg>
</arguments>
<kw name="Put Devices">
<kw name="Put Request" library="RequestsLibrary">
<doc>Send a PUT request on the session object found using the
given `alias`</doc>
<arguments>
<arg>${XRS_WEB_SERVICE_SESSION}</arg>
<arg>${XRS_Entity_Management_REST.Device_REST.base_uri}/devices</arg>
</arguments>
<assign>
<var>${response}</var>
</assign>
<msg timestamp="20191126 16:06:53.911" level="INFO">PUT Request using : uri=DeviceWebService.svc/devices, params=None, files=None, allow_redirects=True, timeout=None
headers={'User-Agent': 'python-requests/2.22.0', 'Accept-Encoding': 'gzip, deflate', 'Accept': '*/*', 'Connection': 'keep-alive'} 
data=None 
json=None</msg>
<msg timestamp="20191126 16:06:54.417" level="INFO">${response} = &lt;Response [500]&gt;</msg>
<status status="PASS" starttime="20191126 16:06:53.911" endtime="20191126 16:06:54.418"></status>
</kw>
<kw name="Should Be Equal As Strings" library="BuiltIn">
<doc>Fails if objects are unequal after converting them to strings.</doc>
<arguments>
<arg>${response.status_code}</arg>
<arg>401</arg>
</arguments>
<msg timestamp="20191126 16:06:54.419" level="INFO">Argument types are:
&lt;class 'int'&gt;
&lt;type 'unicode'&gt;</msg>
<msg timestamp="20191126 16:06:54.420" level="FAIL">500 != 401</msg>
<status status="FAIL" starttime="20191126 16:06:54.418" endtime="20191126 16:06:54.420"></status>
</kw>
<status status="FAIL" starttime="20191126 16:06:53.911" endtime="20191126 16:06:54.420"></status>
</kw>
<status status="FAIL" starttime="20191126 16:06:53.910" endtime="20191126 16:06:54.420"></status>
</kw>
<kw name="Run Keyword And Continue On Failure" library="BuiltIn">
<doc>Runs the keyword and continues execution even if a failure occurs.</doc>
<arguments>
<arg>Get Devices</arg>
</arguments>
<kw name="Get Devices">
<kw name="Get Request" library="RequestsLibrary">
<doc>Send a GET request on the session object found using the
given `alias`</doc>
<arguments>
<arg>${XRS_WEB_SERVICE_SESSION}</arg>
<arg>${XRS_Entity_Management_REST.Device_REST.base_uri}/devices</arg>
</arguments>
<assign>
<var>${response}</var>
</assign>
<msg timestamp="20191126 16:06:54.423" level="INFO">GET Request using : uri=DeviceWebService.svc/devices, params=None, allow_redirects=True, timeout=None
headers={'User-Agent': 'python-requests/2.22.0', 'Accept-Encoding': 'gzip, deflate', 'Accept': '*/*', 'Connection': 'keep-alive'} 
data=None 
json=None</msg>
<msg timestamp="20191126 16:06:55.193" level="INFO">${response} = &lt;Response [200]&gt;</msg>
<status status="PASS" starttime="20191126 16:06:54.422" endtime="20191126 16:06:55.193"></status>
</kw>
<kw name="Should Be Equal As Strings" library="BuiltIn">
<doc>Fails if objects are unequal after converting them to strings.</doc>
<arguments>
<arg>${response.status_code}</arg>
<arg>401</arg>
</arguments>
<msg timestamp="20191126 16:06:55.193" level="INFO">Argument types are:
&lt;class 'int'&gt;
&lt;type 'unicode'&gt;</msg>
<msg timestamp="20191126 16:06:55.194" level="FAIL">200 != 401</msg>
<status status="FAIL" starttime="20191126 16:06:55.193" endtime="20191126 16:06:55.194"></status>
</kw>
<status status="FAIL" starttime="20191126 16:06:54.422" endtime="20191126 16:06:55.194"></status>
</kw>
<status status="FAIL" starttime="20191126 16:06:54.421" endtime="20191126 16:06:55.194"></status>
</kw>
<doc>Initial test to verify that all AWS XRS Web Services are available</doc>
<tags>
<tag>awsxrsdevicerestwebservicevalidation</tag>
</tags>
<status status="FAIL" starttime="20191126 16:06:52.198" endtime="20191126 16:06:55.195" critical="yes">Several failures occurred:

1) 404 != 401

2) 404 != 401

3) 500 != 401

4) 500 != 401

5) 200 != 401</status>
</test>
<kw name="Delete All Sessions" library="RequestsLibrary" type="teardown">
<doc>Removes all the session objects</doc>
<msg timestamp="20191126 16:06:55.197" level="INFO">Delete All Sessions</msg>
<status status="PASS" starttime="20191126 16:06:55.197" endtime="20191126 16:06:55.197"></status>
</kw>
<doc>Validates</doc>
<status status="FAIL" starttime="20191126 16:06:51.980" endtime="20191126 16:06:55.198"></status>
</suite>
<status status="FAIL" starttime="20191126 16:06:51.977" endtime="20191126 16:06:55.200"></status>
</suite>
<status status="FAIL" starttime="20191126 16:06:51.951" endtime="20191126 16:06:55.202"></status>
</suite>
<statistics>
<total>
<stat pass="0" fail="1">Critical Tests</stat>
<stat pass="0" fail="1">All Tests</stat>
</total>
<tag>
<stat pass="0" fail="1">awsxrsdevicerestwebservicevalidation</stat>
</tag>
<suite>
<stat pass="0" fail="1" id="s1" name="Tests">Tests</stat>
<stat pass="0" fail="1" id="s1-s1" name="AWS XRS WebServicesTests">Tests.AWS XRS WebServicesTests</stat>
<stat pass="0" fail="1" id="s1-s1-s1" name="ValidateAWSXRSWebServices">Tests.AWS XRS WebServicesTests.ValidateAWSXRSWebServices</stat>
</suite>
</statistics>
<errors>
</errors>
</robot>
