<?xml version="1.0" encoding="UTF-8"?>
<robot generator="Robot 3.1.2 (Python 3.8.0 on win32)" generated="20200102 09:48:26.732" rpa="false">
<suite id="s1" name="Tests" source="C:\Users\kstine\git\aws-api-gateway-tests\Tests">
<suite id="s1-s1" name="AWS XRS WebServicesTests" source="C:\Users\kstine\git\aws-api-gateway-tests\Tests\AWS_XRS_WebServicesTests">
<suite id="s1-s1-s1" name="ValidateAWSXRSDeviceWebServices" source="C:\Users\kstine\git\aws-api-gateway-tests\Tests\AWS_XRS_WebServicesTests\01__ValidateAWSXRSDeviceWebServices.robot">
<kw name="Run Keywords" library="BuiltIn" type="setup">
<doc>Executes all the given keywords in a sequence.</doc>
<arguments>
<arg>Create AWS XRS Web Services Session</arg>
<arg>AND</arg>
<arg>Test Data Setup For XRS AWS Device Web Service Test Suite</arg>
</arguments>
<kw name="Create AWS XRS Web Services Session" library="XRSCommonWebService">
<doc>Create a session with aws xrs web services</doc>
<kw name="Create Session" library="RequestsLibrary">
<doc>Create Session: create a HTTP session to a server</doc>
<arguments>
<arg>${XRS_WEB_SERVICE_SESSION_ALIAS}</arg>
<arg>${XRS_AWS_WEBSERVICES_URL}[${XRS_HOST_ENVIRONMENT}]</arg>
<arg>verify=True</arg>
<arg>auth=${XRS_WEBSERVICES_AUTHORIZATION}</arg>
</arguments>
<status status="NOT_RUN" starttime="20200102 09:48:26.950" endtime="20200102 09:48:26.950"></status>
</kw>
<status status="PASS" starttime="20200102 09:48:26.949" endtime="20200102 09:48:26.950"></status>
</kw>
<kw name="Test Data Setup For XRS AWS Device Web Service Test Suite">
<doc>Keyword for setting up suite variables for AWS Device Web Service Tests.</doc>
<kw name="Create Dictionary" library="BuiltIn">
<doc>Creates and returns a dictionary based on the given ``items``.</doc>
<arguments>
<arg>CarrierDisplayName=${XRS_WEB_SERVICES_TEST_DEVICE_1.CarrierDisplayName}</arg>
<arg>Description=${XRS_WEB_SERVICES_TEST_DEVICE_1.Description}</arg>
<arg>DeviceType=${XRS_WEB_SERVICES_TEST_DEVICE_1.DeviceType}</arg>
<arg>FixedDisplay=${XRS_WEB_SERVICES_TEST_DEVICE_1.FixedDisplay}</arg>
<arg>OrganizationID=${XRS_GENERAL_INFORMATION.Company.Company_ID}</arg>
<arg>PhoneNumber=${XRS_WEB_SERVICES_TEST_DEVICE_1.PhoneNumber}</arg>
<arg>SendInstallLink=${XRS_WEB_SERVICES_TEST_DEVICE_1.SendInstallLink}</arg>
<arg>Status=${XRS_WEB_SERVICES_TEST_DEVICE_1.Status}</arg>
</arguments>
<assign>
<var>&amp;{XRS_AWS_WEBSERVICE_POST_TEST_DEVICE_1_DICT}</var>
</assign>
<status status="NOT_RUN" starttime="20200102 09:48:26.950" endtime="20200102 09:48:26.950"></status>
</kw>
<kw name="Create List" library="BuiltIn">
<doc>Returns a list containing given items.</doc>
<arguments>
<arg>${XRS_AWS_WEBSERVICE_POST_TEST_DEVICE_1_DICT}</arg>
</arguments>
<assign>
<var>@{XRS_AWS_WEBSERVICE_POST_TEST_DEVICE_LIST}</var>
</assign>
<status status="NOT_RUN" starttime="20200102 09:48:26.950" endtime="20200102 09:48:26.950"></status>
</kw>
<kw name="Set Suite Variable" library="BuiltIn">
<doc>Makes a variable available everywhere within the scope of the current suite.</doc>
<arguments>
<arg>@{XRS_AWS_WEBSERVICE_POST_TEST_DEVICE_LIST}</arg>
</arguments>
<status status="NOT_RUN" starttime="20200102 09:48:26.951" endtime="20200102 09:48:26.951"></status>
</kw>
<kw name="Create Dictionary" library="BuiltIn">
<doc>Creates and returns a dictionary based on the given ``items``.</doc>
<arguments>
<arg>CarrierDisplayName=${XRS_WEB_SERVICES_TEST_DEVICE_1.CarrierDisplayName}</arg>
<arg>Description=This has changed.</arg>
<arg>DeviceType=${XRS_WEB_SERVICES_TEST_DEVICE_1.DeviceType}</arg>
<arg>FixedDisplay=${XRS_WEB_SERVICES_TEST_DEVICE_1.FixedDisplay}</arg>
<arg>OrganizationID=${XRS_GENERAL_INFORMATION.Company.Company_ID}</arg>
<arg>PhoneNumber=${XRS_WEB_SERVICES_TEST_DEVICE_1.PhoneNumber}</arg>
<arg>SendInstallLink=${XRS_WEB_SERVICES_TEST_DEVICE_1.SendInstallLink}</arg>
<arg>Status=${XRS_WEB_SERVICES_TEST_DEVICE_1.Status}</arg>
</arguments>
<assign>
<var>&amp;{XRS_AWS_WEBSERVICE_PUT_TEST_DEVICE_1_DICT}</var>
</assign>
<status status="NOT_RUN" starttime="20200102 09:48:26.951" endtime="20200102 09:48:26.951"></status>
</kw>
<kw name="Create List" library="BuiltIn">
<doc>Returns a list containing given items.</doc>
<arguments>
<arg>${XRS_AWS_WEBSERVICE_PUT_TEST_DEVICE_1_DICT}</arg>
</arguments>
<assign>
<var>@{XRS_AWS_WEBSERVICE_PUT_TEST_DEVICE_LIST}</var>
</assign>
<status status="NOT_RUN" starttime="20200102 09:48:26.951" endtime="20200102 09:48:26.951"></status>
</kw>
<kw name="Set Suite Variable" library="BuiltIn">
<doc>Makes a variable available everywhere within the scope of the current suite.</doc>
<arguments>
<arg>@{XRS_AWS_WEBSERVICE_PUT_TEST_DEVICE_LIST}</arg>
</arguments>
<status status="NOT_RUN" starttime="20200102 09:48:26.951" endtime="20200102 09:48:26.951"></status>
</kw>
<status status="PASS" starttime="20200102 09:48:26.950" endtime="20200102 09:48:26.951"></status>
</kw>
<status status="NOT_RUN" starttime="20200102 09:48:26.949" endtime="20200102 09:48:26.951"></status>
</kw>
<test id="s1-s1-s1-t1" name="Validate AWS XRS Get Device REST Web Services Returns 400 Error">
<kw name="Get Device By Phone Number" library="Device">
<doc>Get device information for a particular device using the phone number</doc>
<arguments>
<arg>${XRS_WEB_SERVICES_TEST_DEVICE_1.PhoneNumber}</arg>
</arguments>
<assign>
<var>${response}</var>
</assign>
<kw name="Set Variable" library="BuiltIn">
<doc>Returns the given values which can then be assigned to a variables.</doc>
<arguments>
<arg>${XRS_Entity_Management_Base_URI.Device}${XRS_WEBSERVICE_ENTITY_MANAGEMENT_GET_DELETE_DEVICE_BY_NUMBER}/${phone_number}</arg>
</arguments>
<assign>
<var>${uri}</var>
</assign>
<status status="NOT_RUN" starttime="20200102 09:48:26.952" endtime="20200102 09:48:26.952"></status>
</kw>
<kw name="Get Request" library="RequestsLibrary">
<doc>Send a GET request on the session object found using the
given `alias`</doc>
<arguments>
<arg>${XRS_WEB_SERVICE_SESSION_ALIAS}</arg>
<arg>${uri}</arg>
<arg>headers=${XRS_WEBSERVICES_JSON_HEADER}</arg>
</arguments>
<assign>
<var>${response}</var>
</assign>
<status status="NOT_RUN" starttime="20200102 09:48:26.952" endtime="20200102 09:48:26.953"></status>
</kw>
<status status="PASS" starttime="20200102 09:48:26.952" endtime="20200102 09:48:26.953"></status>
</kw>
<kw name="Should Be Equal As Strings" library="BuiltIn">
<doc>Fails if objects are unequal after converting them to strings.</doc>
<arguments>
<arg>${response.status_code}</arg>
<arg>400</arg>
</arguments>
<status status="NOT_RUN" starttime="20200102 09:48:26.953" endtime="20200102 09:48:26.953"></status>
</kw>
<doc>Verifies that a device with a specific number does not exist</doc>
<tags>
<tag>awsxrsdevicerestwebservicevalidation</tag>
<tag>awsxrsrestwebservicevalidation</tag>
</tags>
<status status="PASS" starttime="20200102 09:48:26.951" endtime="20200102 09:48:26.954" critical="yes"></status>
</test>
<test id="s1-s1-s1-t2" name="Validate AWS XRS Post Device REST Web Services Returns Code 201">
<kw name="Post Devices" library="Device">
<doc>Calls the Post Method on Devices.
Accepts a list of json objects
Json field definitions:
BelongsToResourceGroups
Indicates the set of ResourceGroupIDs to which the device belongs.
If a resource group is not provided in a Post call,
the new Device is to be placed in the default resource group for the organization to which the new Device is being added.
BluetoothAddress
Read only field indicating the Bluetooth address of the device.
For Windows Mobile devices and devices using Android 5.0 or earlier, this field displays the device's unique Bluetooth address.
For devices using Android 6.0 or later, this field displays a static value of "02:00:00:00:00:00."
CarrierDisplayName
The name of the Carrier.
CompanyName
A read only field that indicates the date and time the device was created.
CreateDate
A read only field that indicates the date and time the device was created.
Description
A description of the device.
DeviceType
Indicates the manufacturer and model of the device.
FixedDisplay
Indicates if this device will always be associated to a particular vehicle.
If set to true this will change the mobile behavior such that it remembers the last vehicle it was associated to.
IsChanged
A read only field indicating if there were any changes to the device since the value in the AsOfDateTime query parameter.
LastCommunication
A read only field indicating the date and time the device last communicated with the host.
LastDriverID
A read only field indicating the ID of the last driver which logged into the device.
LastDriverName
A read only field indicating the name of the last driver which logged into the device.
LastVehicleID
A read only field indicating the ID of the last vehicle to which the device was associated via Bluetooth.
ModifiedBy
A read only field indicating the ID of the last person to modify the driver record.
From AC: CreateDate, ModifiedDate and ModifiedBy data fields will be initialized by system.
ModifiedDate
A read only field indicating the date and time the device was last modified.
OrganizationID
The user-defined ID of the organization.
OrganizationName
A read-only field containing the name of the organization to which the device is assigned.
PhoneNumber
The 10 digit phone number of the device
SendInstallLink
Indicates if an installation link will be sent to the device.
Status
Identifies if a device is active or inactive in Omnitracs XRS. The value of this field must be Active or Inactive.
StoreGNISFileOnMobile
A read only field indicating whether the GNIS file will be stored on the mobile.
UserDefinedField1
User-defined field #1
UserDefinedField2
User-defined field #2
UserDefinedField3
User-defined field #3
UserDefinedField4
User-defined field #4
UserDefinedField5
User-defined field #5</doc>
<arguments>
<arg>@{XRS_AWS_WEBSERVICE_POST_TEST_DEVICE_LIST}</arg>
</arguments>
<assign>
<var>${response}</var>
</assign>
<kw name="Set Variable" library="BuiltIn">
<doc>Returns the given values which can then be assigned to a variables.</doc>
<arguments>
<arg>${XRS_Entity_Management_Base_URI.Device}${XRS_WEBSERVICE_ENTITY_MANAGEMENT_POST_GET_PUT_DEVICES}</arg>
</arguments>
<assign>
<var>${uri}</var>
</assign>
<status status="NOT_RUN" starttime="20200102 09:48:26.957" endtime="20200102 09:48:26.957"></status>
</kw>
<kw name="Post Request" library="RequestsLibrary">
<doc>Send a POST request on the session object found using the
given `alias`</doc>
<arguments>
<arg>${XRS_WEB_SERVICE_SESSION_ALIAS}</arg>
<arg>${uri}</arg>
<arg>json=${list_data}</arg>
<arg>headers=${XRS_WEBSERVICES_JSON_HEADER}</arg>
</arguments>
<assign>
<var>${response}</var>
</assign>
<status status="NOT_RUN" starttime="20200102 09:48:26.957" endtime="20200102 09:48:26.958"></status>
</kw>
<status status="PASS" starttime="20200102 09:48:26.957" endtime="20200102 09:48:26.958"></status>
</kw>
<kw name="To Json" library="RequestsLibrary">
<doc>Convert a string to a JSON object</doc>
<arguments>
<arg>${response.content}</arg>
</arguments>
<assign>
<var>${json_response}</var>
</assign>
<status status="NOT_RUN" starttime="20200102 09:48:26.958" endtime="20200102 09:48:26.958"></status>
</kw>
<kw name="${r} IN [ @{json_response} ]" type="for">
<kw name="${r} = ${r}" type="foritem">
<kw name="Should Be Equal As Strings" library="BuiltIn">
<doc>Fails if objects are unequal after converting them to strings.</doc>
<arguments>
<arg>${r}[Code]</arg>
<arg>201</arg>
</arguments>
<status status="NOT_RUN" starttime="20200102 09:48:26.959" endtime="20200102 09:48:26.959"></status>
</kw>
<status status="PASS" starttime="20200102 09:48:26.959" endtime="20200102 09:48:26.959"></status>
</kw>
<status status="PASS" starttime="20200102 09:48:26.959" endtime="20200102 09:48:26.959"></status>
</kw>
<doc>Posts a device and expects a Code value of 201</doc>
<tags>
<tag>awsxrsdevicerestwebservicevalidation</tag>
<tag>awsxrsrestwebservicevalidation</tag>
</tags>
<status status="PASS" starttime="20200102 09:48:26.956" endtime="20200102 09:48:26.960" critical="yes"></status>
</test>
<test id="s1-s1-s1-t3" name="Validate AWS XRS Get Device REST Web Services Returns 200 OK">
<kw name="Get Device By Phone Number" library="Device">
<doc>Get device information for a particular device using the phone number</doc>
<arguments>
<arg>${XRS_WEB_SERVICES_TEST_DEVICE_1.PhoneNumber}</arg>
</arguments>
<assign>
<var>${response}</var>
</assign>
<kw name="Set Variable" library="BuiltIn">
<doc>Returns the given values which can then be assigned to a variables.</doc>
<arguments>
<arg>${XRS_Entity_Management_Base_URI.Device}${XRS_WEBSERVICE_ENTITY_MANAGEMENT_GET_DELETE_DEVICE_BY_NUMBER}/${phone_number}</arg>
</arguments>
<assign>
<var>${uri}</var>
</assign>
<status status="NOT_RUN" starttime="20200102 09:48:26.962" endtime="20200102 09:48:26.963"></status>
</kw>
<kw name="Get Request" library="RequestsLibrary">
<doc>Send a GET request on the session object found using the
given `alias`</doc>
<arguments>
<arg>${XRS_WEB_SERVICE_SESSION_ALIAS}</arg>
<arg>${uri}</arg>
<arg>headers=${XRS_WEBSERVICES_JSON_HEADER}</arg>
</arguments>
<assign>
<var>${response}</var>
</assign>
<status status="NOT_RUN" starttime="20200102 09:48:26.963" endtime="20200102 09:48:26.963"></status>
</kw>
<status status="PASS" starttime="20200102 09:48:26.962" endtime="20200102 09:48:26.963"></status>
</kw>
<kw name="Should Be Equal As Strings" library="BuiltIn">
<doc>Fails if objects are unequal after converting them to strings.</doc>
<arguments>
<arg>${response.status_code}</arg>
<arg>200</arg>
</arguments>
<status status="NOT_RUN" starttime="20200102 09:48:26.964" endtime="20200102 09:48:26.964"></status>
</kw>
<doc>Verifies that a posted device now exists</doc>
<tags>
<tag>awsxrsdevicerestwebservicevalidation</tag>
<tag>awsxrsrestwebservicevalidation</tag>
</tags>
<status status="PASS" starttime="20200102 09:48:26.961" endtime="20200102 09:48:26.964" critical="yes"></status>
</test>
<test id="s1-s1-s1-t4" name="Validate AWS XRS Put Device REST Web Services Modifies Description Successfully">
<kw name="Put Devices" library="Device">
<doc>Calls the Put Method on Devices.
Accepts a list of json objects
See Json field definitions in the "Post Devices" Keyword</doc>
<arguments>
<arg>@{XRS_AWS_WEBSERVICE_PUT_TEST_DEVICE_LIST}</arg>
</arguments>
<assign>
<var>${response}</var>
</assign>
<kw name="Set Variable" library="BuiltIn">
<doc>Returns the given values which can then be assigned to a variables.</doc>
<arguments>
<arg>${XRS_Entity_Management_Base_URI.Device}${XRS_WEBSERVICE_ENTITY_MANAGEMENT_POST_GET_PUT_DEVICES}</arg>
</arguments>
<assign>
<var>${uri}</var>
</assign>
<status status="NOT_RUN" starttime="20200102 09:48:26.967" endtime="20200102 09:48:26.967"></status>
</kw>
<kw name="Put Request" library="RequestsLibrary">
<doc>Send a PUT request on the session object found using the
given `alias`</doc>
<arguments>
<arg>${XRS_WEB_SERVICE_SESSION_ALIAS}</arg>
<arg>${uri}</arg>
<arg>json=${list_data}</arg>
<arg>headers=${XRS_WEBSERVICES_JSON_HEADER}</arg>
</arguments>
<assign>
<var>${response}</var>
</assign>
<status status="NOT_RUN" starttime="20200102 09:48:26.967" endtime="20200102 09:48:26.967"></status>
</kw>
<status status="PASS" starttime="20200102 09:48:26.966" endtime="20200102 09:48:26.967"></status>
</kw>
<kw name="To Json" library="RequestsLibrary">
<doc>Convert a string to a JSON object</doc>
<arguments>
<arg>${response.content}</arg>
</arguments>
<assign>
<var>${json_response}</var>
</assign>
<status status="NOT_RUN" starttime="20200102 09:48:26.968" endtime="20200102 09:48:26.968"></status>
</kw>
<kw name="${r} IN [ @{json_response} ]" type="for">
<kw name="${r} = ${r}" type="foritem">
<kw name="Should Be Equal As Strings" library="BuiltIn">
<doc>Fails if objects are unequal after converting them to strings.</doc>
<arguments>
<arg>${r}[Description]</arg>
<arg>Device edited successfully.</arg>
</arguments>
<status status="NOT_RUN" starttime="20200102 09:48:26.969" endtime="20200102 09:48:26.969"></status>
</kw>
<status status="PASS" starttime="20200102 09:48:26.968" endtime="20200102 09:48:26.969"></status>
</kw>
<status status="PASS" starttime="20200102 09:48:26.968" endtime="20200102 09:48:26.969"></status>
</kw>
<doc>Posts a device and expects a Code value of 201</doc>
<tags>
<tag>awsxrsdevicerestwebservicevalidation</tag>
<tag>awsxrsrestwebservicevalidation</tag>
</tags>
<status status="PASS" starttime="20200102 09:48:26.966" endtime="20200102 09:48:26.969" critical="yes"></status>
</test>
<test id="s1-s1-s1-t5" name="Validate AWS XRS Get Devices REST Web Services Returns 200 OK">
<kw name="Get Time" library="BuiltIn">
<doc>Returns the given time in the requested format.</doc>
<arguments>
<arg>year,month,day</arg>
</arguments>
<assign>
<var>${yyyy}</var>
<var>${mm}</var>
<var>${dd}</var>
</assign>
<status status="NOT_RUN" starttime="20200102 09:48:26.971" endtime="20200102 09:48:26.971"></status>
</kw>
<kw name="Create Dictionary" library="BuiltIn">
<doc>Creates and returns a dictionary based on the given ``items``.</doc>
<arguments>
<arg>OrganizationID=${XRS_GENERAL_INFORMATION.Company.Company_ID}</arg>
<arg>IsActive=True</arg>
<arg>AsOfDateTime=${mm}/${dd}/${yyyy}</arg>
</arguments>
<assign>
<var>&amp;{params}</var>
</assign>
<status status="NOT_RUN" starttime="20200102 09:48:26.972" endtime="20200102 09:48:26.972"></status>
</kw>
<kw name="Verify Get Devices With Forward Slash Returns 200 OK">
<doc>Verify that using a '/' in the URI returns 200 OK</doc>
<arguments>
<arg>&amp;{params}</arg>
</arguments>
<kw name="Set Variable" library="BuiltIn">
<doc>Returns the given values which can then be assigned to a variables.</doc>
<arguments>
<arg>/</arg>
</arguments>
<assign>
<var>${ending_character}</var>
</assign>
<status status="NOT_RUN" starttime="20200102 09:48:26.973" endtime="20200102 09:48:26.973"></status>
</kw>
<kw name="Get Devices With URI Ending With ${ending_character} And Parameters &amp;{params}" library="Device">
<doc>This Keyword modifies character between the base uri and the parameters
This will get devices that match the provided parameters.
Params can be named individually or within a Dictionary
See the Get Devices Keyword for param definitions.</doc>
<assign>
<var>${response}</var>
</assign>
<kw name="Set Variable" library="BuiltIn">
<doc>Returns the given values which can then be assigned to a variables.</doc>
<arguments>
<arg>${XRS_Entity_Management_Base_URI.Device}${XRS_WEBSERVICE_ENTITY_MANAGEMENT_POST_GET_PUT_DEVICES}${ending_character}</arg>
</arguments>
<assign>
<var>${uri}</var>
</assign>
<status status="NOT_RUN" starttime="20200102 09:48:26.973" endtime="20200102 09:48:26.973"></status>
</kw>
<kw name="Get Request" library="RequestsLibrary">
<doc>Send a GET request on the session object found using the
given `alias`</doc>
<arguments>
<arg>${XRS_WEB_SERVICE_SESSION_ALIAS}</arg>
<arg>${uri}</arg>
<arg>headers=${XRS_WEBSERVICES_JSON_HEADER}</arg>
<arg>params=${params}</arg>
</arguments>
<assign>
<var>${response}</var>
</assign>
<status status="NOT_RUN" starttime="20200102 09:48:26.973" endtime="20200102 09:48:26.974"></status>
</kw>
<status status="PASS" starttime="20200102 09:48:26.973" endtime="20200102 09:48:26.974"></status>
</kw>
<kw name="Should Be Equal As Strings" library="BuiltIn">
<doc>Fails if objects are unequal after converting them to strings.</doc>
<arguments>
<arg>${response.status_code}</arg>
<arg>200</arg>
</arguments>
<status status="NOT_RUN" starttime="20200102 09:48:26.974" endtime="20200102 09:48:26.974"></status>
</kw>
<status status="PASS" starttime="20200102 09:48:26.972" endtime="20200102 09:48:26.974"></status>
</kw>
<kw name="Verify Get Devices Without Forward Slash Returns 200 OK">
<doc>Verify that not using a '/' in the URI returns 200 OK</doc>
<arguments>
<arg>&amp;{params}</arg>
</arguments>
<kw name="Get Devices" library="Device">
<doc>Call the Get Method on Devices.
This will get devices that match the provided parameters.
Params can be named individually or within a Dictionary
Param Definitions:
AsOfDateTime
Tells the service to return only the data that changed since the specified date and time.
IsActive
Filters results to active drivers only.
Valid Values: True False Both
Limit
Used in conjunction with the Offset parameter to implement paging.
Limits the number of results to a specified number.
System Limit: 10,000
Offset
Used in conjunction with the Limit parameter to implement paging.
Represents a page number for the starting point of the return set.
OrganizationID
Limits results to devices in one or more organizations.
PhoneNumber
The following values can be specified:
[No Filter] - Limits results to all device records within the Web Service users' OrganizationID and ResourceGroupID.
10 character phone number - Limits results to the device record within the Web Service users' OrganizationID and ResourceGroupID
Example value: 1234567890
ResourceGroupID
Limits results to devices in one or more resource groups.</doc>
<arguments>
<arg>&amp;{params}</arg>
</arguments>
<assign>
<var>${response}</var>
</assign>
<kw name="Set Variable" library="BuiltIn">
<doc>Returns the given values which can then be assigned to a variables.</doc>
<arguments>
<arg>${XRS_Entity_Management_Base_URI.Device}${XRS_WEBSERVICE_ENTITY_MANAGEMENT_POST_GET_PUT_DEVICES}</arg>
</arguments>
<assign>
<var>${uri}</var>
</assign>
<status status="NOT_RUN" starttime="20200102 09:48:26.975" endtime="20200102 09:48:26.975"></status>
</kw>
<kw name="Get Request" library="RequestsLibrary">
<doc>Send a GET request on the session object found using the
given `alias`</doc>
<arguments>
<arg>${XRS_WEB_SERVICE_SESSION_ALIAS}</arg>
<arg>${uri}</arg>
<arg>headers=${XRS_WEBSERVICES_JSON_HEADER}</arg>
<arg>params=${params}</arg>
</arguments>
<assign>
<var>${response}</var>
</assign>
<status status="NOT_RUN" starttime="20200102 09:48:26.975" endtime="20200102 09:48:26.975"></status>
</kw>
<status status="PASS" starttime="20200102 09:48:26.975" endtime="20200102 09:48:26.975"></status>
</kw>
<kw name="Should Be Equal As Strings" library="BuiltIn">
<doc>Fails if objects are unequal after converting them to strings.</doc>
<arguments>
<arg>${response.status_code}</arg>
<arg>200</arg>
</arguments>
<status status="NOT_RUN" starttime="20200102 09:48:26.975" endtime="20200102 09:48:26.976"></status>
</kw>
<status status="PASS" starttime="20200102 09:48:26.974" endtime="20200102 09:48:26.976"></status>
</kw>
<doc>Get devices with basic parameters</doc>
<tags>
<tag>awsxrsdevicerestwebservicevalidation</tag>
<tag>awsxrsrestwebservicevalidation</tag>
</tags>
<status status="PASS" starttime="20200102 09:48:26.971" endtime="20200102 09:48:26.976" critical="yes"></status>
</test>
<test id="s1-s1-s1-t6" name="Validate AWS XRS Get Devices REST Web Services Returns 200 OK With Raw String URI">
<kw name="Verify Get Devices Raw String URI With /? Returns 200 OK">
<doc>Verify that using the given character string in the raw URI string returns 200 OK</doc>
<kw name="Get Time" library="BuiltIn">
<doc>Returns the given time in the requested format.</doc>
<arguments>
<arg>year,month,day</arg>
</arguments>
<assign>
<var>${yyyy}</var>
<var>${mm}</var>
<var>${dd}</var>
</assign>
<status status="NOT_RUN" starttime="20200102 09:48:26.979" endtime="20200102 09:48:26.979"></status>
</kw>
<kw name="Create Dictionary" library="BuiltIn">
<doc>Creates and returns a dictionary based on the given ``items``.</doc>
<arguments>
<arg>OrganizationID=${XRS_GENERAL_INFORMATION.Company.Company_ID}</arg>
<arg>IsActive=True</arg>
<arg>AsOfDateTime=${mm}/${dd}/${yyyy}</arg>
</arguments>
<assign>
<var>&amp;{params}</var>
</assign>
<status status="NOT_RUN" starttime="20200102 09:48:26.979" endtime="20200102 09:48:26.979"></status>
</kw>
<kw name="Create URI String With" library="URIStringBuilderTool">
<doc>Helper Keyword to construct the request uri with different character strings
base_uri = webservice uri
request_type = request extentenstion for the webservice
character_string = final character of the uri. i.e. /, /?, etc ...</doc>
<arguments>
<arg>${XRS_Entity_Management_Base_URI.Device}</arg>
<arg>${XRS_WEBSERVICE_ENTITY_MANAGEMENT_POST_GET_PUT_DEVICES}</arg>
<arg>${character_string}</arg>
</arguments>
<assign>
<var>${uri_string}</var>
</assign>
<kw name="Set Variable" library="BuiltIn">
<doc>Returns the given values which can then be assigned to a variables.</doc>
<arguments>
<arg>${base_uri}${request_type}${character_string}</arg>
</arguments>
<assign>
<var>${uri}</var>
</assign>
<status status="NOT_RUN" starttime="20200102 09:48:26.980" endtime="20200102 09:48:26.980"></status>
</kw>
<status status="PASS" starttime="20200102 09:48:26.979" endtime="20200102 09:48:26.980"></status>
</kw>
<kw name="Set Variable" library="BuiltIn">
<doc>Returns the given values which can then be assigned to a variables.</doc>
<arguments>
<arg>${uri_string}OrganizationID=${params.OrganizationID}&amp;IsActive=${params.IsActive}&amp;AsOfDateTime=${params.AsOfDateTime}</arg>
</arguments>
<assign>
<var>${uri}</var>
</assign>
<status status="NOT_RUN" starttime="20200102 09:48:26.980" endtime="20200102 09:48:26.980"></status>
</kw>
<kw name="Get Request" library="RequestsLibrary">
<doc>Send a GET request on the session object found using the
given `alias`</doc>
<arguments>
<arg>${XRS_WEB_SERVICE_SESSION_ALIAS}</arg>
<arg>${uri}</arg>
<arg>headers=${XRS_WEBSERVICES_JSON_HEADER}</arg>
</arguments>
<assign>
<var>${response}</var>
</assign>
<status status="NOT_RUN" starttime="20200102 09:48:26.980" endtime="20200102 09:48:26.980"></status>
</kw>
<kw name="Should Be Equal As Strings" library="BuiltIn">
<doc>Fails if objects are unequal after converting them to strings.</doc>
<arguments>
<arg>${response.status_code}</arg>
<arg>200</arg>
</arguments>
<status status="NOT_RUN" starttime="20200102 09:48:26.980" endtime="20200102 09:48:26.980"></status>
</kw>
<status status="PASS" starttime="20200102 09:48:26.978" endtime="20200102 09:48:26.981"></status>
</kw>
<kw name="Verify Get Devices Raw String URI With ? Returns 200 OK">
<doc>Verify that using the given character string in the raw URI string returns 200 OK</doc>
<kw name="Get Time" library="BuiltIn">
<doc>Returns the given time in the requested format.</doc>
<arguments>
<arg>year,month,day</arg>
</arguments>
<assign>
<var>${yyyy}</var>
<var>${mm}</var>
<var>${dd}</var>
</assign>
<status status="NOT_RUN" starttime="20200102 09:48:26.981" endtime="20200102 09:48:26.982"></status>
</kw>
<kw name="Create Dictionary" library="BuiltIn">
<doc>Creates and returns a dictionary based on the given ``items``.</doc>
<arguments>
<arg>OrganizationID=${XRS_GENERAL_INFORMATION.Company.Company_ID}</arg>
<arg>IsActive=True</arg>
<arg>AsOfDateTime=${mm}/${dd}/${yyyy}</arg>
</arguments>
<assign>
<var>&amp;{params}</var>
</assign>
<status status="NOT_RUN" starttime="20200102 09:48:26.982" endtime="20200102 09:48:26.982"></status>
</kw>
<kw name="Create URI String With" library="URIStringBuilderTool">
<doc>Helper Keyword to construct the request uri with different character strings
base_uri = webservice uri
request_type = request extentenstion for the webservice
character_string = final character of the uri. i.e. /, /?, etc ...</doc>
<arguments>
<arg>${XRS_Entity_Management_Base_URI.Device}</arg>
<arg>${XRS_WEBSERVICE_ENTITY_MANAGEMENT_POST_GET_PUT_DEVICES}</arg>
<arg>${character_string}</arg>
</arguments>
<assign>
<var>${uri_string}</var>
</assign>
<kw name="Set Variable" library="BuiltIn">
<doc>Returns the given values which can then be assigned to a variables.</doc>
<arguments>
<arg>${base_uri}${request_type}${character_string}</arg>
</arguments>
<assign>
<var>${uri}</var>
</assign>
<status status="NOT_RUN" starttime="20200102 09:48:26.982" endtime="20200102 09:48:26.982"></status>
</kw>
<status status="PASS" starttime="20200102 09:48:26.982" endtime="20200102 09:48:26.982"></status>
</kw>
<kw name="Set Variable" library="BuiltIn">
<doc>Returns the given values which can then be assigned to a variables.</doc>
<arguments>
<arg>${uri_string}OrganizationID=${params.OrganizationID}&amp;IsActive=${params.IsActive}&amp;AsOfDateTime=${params.AsOfDateTime}</arg>
</arguments>
<assign>
<var>${uri}</var>
</assign>
<status status="NOT_RUN" starttime="20200102 09:48:26.983" endtime="20200102 09:48:26.983"></status>
</kw>
<kw name="Get Request" library="RequestsLibrary">
<doc>Send a GET request on the session object found using the
given `alias`</doc>
<arguments>
<arg>${XRS_WEB_SERVICE_SESSION_ALIAS}</arg>
<arg>${uri}</arg>
<arg>headers=${XRS_WEBSERVICES_JSON_HEADER}</arg>
</arguments>
<assign>
<var>${response}</var>
</assign>
<status status="NOT_RUN" starttime="20200102 09:48:26.983" endtime="20200102 09:48:26.983"></status>
</kw>
<kw name="Should Be Equal As Strings" library="BuiltIn">
<doc>Fails if objects are unequal after converting them to strings.</doc>
<arguments>
<arg>${response.status_code}</arg>
<arg>200</arg>
</arguments>
<status status="NOT_RUN" starttime="20200102 09:48:26.983" endtime="20200102 09:48:26.983"></status>
</kw>
<status status="PASS" starttime="20200102 09:48:26.981" endtime="20200102 09:48:26.983"></status>
</kw>
<doc>Get devices with basic parameters using a raw URI string</doc>
<tags>
<tag>awsxrsdevicerestwebservicevalidation</tag>
<tag>awsxrsrestwebservicevalidation</tag>
</tags>
<status status="PASS" starttime="20200102 09:48:26.978" endtime="20200102 09:48:26.984" critical="yes"></status>
</test>
<test id="s1-s1-s1-t7" name="Validate AWS XRS Get Devices REST Web Services For All Devices Returns 200 OK">
<kw name="Get All Devices" library="Device">
<doc>Get attributes for all Devices.</doc>
<assign>
<var>${response}</var>
</assign>
<kw name="Set Variable" library="BuiltIn">
<doc>Returns the given values which can then be assigned to a variables.</doc>
<arguments>
<arg>${XRS_Entity_Management_Base_URI.Device}${XRS_WEBSERVICE_ENTITY_MANAGEMENT_POST_GET_PUT_DEVICES}</arg>
</arguments>
<assign>
<var>${uri}</var>
</assign>
<status status="NOT_RUN" starttime="20200102 09:48:26.986" endtime="20200102 09:48:26.986"></status>
</kw>
<kw name="Get Request" library="RequestsLibrary">
<doc>Send a GET request on the session object found using the
given `alias`</doc>
<arguments>
<arg>${XRS_WEB_SERVICE_SESSION_ALIAS}</arg>
<arg>${uri}</arg>
<arg>headers=${XRS_WEBSERVICES_JSON_HEADER}</arg>
</arguments>
<assign>
<var>${response}</var>
</assign>
<status status="NOT_RUN" starttime="20200102 09:48:26.986" endtime="20200102 09:48:26.987"></status>
</kw>
<status status="PASS" starttime="20200102 09:48:26.986" endtime="20200102 09:48:26.987"></status>
</kw>
<kw name="Should Be Equal As Strings" library="BuiltIn">
<doc>Fails if objects are unequal after converting them to strings.</doc>
<arguments>
<arg>${response.status_code}</arg>
<arg>200</arg>
</arguments>
<status status="NOT_RUN" starttime="20200102 09:48:26.987" endtime="20200102 09:48:26.987"></status>
</kw>
<doc>Gets all the Devices</doc>
<tags>
<tag>awsxrsdevicerestwebservicevalidation</tag>
<tag>awsxrsrestwebservicevalidation</tag>
<tag>xrsawsperftest</tag>
</tags>
<status status="PASS" starttime="20200102 09:48:26.985" endtime="20200102 09:48:26.988" critical="yes"></status>
</test>
<test id="s1-s1-s1-t8" name="Validate AWS XRS Delete Device REST Web Services Returns 200 OK">
<kw name="Delete Device By Phone Number" library="Device">
<doc>Delete device information for a particular device using the phone number</doc>
<arguments>
<arg>${XRS_WEB_SERVICES_TEST_DEVICE_1.PhoneNumber}</arg>
</arguments>
<assign>
<var>${response}</var>
</assign>
<kw name="Set Variable" library="BuiltIn">
<doc>Returns the given values which can then be assigned to a variables.</doc>
<arguments>
<arg>${XRS_Entity_Management_Base_URI.Device}${XRS_WEBSERVICE_ENTITY_MANAGEMENT_GET_DELETE_DEVICE_BY_NUMBER}/${phone_number}</arg>
</arguments>
<assign>
<var>${uri}</var>
</assign>
<status status="NOT_RUN" starttime="20200102 09:48:26.991" endtime="20200102 09:48:26.991"></status>
</kw>
<kw name="Delete Request" library="RequestsLibrary">
<doc>Send a DELETE request on the session object found using the
given `alias`</doc>
<arguments>
<arg>${XRS_WEB_SERVICE_SESSION_ALIAS}</arg>
<arg>${uri}</arg>
<arg>headers=${XRS_WEBSERVICES_JSON_HEADER}</arg>
</arguments>
<assign>
<var>${response}</var>
</assign>
<status status="NOT_RUN" starttime="20200102 09:48:26.991" endtime="20200102 09:48:26.991"></status>
</kw>
<status status="PASS" starttime="20200102 09:48:26.990" endtime="20200102 09:48:26.991"></status>
</kw>
<kw name="Should Be Equal As Strings" library="BuiltIn">
<doc>Fails if objects are unequal after converting them to strings.</doc>
<arguments>
<arg>${response.status_code}</arg>
<arg>200</arg>
</arguments>
<status status="NOT_RUN" starttime="20200102 09:48:26.992" endtime="20200102 09:48:26.992"></status>
</kw>
<doc>Verifies that created device is deleted</doc>
<tags>
<tag>awsxrsdevicerestwebservicevalidation</tag>
<tag>awsxrsrestwebservicevalidation</tag>
</tags>
<status status="PASS" starttime="20200102 09:48:26.989" endtime="20200102 09:48:26.993" critical="yes"></status>
</test>
<kw name="Delete All Sessions" library="RequestsLibrary" type="teardown">
<doc>Removes all the session objects</doc>
<status status="NOT_RUN" starttime="20200102 09:48:26.996" endtime="20200102 09:48:26.996"></status>
</kw>
<doc>Fundamental suite to test XRS AWS Device Entity Management Web Services</doc>
<status status="PASS" starttime="20200102 09:48:26.762" endtime="20200102 09:48:26.996"></status>
</suite>
<suite id="s1-s1-s2" name="Validate AWSXRSDriverWebServices" source="C:\Users\kstine\git\aws-api-gateway-tests\Tests\AWS_XRS_WebServicesTests\02__Validate AWSXRSDriverWebServices.robot">
<kw name="Run Keywords" library="BuiltIn" type="setup">
<doc>Executes all the given keywords in a sequence.</doc>
<arguments>
<arg>Create AWS XRS Web Services Session</arg>
<arg>AND</arg>
<arg>Test Data Setup For XRS AWS Driver Web Service Test Suite</arg>
</arguments>
<kw name="Create AWS XRS Web Services Session" library="XRSCommonWebService">
<doc>Create a session with aws xrs web services</doc>
<kw name="Create Session" library="RequestsLibrary">
<doc>Create Session: create a HTTP session to a server</doc>
<arguments>
<arg>${XRS_WEB_SERVICE_SESSION_ALIAS}</arg>
<arg>${XRS_AWS_WEBSERVICES_URL}[${XRS_HOST_ENVIRONMENT}]</arg>
<arg>verify=True</arg>
<arg>auth=${XRS_WEBSERVICES_AUTHORIZATION}</arg>
</arguments>
<status status="NOT_RUN" starttime="20200102 09:48:27.079" endtime="20200102 09:48:27.079"></status>
</kw>
<status status="PASS" starttime="20200102 09:48:27.079" endtime="20200102 09:48:27.079"></status>
</kw>
<kw name="Test Data Setup For XRS AWS Driver Web Service Test Suite">
<doc>Keyword for setting up suite variables for AWS Driver Web Service Tests.</doc>
<kw name="Create Dictionary" library="BuiltIn">
<doc>Creates and returns a dictionary based on the given ``items``.</doc>
<arguments>
<arg>CDLNumber=${XRS_WEB_SERVICES_TEST_DRIVER_1.CDLNumber}</arg>
<arg>DriverID=${XRS_WEB_SERVICES_TEST_DRIVER_1.DriverID}</arg>
<arg>DefaultHOSRule=${XRS_WEB_SERVICES_TEST_DRIVER_1.DefaultHOSRule}</arg>
<arg>ELDExempt=${XRS_WEB_SERVICES_TEST_DRIVER_1.ELDExempt}</arg>
<arg>EnableBigDay=${XRS_WEB_SERVICES_TEST_DRIVER_1.EnableBigDay}</arg>
<arg>EnableDriverPortal=${XRS_WEB_SERVICES_TEST_DRIVER_1.EnableDriverPortal}</arg>
<arg>EnableHOSRule=${XRS_WEB_SERVICES_TEST_DRIVER_1.EnableHOSRule}</arg>
<arg>EnablePersonalConveyance=${XRS_WEB_SERVICES_TEST_DRIVER_1.EnablePersonalConveyance}</arg>
<arg>EnableTimeClock=${XRS_WEB_SERVICES_TEST_DRIVER_1.EnableTimeClock}</arg>
<arg>EnableYardMove=${XRS_WEB_SERVICES_TEST_DRIVER_1.EnableYardMove}</arg>
<arg>FirstName=${XRS_WEB_SERVICES_TEST_DRIVER_1.FirstName}</arg>
<arg>Language=${XRS_WEB_SERVICES_TEST_DRIVER_1.Language}</arg>
<arg>LastName=${XRS_WEB_SERVICES_TEST_DRIVER_1.LastName}</arg>
<arg>LicenseIssuingCountry=${XRS_WEB_SERVICES_TEST_DRIVER_1.LicenseIssuingCountry}</arg>
<arg>LicenseIssuingStateProvince=${XRS_WEB_SERVICES_TEST_DRIVER_1.LicenseIssuingStateProvince}</arg>
<arg>MiddleName=${XRS_WEB_SERVICES_TEST_DRIVER_1.MiddleName}</arg>
<arg>OrganizationID=${XRS_GENERAL_INFORMATION.Company.Company_ID}</arg>
<arg>OrganizationSID=${XRS_WEB_SERVICES_TEST_DRIVER_1.OrganizationSID}</arg>
<arg>Password=${XRS_WEB_SERVICES_TEST_DRIVER_1.Password}</arg>
<arg>SendInboundMessageTo=${XRS_WEB_SERVICES_TEST_DRIVER_1.SendInboundMessageTo}</arg>
<arg>SID=${XRS_WEB_SERVICES_TEST_DRIVER_1.SID}</arg>
<arg>Status=${XRS_WEB_SERVICES_TEST_DRIVER_1.Status}</arg>
<arg>UseHOSOrganizationSettings=${XRS_WEB_SERVICES_TEST_DRIVER_1.UseHOSOrganizationSettings}</arg>
<arg>UserName=${XRS_WEB_SERVICES_TEST_DRIVER_1.UserName}</arg>
</arguments>
<assign>
<var>&amp;{XRS_AWS_WEBSERVICE_POST_TEST_DRIVER_1_DICT}</var>
</assign>
<status status="NOT_RUN" starttime="20200102 09:48:27.080" endtime="20200102 09:48:27.080"></status>
</kw>
<kw name="Create List" library="BuiltIn">
<doc>Returns a list containing given items.</doc>
<arguments>
<arg>${XRS_AWS_WEBSERVICE_POST_TEST_DRIVER_1_DICT}</arg>
</arguments>
<assign>
<var>@{XRS_AWS_WEBSERVICE_POST_TEST_DRIVER_LIST}</var>
</assign>
<status status="NOT_RUN" starttime="20200102 09:48:27.080" endtime="20200102 09:48:27.080"></status>
</kw>
<kw name="Set Suite Variable" library="BuiltIn">
<doc>Makes a variable available everywhere within the scope of the current suite.</doc>
<arguments>
<arg>@{XRS_AWS_WEBSERVICE_POST_TEST_DRIVER_LIST}</arg>
</arguments>
<status status="NOT_RUN" starttime="20200102 09:48:27.080" endtime="20200102 09:48:27.080"></status>
</kw>
<kw name="Create Dictionary" library="BuiltIn">
<doc>Creates and returns a dictionary based on the given ``items``.</doc>
<arguments>
<arg>DriverID=${XRS_WEB_SERVICES_TEST_DRIVER_1.DriverID}</arg>
<arg>DefaultHOSRule=${XRS_WEB_SERVICES_TEST_DRIVER_1.DefaultHOSRule}</arg>
<arg>ELDExempt=${XRS_WEB_SERVICES_TEST_DRIVER_1.ELDExempt}</arg>
<arg>EnableBigDay=${XRS_WEB_SERVICES_TEST_DRIVER_1.EnableBigDay}</arg>
<arg>EnableDriverPortal=${XRS_WEB_SERVICES_TEST_DRIVER_1.EnableDriverPortal}</arg>
<arg>EnableHOSRule=${XRS_WEB_SERVICES_TEST_DRIVER_1.EnableHOSRule}</arg>
<arg>EnablePersonalConveyance=${XRS_WEB_SERVICES_TEST_DRIVER_1.EnablePersonalConveyance}</arg>
<arg>EnableTimeClock=${XRS_WEB_SERVICES_TEST_DRIVER_1.EnableTimeClock}</arg>
<arg>EnableYardMove=${XRS_WEB_SERVICES_TEST_DRIVER_1.EnableYardMove}</arg>
<arg>FirstName=${XRS_WEB_SERVICES_TEST_DRIVER_1.FirstName}</arg>
<arg>Language=${XRS_WEB_SERVICES_TEST_DRIVER_1.Language}</arg>
<arg>LastName=${XRS_WEB_SERVICES_TEST_DRIVER_1.LastName}</arg>
<arg>LicenseIssuingCountry=${XRS_WEB_SERVICES_TEST_DRIVER_1.LicenseIssuingCountry}</arg>
<arg>LicenseIssuingStateProvince=${XRS_WEB_SERVICES_TEST_DRIVER_1.LicenseIssuingStateProvince}</arg>
<arg>MiddleName=This has been changed.</arg>
<arg>OrganizationSID=${XRS_WEB_SERVICES_TEST_DRIVER_1.OrganizationSID}</arg>
<arg>SendInboundMessageTo=${XRS_WEB_SERVICES_TEST_DRIVER_1.SendInboundMessageTo}</arg>
<arg>SID=${XRS_WEB_SERVICES_TEST_DRIVER_1.SID}</arg>
<arg>Status=${XRS_WEB_SERVICES_TEST_DRIVER_1.Status}</arg>
<arg>UseHOSOrganizationSettings=${XRS_WEB_SERVICES_TEST_DRIVER_1.UseHOSOrganizationSettings}</arg>
<arg>UserName=${XRS_WEB_SERVICES_TEST_DRIVER_1.UserName}</arg>
</arguments>
<assign>
<var>&amp;{XRS_AWS_WEBSERVICE_PUT_TEST_DRIVER_1_DICT}</var>
</assign>
<status status="NOT_RUN" starttime="20200102 09:48:27.080" endtime="20200102 09:48:27.081"></status>
</kw>
<kw name="Create List" library="BuiltIn">
<doc>Returns a list containing given items.</doc>
<arguments>
<arg>${XRS_AWS_WEBSERVICE_PUT_TEST_DRIVER_1_DICT}</arg>
</arguments>
<assign>
<var>@{XRS_AWS_WEBSERVICE_PUT_TEST_DRIVER_LIST}</var>
</assign>
<status status="NOT_RUN" starttime="20200102 09:48:27.081" endtime="20200102 09:48:27.081"></status>
</kw>
<kw name="Set Suite Variable" library="BuiltIn">
<doc>Makes a variable available everywhere within the scope of the current suite.</doc>
<arguments>
<arg>@{XRS_AWS_WEBSERVICE_PUT_TEST_DRIVER_LIST}</arg>
</arguments>
<status status="NOT_RUN" starttime="20200102 09:48:27.081" endtime="20200102 09:48:27.081"></status>
</kw>
<status status="PASS" starttime="20200102 09:48:27.079" endtime="20200102 09:48:27.081"></status>
</kw>
<status status="NOT_RUN" starttime="20200102 09:48:27.078" endtime="20200102 09:48:27.081"></status>
</kw>
<test id="s1-s1-s2-t1" name="Validate AWS XRS Get Driver REST Web Services Returns 400 Error">
<kw name="Get Driver By ID" library="Driver">
<doc>Get attributes for a specific driver by specifying a DriverSID value.</doc>
<arguments>
<arg>${XRS_WEB_SERVICES_TEST_DRIVER_1.DriverID}</arg>
</arguments>
<assign>
<var>${response}</var>
</assign>
<kw name="Set Variable" library="BuiltIn">
<doc>Returns the given values which can then be assigned to a variables.</doc>
<arguments>
<arg>${XRS_Entity_Management_Base_URI.Driver}${XRS_WEBSERVICE_ENTITY_MANAGEMENT_GET_DELETE_DRIVER_BY_DRIVERID}/${driver_id}</arg>
</arguments>
<assign>
<var>${uri}</var>
</assign>
<status status="NOT_RUN" starttime="20200102 09:48:27.082" endtime="20200102 09:48:27.082"></status>
</kw>
<kw name="Get Request" library="RequestsLibrary">
<doc>Send a GET request on the session object found using the
given `alias`</doc>
<arguments>
<arg>${XRS_WEB_SERVICE_SESSION_ALIAS}</arg>
<arg>${uri}</arg>
<arg>headers=${XRS_WEBSERVICES_JSON_HEADER}</arg>
</arguments>
<assign>
<var>${response}</var>
</assign>
<status status="NOT_RUN" starttime="20200102 09:48:27.083" endtime="20200102 09:48:27.083"></status>
</kw>
<status status="PASS" starttime="20200102 09:48:27.082" endtime="20200102 09:48:27.083"></status>
</kw>
<kw name="Should Be Equal As Strings" library="BuiltIn">
<doc>Fails if objects are unequal after converting them to strings.</doc>
<arguments>
<arg>${response.status_code}</arg>
<arg>400</arg>
</arguments>
<status status="NOT_RUN" starttime="20200102 09:48:27.083" endtime="20200102 09:48:27.083"></status>
</kw>
<doc>Verifies that a driver with a specific number does not exist</doc>
<tags>
<tag>awsxrsdriverrestwebservicevalidation</tag>
<tag>awsxrsrestwebservicevalidation</tag>
</tags>
<status status="PASS" starttime="20200102 09:48:27.081" endtime="20200102 09:48:27.084" critical="yes"></status>
</test>
<test id="s1-s1-s2-t2" name="Validate AWS XRS Post Driver REST Web Services Returns Code 201">
<kw name="Post Drivers" library="Driver">
<doc>Calls the Post Method for Drivers.
Accepts a list of json objects
Json field definitions:
CDLExpiration
The date at which the current CDL expires.
CDLNumber
The Commercial Driver's License held by the driver.
This field supports a maximum of 20 characters.
CellPhone
The Mobile phone number of the driver.
NOTE: This phone number is not required to be the same as the phone number of the device being used for Omnitracs XRS.
CompanyName
The name of the Company.
CompanySID
The Omnitracs XRS unique System ID of the company.
This value is generated automatically by Omnitracs XRS and can be retrieved using the GET method.
CreateDate
The date and time the account was created.
The value of this field is Read Only and cannot be modified using PUT or POST commands.
DefaultHOSRule
The DefaultHOSRule value of the appropriate HOS rule set.
DriverID
The user-defined driver ID.
ELDExempt
This field indicates if the driver is exempt from the ELD mandate.
This field is required for POST and PUT calls.
ELDExemptExplanation
If the ELDExempt field is set to True, this field is required and must contain an explanation as to why this driver is exempt from the ELD mandate.
This field is required if &lt;ELDExempt&gt; is True.
EnableBigDay
Indicates if the driver is allowed to declare a 16-Hour Big Day exemption
EnableDriverPortal
Indicates if the driver is allowed to login to the driver portal
EnableHOSRule</doc>
<arguments>
<arg>@{XRS_AWS_WEBSERVICE_POST_TEST_DRIVER_LIST}</arg>
</arguments>
<assign>
<var>${response}</var>
</assign>
<kw name="Set Variable" library="BuiltIn">
<doc>Returns the given values which can then be assigned to a variables.</doc>
<arguments>
<arg>${XRS_Entity_Management_Base_URI.Driver}${XRS_WEBSERVICE_ENTITY_MANAGEMENT_POST_GET_PUT_DELETE_DRIVERS}</arg>
</arguments>
<assign>
<var>${uri}</var>
</assign>
<status status="NOT_RUN" starttime="20200102 09:48:27.087" endtime="20200102 09:48:27.087"></status>
</kw>
<kw name="Post Request" library="RequestsLibrary">
<doc>Send a POST request on the session object found using the
given `alias`</doc>
<arguments>
<arg>${XRS_WEB_SERVICE_SESSION_ALIAS}</arg>
<arg>${uri}</arg>
<arg>json=${list_data}</arg>
<arg>headers=${XRS_WEBSERVICES_JSON_HEADER}</arg>
</arguments>
<assign>
<var>${response}</var>
</assign>
<status status="NOT_RUN" starttime="20200102 09:48:27.087" endtime="20200102 09:48:27.087"></status>
</kw>
<status status="PASS" starttime="20200102 09:48:27.086" endtime="20200102 09:48:27.087"></status>
</kw>
<kw name="To Json" library="RequestsLibrary">
<doc>Convert a string to a JSON object</doc>
<arguments>
<arg>${response.content}</arg>
</arguments>
<assign>
<var>${json_response}</var>
</assign>
<status status="NOT_RUN" starttime="20200102 09:48:27.088" endtime="20200102 09:48:27.088"></status>
</kw>
<kw name="${r} IN [ @{json_response} ]" type="for">
<kw name="${r} = ${r}" type="foritem">
<kw name="Should Be Equal As Strings" library="BuiltIn">
<doc>Fails if objects are unequal after converting them to strings.</doc>
<arguments>
<arg>${r}[Code]</arg>
<arg>201</arg>
</arguments>
<status status="NOT_RUN" starttime="20200102 09:48:27.088" endtime="20200102 09:48:27.088"></status>
</kw>
<status status="PASS" starttime="20200102 09:48:27.088" endtime="20200102 09:48:27.088"></status>
</kw>
<status status="PASS" starttime="20200102 09:48:27.088" endtime="20200102 09:48:27.088"></status>
</kw>
<doc>Posts a driver and expects a Code value of 201</doc>
<tags>
<tag>awsxrsdriverrestwebservicevalidation</tag>
<tag>awsxrsrestwebservicevalidation</tag>
</tags>
<status status="PASS" starttime="20200102 09:48:27.085" endtime="20200102 09:48:27.088" critical="yes"></status>
</test>
<test id="s1-s1-s2-t3" name="Validate AWS XRS Get Driver REST Web Services Returns 200 OK">
<kw name="Get Driver By ID" library="Driver">
<doc>Get attributes for a specific driver by specifying a DriverSID value.</doc>
<arguments>
<arg>${XRS_WEB_SERVICES_TEST_DRIVER_1.DriverID}</arg>
</arguments>
<assign>
<var>${response}</var>
</assign>
<kw name="Set Variable" library="BuiltIn">
<doc>Returns the given values which can then be assigned to a variables.</doc>
<arguments>
<arg>${XRS_Entity_Management_Base_URI.Driver}${XRS_WEBSERVICE_ENTITY_MANAGEMENT_GET_DELETE_DRIVER_BY_DRIVERID}/${driver_id}</arg>
</arguments>
<assign>
<var>${uri}</var>
</assign>
<status status="NOT_RUN" starttime="20200102 09:48:27.091" endtime="20200102 09:48:27.091"></status>
</kw>
<kw name="Get Request" library="RequestsLibrary">
<doc>Send a GET request on the session object found using the
given `alias`</doc>
<arguments>
<arg>${XRS_WEB_SERVICE_SESSION_ALIAS}</arg>
<arg>${uri}</arg>
<arg>headers=${XRS_WEBSERVICES_JSON_HEADER}</arg>
</arguments>
<assign>
<var>${response}</var>
</assign>
<status status="NOT_RUN" starttime="20200102 09:48:27.091" endtime="20200102 09:48:27.091"></status>
</kw>
<status status="PASS" starttime="20200102 09:48:27.091" endtime="20200102 09:48:27.091"></status>
</kw>
<kw name="Should Be Equal As Strings" library="BuiltIn">
<doc>Fails if objects are unequal after converting them to strings.</doc>
<arguments>
<arg>${response.status_code}</arg>
<arg>200</arg>
</arguments>
<status status="NOT_RUN" starttime="20200102 09:48:27.092" endtime="20200102 09:48:27.092"></status>
</kw>
<kw name="To Json" library="RequestsLibrary">
<doc>Convert a string to a JSON object</doc>
<arguments>
<arg>${response.content}</arg>
</arguments>
<assign>
<var>${json_response}</var>
</assign>
<status status="NOT_RUN" starttime="20200102 09:48:27.092" endtime="20200102 09:48:27.092"></status>
</kw>
<kw name="Set Variable" library="BuiltIn">
<doc>Returns the given values which can then be assigned to a variables.</doc>
<arguments>
<arg>${json_response}[SID]</arg>
</arguments>
<assign>
<var>${XRS_WEB_SERVICES_TEST_DRIVER_1_SID}</var>
</assign>
<status status="NOT_RUN" starttime="20200102 09:48:27.093" endtime="20200102 09:48:27.093"></status>
</kw>
<kw name="Set Global Variable" library="BuiltIn">
<doc>Makes a variable available globally in all tests and suites.</doc>
<arguments>
<arg>${XRS_WEB_SERVICES_TEST_DRIVER_1_SID}</arg>
</arguments>
<status status="NOT_RUN" starttime="20200102 09:48:27.093" endtime="20200102 09:48:27.093"></status>
</kw>
<doc>Verifies that a posted driver now exists</doc>
<tags>
<tag>awsxrsdriverrestwebservicevalidation</tag>
<tag>awsxrsrestwebservicevalidation</tag>
</tags>
<status status="PASS" starttime="20200102 09:48:27.090" endtime="20200102 09:48:27.093" critical="yes"></status>
</test>
<test id="s1-s1-s2-t4" name="Validate AWS XRS Put Driver REST Web Services Modifies Driver Successfully">
<kw name="Put Drivers" library="Driver">
<doc>Calls the Put Method for Drivers.
Accepts a list of json objects
Json field definitions:
CDLExpiration
The date at which the current CDL expires.
CDLNumber
The Commercial Driver's License held by the driver.
This field supports a maximum of 20 characters.
Omnitracs XRS 4.60 will prevent the creation of more than one driver record with the same driver’s license number &lt;CDLNumber&gt;.
To support this change, the Driver Web Service will return an error message if a PUT or
POST call is made that attempts to assign a driver’s license number &lt;CDLNumber&gt; to a driver
when that same number is already assigned to a different driver.
CellPhone
The Mobile phone number of the driver.
NOTE: This phone number is not required to be the same as the phone number of the device being used for Omnitracs XRS.
CompanyName
The name of the Company.
CompanySID
The Omnitracs XRS unique System ID of the company.
This value is generated automatically by Omnitracs XRS and can be retrieved using the GET method.
CreateDate
The date and time the account was created.
The value of this field is Read Only and cannot be modified using PUT or POST commands.
DriverID
The user-defined driver ID.
ELDExempt
This field indicates if the driver is exempt from the ELD mandate.
This field is required for POST and PUT calls.
ELDExemptExplanation
If the ELDExempt field is set to True, this field is required and must contain an explanation as to why this driver is exempt from the ELD mandate.
This field is required if &lt;ELDExempt&gt; is True.
EnableBigDay
Indicates if the driver is allowed to declare a 16-Hour Big Day exemption
EnableDriverPortal
Indicates if the driver is allowed to login to the driver portal
EnableHOSRule</doc>
<arguments>
<arg>@{XRS_AWS_WEBSERVICE_PUT_TEST_DRIVER_LIST}</arg>
</arguments>
<assign>
<var>${response}</var>
</assign>
<kw name="Set Variable" library="BuiltIn">
<doc>Returns the given values which can then be assigned to a variables.</doc>
<arguments>
<arg>${XRS_Entity_Management_Base_URI.Driver}${XRS_WEBSERVICE_ENTITY_MANAGEMENT_POST_GET_PUT_DELETE_DRIVERS}</arg>
</arguments>
<assign>
<var>${uri}</var>
</assign>
<status status="NOT_RUN" starttime="20200102 09:48:27.097" endtime="20200102 09:48:27.097"></status>
</kw>
<kw name="Put Request" library="RequestsLibrary">
<doc>Send a PUT request on the session object found using the
given `alias`</doc>
<arguments>
<arg>${XRS_WEB_SERVICE_SESSION_ALIAS}</arg>
<arg>${uri}</arg>
<arg>json=${list_data}</arg>
<arg>headers=${XRS_WEBSERVICES_JSON_HEADER}</arg>
</arguments>
<assign>
<var>${response}</var>
</assign>
<status status="NOT_RUN" starttime="20200102 09:48:27.097" endtime="20200102 09:48:27.097"></status>
</kw>
<status status="PASS" starttime="20200102 09:48:27.096" endtime="20200102 09:48:27.097"></status>
</kw>
<kw name="To Json" library="RequestsLibrary">
<doc>Convert a string to a JSON object</doc>
<arguments>
<arg>${response.content}</arg>
</arguments>
<assign>
<var>${json_response}</var>
</assign>
<status status="NOT_RUN" starttime="20200102 09:48:27.098" endtime="20200102 09:48:27.098"></status>
</kw>
<kw name="${r} IN [ @{json_response} ]" type="for">
<kw name="${r} = ${r}" type="foritem">
<kw name="Should Be Equal As Strings" library="BuiltIn">
<doc>Fails if objects are unequal after converting them to strings.</doc>
<arguments>
<arg>${r}[Description]</arg>
<arg>Driver edited successfully.</arg>
</arguments>
<status status="NOT_RUN" starttime="20200102 09:48:27.098" endtime="20200102 09:48:27.098"></status>
</kw>
<status status="PASS" starttime="20200102 09:48:27.098" endtime="20200102 09:48:27.098"></status>
</kw>
<status status="PASS" starttime="20200102 09:48:27.098" endtime="20200102 09:48:27.098"></status>
</kw>
<doc>Posts a driver and expects a Code value of 201</doc>
<tags>
<tag>awsxrsdriverrestwebservicevalidation</tag>
<tag>awsxrsrestwebservicevalidation</tag>
</tags>
<status status="PASS" starttime="20200102 09:48:27.094" endtime="20200102 09:48:27.099" critical="yes"></status>
</test>
<test id="s1-s1-s2-t5" name="Validate AWS XRS Get Drivers REST Web Services Returns 200 OK">
<kw name="Get Time" library="BuiltIn">
<doc>Returns the given time in the requested format.</doc>
<arguments>
<arg>year,month,day</arg>
</arguments>
<assign>
<var>${yyyy}</var>
<var>${mm}</var>
<var>${dd}</var>
</assign>
<status status="NOT_RUN" starttime="20200102 09:48:27.101" endtime="20200102 09:48:27.101"></status>
</kw>
<kw name="Create Dictionary" library="BuiltIn">
<doc>Creates and returns a dictionary based on the given ``items``.</doc>
<arguments>
<arg>OrganizationID=${XRS_GENERAL_INFORMATION.Company.Company_ID}</arg>
<arg>IsActive=True</arg>
<arg>AsOfDateTime=${mm}/${dd}/${yyyy}</arg>
</arguments>
<assign>
<var>&amp;{params}</var>
</assign>
<status status="NOT_RUN" starttime="20200102 09:48:27.101" endtime="20200102 09:48:27.101"></status>
</kw>
<kw name="Verify Get Drivers With Forward Slash Returns 200 OK">
<doc>Verify that using a '/' in the URI returns 200 OK</doc>
<arguments>
<arg>&amp;{params}</arg>
</arguments>
<kw name="Set Variable" library="BuiltIn">
<doc>Returns the given values which can then be assigned to a variables.</doc>
<arguments>
<arg>/</arg>
</arguments>
<assign>
<var>${ending_character}</var>
</assign>
<status status="NOT_RUN" starttime="20200102 09:48:27.102" endtime="20200102 09:48:27.102"></status>
</kw>
<kw name="Get Drivers With URI Ending With ${ending_character} And Parameters &amp;{params}" library="Driver">
<doc>This Keyword modifies character between the base uri and the parameters
This will get devices that match the provided parameters.
Params can be named individually or within a Dictionary
See the Get Devices Keyword for param definitions.</doc>
<assign>
<var>${response}</var>
</assign>
<kw name="Set Variable" library="BuiltIn">
<doc>Returns the given values which can then be assigned to a variables.</doc>
<arguments>
<arg>${XRS_Entity_Management_Base_URI.Driver}${XRS_WEBSERVICE_ENTITY_MANAGEMENT_POST_GET_PUT_DELETE_DRIVERS}${ending_character}</arg>
</arguments>
<assign>
<var>${uri}</var>
</assign>
<status status="NOT_RUN" starttime="20200102 09:48:27.102" endtime="20200102 09:48:27.102"></status>
</kw>
<kw name="Get Request" library="RequestsLibrary">
<doc>Send a GET request on the session object found using the
given `alias`</doc>
<arguments>
<arg>${XRS_WEB_SERVICE_SESSION_ALIAS}</arg>
<arg>${uri}</arg>
<arg>headers=${XRS_WEBSERVICES_JSON_HEADER}</arg>
<arg>params=${params}</arg>
</arguments>
<assign>
<var>${response}</var>
</assign>
<status status="NOT_RUN" starttime="20200102 09:48:27.102" endtime="20200102 09:48:27.103"></status>
</kw>
<status status="PASS" starttime="20200102 09:48:27.102" endtime="20200102 09:48:27.103"></status>
</kw>
<kw name="Should Be Equal As Strings" library="BuiltIn">
<doc>Fails if objects are unequal after converting them to strings.</doc>
<arguments>
<arg>${response.status_code}</arg>
<arg>200</arg>
</arguments>
<status status="NOT_RUN" starttime="20200102 09:48:27.103" endtime="20200102 09:48:27.103"></status>
</kw>
<status status="PASS" starttime="20200102 09:48:27.101" endtime="20200102 09:48:27.103"></status>
</kw>
<kw name="Verify Get Drivers Without Forward Slash Returns 200 OK">
<doc>Verify that not using a '/' in the URI returns 200 OK</doc>
<arguments>
<arg>&amp;{params}</arg>
</arguments>
<kw name="Get Drivers" library="Driver">
<doc>Call the Get Method on Drivers.
This will get devices that match the provided parameters.
Params can be named individually or within a Dictionary
Param Definitions:
AsOfDateTime
Tells the service to return only the data that changed since the specified date and time.
IsActive
Filters results to active drivers only.
Valid Values: True False Both
Limit
Used in conjunction with the Offset parameter to implement paging.
Limits the number of results to a specified number.
System Limit: 10,000
Offset
Used in conjunction with the Limit parameter to implement paging.
Represents a page number for the starting point of the return set.
OrganizationID
Limits results to devices in one or more organizations.
ResourceGroupID
Limits results to devices in one or more resource groups.
ResourceGroupSID
Limits results to devices in one or more resource groups.
ResourceGroupSID
Limits results to drivers in one or more resource groups.</doc>
<arguments>
<arg>&amp;{params}</arg>
</arguments>
<assign>
<var>${response}</var>
</assign>
<kw name="Set Variable" library="BuiltIn">
<doc>Returns the given values which can then be assigned to a variables.</doc>
<arguments>
<arg>${XRS_Entity_Management_Base_URI.Driver}${XRS_WEBSERVICE_ENTITY_MANAGEMENT_POST_GET_PUT_DELETE_DRIVERS}</arg>
</arguments>
<assign>
<var>${uri}</var>
</assign>
<status status="NOT_RUN" starttime="20200102 09:48:27.104" endtime="20200102 09:48:27.104"></status>
</kw>
<kw name="Get Request" library="RequestsLibrary">
<doc>Send a GET request on the session object found using the
given `alias`</doc>
<arguments>
<arg>${XRS_WEB_SERVICE_SESSION_ALIAS}</arg>
<arg>${uri}</arg>
<arg>headers=${XRS_WEBSERVICES_JSON_HEADER}</arg>
<arg>params=${params}</arg>
</arguments>
<assign>
<var>${response}</var>
</assign>
<status status="NOT_RUN" starttime="20200102 09:48:27.104" endtime="20200102 09:48:27.104"></status>
</kw>
<status status="PASS" starttime="20200102 09:48:27.104" endtime="20200102 09:48:27.104"></status>
</kw>
<kw name="Should Be Equal As Strings" library="BuiltIn">
<doc>Fails if objects are unequal after converting them to strings.</doc>
<arguments>
<arg>${response.status_code}</arg>
<arg>200</arg>
</arguments>
<status status="NOT_RUN" starttime="20200102 09:48:27.104" endtime="20200102 09:48:27.104"></status>
</kw>
<status status="PASS" starttime="20200102 09:48:27.103" endtime="20200102 09:48:27.104"></status>
</kw>
<doc>Get drivers with basic parameters</doc>
<tags>
<tag>awsxrsdriverrestwebservicevalidation</tag>
<tag>awsxrsrestwebservicevalidation</tag>
</tags>
<status status="PASS" starttime="20200102 09:48:27.100" endtime="20200102 09:48:27.105" critical="yes"></status>
</test>
<test id="s1-s1-s2-t6" name="Validate AWS XRS Get Drivers REST Web Services Returns 200 OK With Raw String URI">
<kw name="Verify Get Drivers Raw String URI With /? Returns 200 OK">
<doc>Verify that using the given character string in the raw URI string returns 200 OK</doc>
<kw name="Get Time" library="BuiltIn">
<doc>Returns the given time in the requested format.</doc>
<arguments>
<arg>year,month,day</arg>
</arguments>
<assign>
<var>${yyyy}</var>
<var>${mm}</var>
<var>${dd}</var>
</assign>
<status status="NOT_RUN" starttime="20200102 09:48:27.108" endtime="20200102 09:48:27.108"></status>
</kw>
<kw name="Create Dictionary" library="BuiltIn">
<doc>Creates and returns a dictionary based on the given ``items``.</doc>
<arguments>
<arg>OrganizationID=${XRS_GENERAL_INFORMATION.Company.Company_ID}</arg>
<arg>IsActive=True</arg>
<arg>AsOfDateTime=${mm}/${dd}/${yyyy}</arg>
</arguments>
<assign>
<var>&amp;{params}</var>
</assign>
<status status="NOT_RUN" starttime="20200102 09:48:27.109" endtime="20200102 09:48:27.109"></status>
</kw>
<kw name="Create URI String With" library="URIStringBuilderTool">
<doc>Helper Keyword to construct the request uri with different character strings
base_uri = webservice uri
request_type = request extentenstion for the webservice
character_string = final character of the uri. i.e. /, /?, etc ...</doc>
<arguments>
<arg>${XRS_Entity_Management_Base_URI.Driver}</arg>
<arg>${XRS_WEBSERVICE_ENTITY_MANAGEMENT_POST_GET_PUT_DELETE_DRIVERS}</arg>
<arg>${character_string}</arg>
</arguments>
<assign>
<var>${uri_string}</var>
</assign>
<kw name="Set Variable" library="BuiltIn">
<doc>Returns the given values which can then be assigned to a variables.</doc>
<arguments>
<arg>${base_uri}${request_type}${character_string}</arg>
</arguments>
<assign>
<var>${uri}</var>
</assign>
<status status="NOT_RUN" starttime="20200102 09:48:27.109" endtime="20200102 09:48:27.109"></status>
</kw>
<status status="PASS" starttime="20200102 09:48:27.109" endtime="20200102 09:48:27.110"></status>
</kw>
<kw name="Set Variable" library="BuiltIn">
<doc>Returns the given values which can then be assigned to a variables.</doc>
<arguments>
<arg>${uri_string}OrganizationID=${params.OrganizationID}&amp;IsActive=${params.IsActive}&amp;AsOfDateTime=${params.AsOfDateTime}</arg>
</arguments>
<assign>
<var>${uri}</var>
</assign>
<status status="NOT_RUN" starttime="20200102 09:48:27.110" endtime="20200102 09:48:27.110"></status>
</kw>
<kw name="Get Request" library="RequestsLibrary">
<doc>Send a GET request on the session object found using the
given `alias`</doc>
<arguments>
<arg>${XRS_WEB_SERVICE_SESSION_ALIAS}</arg>
<arg>${uri}</arg>
<arg>headers=${XRS_WEBSERVICES_JSON_HEADER}</arg>
</arguments>
<assign>
<var>${response}</var>
</assign>
<status status="NOT_RUN" starttime="20200102 09:48:27.110" endtime="20200102 09:48:27.110"></status>
</kw>
<kw name="Should Be Equal As Strings" library="BuiltIn">
<doc>Fails if objects are unequal after converting them to strings.</doc>
<arguments>
<arg>${response.status_code}</arg>
<arg>200</arg>
</arguments>
<status status="NOT_RUN" starttime="20200102 09:48:27.110" endtime="20200102 09:48:27.111"></status>
</kw>
<status status="PASS" starttime="20200102 09:48:27.108" endtime="20200102 09:48:27.111"></status>
</kw>
<kw name="Verify Get Drivers Raw String URI With ? Returns 200 OK">
<doc>Verify that using the given character string in the raw URI string returns 200 OK</doc>
<kw name="Get Time" library="BuiltIn">
<doc>Returns the given time in the requested format.</doc>
<arguments>
<arg>year,month,day</arg>
</arguments>
<assign>
<var>${yyyy}</var>
<var>${mm}</var>
<var>${dd}</var>
</assign>
<status status="NOT_RUN" starttime="20200102 09:48:27.112" endtime="20200102 09:48:27.112"></status>
</kw>
<kw name="Create Dictionary" library="BuiltIn">
<doc>Creates and returns a dictionary based on the given ``items``.</doc>
<arguments>
<arg>OrganizationID=${XRS_GENERAL_INFORMATION.Company.Company_ID}</arg>
<arg>IsActive=True</arg>
<arg>AsOfDateTime=${mm}/${dd}/${yyyy}</arg>
</arguments>
<assign>
<var>&amp;{params}</var>
</assign>
<status status="NOT_RUN" starttime="20200102 09:48:27.112" endtime="20200102 09:48:27.112"></status>
</kw>
<kw name="Create URI String With" library="URIStringBuilderTool">
<doc>Helper Keyword to construct the request uri with different character strings
base_uri = webservice uri
request_type = request extentenstion for the webservice
character_string = final character of the uri. i.e. /, /?, etc ...</doc>
<arguments>
<arg>${XRS_Entity_Management_Base_URI.Driver}</arg>
<arg>${XRS_WEBSERVICE_ENTITY_MANAGEMENT_POST_GET_PUT_DELETE_DRIVERS}</arg>
<arg>${character_string}</arg>
</arguments>
<assign>
<var>${uri_string}</var>
</assign>
<kw name="Set Variable" library="BuiltIn">
<doc>Returns the given values which can then be assigned to a variables.</doc>
<arguments>
<arg>${base_uri}${request_type}${character_string}</arg>
</arguments>
<assign>
<var>${uri}</var>
</assign>
<status status="NOT_RUN" starttime="20200102 09:48:27.112" endtime="20200102 09:48:27.113"></status>
</kw>
<status status="PASS" starttime="20200102 09:48:27.112" endtime="20200102 09:48:27.113"></status>
</kw>
<kw name="Set Variable" library="BuiltIn">
<doc>Returns the given values which can then be assigned to a variables.</doc>
<arguments>
<arg>${uri_string}OrganizationID=${params.OrganizationID}&amp;IsActive=${params.IsActive}&amp;AsOfDateTime=${params.AsOfDateTime}</arg>
</arguments>
<assign>
<var>${uri}</var>
</assign>
<status status="NOT_RUN" starttime="20200102 09:48:27.113" endtime="20200102 09:48:27.113"></status>
</kw>
<kw name="Get Request" library="RequestsLibrary">
<doc>Send a GET request on the session object found using the
given `alias`</doc>
<arguments>
<arg>${XRS_WEB_SERVICE_SESSION_ALIAS}</arg>
<arg>${uri}</arg>
<arg>headers=${XRS_WEBSERVICES_JSON_HEADER}</arg>
</arguments>
<assign>
<var>${response}</var>
</assign>
<status status="NOT_RUN" starttime="20200102 09:48:27.113" endtime="20200102 09:48:27.113"></status>
</kw>
<kw name="Should Be Equal As Strings" library="BuiltIn">
<doc>Fails if objects are unequal after converting them to strings.</doc>
<arguments>
<arg>${response.status_code}</arg>
<arg>200</arg>
</arguments>
<status status="NOT_RUN" starttime="20200102 09:48:27.113" endtime="20200102 09:48:27.114"></status>
</kw>
<status status="PASS" starttime="20200102 09:48:27.111" endtime="20200102 09:48:27.115"></status>
</kw>
<doc>Get drivers with basic parameters using a raw URI string</doc>
<tags>
<tag>awsxrsdriverrestwebservicevalidation</tag>
<tag>awsxrsrestwebservicevalidation</tag>
</tags>
<status status="PASS" starttime="20200102 09:48:27.106" endtime="20200102 09:48:27.116" critical="yes"></status>
</test>
<test id="s1-s1-s2-t7" name="Validate AWS XRS Delete Driver REST Web Services Returns 200 OK">
<kw name="Delete Driver By ID" library="Driver">
<doc>Delete a single driver record in Omnitracs XRS by specifying the DriverSID.</doc>
<arguments>
<arg>${XRS_WEB_SERVICES_TEST_DRIVER_1.DriverID}</arg>
</arguments>
<assign>
<var>${response}</var>
</assign>
<kw name="Set Variable" library="BuiltIn">
<doc>Returns the given values which can then be assigned to a variables.</doc>
<arguments>
<arg>${XRS_Entity_Management_Base_URI.Driver}${XRS_WEBSERVICE_ENTITY_MANAGEMENT_GET_DELETE_DRIVER_BY_DRIVERID}/${driver_id}</arg>
</arguments>
<assign>
<var>${uri}</var>
</assign>
<status status="NOT_RUN" starttime="20200102 09:48:27.119" endtime="20200102 09:48:27.119"></status>
</kw>
<kw name="Delete Request" library="RequestsLibrary">
<doc>Send a DELETE request on the session object found using the
given `alias`</doc>
<arguments>
<arg>${XRS_WEB_SERVICE_SESSION_ALIAS}</arg>
<arg>${uri}</arg>
<arg>headers=${XRS_WEBSERVICES_JSON_HEADER}</arg>
</arguments>
<assign>
<var>${response}</var>
</assign>
<status status="NOT_RUN" starttime="20200102 09:48:27.120" endtime="20200102 09:48:27.120"></status>
</kw>
<status status="PASS" starttime="20200102 09:48:27.119" endtime="20200102 09:48:27.120"></status>
</kw>
<kw name="Should Be Equal As Strings" library="BuiltIn">
<doc>Fails if objects are unequal after converting them to strings.</doc>
<arguments>
<arg>${response.status_code}</arg>
<arg>200</arg>
</arguments>
<status status="NOT_RUN" starttime="20200102 09:48:27.120" endtime="20200102 09:48:27.120"></status>
</kw>
<doc>Verifies that created driver is deleted</doc>
<tags>
<tag>awsxrsdriverrestwebservicevalidation</tag>
<tag>awsxrsrestwebservicevalidation</tag>
</tags>
<status status="PASS" starttime="20200102 09:48:27.118" endtime="20200102 09:48:27.121" critical="yes"></status>
</test>
<test id="s1-s1-s2-t8" name="Validate AWS XRS Get Drivers REST Web Services For All Drivers Returns 200 OK">
<kw name="Get All Drivers" library="Driver">
<doc>Get attributes for all drivers.</doc>
<assign>
<var>${response}</var>
</assign>
<kw name="Set Variable" library="BuiltIn">
<doc>Returns the given values which can then be assigned to a variables.</doc>
<arguments>
<arg>${XRS_Entity_Management_Base_URI.Driver}${XRS_WEBSERVICE_ENTITY_MANAGEMENT_POST_GET_PUT_DELETE_DRIVERS}</arg>
</arguments>
<assign>
<var>${uri}</var>
</assign>
<status status="NOT_RUN" starttime="20200102 09:48:27.124" endtime="20200102 09:48:27.124"></status>
</kw>
<kw name="Get Request" library="RequestsLibrary">
<doc>Send a GET request on the session object found using the
given `alias`</doc>
<arguments>
<arg>${XRS_WEB_SERVICE_SESSION_ALIAS}</arg>
<arg>${uri}</arg>
<arg>headers=${XRS_WEBSERVICES_JSON_HEADER}</arg>
</arguments>
<assign>
<var>${response}</var>
</assign>
<status status="NOT_RUN" starttime="20200102 09:48:27.124" endtime="20200102 09:48:27.124"></status>
</kw>
<status status="PASS" starttime="20200102 09:48:27.123" endtime="20200102 09:48:27.124"></status>
</kw>
<kw name="Should Be Equal As Strings" library="BuiltIn">
<doc>Fails if objects are unequal after converting them to strings.</doc>
<arguments>
<arg>${response.status_code}</arg>
<arg>200</arg>
</arguments>
<status status="NOT_RUN" starttime="20200102 09:48:27.124" endtime="20200102 09:48:27.124"></status>
</kw>
<doc>Gets all the drivers</doc>
<tags>
<tag>awsxrsdriverrestwebservicevalidation</tag>
<tag>awsxrsrestwebservicevalidation</tag>
<tag>xrsawsperftest</tag>
</tags>
<status status="PASS" starttime="20200102 09:48:27.122" endtime="20200102 09:48:27.125" critical="yes"></status>
</test>
<test id="s1-s1-s2-t9" name="Validate AWS XRS Delete Drivers REST Web Services Returns Error Message">
<kw name="Delete Drivers By IDs" library="Driver">
<doc>Delete a single driver record in Omnitracs XRS by specifying the DriverSID.
The Delete method supports the deletion of one driver record per call only.</doc>
<arguments>
<arg>${XRS_WEB_SERVICES_TEST_DRIVER_1_SID}</arg>
</arguments>
<assign>
<var>${response}</var>
</assign>
<kw name="Set Variable" library="BuiltIn">
<doc>Returns the given values which can then be assigned to a variables.</doc>
<arguments>
<arg>${XRS_Entity_Management_Base_URI.Driver}${XRS_WEBSERVICE_ENTITY_MANAGEMENT_POST_GET_PUT_DELETE_DRIVERS}/${drivers_sid}</arg>
</arguments>
<assign>
<var>${uri}</var>
</assign>
<status status="NOT_RUN" starttime="20200102 09:48:27.127" endtime="20200102 09:48:27.127"></status>
</kw>
<kw name="Delete Request" library="RequestsLibrary">
<doc>Send a DELETE request on the session object found using the
given `alias`</doc>
<arguments>
<arg>${XRS_WEB_SERVICE_SESSION_ALIAS}</arg>
<arg>${uri}</arg>
<arg>headers=${XRS_WEBSERVICES_JSON_HEADER}</arg>
</arguments>
<assign>
<var>${response}</var>
</assign>
<status status="NOT_RUN" starttime="20200102 09:48:27.128" endtime="20200102 09:48:27.128"></status>
</kw>
<status status="PASS" starttime="20200102 09:48:27.127" endtime="20200102 09:48:27.128"></status>
</kw>
<kw name="Set Variable" library="BuiltIn">
<doc>Returns the given values which can then be assigned to a variables.</doc>
<arguments>
<arg>Driver ${XRS_WEB_SERVICES_TEST_DRIVER_1_SID} doesn't exist.</arg>
</arguments>
<assign>
<var>${expected_error_message}</var>
</assign>
<status status="NOT_RUN" starttime="20200102 09:48:27.129" endtime="20200102 09:48:27.129"></status>
</kw>
<kw name="To Json" library="RequestsLibrary">
<doc>Convert a string to a JSON object</doc>
<arguments>
<arg>${response.content}</arg>
</arguments>
<assign>
<var>${json_response}</var>
</assign>
<status status="NOT_RUN" starttime="20200102 09:48:27.129" endtime="20200102 09:48:27.129"></status>
</kw>
<kw name="Should Be Equal As Strings" library="BuiltIn">
<doc>Fails if objects are unequal after converting them to strings.</doc>
<arguments>
<arg>${json_response}[ErrorMessage]</arg>
<arg>${expected_error_message}</arg>
</arguments>
<status status="NOT_RUN" starttime="20200102 09:48:27.130" endtime="20200102 09:48:27.131"></status>
</kw>
<doc>Attempts to delete a previously deleted driver.</doc>
<tags>
<tag>awsxrsdriverrestwebservicevalidation</tag>
<tag>awsxrsrestwebservicevalidation</tag>
</tags>
<status status="PASS" starttime="20200102 09:48:27.126" endtime="20200102 09:48:27.131" critical="yes"></status>
</test>
<kw name="Delete All Sessions" library="RequestsLibrary" type="teardown">
<doc>Removes all the session objects</doc>
<status status="NOT_RUN" starttime="20200102 09:48:27.133" endtime="20200102 09:48:27.133"></status>
</kw>
<doc>Fundamental suite to test XRS AWS Driver Entity Management Web Services</doc>
<status status="PASS" starttime="20200102 09:48:27.000" endtime="20200102 09:48:27.133"></status>
</suite>
<suite id="s1-s1-s3" name="ValidateAWSXRSOrganizationWebService" source="C:\Users\kstine\git\aws-api-gateway-tests\Tests\AWS_XRS_WebServicesTests\03__ValidateAWSXRSOrganizationWebService.robot">
<kw name="Run Keywords" library="BuiltIn" type="setup">
<doc>Executes all the given keywords in a sequence.</doc>
<arguments>
<arg>Create AWS XRS Web Services Session</arg>
<arg>AND</arg>
<arg>Test Data Setup For XRS AWS Organization Web Service Test Suite</arg>
</arguments>
<kw name="Create AWS XRS Web Services Session" library="XRSCommonWebService">
<doc>Create a session with aws xrs web services</doc>
<kw name="Create Session" library="RequestsLibrary">
<doc>Create Session: create a HTTP session to a server</doc>
<arguments>
<arg>${XRS_WEB_SERVICE_SESSION_ALIAS}</arg>
<arg>${XRS_AWS_WEBSERVICES_URL}[${XRS_HOST_ENVIRONMENT}]</arg>
<arg>verify=True</arg>
<arg>auth=${XRS_WEBSERVICES_AUTHORIZATION}</arg>
</arguments>
<status status="NOT_RUN" starttime="20200102 09:48:27.606" endtime="20200102 09:48:27.607"></status>
</kw>
<status status="PASS" starttime="20200102 09:48:27.606" endtime="20200102 09:48:27.607"></status>
</kw>
<kw name="Test Data Setup For XRS AWS Organization Web Service Test Suite">
<doc>Keyword for setting up a random organization for the organization test suite</doc>
<kw name="Word" library="FakerLibrary">
<doc>:returns: A random word, eg: 'lorem'</doc>
<assign>
<var>${FAKE_WORD1}</var>
</assign>
<status status="NOT_RUN" starttime="20200102 09:48:27.607" endtime="20200102 09:48:27.607"></status>
</kw>
<kw name="Word" library="FakerLibrary">
<doc>:returns: A random word, eg: 'lorem'</doc>
<assign>
<var>${FAKE_WORD2}</var>
</assign>
<status status="NOT_RUN" starttime="20200102 09:48:27.607" endtime="20200102 09:48:27.607"></status>
</kw>
<kw name="Set Variable" library="BuiltIn">
<doc>Returns the given values which can then be assigned to a variables.</doc>
<arguments>
<arg>${FAKE_WORD1}${FAKE_WORD2}</arg>
</arguments>
<assign>
<var>${FAKE_TEST_ORGANIZATION_ID_1}</var>
</assign>
<status status="NOT_RUN" starttime="20200102 09:48:27.607" endtime="20200102 09:48:27.607"></status>
</kw>
<kw name="Set Variable" library="BuiltIn">
<doc>Returns the given values which can then be assigned to a variables.</doc>
<arguments>
<arg>${FAKE_WORD1}${SPACE}${FAKE_WORD2}</arg>
</arguments>
<assign>
<var>${FAKE_TEST_ORGANIZATION_NAME_1}</var>
</assign>
<status status="NOT_RUN" starttime="20200102 09:48:27.607" endtime="20200102 09:48:27.608"></status>
</kw>
<kw name="Create Dictionary" library="BuiltIn">
<doc>Creates and returns a dictionary based on the given ``items``.</doc>
<arguments>
<arg>CarrierName=${XRS_GENERAL_INFORMATION.Address.Carrier_Name}</arg>
<arg>Country=${XRS_GENERAL_INFORMATION.Address.Country}</arg>
<arg>DotNumber=${XRS_GENERAL_INFORMATION.Address.DOT_Number}</arg>
<arg>Language=${XRS_GENERAL_INFORMATION.Localization.Language}</arg>
<arg>OrganizationId=${FAKE_TEST_ORGANIZATION_ID_1}</arg>
<arg>OrganizationName=${FAKE_TEST_ORGANIZATION_NAME_1}</arg>
<arg>ParentOrganizationId=${XRS_GENERAL_INFORMATION.Company.Company_ID}</arg>
<arg>ParentOrganizationSid=${XRS_GENERAL_INFORMATION.Company.ParentOrganizationSid}</arg>
<arg>TimeZone=CST</arg>
</arguments>
<assign>
<var>&amp;{XRS_AWS_WEBSERVICE_POST_TEST_ORGANIZATION_1_DICT}</var>
</assign>
<status status="NOT_RUN" starttime="20200102 09:48:27.608" endtime="20200102 09:48:27.608"></status>
</kw>
<kw name="Create List" library="BuiltIn">
<doc>Returns a list containing given items.</doc>
<arguments>
<arg>${XRS_AWS_WEBSERVICE_POST_TEST_ORGANIZATION_1_DICT}</arg>
</arguments>
<assign>
<var>@{XRS_AWS_WEBSERVICE_POST_TEST_ORGANIZATION_LIST}</var>
</assign>
<status status="NOT_RUN" starttime="20200102 09:48:27.608" endtime="20200102 09:48:27.608"></status>
</kw>
<kw name="Set Suite Variable" library="BuiltIn">
<doc>Makes a variable available everywhere within the scope of the current suite.</doc>
<arguments>
<arg>${XRS_AWS_WEBSERVICE_POST_TEST_ORGANIZATION_1_DICT}</arg>
</arguments>
<status status="NOT_RUN" starttime="20200102 09:48:27.608" endtime="20200102 09:48:27.608"></status>
</kw>
<kw name="Set Suite Variable" library="BuiltIn">
<doc>Makes a variable available everywhere within the scope of the current suite.</doc>
<arguments>
<arg>@{XRS_AWS_WEBSERVICE_POST_TEST_ORGANIZATION_LIST}</arg>
</arguments>
<status status="NOT_RUN" starttime="20200102 09:48:27.608" endtime="20200102 09:48:27.608"></status>
</kw>
<kw name="Create Dictionary" library="BuiltIn">
<doc>Creates and returns a dictionary based on the given ``items``.</doc>
<arguments>
<arg>Language=${XRS_GENERAL_INFORMATION.Localization.Language}</arg>
<arg>OrganizationId=${FAKE_TEST_ORGANIZATION_ID_1}</arg>
<arg>OrganizationName=${FAKE_TEST_ORGANIZATION_NAME_1}Modified</arg>
<arg>ParentOrganizationId=${XRS_GENERAL_INFORMATION.Company.Company_ID}</arg>
</arguments>
<assign>
<var>&amp;{XRS_AWS_WEBSERVICE_PUT_TEST_ORGANIZATION_1_DICT}</var>
</assign>
<status status="NOT_RUN" starttime="20200102 09:48:27.608" endtime="20200102 09:48:27.608"></status>
</kw>
<kw name="Create List" library="BuiltIn">
<doc>Returns a list containing given items.</doc>
<arguments>
<arg>${XRS_AWS_WEBSERVICE_PUT_TEST_ORGANIZATION_1_DICT}</arg>
</arguments>
<assign>
<var>@{XRS_AWS_WEBSERVICE_PUT_TEST_ORGANIZATION_LIST}</var>
</assign>
<status status="NOT_RUN" starttime="20200102 09:48:27.608" endtime="20200102 09:48:27.609"></status>
</kw>
<kw name="Set Suite Variable" library="BuiltIn">
<doc>Makes a variable available everywhere within the scope of the current suite.</doc>
<arguments>
<arg>@{XRS_AWS_WEBSERVICE_PUT_TEST_ORGANIZATION_LIST}</arg>
</arguments>
<status status="NOT_RUN" starttime="20200102 09:48:27.609" endtime="20200102 09:48:27.609"></status>
</kw>
<status status="PASS" starttime="20200102 09:48:27.607" endtime="20200102 09:48:27.609"></status>
</kw>
<status status="NOT_RUN" starttime="20200102 09:48:27.606" endtime="20200102 09:48:27.609"></status>
</kw>
<test id="s1-s1-s3-t1" name="Validate AWS XRS Get Organization By SID REST Web Services Returns 200 OK With Parent Organization SID">
<kw name="Get Organization By OrganizationSID" library="Organization">
<doc>Get Organization information for a particular Organization using the OrganizationSID</doc>
<arguments>
<arg>${XRS_GENERAL_INFORMATION.Company.ParentOrganizationSid}</arg>
</arguments>
<assign>
<var>${response}</var>
</assign>
<kw name="Set Variable" library="BuiltIn">
<doc>Returns the given values which can then be assigned to a variables.</doc>
<arguments>
<arg>${XRS_Entity_Management_Base_URI.Organization}${XRS_WEBSERVICE_ENTITY_MANAGEMENT_GET_ORGANIZATION}/${organization_sid}</arg>
</arguments>
<assign>
<var>${uri}</var>
</assign>
<status status="NOT_RUN" starttime="20200102 09:48:27.610" endtime="20200102 09:48:27.610"></status>
</kw>
<kw name="Get Request" library="RequestsLibrary">
<doc>Send a GET request on the session object found using the
given `alias`</doc>
<arguments>
<arg>${XRS_WEB_SERVICE_SESSION_ALIAS}</arg>
<arg>${uri}</arg>
<arg>headers=${XRS_WEBSERVICES_JSON_HEADER}</arg>
</arguments>
<assign>
<var>${response}</var>
</assign>
<status status="NOT_RUN" starttime="20200102 09:48:27.610" endtime="20200102 09:48:27.610"></status>
</kw>
<status status="PASS" starttime="20200102 09:48:27.610" endtime="20200102 09:48:27.610"></status>
</kw>
<kw name="Should Be Equal As Strings" library="BuiltIn">
[...]
</kw>
<status status="PASS" starttime="20200102 09:48:28.210" endtime="20200102 09:48:28.211"></status>
</kw>
<status status="PASS" starttime="20200102 09:48:28.210" endtime="20200102 09:48:28.211"></status>
</kw>
<doc>Posts a trailer and expects a Code value of 201</doc>
<tags>
<tag>awsxrsrestwebservicevalidation</tag>
<tag>awsxrstrailerrestwebservicevalidation</tag>
</tags>
<status status="PASS" starttime="20200102 09:48:28.207" endtime="20200102 09:48:28.211" critical="yes"></status>
</test>
<test id="s1-s1-s6-t14" name="Validate AWS XRS Get Trailers V2 REST Web Services Returns 200 OK">
<kw name="Get Time" library="BuiltIn">
<doc>Returns the given time in the requested format.</doc>
<arguments>
<arg>year,month,day</arg>
</arguments>
<assign>
<var>${yyyy}</var>
<var>${mm}</var>
<var>${dd}</var>
</assign>
<status status="NOT_RUN" starttime="20200102 09:48:28.215" endtime="20200102 09:48:28.216"></status>
</kw>
<kw name="Create Dictionary" library="BuiltIn">
<doc>Creates and returns a dictionary based on the given ``items``.</doc>
<arguments>
<arg>OrganizationID=${XRS_GENERAL_INFORMATION.Company.Company_ID}</arg>
<arg>IsActive=True</arg>
<arg>AsOfDateTime=${mm}/${dd}/${yyyy}</arg>
</arguments>
<assign>
<var>&amp;{params}</var>
</assign>
<status status="NOT_RUN" starttime="20200102 09:48:28.217" endtime="20200102 09:48:28.217"></status>
</kw>
<kw name="Verify Get Trailers V2 With Forward Slash Returns 200 OK">
<doc>Verify that using a '/' in the URI returns 200 OK</doc>
<arguments>
<arg>&amp;{params}</arg>
</arguments>
<kw name="Set Variable" library="BuiltIn">
<doc>Returns the given values which can then be assigned to a variables.</doc>
<arguments>
<arg>/</arg>
</arguments>
<assign>
<var>${ending_character}</var>
</assign>
<status status="NOT_RUN" starttime="20200102 09:48:28.221" endtime="20200102 09:48:28.221"></status>
</kw>
<kw name="Get Trailers With URI Ending With ${ending_character} And Parameters &amp;{params}" library="Trailer">
<doc>This Keyword modifies character between the base uri and the parameters
This will get trailers that match the provided parameters.
Params can be named individually or within a Dictionary
See the Get Trailers Keyword for param definitions.</doc>
<assign>
<var>${response}</var>
</assign>
<kw name="Set Variable" library="BuiltIn">
<doc>Returns the given values which can then be assigned to a variables.</doc>
<arguments>
<arg>${XRS_Entity_Management_Base_URI.Trailer}${XRS_WEBSERVICE_ENTITY_MANAGEMENT_POST_GET_PUT_TRAILERS}${ending_character}</arg>
</arguments>
<assign>
<var>${uri}</var>
</assign>
<status status="NOT_RUN" starttime="20200102 09:48:28.222" endtime="20200102 09:48:28.222"></status>
</kw>
<kw name="Get Request" library="RequestsLibrary">
<doc>Send a GET request on the session object found using the
given `alias`</doc>
<arguments>
<arg>${XRS_WEB_SERVICE_SESSION_ALIAS}</arg>
<arg>${uri}</arg>
<arg>headers=${XRS_WEBSERVICES_JSON_HEADER}</arg>
<arg>params=${params}</arg>
</arguments>
<assign>
<var>${response}</var>
</assign>
<status status="NOT_RUN" starttime="20200102 09:48:28.223" endtime="20200102 09:48:28.223"></status>
</kw>
<status status="PASS" starttime="20200102 09:48:28.221" endtime="20200102 09:48:28.223"></status>
</kw>
<kw name="Should Be Equal As Strings" library="BuiltIn">
<doc>Fails if objects are unequal after converting them to strings.</doc>
<arguments>
<arg>${response.status_code}</arg>
<arg>200</arg>
</arguments>
<status status="NOT_RUN" starttime="20200102 09:48:28.224" endtime="20200102 09:48:28.224"></status>
</kw>
<status status="PASS" starttime="20200102 09:48:28.220" endtime="20200102 09:48:28.224"></status>
</kw>
<kw name="Verify Get Trailers V2 Without Forward Slash Returns 200 OK">
<doc>Verify that not using a '/' in the URI returns 200 OK</doc>
<arguments>
<arg>&amp;{params}</arg>
</arguments>
<kw name="Get Trailers V2" library="Trailer">
<doc>Call the Get Method on trailers v2.
This will get trailers that match the provided parameters.
Params can be named individually or within a Dictionary
Param Definitions:
AsOfDateTime
Tells the service to return only the data that changed since the specified date and time.
IsActive
Filters results to active trailers only.
True, False, Both
Limit
Used in conjunction with the Offset parameter to implement paging.
Limits the number of results to a specified number.
System Limit: 10,000
Offset
Used in conjunction with the Limit parameter to implement paging.
Represents a page number for the starting point of the return set.
OrganizationID
Limits results to trailers in one or more organizations.
Maximum of 20 characters.
Recurse
When True, limits results to all trailer objects in all OrganizationIDs and ResourceGroupIDs in OrganizationID &amp; ResourceGroupID.
ResourceGroupID
Limits results to trailers in one or more resource groups.
ResourceGroupSID
Limits results to Organizations in one or more resource groups.
Maximum of 50 characters.
Status
Limits results to trailers with the selected status. Valid values include:
IsActive - Limits results to all active trailer objects in OrganizationID &amp; ResourceGroupID.
IsInActive - Limits results to all inactive trailer objects within all OrganizationID and ResourceGroupID.
TrailerID
Limits the results to trailer objects with TrailerID in OrganizationID and ResourceGroupID.
Maximum of 20 characters.</doc>
<arguments>
<arg>&amp;{params}</arg>
</arguments>
<assign>
<var>${response}</var>
</assign>
<kw name="Set Variable" library="BuiltIn">
<doc>Returns the given values which can then be assigned to a variables.</doc>
<arguments>
<arg>${XRS_Entity_Management_Base_URI.Trailer}${XRS_WEBSERVICE_ENTITY_MANAGEMENT_POST_GET_PUT_TRAILERS_V2}</arg>
</arguments>
<assign>
<var>${uri}</var>
</assign>
<status status="NOT_RUN" starttime="20200102 09:48:28.226" endtime="20200102 09:48:28.226"></status>
</kw>
<kw name="Get Request" library="RequestsLibrary">
<doc>Send a GET request on the session object found using the
given `alias`</doc>
<arguments>
<arg>${XRS_WEB_SERVICE_SESSION_ALIAS}</arg>
<arg>${uri}</arg>
<arg>headers=${XRS_WEBSERVICES_JSON_HEADER}</arg>
<arg>params=${params}</arg>
</arguments>
<assign>
<var>${response}</var>
</assign>
<status status="NOT_RUN" starttime="20200102 09:48:28.226" endtime="20200102 09:48:28.226"></status>
</kw>
<status status="PASS" starttime="20200102 09:48:28.225" endtime="20200102 09:48:28.226"></status>
</kw>
<kw name="Should Be Equal As Strings" library="BuiltIn">
<doc>Fails if objects are unequal after converting them to strings.</doc>
<arguments>
<arg>${response.status_code}</arg>
<arg>200</arg>
</arguments>
<status status="NOT_RUN" starttime="20200102 09:48:28.226" endtime="20200102 09:48:28.226"></status>
</kw>
<status status="PASS" starttime="20200102 09:48:28.224" endtime="20200102 09:48:28.227"></status>
</kw>
<doc>Get trailers with basic parameters</doc>
<tags>
<tag>awsxrsrestwebservicevalidation</tag>
<tag>awsxrstrailerrestwebservicevalidation</tag>
</tags>
<status status="PASS" starttime="20200102 09:48:28.214" endtime="20200102 09:48:28.227" critical="yes"></status>
</test>
<test id="s1-s1-s6-t15" name="Validate AWS XRS Get Trailers V2 REST Web Services Returns 200 OK With Raw String URI">
<kw name="Verify Get Trailers V2 Raw String URI With /? Returns 200 OK">
<doc>Verify that using the given character string in the raw URI string returns 200 OK</doc>
<kw name="Get Time" library="BuiltIn">
<doc>Returns the given time in the requested format.</doc>
<arguments>
<arg>year,month,day</arg>
</arguments>
<assign>
<var>${yyyy}</var>
<var>${mm}</var>
<var>${dd}</var>
</assign>
<status status="NOT_RUN" starttime="20200102 09:48:28.229" endtime="20200102 09:48:28.229"></status>
</kw>
<kw name="Create Dictionary" library="BuiltIn">
<doc>Creates and returns a dictionary based on the given ``items``.</doc>
<arguments>
<arg>OrganizationID=${XRS_GENERAL_INFORMATION.Company.Company_ID}</arg>
<arg>IsActive=True</arg>
<arg>AsOfDateTime=${mm}/${dd}/${yyyy}</arg>
</arguments>
<assign>
<var>&amp;{params}</var>
</assign>
<status status="NOT_RUN" starttime="20200102 09:48:28.230" endtime="20200102 09:48:28.230"></status>
</kw>
<kw name="Create URI String With" library="URIStringBuilderTool">
<doc>Helper Keyword to construct the request uri with different character strings
base_uri = webservice uri
request_type = request extentenstion for the webservice
character_string = final character of the uri. i.e. /, /?, etc ...</doc>
<arguments>
<arg>${XRS_Entity_Management_Base_URI.Trailer}</arg>
<arg>${XRS_WEBSERVICE_ENTITY_MANAGEMENT_POST_GET_PUT_TRAILERS_V2}</arg>
<arg>${character_string}</arg>
</arguments>
<assign>
<var>${uri_string}</var>
</assign>
<kw name="Set Variable" library="BuiltIn">
<doc>Returns the given values which can then be assigned to a variables.</doc>
<arguments>
<arg>${base_uri}${request_type}${character_string}</arg>
</arguments>
<assign>
<var>${uri}</var>
</assign>
<status status="NOT_RUN" starttime="20200102 09:48:28.230" endtime="20200102 09:48:28.230"></status>
</kw>
<status status="PASS" starttime="20200102 09:48:28.230" endtime="20200102 09:48:28.231"></status>
</kw>
<kw name="Set Variable" library="BuiltIn">
<doc>Returns the given values which can then be assigned to a variables.</doc>
<arguments>
<arg>${uri_string}OrganizationID=${params.OrganizationID}&amp;IsActive=${params.IsActive}&amp;AsOfDateTime=${params.AsOfDateTime}</arg>
</arguments>
<assign>
<var>${uri}</var>
</assign>
<status status="NOT_RUN" starttime="20200102 09:48:28.231" endtime="20200102 09:48:28.231"></status>
</kw>
<kw name="Get Request" library="RequestsLibrary">
<doc>Send a GET request on the session object found using the
given `alias`</doc>
<arguments>
<arg>${XRS_WEB_SERVICE_SESSION_ALIAS}</arg>
<arg>${uri}</arg>
<arg>headers=${XRS_WEBSERVICES_JSON_HEADER}</arg>
</arguments>
<assign>
<var>${response}</var>
</assign>
<status status="NOT_RUN" starttime="20200102 09:48:28.231" endtime="20200102 09:48:28.232"></status>
</kw>
<kw name="Should Be Equal As Strings" library="BuiltIn">
<doc>Fails if objects are unequal after converting them to strings.</doc>
<arguments>
<arg>${response.status_code}</arg>
<arg>200</arg>
</arguments>
<status status="NOT_RUN" starttime="20200102 09:48:28.232" endtime="20200102 09:48:28.233"></status>
</kw>
<status status="PASS" starttime="20200102 09:48:28.229" endtime="20200102 09:48:28.233"></status>
</kw>
<kw name="Verify Get Trailers V2 Raw String URI With ? Returns 200 OK">
<doc>Verify that using the given character string in the raw URI string returns 200 OK</doc>
<kw name="Get Time" library="BuiltIn">
<doc>Returns the given time in the requested format.</doc>
<arguments>
<arg>year,month,day</arg>
</arguments>
<assign>
<var>${yyyy}</var>
<var>${mm}</var>
<var>${dd}</var>
</assign>
<status status="NOT_RUN" starttime="20200102 09:48:28.236" endtime="20200102 09:48:28.236"></status>
</kw>
<kw name="Create Dictionary" library="BuiltIn">
<doc>Creates and returns a dictionary based on the given ``items``.</doc>
<arguments>
<arg>OrganizationID=${XRS_GENERAL_INFORMATION.Company.Company_ID}</arg>
<arg>IsActive=True</arg>
<arg>AsOfDateTime=${mm}/${dd}/${yyyy}</arg>
</arguments>
<assign>
<var>&amp;{params}</var>
</assign>
<status status="NOT_RUN" starttime="20200102 09:48:28.236" endtime="20200102 09:48:28.237"></status>
</kw>
<kw name="Create URI String With" library="URIStringBuilderTool">
<doc>Helper Keyword to construct the request uri with different character strings
base_uri = webservice uri
request_type = request extentenstion for the webservice
character_string = final character of the uri. i.e. /, /?, etc ...</doc>
<arguments>
<arg>${XRS_Entity_Management_Base_URI.Trailer}</arg>
<arg>${XRS_WEBSERVICE_ENTITY_MANAGEMENT_POST_GET_PUT_TRAILERS_V2}</arg>
<arg>${character_string}</arg>
</arguments>
<assign>
<var>${uri_string}</var>
</assign>
<kw name="Set Variable" library="BuiltIn">
<doc>Returns the given values which can then be assigned to a variables.</doc>
<arguments>
<arg>${base_uri}${request_type}${character_string}</arg>
</arguments>
<assign>
<var>${uri}</var>
</assign>
<status status="NOT_RUN" starttime="20200102 09:48:28.238" endtime="20200102 09:48:28.238"></status>
</kw>
<status status="PASS" starttime="20200102 09:48:28.237" endtime="20200102 09:48:28.238"></status>
</kw>
<kw name="Set Variable" library="BuiltIn">
<doc>Returns the given values which can then be assigned to a variables.</doc>
<arguments>
<arg>${uri_string}OrganizationID=${params.OrganizationID}&amp;IsActive=${params.IsActive}&amp;AsOfDateTime=${params.AsOfDateTime}</arg>
</arguments>
<assign>
<var>${uri}</var>
</assign>
<status status="NOT_RUN" starttime="20200102 09:48:28.239" endtime="20200102 09:48:28.239"></status>
</kw>
<kw name="Get Request" library="RequestsLibrary">
<doc>Send a GET request on the session object found using the
given `alias`</doc>
<arguments>
<arg>${XRS_WEB_SERVICE_SESSION_ALIAS}</arg>
<arg>${uri}</arg>
<arg>headers=${XRS_WEBSERVICES_JSON_HEADER}</arg>
</arguments>
<assign>
<var>${response}</var>
</assign>
<status status="NOT_RUN" starttime="20200102 09:48:28.240" endtime="20200102 09:48:28.240"></status>
</kw>
<kw name="Should Be Equal As Strings" library="BuiltIn">
<doc>Fails if objects are unequal after converting them to strings.</doc>
<arguments>
<arg>${response.status_code}</arg>
<arg>200</arg>
</arguments>
<status status="NOT_RUN" starttime="20200102 09:48:28.240" endtime="20200102 09:48:28.241"></status>
</kw>
<status status="PASS" starttime="20200102 09:48:28.235" endtime="20200102 09:48:28.241"></status>
</kw>
<doc>Get trailers with basic parameters using a raw URI string</doc>
<tags>
<tag>awsxrsrestwebservicevalidation</tag>
<tag>awsxrstrailerrestwebservicevalidation</tag>
</tags>
<status status="PASS" starttime="20200102 09:48:28.228" endtime="20200102 09:48:28.241" critical="yes"></status>
</test>
<test id="s1-s1-s6-t16" name="Validate AWS XRS Delete Trailer V2 REST Web Services Returns 200 OK">
<kw name="Delete Trailer By ID" library="Trailer">
<doc>Delete a single trailer record in Omnitracs XRS by specifying the TrailerSID.</doc>
<arguments>
<arg>${XRS_WEB_SERVICES_TEST_TRAILER_V2.TrailerIdentity}</arg>
</arguments>
<assign>
<var>${response}</var>
</assign>
<kw name="Set Variable" library="BuiltIn">
<doc>Returns the given values which can then be assigned to a variables.</doc>
<arguments>
<arg>${XRS_Entity_Management_Base_URI.Trailer}${XRS_WEBSERVICE_ENTITY_MANAGEMENT_GET_DELETE_TRAILER}/${trailer_id}</arg>
</arguments>
<assign>
<var>${uri}</var>
</assign>
<status status="NOT_RUN" starttime="20200102 09:48:28.244" endtime="20200102 09:48:28.246"></status>
</kw>
<kw name="Delete Request" library="RequestsLibrary">
<doc>Send a DELETE request on the session object found using the
given `alias`</doc>
<arguments>
<arg>${XRS_WEB_SERVICE_SESSION_ALIAS}</arg>
<arg>${uri}</arg>
<arg>headers=${XRS_WEBSERVICES_JSON_HEADER}</arg>
</arguments>
<assign>
<var>${response}</var>
</assign>
<status status="NOT_RUN" starttime="20200102 09:48:28.246" endtime="20200102 09:48:28.246"></status>
</kw>
<status status="PASS" starttime="20200102 09:48:28.244" endtime="20200102 09:48:28.246"></status>
</kw>
<kw name="Should Be Equal As Strings" library="BuiltIn">
<doc>Fails if objects are unequal after converting them to strings.</doc>
<arguments>
<arg>${response.status_code}</arg>
<arg>200</arg>
</arguments>
<status status="NOT_RUN" starttime="20200102 09:48:28.247" endtime="20200102 09:48:28.247"></status>
</kw>
<doc>Verifies that created trailer is deleted</doc>
<tags>
<tag>awsxrsrestwebservicevalidation</tag>
<tag>awsxrstrailerrestwebservicevalidation</tag>
</tags>
<status status="PASS" starttime="20200102 09:48:28.243" endtime="20200102 09:48:28.247" critical="yes"></status>
</test>
<test id="s1-s1-s6-t17" name="Validate AWS XRS Get Trailers V2 REST Web Services For All Trailers Returns 200 OK">
<kw name="Get All Trailers V2" library="Trailer">
<doc>Get attributes for all trailers v2.</doc>
<assign>
<var>${response}</var>
</assign>
<kw name="Set Variable" library="BuiltIn">
<doc>Returns the given values which can then be assigned to a variables.</doc>
<arguments>
<arg>${XRS_Entity_Management_Base_URI.Trailer}${XRS_WEBSERVICE_ENTITY_MANAGEMENT_POST_GET_PUT_TRAILERS_V2}</arg>
</arguments>
<assign>
<var>${uri}</var>
</assign>
<status status="NOT_RUN" starttime="20200102 09:48:28.254" endtime="20200102 09:48:28.254"></status>
</kw>
<kw name="Get Request" library="RequestsLibrary">
<doc>Send a GET request on the session object found using the
given `alias`</doc>
<arguments>
<arg>${XRS_WEB_SERVICE_SESSION_ALIAS}</arg>
<arg>${uri}</arg>
<arg>headers=${XRS_WEBSERVICES_JSON_HEADER}</arg>
</arguments>
<assign>
<var>${response}</var>
</assign>
<status status="NOT_RUN" starttime="20200102 09:48:28.255" endtime="20200102 09:48:28.255"></status>
</kw>
<status status="PASS" starttime="20200102 09:48:28.251" endtime="20200102 09:48:28.255"></status>
</kw>
<kw name="Should Be Equal As Strings" library="BuiltIn">
<doc>Fails if objects are unequal after converting them to strings.</doc>
<arguments>
<arg>${response.status_code}</arg>
<arg>200</arg>
</arguments>
<status status="NOT_RUN" starttime="20200102 09:48:28.255" endtime="20200102 09:48:28.256"></status>
</kw>
<doc>Gets all the trailers</doc>
<tags>
<tag>awsxrsrestwebservicevalidation</tag>
<tag>awsxrstrailerrestwebservicevalidation</tag>
<tag>xrsawsperftest</tag>
</tags>
<status status="PASS" starttime="20200102 09:48:28.250" endtime="20200102 09:48:28.256" critical="yes"></status>
</test>
<kw name="Delete All Sessions" library="RequestsLibrary" type="teardown">
<doc>Removes all the session objects</doc>
<status status="NOT_RUN" starttime="20200102 09:48:28.259" endtime="20200102 09:48:28.259"></status>
</kw>
<doc>Fundamental suite to test XRS AWS Trailer Entity Management Web Services</doc>
<status status="PASS" starttime="20200102 09:48:27.987" endtime="20200102 09:48:28.259"></status>
</suite>
<status status="PASS" starttime="20200102 09:48:26.760" endtime="20200102 09:48:28.263"></status>
</suite>
<status status="PASS" starttime="20200102 09:48:26.734" endtime="20200102 09:48:28.282"></status>
</suite>
<statistics>
<total>
<stat pass="59" fail="0">Critical Tests</stat>
<stat pass="59" fail="0">All Tests</stat>
</total>
<tag>
<stat pass="8" fail="0">awsxrsdevicerestwebservicevalidation</stat>
<stat pass="9" fail="0">awsxrsdriverrestwebservicevalidation</stat>
<stat pass="12" fail="0">awsxrsorganizationrestwebservicevalidation</stat>
<stat pass="4" fail="0">awsxrsresourcegrouprestwebservicevalidation</stat>
<stat pass="59" fail="0">awsxrsrestwebservicevalidation</stat>
<stat pass="9" fail="0">awsxrssiterestwebservicevalidation</stat>
<stat pass="17" fail="0">awsxrstrailerrestwebservicevalidation</stat>
<stat pass="7" fail="0">xrsawsperftest</stat>
</tag>
<suite>
<stat pass="59" fail="0" id="s1" name="Tests">Tests</stat>
<stat pass="59" fail="0" id="s1-s1" name="AWS XRS WebServicesTests">Tests.AWS XRS WebServicesTests</stat>
<stat pass="8" fail="0" id="s1-s1-s1" name="ValidateAWSXRSDeviceWebServices">Tests.AWS XRS WebServicesTests.ValidateAWSXRSDeviceWebServices</stat>
<stat pass="9" fail="0" id="s1-s1-s2" name="Validate AWSXRSDriverWebServices">Tests.AWS XRS WebServicesTests.Validate AWSXRSDriverWebServices</stat>
<stat pass="12" fail="0" id="s1-s1-s3" name="ValidateAWSXRSOrganizationWebService">Tests.AWS XRS WebServicesTests.ValidateAWSXRSOrganizationWebService</stat>
<stat pass="4" fail="0" id="s1-s1-s4" name="ValidateAWSXRSResourceGroupWebService">Tests.AWS XRS WebServicesTests.ValidateAWSXRSResourceGroupWebService</stat>
<stat pass="9" fail="0" id="s1-s1-s5" name="ValidateAWSXRSSiteWebService">Tests.AWS XRS WebServicesTests.ValidateAWSXRSSiteWebService</stat>
<stat pass="17" fail="0" id="s1-s1-s6" name="ValidateAWSXRSTrailerWebService">Tests.AWS XRS WebServicesTests.ValidateAWSXRSTrailerWebService</stat>
</suite>
</statistics>
<errors>
</errors>
</robot>
