<?xml version="1.0" encoding="UTF-8"?>
<robot generator="Robot 3.1.2 (Python 3.8.0 on win32)" generated="20200102 15:22:22.452" rpa="false">
<suite id="s1" name="Tests" source="C:\Users\kstine\git\aws-api-gateway-tests\Tests">
<suite id="s1-s1" name="AWS XRS WebServicesTests" source="C:\Users\kstine\git\aws-api-gateway-tests\Tests\AWS_XRS_WebServicesTests">
<suite id="s1-s1-s1" name="ValidateAWSXRSUserWebService" source="C:\Users\kstine\git\aws-api-gateway-tests\Tests\AWS_XRS_WebServicesTests\07__ValidateAWSXRSUserWebService.robot">
<kw name="Run Keywords" library="BuiltIn" type="setup">
<doc>Executes all the given keywords in a sequence.</doc>
<arguments>
<arg>Create AWS XRS Web Services Session</arg>
<arg>AND</arg>
<arg>Test Data Setup For XRS AWS User Web Service Test Suite</arg>
</arguments>
<msg timestamp="20200102 15:22:22.702" level="TRACE">Arguments: [ 'Create AWS XRS Web Services Session' | 'AND' | 'Test Data Setup For XRS AWS User Web Service Test Suite' ]</msg>
<kw name="Create AWS XRS Web Services Session" library="XRSCommonWebService">
<doc>Create a session with aws xrs web services</doc>
<msg timestamp="20200102 15:22:22.702" level="TRACE">Arguments: [  ]</msg>
<kw name="Create Session" library="RequestsLibrary">
<doc>Create Session: create a HTTP session to a server</doc>
<arguments>
<arg>${XRS_WEB_SERVICE_SESSION_ALIAS}</arg>
<arg>${XRS_AWS_WEBSERVICES_URL}[${XRS_HOST_ENVIRONMENT}]</arg>
<arg>verify=True</arg>
<arg>auth=${XRS_WEBSERVICES_AUTHORIZATION}</arg>
</arguments>
<msg timestamp="20200102 15:22:22.703" level="TRACE">Arguments: [ 'xrs_web_service_session' | 'https://d3ws.xataxrs.com' | verify=True | auth=['GnomeShippingD3|admin', 'xrs123'] ]</msg>
<msg timestamp="20200102 15:22:22.703" level="INFO">Creating Session using : alias=xrs_web_service_session, url=https://d3ws.xataxrs.com, headers={},                     cookies={}, auth=&lt;requests.auth.HTTPBasicAuth object at 0x000001E6AD165D90&gt;, timeout=None, proxies=None, verify=True,                     debug=0 </msg>
<msg timestamp="20200102 15:22:22.703" level="DEBUG">Creating session: xrs_web_service_session</msg>
<msg timestamp="20200102 15:22:22.703" level="DEBUG">Argument types are:
&lt;class 'bool'&gt;</msg>
<msg timestamp="20200102 15:22:22.703" level="TRACE">Return: &lt;requests.sessions.Session object at 0x000001E6AD165580&gt;</msg>
<status status="PASS" starttime="20200102 15:22:22.702" endtime="20200102 15:22:22.703"></status>
</kw>
<msg timestamp="20200102 15:22:22.703" level="TRACE">Return: None</msg>
<status status="PASS" starttime="20200102 15:22:22.702" endtime="20200102 15:22:22.703"></status>
</kw>
<kw name="Test Data Setup For XRS AWS User Web Service Test Suite">
<doc>Keyword for setting up suite variables for AWS User Web Service Tests.</doc>
<msg timestamp="20200102 15:22:22.704" level="TRACE">Arguments: [  ]</msg>
<kw name="Create Dictionary" library="BuiltIn">
<doc>Creates and returns a dictionary based on the given ``items``.</doc>
<arguments>
<arg>AccountLocked=${XRS_WEB_SERVICES_TEST_USER.AccountLocked}</arg>
<arg>DashboardName=${XRS_WEB_SERVICES_TEST_USER.DashboardName}</arg>
<arg>Email=${XRS_WEB_SERVICES_TEST_USER.Email}</arg>
<arg>EncryptedPassword=${XRS_WEB_SERVICES_TEST_USER.EncryptedPassword}</arg>
<arg>FirstName=${XRS_WEB_SERVICES_TEST_USER.FirstName}</arg>
<arg>Language=${XRS_WEB_SERVICES_TEST_USER.Language}</arg>
<arg>LastName=${XRS_WEB_SERVICES_TEST_USER.LastName}</arg>
<arg>MiddleName=${XRS_WEB_SERVICES_TEST_USER.MiddleName}</arg>
<arg>OrganizationID=${XRS_GENERAL_INFORMATION.Company.Company_ID}</arg>
<arg>PasswordNeverExpires=${XRS_WEB_SERVICES_TEST_USER.PasswordNeverExpires}</arg>
<arg>Status=${XRS_WEB_SERVICES_TEST_USER.Status}</arg>
<arg>UserName=${XRS_WEB_SERVICES_TEST_USER.UserName}</arg>
<arg>UserRole=${XRS_WEB_SERVICES_TEST_USER.UserRole}</arg>
</arguments>
<assign>
<var>&amp;{XRS_AWS_WEBSERVICE_POST_TEST_USER_1_DICT}</var>
</assign>
<msg timestamp="20200102 15:22:22.704" level="TRACE">Arguments: [ 'AccountLocked=${XRS_WEB_SERVICES_TEST_USER.AccountLocked}' | 'DashboardName=${XRS_WEB_SERVICES_TEST_USER.DashboardName}' | 'Email=${XRS_WEB_SERVICES_TEST_USER.Email}' | 'EncryptedPassword=${XRS_WEB_SERVICES_TEST_USER.EncryptedPassword}' | 'FirstName=${XRS_WEB_SERVICES_TEST_USER.FirstName}' | 'Language=${XRS_WEB_SERVICES_TEST_USER.Language}' | 'LastName=${XRS_WEB_SERVICES_TEST_USER.LastName}' | 'MiddleName=${XRS_WEB_SERVICES_TEST_USER.MiddleName}' | 'OrganizationID=${XRS_GENERAL_INFORMATION.Company.Company_ID}' | 'PasswordNeverExpires=${XRS_WEB_SERVICES_TEST_USER.PasswordNeverExpires}' | 'Status=${XRS_WEB_SERVICES_TEST_USER.Status}' | 'UserName=${XRS_WEB_SERVICES_TEST_USER.UserName}' | 'UserRole=${XRS_WEB_SERVICES_TEST_USER.UserRole}' ]</msg>
<msg timestamp="20200102 15:22:22.706" level="TRACE">Return: {'AccountLocked': False,
 'DashboardName': 'Fleet Performance Dashboard',
 'Email': 'xrsqatest+awsxrswstestuser@gmail.com',
 'EncryptedPassword': 'xrs123',
 'FirstName': 'AWSXRS',
 'Language': 'English',
 'LastName': 'Testuser1',
 'MiddleName': 'AWSXRSTest',
 'OrganizationID': 46663,
 'PasswordNeverExpires': False,
 'Status': 'Active',
 'UserName': 'awsxrstestuser1',
 'UserRole': 'Operations'}</msg>
<msg timestamp="20200102 15:22:22.706" level="INFO">&amp;{XRS_AWS_WEBSERVICE_POST_TEST_USER_1_DICT} = { AccountLocked=False | DashboardName=Fleet Performance Dashboard | Email=xrsqatest+awsxrswstestuser@gmail.com | EncryptedPassword=xrs123 | FirstName=AWSXRS | Language=English | LastName=Testuser1 | M...</msg>
<status status="PASS" starttime="20200102 15:22:22.704" endtime="20200102 15:22:22.707"></status>
</kw>
<kw name="Create List" library="BuiltIn">
<doc>Returns a list containing given items.</doc>
<arguments>
<arg>${XRS_AWS_WEBSERVICE_POST_TEST_USER_1_DICT}</arg>
</arguments>
<assign>
<var>@{XRS_AWS_WEBSERVICE_POST_TEST_USER_LIST}</var>
</assign>
<msg timestamp="20200102 15:22:22.707" level="TRACE">Arguments: [ {'AccountLocked': False,
 'DashboardName': 'Fleet Performance Dashboard',
 'Email': 'xrsqatest+awsxrswstestuser@gmail.com',
 'EncryptedPassword': 'xrs123',
 'FirstName': 'AWSXRS',
 'Language': 'English',
 'LastName': 'Testuser1',
 'MiddleName': 'AWSXRSTest',
 'OrganizationID': 46663,
 'PasswordNeverExpires': False,
 'Status': 'Active',
 'UserName': 'awsxrstestuser1',
 'UserRole': 'Operations'} ]</msg>
<msg timestamp="20200102 15:22:22.707" level="TRACE">Return: [{'AccountLocked': False,
  'DashboardName': 'Fleet Performance Dashboard',
  'Email': 'xrsqatest+awsxrswstestuser@gmail.com',
  'EncryptedPassword': 'xrs123',
  'FirstName': 'AWSXRS',
  'Language': 'English',
  'LastName': 'Testuser1',
  'MiddleName': 'AWSXRSTest',
  'OrganizationID': 46663,
  'PasswordNeverExpires': False,
  'Status': 'Active',
  'UserName': 'awsxrstestuser1',
  'UserRole': 'Operations'}]</msg>
<msg timestamp="20200102 15:22:22.707" level="INFO">@{XRS_AWS_WEBSERVICE_POST_TEST_USER_LIST} = [ {'AccountLocked': False, 'DashboardName': 'Fleet Performance Dashboard', 'Email': 'xrsqatest+awsxrswstestuser@gmail.com', 'EncryptedPassword': 'xrs123', 'FirstName': 'AWSXRS', 'Language': 'English',...</msg>
<status status="PASS" starttime="20200102 15:22:22.707" endtime="20200102 15:22:22.708"></status>
</kw>
<kw name="Set Suite Variable" library="BuiltIn">
<doc>Makes a variable available everywhere within the scope of the current suite.</doc>
<arguments>
<arg>@{XRS_AWS_WEBSERVICE_POST_TEST_USER_LIST}</arg>
</arguments>
<msg timestamp="20200102 15:22:22.708" level="TRACE">Arguments: [ '@{XRS_AWS_WEBSERVICE_POST_TEST_USER_LIST}' ]</msg>
<msg timestamp="20200102 15:22:22.708" level="INFO">@{XRS_AWS_WEBSERVICE_POST_TEST_USER_LIST} = [ {'AccountLocked': False, 'DashboardName': 'Fleet Performance Dashboard', 'Email': 'xrsqatest+awsxrswstestuser@gmail.com', 'EncryptedPassword': 'xrs123', 'FirstName': 'AWSXRS', 'Language': 'English',...</msg>
<msg timestamp="20200102 15:22:22.708" level="TRACE">Return: None</msg>
<status status="PASS" starttime="20200102 15:22:22.708" endtime="20200102 15:22:22.708"></status>
</kw>
<kw name="Create Dictionary" library="BuiltIn">
<doc>Creates and returns a dictionary based on the given ``items``.</doc>
<arguments>
<arg>AccountLocked=${XRS_WEB_SERVICES_TEST_USER.AccountLocked}</arg>
<arg>DashboardName=${XRS_WEB_SERVICES_TEST_USER.DashboardName}</arg>
<arg>Email=${XRS_WEB_SERVICES_TEST_USER.Email}</arg>
<arg>EncryptedPassword=${XRS_WEB_SERVICES_TEST_USER.EncryptedPassword}</arg>
<arg>FirstName=${XRS_WEB_SERVICES_TEST_USER.FirstName}</arg>
<arg>Language=${XRS_WEB_SERVICES_TEST_USER.Language}</arg>
<arg>LastName=${XRS_WEB_SERVICES_TEST_USER.LastName}</arg>
<arg>MiddleName=${XRS_WEB_SERVICES_TEST_USER.MiddleName}modified</arg>
<arg>OrganizationID=${XRS_GENERAL_INFORMATION.Company.Company_ID}</arg>
<arg>PasswordNeverExpires=${XRS_WEB_SERVICES_TEST_USER.PasswordNeverExpires}</arg>
<arg>Status=${XRS_WEB_SERVICES_TEST_USER.Status}</arg>
<arg>UserName=${XRS_WEB_SERVICES_TEST_USER.UserName}</arg>
<arg>UserRole=${XRS_WEB_SERVICES_TEST_USER.UserRole}</arg>
</arguments>
<assign>
<var>&amp;{XRS_AWS_WEBSERVICE_PUT_TEST_USER_1_DICT}</var>
</assign>
<msg timestamp="20200102 15:22:22.708" level="TRACE">Arguments: [ 'AccountLocked=${XRS_WEB_SERVICES_TEST_USER.AccountLocked}' | 'DashboardName=${XRS_WEB_SERVICES_TEST_USER.DashboardName}' | 'Email=${XRS_WEB_SERVICES_TEST_USER.Email}' | 'EncryptedPassword=${XRS_WEB_SERVICES_TEST_USER.EncryptedPassword}' | 'FirstName=${XRS_WEB_SERVICES_TEST_USER.FirstName}' | 'Language=${XRS_WEB_SERVICES_TEST_USER.Language}' | 'LastName=${XRS_WEB_SERVICES_TEST_USER.LastName}' | 'MiddleName=${XRS_WEB_SERVICES_TEST_USER.MiddleName}modified' | 'OrganizationID=${XRS_GENERAL_INFORMATION.Company.Company_ID}' | 'PasswordNeverExpires=${XRS_WEB_SERVICES_TEST_USER.PasswordNeverExpires}' | 'Status=${XRS_WEB_SERVICES_TEST_USER.Status}' | 'UserName=${XRS_WEB_SERVICES_TEST_USER.UserName}' | 'UserRole=${XRS_WEB_SERVICES_TEST_USER.UserRole}' ]</msg>
<msg timestamp="20200102 15:22:22.710" level="TRACE">Return: {'AccountLocked': False,
 'DashboardName': 'Fleet Performance Dashboard',
 'Email': 'xrsqatest+awsxrswstestuser@gmail.com',
 'EncryptedPassword': 'xrs123',
 'FirstName': 'AWSXRS',
 'Language': 'English',
 'LastName': 'Testuser1',
 'MiddleName': 'AWSXRSTestmodified',
 'OrganizationID': 46663,
 'PasswordNeverExpires': False,
 'Status': 'Active',
 'UserName': 'awsxrstestuser1',
 'UserRole': 'Operations'}</msg>
<msg timestamp="20200102 15:22:22.710" level="INFO">&amp;{XRS_AWS_WEBSERVICE_PUT_TEST_USER_1_DICT} = { AccountLocked=False | DashboardName=Fleet Performance Dashboard | Email=xrsqatest+awsxrswstestuser@gmail.com | EncryptedPassword=xrs123 | FirstName=AWSXRS | Language=English | LastName=Testuser1 | M...</msg>
<status status="PASS" starttime="20200102 15:22:22.708" endtime="20200102 15:22:22.710"></status>
</kw>
<kw name="Create List" library="BuiltIn">
<doc>Returns a list containing given items.</doc>
<arguments>
<arg>${XRS_AWS_WEBSERVICE_PUT_TEST_USER_1_DICT}</arg>
</arguments>
<assign>
<var>@{XRS_AWS_WEBSERVICE_PUT_TEST_USER_LIST}</var>
</assign>
<msg timestamp="20200102 15:22:22.711" level="TRACE">Arguments: [ {'AccountLocked': False,
 'DashboardName': 'Fleet Performance Dashboard',
 'Email': 'xrsqatest+awsxrswstestuser@gmail.com',
 'EncryptedPassword': 'xrs123',
 'FirstName': 'AWSXRS',
 'Language': 'English',
 'LastName': 'Testuser1',
 'MiddleName': 'AWSXRSTestmodified',
 'OrganizationID': 46663,
 'PasswordNeverExpires': False,
 'Status': 'Active',
 'UserName': 'awsxrstestuser1',
 'UserRole': 'Operations'} ]</msg>
<msg timestamp="20200102 15:22:22.711" level="TRACE">Return: [{'AccountLocked': False,
  'DashboardName': 'Fleet Performance Dashboard',
  'Email': 'xrsqatest+awsxrswstestuser@gmail.com',
  'EncryptedPassword': 'xrs123',
  'FirstName': 'AWSXRS',
  'Language': 'English',
  'LastName': 'Testuser1',
  'MiddleName': 'AWSXRSTestmodified',
  'OrganizationID': 46663,
  'PasswordNeverExpires': False,
  'Status': 'Active',
  'UserName': 'awsxrstestuser1',
  'UserRole': 'Operations'}]</msg>
<msg timestamp="20200102 15:22:22.711" level="INFO">@{XRS_AWS_WEBSERVICE_PUT_TEST_USER_LIST} = [ {'AccountLocked': False, 'DashboardName': 'Fleet Performance Dashboard', 'Email': 'xrsqatest+awsxrswstestuser@gmail.com', 'EncryptedPassword': 'xrs123', 'FirstName': 'AWSXRS', 'Language': 'English',...</msg>
<status status="PASS" starttime="20200102 15:22:22.710" endtime="20200102 15:22:22.711"></status>
</kw>
<kw name="Set Suite Variable" library="BuiltIn">
<doc>Makes a variable available everywhere within the scope of the current suite.</doc>
<arguments>
<arg>@{XRS_AWS_WEBSERVICE_PUT_TEST_USER_LIST}</arg>
</arguments>
<msg timestamp="20200102 15:22:22.711" level="TRACE">Arguments: [ '@{XRS_AWS_WEBSERVICE_PUT_TEST_USER_LIST}' ]</msg>
<msg timestamp="20200102 15:22:22.712" level="INFO">@{XRS_AWS_WEBSERVICE_PUT_TEST_USER_LIST} = [ {'AccountLocked': False, 'DashboardName': 'Fleet Performance Dashboard', 'Email': 'xrsqatest+awsxrswstestuser@gmail.com', 'EncryptedPassword': 'xrs123', 'FirstName': 'AWSXRS', 'Language': 'English',...</msg>
<msg timestamp="20200102 15:22:22.712" level="TRACE">Return: None</msg>
<status status="PASS" starttime="20200102 15:22:22.711" endtime="20200102 15:22:22.712"></status>
</kw>
<msg timestamp="20200102 15:22:22.712" level="TRACE">Return: None</msg>
<status status="PASS" starttime="20200102 15:22:22.703" endtime="20200102 15:22:22.712"></status>
</kw>
<msg timestamp="20200102 15:22:22.712" level="TRACE">Return: None</msg>
<status status="PASS" starttime="20200102 15:22:22.701" endtime="20200102 15:22:22.712"></status>
</kw>
<test id="s1-s1-s1-t1" name="Validate AWS XRS Get User REST Web Services Returns Geographic &quot;User does not exist.&quot; Error Message">
<kw name="Get User By ID" library="User">
<doc>Get attributes for a specific user by specifying a user id value.</doc>
<arguments>
<arg>${XRS_WEB_SERVICES_TEST_USER.UserName}</arg>
</arguments>
<assign>
<var>${response}</var>
</assign>
<msg timestamp="20200102 15:22:22.713" level="TRACE">Arguments: [ ${user_id}='awsxrstestuser1' ]</msg>
<kw name="Set Variable" library="BuiltIn">
<doc>Returns the given values which can then be assigned to a variables.</doc>
<arguments>
<arg>${XRS_Entity_Management_Base_URI.User}${XRS_WEBSERVICE_ENTITY_MANAGEMENT_POST_GET_PUT_DELETE_USERS}/${user_id}</arg>
</arguments>
<assign>
<var>${uri}</var>
</assign>
<msg timestamp="20200102 15:22:22.713" level="TRACE">Arguments: [ 'UserWebService.svc/users/awsxrstestuser1' ]</msg>
<msg timestamp="20200102 15:22:22.713" level="TRACE">Return: 'UserWebService.svc/users/awsxrstestuser1'</msg>
<msg timestamp="20200102 15:22:22.713" level="INFO">${uri} = UserWebService.svc/users/awsxrstestuser1</msg>
<status status="PASS" starttime="20200102 15:22:22.713" endtime="20200102 15:22:22.713"></status>
</kw>
<kw name="Get Request" library="RequestsLibrary">
<doc>Send a GET request on the session object found using the
given `alias`</doc>
<arguments>
<arg>${XRS_WEB_SERVICE_SESSION_ALIAS}</arg>
<arg>${uri}</arg>
<arg>headers=${XRS_WEBSERVICES_JSON_HEADER}</arg>
</arguments>
<assign>
<var>${response}</var>
</assign>
<msg timestamp="20200102 15:22:22.714" level="TRACE">Arguments: [ 'xrs_web_service_session' | 'UserWebService.svc/users/awsxrstestuser1' | headers={'Accept': 'application/json',
 'Accept-Encoding': 'gzip, deflate',
 'Content-Type': 'application/json'} ]</msg>
<msg timestamp="20200102 15:22:22.714" level="INFO">GET Request using : uri=UserWebService.svc/users/awsxrstestuser1, params=None, allow_redirects=True, timeout=None
headers={'User-Agent': 'python-requests/2.22.0', 'Accept-Encoding': 'gzip, deflate', 'Accept': 'application/json', 'Connection': 'keep-alive', 'Content-Type': 'application/json'} 
data=None 
json=None</msg>
<msg timestamp="20200102 15:22:22.715" level="DEBUG">Starting new HTTPS connection (1): d3ws.xataxrs.com:443</msg>
<msg timestamp="20200102 15:22:28.401" level="DEBUG">https://d3ws.xataxrs.com:443 "GET /UserWebService.svc/users/awsxrstestuser1 HTTP/1.1" 400 105</msg>
<msg timestamp="20200102 15:22:28.402" level="DEBUG">GET Response : status=400, reason=Bad Request
{"ErrorMessage":"User 'awsxrstestuser1' does not exist.","EventCode":3459890559756271616,"Parameters":[]}</msg>
<msg timestamp="20200102 15:22:28.403" level="TRACE">Return: &lt;Response [400]&gt;</msg>
<msg timestamp="20200102 15:22:28.403" level="INFO">${response} = &lt;Response [400]&gt;</msg>
<status status="PASS" starttime="20200102 15:22:22.714" endtime="20200102 15:22:28.403"></status>
</kw>
<msg timestamp="20200102 15:22:28.403" level="TRACE">Return: &lt;Response [400]&gt;</msg>
<msg timestamp="20200102 15:22:28.403" level="INFO">${response} = &lt;Response [400]&gt;</msg>
<status status="PASS" starttime="20200102 15:22:22.713" endtime="20200102 15:22:28.404"></status>
</kw>
<kw name="To Json" library="RequestsLibrary">
<doc>Convert a string to a JSON object</doc>
<arguments>
<arg>${response.content}</arg>
</arguments>
<assign>
<var>${json_response}</var>
</assign>
<msg timestamp="20200102 15:22:28.406" level="TRACE">Arguments: [ b'{"ErrorMessage":"User \'awsxrstestuser1\' does not exist.","EventCode":3459890559756271616,"Parameters":[]}' ]</msg>
<msg timestamp="20200102 15:22:28.406" level="INFO">To JSON using : content={"ErrorMessage":"User 'awsxrstestuser1' does not exist.","EventCode":3459890559756271616,"Parameters":[]} </msg>
<msg timestamp="20200102 15:22:28.406" level="INFO">To JSON using : pretty_print=False </msg>
<msg timestamp="20200102 15:22:28.406" level="TRACE">Return: {'ErrorMessage': "User 'awsxrstestuser1' does not exist.",
 'EventCode': 3459890559756271616,
 'Parameters': []}</msg>
<msg timestamp="20200102 15:22:28.406" level="INFO">${json_response} = {'ErrorMessage': "User 'awsxrstestuser1' does not exist.", 'EventCode': 3459890559756271616, 'Parameters': []}</msg>
<status status="PASS" starttime="20200102 15:22:28.405" endtime="20200102 15:22:28.406"></status>
</kw>
<kw name="Should Be Equal As Strings" library="BuiltIn">
<doc>Fails if objects are unequal after converting them to strings.</doc>
<arguments>
<arg>${json_response}[ErrorMessage]</arg>
<arg>User '${XRS_WEB_SERVICES_TEST_USER.UserName}' does not exist.</arg>
</arguments>
<msg timestamp="20200102 15:22:28.408" level="TRACE">Arguments: [ "User 'awsxrstestuser1' does not exist." | "User 'awsxrstestuser1' does not exist." ]</msg>
<msg timestamp="20200102 15:22:28.408" level="DEBUG">Argument types are:
&lt;type 'unicode'&gt;
&lt;type 'unicode'&gt;</msg>
<msg timestamp="20200102 15:22:28.408" level="TRACE">Return: None</msg>
<status status="PASS" starttime="20200102 15:22:28.407" endtime="20200102 15:22:28.408"></status>
</kw>
<doc>Verifies that a User with a specific number does not exist</doc>
<tags>
<tag>awsxrsrestwebservicevalidation</tag>
<tag>awsxrsuserrestwebservicevalidation</tag>
</tags>
<status status="PASS" starttime="20200102 15:22:22.712" endtime="20200102 15:22:28.409" critical="yes"></status>
</test>
<test id="s1-s1-s1-t2" name="Validate AWS XRS Post User REST Web Services Returns Code 201">
<kw name="Post Users" library="User">
<doc>Calls the Post Method for Users.
Accepts a list of json objects
Json field definitions:
AccountLocked
Indicates if this user account is currently locked or unlocked.
AlertSubscriptionIDs
The list of Alerts to which this user is to be subscribed.
Changing this value is not allowed in the Put method call until a future release – it must be changed manually on the host website.
AlertSubscriptionsChanged
A read-only field indicating if the Alert Subscription field has changed since the AsOfDateTime query parameter value.
AllowedSingleSignOn
Indicates if single sign on is enable for this user.
BelongsToResourceGroups
Indicates the set of ResourceGroupIDs to which the user should belong.
NOTE: If a resource group is not provided in a Post call,
the new User is to be placed in the default resource group for the organization to which the new User is being added.
Changing this value is not allowed in the Put method call until a future release – it must be changed manuall on the host website.
BelongsToResourceGroupsChanged
A read-only field indicating if the BelongsToResourceGroup field has changed since the AsOfDateTime query parameter value.
CompanyName
The user defined name of the company.
CreateDate
A read-only field indicating the date and time the user object was created.
DashboardName
Inidicates which dashboard display will be presented to the user on the Omnitracs XRS dashboard when a user logs in.
Email
The email address for the user.
EmailIncomingDriverMessages
Indicates if messages from driver destined for this user will be emailed to the users email address.
EmailPassword
Indicates if the password provided in the Password field will be emailed to the user upon creation of the user.
EmailRejectedCount
A read-only field indicating the count of the number of unsuccessful attempts to email the password
to the user at the specified email address in the Email field.
EmailVerificationExpirationDate
A read-only field indicating
EmailVerificationKey
Is this needed to decrypt provided password when calling Get method?
EmailVerified
Indicates the email address has been verified by Omnitracs XRS.
EncryptedPassword
This field does not need to be encrypted by the caller in a post or put.
The Omnitracs XRS system encrypts it for the user as a part of the post/put method execution.
This field IS is encrypted in the returns from the Get method.
FirstName
The first name of the user.
Language
The language used to present information to the user in the Omnitracs XRS.
LastLogin
The date and time of the last time this user logged in to Omnitracs XRS.
LastName
The last name of the user.
MiddleName
The middle name of the user.
ModifiedBy
A read-only field indicating the user ID of the last person to modify the user record.
ModifiedDate
A read-only field indicating the date the user record was last modified.
OrganizationID
The user-defined ID of the organization in which the user is located.
OrganizationName
The user defined name of the organization in which the user is located.
PasswordNeverExpires
Indicates if the password can expire.
ScheduleReportSubscriptions
A comman separated list of Schedule Report IDs to which the user is subscribed.
Changing this value is not allowed in the Put method call until a future release – it must be changed manually on the Omnitracs XRS website.
ScheduledReportSubscriptionsChanged
A read-only field indicating if the ScheduledReportSubscriptions field has changed since the AsOfDateTime query parameter value.
SendAlertsToEmail
Indicates if alerts to which the user has subscribed will be sent to that users email address.
SendAlertsToMessageInbox
Indicates if alerts to which the user has subscribed will be sent to that users message inbox.
Status
Identifies if a user is active or inactive in Omnitracs XRS. The value of this field must be Active or Inactive.
UserDefinedField1
User-defined field #1
UserDefinedField2
User-defined field #2
UserDefinedField3
User-defined field #3
UserDefinedField4
User-defined field #4
UserDefinedField5
User-defined field #5
UserName
The name the user will use to log into Omnitracs XRS.
UserRole
The role to which the user has been assigned.</doc>
<arguments>
<arg>@{XRS_AWS_WEBSERVICE_POST_TEST_USER_LIST}</arg>
</arguments>
<assign>
<var>${response}</var>
</assign>
<msg timestamp="20200102 15:22:28.414" level="TRACE">Arguments: [ @{list_data}=[{'AccountLocked': False,
  'DashboardName': 'Fleet Performance Dashboard',
  'Email': 'xrsqatest+awsxrswstestuser@gmail.com',
  'EncryptedPassword': 'xrs123',
  'FirstName': 'AWSXRS',
  'Language': 'English',
  'LastName': 'Testuser1',
  'MiddleName': 'AWSXRSTest',
  'OrganizationID': 46663,
  'PasswordNeverExpires': False,
  'Status': 'Active',
  'UserName': 'awsxrstestuser1',
  'UserRole': 'Operations'}] ]</msg>
<kw name="Set Variable" library="BuiltIn">
<doc>Returns the given values which can then be assigned to a variables.</doc>
<arguments>
<arg>${XRS_Entity_Management_Base_URI.User}${XRS_WEBSERVICE_ENTITY_MANAGEMENT_POST_GET_PUT_DELETE_USERS}</arg>
</arguments>
<assign>
<var>${uri}</var>
</assign>
<msg timestamp="20200102 15:22:28.415" level="TRACE">Arguments: [ 'UserWebService.svc/users' ]</msg>
<msg timestamp="20200102 15:22:28.415" level="TRACE">Return: 'UserWebService.svc/users'</msg>
<msg timestamp="20200102 15:22:28.416" level="INFO">${uri} = UserWebService.svc/users</msg>
<status status="PASS" starttime="20200102 15:22:28.415" endtime="20200102 15:22:28.416"></status>
</kw>
<kw name="Post Request" library="RequestsLibrary">
<doc>Send a POST request on the session object found using the
given `alias`</doc>
<arguments>
<arg>${XRS_WEB_SERVICE_SESSION_ALIAS}</arg>
<arg>${uri}</arg>
<arg>json=${list_data}</arg>
<arg>headers=${XRS_WEBSERVICES_JSON_HEADER}</arg>
</arguments>
<assign>
<var>${response}</var>
</assign>
<msg timestamp="20200102 15:22:28.416" level="TRACE">Arguments: [ 'xrs_web_service_session' | 'UserWebService.svc/users' | json=[{'AccountLocked': False,
  'DashboardName': 'Fleet Performance Dashboard',
  'Email': 'xrsqatest+awsxrswstestuser@gmail.com',
  'EncryptedPassword': 'xrs123',
  'FirstName': 'AWSXRS',
  'Language': 'English',
  'LastName': 'Testuser1',
  'MiddleName': 'AWSXRSTest',
  'OrganizationID': 46663,
  'PasswordNeverExpires': False,
  'Status': 'Active',
  'UserName': 'awsxrstestuser1',
  'UserRole': 'Operations'}] | headers={'Accept': 'application/json',
 'Accept-Encoding': 'gzip, deflate',
 'Content-Type': 'application/json'} ]</msg>
<msg timestamp="20200102 15:22:28.417" level="INFO">POST Request using : uri=UserWebService.svc/users, params=None, files=None, allow_redirects=True, timeout=None
headers={'User-Agent': 'python-requests/2.22.0', 'Accept-Encoding': 'gzip, deflate', 'Accept': 'application/json', 'Connection': 'keep-alive', 'Content-Type': 'application/json'} 
data=None 
json=[{'AccountLocked': False, 'DashboardName': 'Fleet Performance Dashboard', 'Email': 'xrsqatest+awsxrswstestuser@gmail.com', 'EncryptedPassword': 'xrs123', 'FirstName': 'AWSXRS', 'Language': 'English', 'LastName': 'Testuser1', 'MiddleName': 'AWSXRSTest', 'OrganizationID': 46663, 'PasswordNeverExpires': False, 'Status': 'Active', 'UserName': 'awsxrstestuser1', 'UserRole': 'Operations'}]</msg>
<msg timestamp="20200102 15:22:40.166" level="DEBUG">https://d3ws.xataxrs.com:443 "POST /UserWebService.svc/users HTTP/1.1" 200 168</msg>
<msg timestamp="20200102 15:22:40.168" level="DEBUG">POST Response : status=200, reason=OK
[{"Caption":"Created","Code":"201","Description":"User Added Successfully.","Id":"awsxrstestuser1","ObjectName":"CustomerUser","SID":5740,"Title":"CustomerUserAdded."}]</msg>
<msg timestamp="20200102 15:22:40.168" level="TRACE">Return: &lt;Response [200]&gt;</msg>
<msg timestamp="20200102 15:22:40.168" level="INFO">${response} = &lt;Response [200]&gt;</msg>
<status status="PASS" starttime="20200102 15:22:28.416" endtime="20200102 15:22:40.169"></status>
</kw>
<msg timestamp="20200102 15:22:40.169" level="TRACE">Return: &lt;Response [200]&gt;</msg>
<msg timestamp="20200102 15:22:40.170" level="INFO">${response} = &lt;Response [200]&gt;</msg>
<status status="PASS" starttime="20200102 15:22:28.414" endtime="20200102 15:22:40.170"></status>
</kw>
<kw name="To Json" library="RequestsLibrary">
<doc>Convert a string to a JSON object</doc>
<arguments>
<arg>${response.content}</arg>
</arguments>
<assign>
<var>${json_response}</var>
</assign>
<msg timestamp="20200102 15:22:40.174" level="TRACE">Arguments: [ b'[{"Caption":"Created","Code":"201","Description":"User Added Successfully.","Id":"awsxrstestuser1","ObjectName":"CustomerUser","SID":5740,"Title":"CustomerUserAdded."}]' ]</msg>
<msg timestamp="20200102 15:22:40.174" level="INFO">To JSON using : content=[{"Caption":"Created","Code":"201","Description":"User Added Successfully.","Id":"awsxrstestuser1","ObjectName":"CustomerUser","SID":5740,"Title":"CustomerUserAdded."}] </msg>
<msg timestamp="20200102 15:22:40.175" level="INFO">To JSON using : pretty_print=False </msg>
<msg timestamp="20200102 15:22:40.175" level="TRACE">Return: [{'Caption': 'Created',
  'Code': '201',
  'Description': 'User Added Successfully.',
  'Id': 'awsxrstestuser1',
  'ObjectName': 'CustomerUser',
  'SID': 5740,
  'Title': 'CustomerUserAdded.'}]</msg>
<msg timestamp="20200102 15:22:40.177" level="INFO">${json_response} = [{'Caption': 'Created', 'Code': '201', 'Description': 'User Added Successfully.', 'Id': 'awsxrstestuser1', 'ObjectName': 'CustomerUser', 'SID': 5740, 'Title': 'CustomerUserAdded.'}]</msg>
<status status="PASS" starttime="20200102 15:22:40.172" endtime="20200102 15:22:40.177"></status>
</kw>
<kw name="${r} IN [ @{json_response} ]" type="for">
<kw name="${r} = {'Caption': 'Created', 'Code': '201', 'Description': 'User Added Successfully.', 'Id': 'awsxrstestuser1', 'ObjectName': 'CustomerUser', 'SID': 5740, 'Title': 'CustomerUserAdded.'}" type="foritem">
<kw name="Should Be Equal As Strings" library="BuiltIn">
<doc>Fails if objects are unequal after converting them to strings.</doc>
<arguments>
<arg>${r}[Code]</arg>
<arg>201</arg>
</arguments>
<msg timestamp="20200102 15:22:40.181" level="TRACE">Arguments: [ '201' | '201' ]</msg>
<msg timestamp="20200102 15:22:40.181" level="DEBUG">Argument types are:
&lt;type 'unicode'&gt;
&lt;type 'unicode'&gt;</msg>
<msg timestamp="20200102 15:22:40.182" level="TRACE">Return: None</msg>
<status status="PASS" starttime="20200102 15:22:40.181" endtime="20200102 15:22:40.182"></status>
</kw>
<status status="PASS" starttime="20200102 15:22:40.180" endtime="20200102 15:22:40.182"></status>
</kw>
<status status="PASS" starttime="20200102 15:22:40.179" endtime="20200102 15:22:40.182"></status>
</kw>
<doc>Posts a User and expects a Code value of 201</doc>
<tags>
<tag>awsxrsrestwebservicevalidation</tag>
<tag>awsxrsuserrestwebservicevalidation</tag>
</tags>
<status status="PASS" starttime="20200102 15:22:28.412" endtime="20200102 15:22:40.183" critical="yes"></status>
</test>
<test id="s1-s1-s1-t3" name="Validate AWS XRS Get User REST Web Services Returns 200 OK">
<kw name="Get User By ID" library="User">
<doc>Get attributes for a specific user by specifying a user id value.</doc>
<arguments>
<arg>${XRS_WEB_SERVICES_TEST_USER.UserName}</arg>
</arguments>
<assign>
<var>${response}</var>
</assign>
<msg timestamp="20200102 15:22:40.191" level="TRACE">Arguments: [ ${user_id}='awsxrstestuser1' ]</msg>
<kw name="Set Variable" library="BuiltIn">
<doc>Returns the given values which can then be assigned to a variables.</doc>
<arguments>
<arg>${XRS_Entity_Management_Base_URI.User}${XRS_WEBSERVICE_ENTITY_MANAGEMENT_POST_GET_PUT_DELETE_USERS}/${user_id}</arg>
</arguments>
<assign>
<var>${uri}</var>
</assign>
<msg timestamp="20200102 15:22:40.192" level="TRACE">Arguments: [ 'UserWebService.svc/users/awsxrstestuser1' ]</msg>
<msg timestamp="20200102 15:22:40.192" level="TRACE">Return: 'UserWebService.svc/users/awsxrstestuser1'</msg>
<msg timestamp="20200102 15:22:40.192" level="INFO">${uri} = UserWebService.svc/users/awsxrstestuser1</msg>
<status status="PASS" starttime="20200102 15:22:40.191" endtime="20200102 15:22:40.192"></status>
</kw>
<kw name="Get Request" library="RequestsLibrary">
<doc>Send a GET request on the session object found using the
given `alias`</doc>
<arguments>
<arg>${XRS_WEB_SERVICE_SESSION_ALIAS}</arg>
<arg>${uri}</arg>
<arg>headers=${XRS_WEBSERVICES_JSON_HEADER}</arg>
</arguments>
<assign>
<var>${response}</var>
</assign>
<msg timestamp="20200102 15:22:40.193" level="TRACE">Arguments: [ 'xrs_web_service_session' | 'UserWebService.svc/users/awsxrstestuser1' | headers={'Accept': 'application/json',
 'Accept-Encoding': 'gzip, deflate',
 'Content-Type': 'application/json'} ]</msg>
<msg timestamp="20200102 15:22:40.193" level="INFO">GET Request using : uri=UserWebService.svc/users/awsxrstestuser1, params=None, allow_redirects=True, timeout=None
headers={'User-Agent': 'python-requests/2.22.0', 'Accept-Encoding': 'gzip, deflate', 'Accept': 'application/json', 'Connection': 'keep-alive', 'Content-Type': 'application/json'} 
data=None 
json=None</msg>
<msg timestamp="20200102 15:22:40.773" level="DEBUG">https://d3ws.xataxrs.com:443 "GET /UserWebService.svc/users/awsxrstestuser1 HTTP/1.1" 200 1238</msg>
<msg timestamp="20200102 15:22:40.773" level="DEBUG">GET Response : status=200, reason=OK
{"AccountLocked":"False","AlertSubscriptionIds":[],"AlertSubscriptionsChanged":"False","AllowedSingleSignOn":"False","BelongsToResourceGroups":["Gnome Shipping D3"],"BelongsToResourceGroupsChanged":"False","CompanyName":"Gnome Shipping D3","CreateDate":"1\/2\/2020 9:22:20 PM","DashboardName":"Fleet Performance Dashboard","Email":"xrsqatest+awsxrswstestuser@gmail.com","EmailIncomingDriverMessages":"False","EmailPassword":"","EmailRejectedCount":"0","EmailVerificationExpirationDate":"2\/2\/2020 9:22:20 PM","EmailVerificationKey":"81d504de-871f-40ee-ad6e-6d884b77fad5","EmailVerified":"False","EncryptedPassword":"1AC41640A3A216BA585C739601A923D","FirstName":"AWSXRS","Language":"English","LastLogin":"","LastName":"Testuser1","MiddleName":"AWSXRSTest","ModifiedBy":"5412","ModifiedDate":"1\/2\/2020 9:22:40 PM","OrganizationID":"46663","OrganizationName":"Gnome Shipping D3","PasswordNeverExpires":"False","ScheduleReportSubscriptions":[],"ScheduledReportSubscriptionsChanged":"False","SendAlertsToEmail":"False","SendAlertsToMessageInbox":"False","Status":"Active","UserDefinedField1":"","UserDefinedField2":"","UserDefinedField3":"","UserDefinedField4":"","UserDefinedField5":"","UserName":"awsxrstestuser1","UserRole":"Operations"}</msg>
<msg timestamp="20200102 15:22:40.774" level="TRACE">Return: &lt;Response [200]&gt;</msg>
<msg timestamp="20200102 15:22:40.774" level="INFO">${response} = &lt;Response [200]&gt;</msg>
<status status="PASS" starttime="20200102 15:22:40.192" endtime="20200102 15:22:40.774"></status>
</kw>
<msg timestamp="20200102 15:22:40.774" level="TRACE">Return: &lt;Response [200]&gt;</msg>
<msg timestamp="20200102 15:22:40.774" level="INFO">${response} = &lt;Response [200]&gt;</msg>
<status status="PASS" starttime="20200102 15:22:40.190" endtime="20200102 15:22:40.774"></status>
</kw>
<kw name="Should Be Equal As Strings" library="BuiltIn">
<doc>Fails if objects are unequal after converting them to strings.</doc>
<arguments>
<arg>${response.status_code}</arg>
<arg>200</arg>
</arguments>
<msg timestamp="20200102 15:22:40.775" level="TRACE">Arguments: [ 200 | '200' ]</msg>
<msg timestamp="20200102 15:22:40.775" level="INFO">Argument types are:
&lt;class 'int'&gt;
&lt;type 'unicode'&gt;</msg>
<msg timestamp="20200102 15:22:40.775" level="TRACE">Return: None</msg>
<status status="PASS" starttime="20200102 15:22:40.775" endtime="20200102 15:22:40.775"></status>
</kw>
<kw name="To Json" library="RequestsLibrary">
<doc>Convert a string to a JSON object</doc>
<arguments>
<arg>${response.content}</arg>
</arguments>
<assign>
<var>${json_response}</var>
</assign>
<msg timestamp="20200102 15:22:40.776" level="TRACE">Arguments: [ b'{"AccountLocked":"False","AlertSubscriptionIds":[],"AlertSubscriptionsChanged":"False","AllowedSingleSignOn":"False","BelongsToResourceGroups":["Gnome Shipping D3"],"BelongsToResourceGroupsChanged":"False","CompanyName":"Gnome Shipping D3","CreateDate":"1\\/2\\/2020 9:22:20 PM","DashboardName":"Fleet Performance Dashboard","Email":"xrsqatest+awsxrswstestuser@gmail.com","EmailIncomingDriverMessages":"False","EmailPassword":"","EmailRejectedCount":"0","EmailVerificationExpirationDate":"2\\/2\\/2020 9:22:20 PM","EmailVerificationKey":"81d504de-871f-40ee-ad6e-6d884b77fad5","EmailVerified":"False","EncryptedPassword":"1AC41640A3A216BA585C739601A923D","FirstName":"AWSXRS","Language":"English","LastLogin":"","LastName":"Testuser1","MiddleName":"AWSXRSTest","ModifiedBy":"5412","ModifiedDate":"1\\/2\\/2020 9:22:40 PM","OrganizationID":"46663","OrganizationName":"Gnome Shipping D3","PasswordNeverExpires":"False","ScheduleReportSubscriptions":[],"ScheduledReportSubscriptionsChanged":"False","SendAlertsToEmail":"False","SendAlertsToMessageInbox":"False","Status":"Active","UserDefinedField1":"","UserDefinedField2":"","UserDefinedField3":"","UserDefinedField4":"","UserDefinedField5":"","UserName":"awsxrstestuser1","UserRole":"Operations"}' ]</msg>
<msg timestamp="20200102 15:22:40.776" level="INFO">To JSON using : content={"AccountLocked":"False","AlertSubscriptionIds":[],"AlertSubscriptionsChanged":"False","AllowedSingleSignOn":"False","BelongsToResourceGroups":["Gnome Shipping D3"],"BelongsToResourceGroupsChanged":"False","CompanyName":"Gnome Shipping D3","CreateDate":"1\/2\/2020 9:22:20 PM","DashboardName":"Fleet Performance Dashboard","Email":"xrsqatest+awsxrswstestuser@gmail.com","EmailIncomingDriverMessages":"False","EmailPassword":"","EmailRejectedCount":"0","EmailVerificationExpirationDate":"2\/2\/2020 9:22:20 PM","EmailVerificationKey":"81d504de-871f-40ee-ad6e-6d884b77fad5","EmailVerified":"False","EncryptedPassword":"1AC41640A3A216BA585C739601A923D","FirstName":"AWSXRS","Language":"English","LastLogin":"","LastName":"Testuser1","MiddleName":"AWSXRSTest","ModifiedBy":"5412","ModifiedDate":"1\/2\/2020 9:22:40 PM","OrganizationID":"46663","OrganizationName":"Gnome Shipping D3","PasswordNeverExpires":"False","ScheduleReportSubscriptions":[],"ScheduledReportSubscriptionsChanged":"False","SendAlertsToEmail":"False","SendAlertsToMessageInbox":"False","Status":"Active","UserDefinedField1":"","UserDefinedField2":"","UserDefinedField3":"","UserDefinedField4":"","UserDefinedField5":"","UserName":"awsxrstestuser1","UserRole":"Operations"} </msg>
<msg timestamp="20200102 15:22:40.776" level="INFO">To JSON using : pretty_print=False </msg>
<msg timestamp="20200102 15:22:40.776" level="TRACE">Return: {'AccountLocked': 'False',
 'AlertSubscriptionIds': [],
 'AlertSubscriptionsChanged': 'False',
 'AllowedSingleSignOn': 'False',
 'BelongsToResourceGroups': ['Gnome Shipping D3'],
 'BelongsToResourceGroupsChanged': 'False',
 'CompanyName': 'Gnome Shipping D3',
 'CreateDate': '1/2/2020 9:22:20 PM',
 'DashboardName': 'Fleet Performance Dashboard',
 'Email': 'xrsqatest+awsxrswstestuser@gmail.com',
 'EmailIncomingDriverMessages': 'False',
 'EmailPassword': '',
 'EmailRejectedCount': '0',
 'EmailVerificationExpirationDate': '2/2/2020 9:22:20 PM',
 'EmailVerificationKey': '81d504de-871f-40ee-ad6e-6d884b77fad5',
 'EmailVerified': 'False',
 'EncryptedPassword': '1AC41640A3A216BA585C739601A923D',
 'FirstName': 'AWSXRS',
 'Language': 'English',
 'LastLogin': '',
 'LastName': 'Testuser1',
 'MiddleName': 'AWSXRSTest',
 'ModifiedBy': '5412',
 'ModifiedDate': '1/2/2020 9:22:40 PM',
 'OrganizationID': '46663',
 'OrganizationName': 'Gnome Shipping D3',
 'PasswordNeverExpires': 'False',
 'ScheduleReportSubscriptions': [],
 'ScheduledReportSubscriptionsChanged': 'False',
 'SendAlertsToEmail': 'False',
 'SendAlertsToMessageInbox': 'False',
 'Status': 'Active',
 'UserDefinedField1': '',
 'UserDefinedField2': '',
 'UserDefinedField3': '',
 'UserDefinedField4': '',
 'UserDefinedField5': '',
 'UserName': 'awsxrstestuser1',
 'UserRole': 'Operations'}</msg>
<msg timestamp="20200102 15:22:40.777" level="INFO">${json_response} = {'AccountLocked': 'False', 'AlertSubscriptionIds': [], 'AlertSubscriptionsChanged': 'False', 'AllowedSingleSignOn': 'False', 'BelongsToResourceGroups': ['Gnome Shipping D3'], 'BelongsToResourceGroupsC...</msg>
<status status="PASS" starttime="20200102 15:22:40.776" endtime="20200102 15:22:40.777"></status>
</kw>
<kw name="Set Variable" library="BuiltIn">
<doc>Returns the given values which can then be assigned to a variables.</doc>
<arguments>
<arg>${json_response}[UserName]</arg>
</arguments>
<assign>
<var>${XRS_WEB_SERVICES_TEST_USER_SID}</var>
</assign>
<msg timestamp="20200102 15:22:40.778" level="TRACE">Arguments: [ 'awsxrstestuser1' ]</msg>
<msg timestamp="20200102 15:22:40.778" level="TRACE">Return: 'awsxrstestuser1'</msg>
<msg timestamp="20200102 15:22:40.778" level="INFO">${XRS_WEB_SERVICES_TEST_USER_SID} = awsxrstestuser1</msg>
<status status="PASS" starttime="20200102 15:22:40.778" endtime="20200102 15:22:40.778"></status>
</kw>
<kw name="Set Global Variable" library="BuiltIn">
<doc>Makes a variable available globally in all tests and suites.</doc>
<arguments>
<arg>${XRS_WEB_SERVICES_TEST_USER_SID}</arg>
</arguments>
<msg timestamp="20200102 15:22:40.779" level="TRACE">Arguments: [ '${XRS_WEB_SERVICES_TEST_USER_SID}' ]</msg>
<msg timestamp="20200102 15:22:40.779" level="INFO">${XRS_WEB_SERVICES_TEST_USER_SID} = awsxrstestuser1</msg>
<msg timestamp="20200102 15:22:40.779" level="TRACE">Return: None</msg>
<status status="PASS" starttime="20200102 15:22:40.778" endtime="20200102 15:22:40.779"></status>
</kw>
<doc>Verifies that a posted User now exists</doc>
<tags>
<tag>awsxrsrestwebservicevalidation</tag>
<tag>awsxrsuserrestwebservicevalidation</tag>
</tags>
<status status="PASS" starttime="20200102 15:22:40.187" endtime="20200102 15:22:40.780" critical="yes"></status>
</test>
<test id="s1-s1-s1-t4" name="Validate AWS XRS Put User REST Web Services Modifies User Successfully">
<kw name="Put Users" library="User">
<doc>Calls the Post Method for Userss.
Accepts a list of json objects
See Json field definitions in the "Post Users" Keyword</doc>
<arguments>
<arg>@{XRS_AWS_WEBSERVICE_PUT_TEST_USER_LIST}</arg>
</arguments>
<assign>
<var>${response}</var>
</assign>
<msg timestamp="20200102 15:22:40.783" level="TRACE">Arguments: [ @{list_data}=[{'AccountLocked': False,
  'DashboardName': 'Fleet Performance Dashboard',
  'Email': 'xrsqatest+awsxrswstestuser@gmail.com',
  'EncryptedPassword': 'xrs123',
  'FirstName': 'AWSXRS',
  'Language': 'English',
  'LastName': 'Testuser1',
  'MiddleName': 'AWSXRSTestmodified',
  'OrganizationID': 46663,
  'PasswordNeverExpires': False,
  'Status': 'Active',
  'UserName': 'awsxrstestuser1',
  'UserRole': 'Operations'}] ]</msg>
<kw name="Set Variable" library="BuiltIn">
<doc>Returns the given values which can then be assigned to a variables.</doc>
<arguments>
<arg>${XRS_Entity_Management_Base_URI.User}${XRS_WEBSERVICE_ENTITY_MANAGEMENT_POST_GET_PUT_DELETE_USERS}</arg>
</arguments>
<assign>
<var>${uri}</var>
</assign>
<msg timestamp="20200102 15:22:40.784" level="TRACE">Arguments: [ 'UserWebService.svc/users' ]</msg>
<msg timestamp="20200102 15:22:40.784" level="TRACE">Return: 'UserWebService.svc/users'</msg>
<msg timestamp="20200102 15:22:40.784" level="INFO">${uri} = UserWebService.svc/users</msg>
<status status="PASS" starttime="20200102 15:22:40.783" endtime="20200102 15:22:40.784"></status>
</kw>
<kw name="Put Request" library="RequestsLibrary">
<doc>Send a PUT request on the session object found using the
given `alias`</doc>
<arguments>
<arg>${XRS_WEB_SERVICE_SESSION_ALIAS}</arg>
<arg>${uri}</arg>
<arg>json=${list_data}</arg>
<arg>headers=${XRS_WEBSERVICES_JSON_HEADER}</arg>
</arguments>
<assign>
<var>${response}</var>
</assign>
<msg timestamp="20200102 15:22:40.784" level="TRACE">Arguments: [ 'xrs_web_service_session' | 'UserWebService.svc/users' | json=[{'AccountLocked': False,
  'DashboardName': 'Fleet Performance Dashboard',
  'Email': 'xrsqatest+awsxrswstestuser@gmail.com',
  'EncryptedPassword': 'xrs123',
  'FirstName': 'AWSXRS',
  'Language': 'English',
  'LastName': 'Testuser1',
  'MiddleName': 'AWSXRSTestmodified',
  'OrganizationID': 46663,
  'PasswordNeverExpires': False,
  'Status': 'Active',
  'UserName': 'awsxrstestuser1',
  'UserRole': 'Operations'}] | headers={'Accept': 'application/json',
 'Accept-Encoding': 'gzip, deflate',
 'Content-Type': 'application/json'} ]</msg>
<msg timestamp="20200102 15:22:40.785" level="INFO">PUT Request using : uri=UserWebService.svc/users, params=None, files=None, allow_redirects=True, timeout=None
headers={'User-Agent': 'python-requests/2.22.0', 'Accept-Encoding': 'gzip, deflate', 'Accept': 'application/json', 'Connection': 'keep-alive', 'Content-Type': 'application/json'} 
data=None 
json=[{'AccountLocked': False, 'DashboardName': 'Fleet Performance Dashboard', 'Email': 'xrsqatest+awsxrswstestuser@gmail.com', 'EncryptedPassword': 'xrs123', 'FirstName': 'AWSXRS', 'Language': 'English', 'LastName': 'Testuser1', 'MiddleName': 'AWSXRSTestmodified', 'OrganizationID': 46663, 'PasswordNeverExpires': False, 'Status': 'Active', 'UserName': 'awsxrstestuser1', 'UserRole': 'Operations'}]</msg>
<msg timestamp="20200102 15:22:41.475" level="DEBUG">https://d3ws.xataxrs.com:443 "PUT /UserWebService.svc/users HTTP/1.1" 500 87</msg>
<msg timestamp="20200102 15:22:41.476" level="DEBUG">PUT Response : status=500, reason=Internal Server Error
{"ErrorMessage":"InternalServerError","EventCode":283797282975907840,"Parameters":null}</msg>
<msg timestamp="20200102 15:22:41.477" level="TRACE">Return: &lt;Response [500]&gt;</msg>
<msg timestamp="20200102 15:22:41.477" level="INFO">${response} = &lt;Response [500]&gt;</msg>
<status status="PASS" starttime="20200102 15:22:40.784" endtime="20200102 15:22:41.477"></status>
</kw>
<msg timestamp="20200102 15:22:41.478" level="TRACE">Return: &lt;Response [500]&gt;</msg>
<msg timestamp="20200102 15:22:41.478" level="INFO">${response} = &lt;Response [500]&gt;</msg>
<status status="PASS" starttime="20200102 15:22:40.783" endtime="20200102 15:22:41.478"></status>
</kw>
<kw name="To Json" library="RequestsLibrary">
<doc>Convert a string to a JSON object</doc>
<arguments>
<arg>${response.content}</arg>
</arguments>
<assign>
<var>${json_response}</var>
</assign>
<msg timestamp="20200102 15:22:41.480" level="TRACE">Arguments: [ b'{"ErrorMessage":"InternalServerError","EventCode":283797282975907840,"Parameters":null}' ]</msg>
<msg timestamp="20200102 15:22:41.481" level="INFO">To JSON using : content={"ErrorMessage":"InternalServerError","EventCode":283797282975907840,"Parameters":null} </msg>
<msg timestamp="20200102 15:22:41.481" level="INFO">To JSON using : pretty_print=False </msg>
<msg timestamp="20200102 15:22:41.481" level="TRACE">Return: {'ErrorMessage': 'InternalServerError',
 'EventCode': 283797282975907840,
 'Parameters': None}</msg>
<msg timestamp="20200102 15:22:41.482" level="INFO">${json_response} = {'ErrorMessage': 'InternalServerError', 'EventCode': 283797282975907840, 'Parameters': None}</msg>
<status status="PASS" starttime="20200102 15:22:41.480" endtime="20200102 15:22:41.482"></status>
</kw>
<kw name="${r} IN [ @{json_response} ]" type="for">
<kw name="${r} = ErrorMessage" type="foritem">
<kw name="Should Be Equal As Strings" library="BuiltIn">
<doc>Fails if objects are unequal after converting them to strings.</doc>
<arguments>
<arg>${r}[Description]</arg>
<arg>Geographic User edited successfully.</arg>
</arguments>
<msg timestamp="20200102 15:22:41.486" level="FAIL">Variable '${r}' is string, not list or dictionary, and thus accessing item 'Description' from it is not possible.</msg>
<status status="FAIL" starttime="20200102 15:22:41.485" endtime="20200102 15:22:41.486"></status>
</kw>
<status status="FAIL" starttime="20200102 15:22:41.485" endtime="20200102 15:22:41.486"></status>
</kw>
<status status="FAIL" starttime="20200102 15:22:41.484" endtime="20200102 15:22:41.486"></status>
</kw>
<doc>Posts a User and expects a Code value of 201</doc>
<tags>
<tag>awsxrsrestwebservicevalidation</tag>
<tag>awsxrsuserrestwebservicevalidation</tag>
</tags>
<status status="FAIL" starttime="20200102 15:22:40.782" endtime="20200102 15:22:41.494" critical="yes">Variable '${r}' is string, not list or dictionary, and thus accessing item 'Description' from it is not possible.</status>
</test>
<test id="s1-s1-s1-t5" name="Validate AWS XRS Get Users REST Web Services Returns 200 OK">
<kw name="Get Time" library="BuiltIn">
<doc>Returns the given time in the requested format.</doc>
<arguments>
<arg>year,month,day</arg>
</arguments>
<assign>
<var>${yyyy}</var>
<var>${mm}</var>
<var>${dd}</var>
</assign>
<msg timestamp="20200102 15:22:41.499" level="TRACE">Arguments: [ 'year,month,day' ]</msg>
<msg timestamp="20200102 15:22:41.499" level="TRACE">Return: ['2020', '01', '02']</msg>
<msg timestamp="20200102 15:22:41.500" level="INFO">${yyyy} = 2020</msg>
<msg timestamp="20200102 15:22:41.500" level="INFO">${mm} = 01</msg>
<msg timestamp="20200102 15:22:41.500" level="INFO">${dd} = 02</msg>
<status status="PASS" starttime="20200102 15:22:41.499" endtime="20200102 15:22:41.500"></status>
</kw>
<kw name="Create Dictionary" library="BuiltIn">
<doc>Creates and returns a dictionary based on the given ``items``.</doc>
<arguments>
<arg>OrganizationID=${XRS_GENERAL_INFORMATION.Company.Company_ID}</arg>
<arg>IsActive=True</arg>
<arg>AsOfDateTime=${mm}/${dd}/${yyyy}</arg>
</arguments>
<assign>
<var>&amp;{params}</var>
</assign>
<msg timestamp="20200102 15:22:41.501" level="TRACE">Arguments: [ 'OrganizationID=${XRS_GENERAL_INFORMATION.Company.Company_ID}' | 'IsActive=True' | 'AsOfDateTime=${mm}/${dd}/${yyyy}' ]</msg>
<msg timestamp="20200102 15:22:41.502" level="TRACE">Return: {'AsOfDateTime': '01/02/2020', 'IsActive': 'True', 'OrganizationID': 46663}</msg>
<msg timestamp="20200102 15:22:41.502" level="INFO">&amp;{params} = { OrganizationID=46663 | IsActive=True | AsOfDateTime=01/02/2020 }</msg>
<status status="PASS" starttime="20200102 15:22:41.501" endtime="20200102 15:22:41.502"></status>
</kw>
<kw name="Verify Get Users With Forward Slash Returns 200 OK">
<doc>Verify that using a '/' in the URI returns 200 OK</doc>
<arguments>
<arg>&amp;{params}</arg>
</arguments>
<msg timestamp="20200102 15:22:41.504" level="TRACE">Arguments: [ &amp;{params}={'AsOfDateTime': '01/02/2020', 'IsActive': 'True', 'OrganizationID': 46663} ]</msg>
<kw name="Set Variable" library="BuiltIn">
<doc>Returns the given values which can then be assigned to a variables.</doc>
<arguments>
<arg>/</arg>
</arguments>
<assign>
<var>${ending_character}</var>
</assign>
<msg timestamp="20200102 15:22:41.505" level="TRACE">Arguments: [ '/' ]</msg>
<msg timestamp="20200102 15:22:41.505" level="TRACE">Return: '/'</msg>
<msg timestamp="20200102 15:22:41.505" level="INFO">${ending_character} = /</msg>
<status status="PASS" starttime="20200102 15:22:41.504" endtime="20200102 15:22:41.505"></status>
</kw>
<kw name="Get Users With URI Ending With ${ending_character} And Parameters &amp;{params}" library="User">
<doc>This Keyword modifies character between the base uri and the parameters
This will get users that match the provided parameters.
Params can be named individually or within a Dictionary
See the Get Users Keyword for param definitions.</doc>
<assign>
<var>${response}</var>
</assign>
<msg timestamp="20200102 15:22:41.505" level="TRACE">Arguments: [ ${ending_character}='/' | ${params}={'AsOfDateTime': '01/02/2020', 'IsActive': 'True', 'OrganizationID': 46663} ]</msg>
<kw name="Set Variable" library="BuiltIn">
<doc>Returns the given values which can then be assigned to a variables.</doc>
<arguments>
<arg>${XRS_Entity_Management_Base_URI.User}${XRS_WEBSERVICE_ENTITY_MANAGEMENT_POST_GET_PUT_DELETE_USERS}${ending_character}</arg>
</arguments>
<assign>
<var>${uri}</var>
</assign>
<msg timestamp="20200102 15:22:41.506" level="TRACE">Arguments: [ 'UserWebService.svc/users/' ]</msg>
<msg timestamp="20200102 15:22:41.506" level="TRACE">Return: 'UserWebService.svc/users/'</msg>
<msg timestamp="20200102 15:22:41.506" level="INFO">${uri} = UserWebService.svc/users/</msg>
<status status="PASS" starttime="20200102 15:22:41.505" endtime="20200102 15:22:41.506"></status>
</kw>
<kw name="Get Request" library="RequestsLibrary">
<doc>Send a GET request on the session object found using the
given `alias`</doc>
<arguments>
<arg>${XRS_WEB_SERVICE_SESSION_ALIAS}</arg>
<arg>${uri}</arg>
<arg>headers=${XRS_WEBSERVICES_JSON_HEADER}</arg>
<arg>params=${params}</arg>
</arguments>
<assign>
<var>${response}</var>
</assign>
<msg timestamp="20200102 15:22:41.506" level="TRACE">Arguments: [ 'xrs_web_service_session' | 'UserWebService.svc/users/' | headers={'Accept': 'application/json',
 'Accept-Encoding': 'gzip, deflate',
 'Content-Type': 'application/json'} | params={'AsOfDateTime': '01/02/2020', 'IsActive': 'True', 'OrganizationID': 46663} ]</msg>
<msg timestamp="20200102 15:22:41.507" level="INFO">GET Request using : uri=UserWebService.svc/users/, params={'OrganizationID': 46663, 'IsActive': 'True', 'AsOfDateTime': '01/02/2020'}, allow_redirects=True, timeout=None
headers={'User-Agent': 'python-requests/2.22.0', 'Accept-Encoding': 'gzip, deflate', 'Accept': 'application/json', 'Connection': 'keep-alive', 'Content-Type': 'application/json'} 
data=None 
json=None</msg>
<msg timestamp="20200102 15:22:42.890" level="DEBUG">https://d3ws.xataxrs.com:443 "GET /UserWebService.svc/users/?OrganizationID=46663&amp;IsActive=True&amp;AsOfDateTime=01%2F02%2F2020 HTTP/1.1" 200 12258</msg>
<msg timestamp="20200102 15:22:42.892" level="DEBUG">GET Response : status=200, reason=OK
[{"AccountLocked":"False","AlertSubscriptionIds":[],"AlertSubscriptionsChanged":"False","AllowedSingleSignOn":"False","BelongsToResourceGroups":["Gnome Shipping D3"],"BelongsToResourceGroupsChanged":"False","CompanyName":"Gnome Shipping D3","CreateDate":"1\/2\/2020 8:04:29 PM","DashboardName":"None","Email":"beer@xata.com","EmailIncomingDriverMessages":"False","EmailPassword":"","EmailRejectedCount":"0","EmailVerificationExpirationDate":"2\/2\/2020 8:04:29 PM","EmailVerificationKey":"c5b1fd3b-b2dd-4e3f-81ab-c2d8d27920b2","EmailVerified":"False","EncryptedPassword":"1AC41640A3A216BA585C739601A923D","FirstName":"super","Language":"English","LastLogin":"","LastName":"beer","MiddleName":"book","ModifiedBy":"5412","ModifiedDate":"1\/2\/2020 8:04:49 PM","OrganizationID":"46663","OrganizationName":"Gnome Shipping D3","PasswordNeverExpires":"False","ScheduleReportSubscriptions":[],"ScheduledReportSubscriptionsChanged":"False","SendAlertsToEmail":"False","SendAlertsToMessageInbox":"False","Status":"Active","UserDefinedField1":"","UserDefinedField2":"","UserDefinedField3":"","UserDefinedField4":"","UserDefinedField5":"","UserName":"beer","UserRole":"Operations"},{"AccountLocked":"False","AlertSubscriptionIds":[],"AlertSubscriptionsChanged":"False","AllowedSingleSignOn":"False","BelongsToResourceGroups":["Gnome Shipping D3"],"BelongsToResourceGroupsChanged":"False","CompanyName":"Gnome Shipping D3","CreateDate":"11\/26\/2019 5:00:25 PM","DashboardName":"Fleet Performance Dashboard","Email":"kstine@omnitracs.com","EmailIncomingDriverMessages":"False","EmailPassword":"","EmailRejectedCount":"0","EmailVerificationExpirationDate":"12\/26\/2019 5:07:40 PM","EmailVerificationKey":"74960095-87c9-4d6c-8c6c-574f22f23c28","EmailVerified":"True","EncryptedPassword":"1AC41640A3A216BA585C739601A923D","FirstName":"Kelby","Language":"English","LastLogin":"12\/11\/2019 4:31:57 PM","LastName":"Stine","MiddleName":"","ModifiedBy":"5685","ModifiedDate":"1\/2\/2020 3:41:54 PM","OrganizationID":"46663","OrganizationName":"Gnome Shipping D3","PasswordNeverExpires":"True","ScheduleReportSubscriptions":[],"ScheduledReportSubscriptionsChanged":"False","SendAlertsToEmail":"True","SendAlertsToMessageInbox":"True","Status":"Active","UserDefinedField1":"","UserDefinedField2":"","UserDefinedField3":"","UserDefinedField4":"","UserDefinedField5":"","UserName":"kstine","UserRole":"Admin"},{"AccountLocked":"False","AlertSubscriptionIds":[],"AlertSubscriptionsChanged":"False","AllowedSingleSignOn":"False","BelongsToResourceGroups":["Gnome Shipping D3"],"BelongsToResourceGroupsChanged":"False","CompanyName":"Gnome Shipping D3","CreateDate":"11\/26\/2019 5:14:32 PM","DashboardName":"Fleet Performance Dashboard","Email":"xrsqatest+readOnlyUserGnomeShippingD3@gmail.com","EmailIncomingDriverMessages":"False","EmailPassword":"","EmailRejectedCount":"0","EmailVerificationExpirationDate":"12\/26\/2019 5:14:32 PM","EmailVerificationKey":"70ad7b46-9515-4d9f-9b86-96275a78441e","EmailVerified":"True","EncryptedPassword":"1AC41640A3A216BA585C739601A923D","FirstName":"ReadOnly","Language":"English","LastLogin":"","LastName":"User","MiddleName":"Automation","ModifiedBy":"5686","ModifiedDate":"1\/2\/2020 3:41:54 PM","OrganizationID":"46663","OrganizationName":"Gnome Shipping D3","PasswordNeverExpires":"True","ScheduleReportSubscriptions":[],"ScheduledReportSubscriptionsChanged":"False","SendAlertsToEmail":"True","SendAlertsToMessageInbox":"True","Status":"Active","UserDefinedField1":"","UserDefinedField2":"","UserDefinedField3":"","UserDefinedField4":"","UserDefinedField5":"","UserName":"readOnlyUser","UserRole":"Read Only"},{"AccountLocked":"False","AlertSubscriptionIds":[],"AlertSubscriptionsChanged":"False","AllowedSingleSignOn":"False","BelongsToResourceGroups":["Gnome Shipping D3"],"BelongsToResourceGroupsChanged":"False","CompanyName":"Gnome Shipping D3","CreateDate":"11\/26\/2019 5:19:01 PM","DashboardName":"Fleet Performance Dashboard","Email":"xrsqatest+maintenanceUserGnomeShippingD3@gmail.com","EmailIncomingDriverMessages":"False","EmailPassword":"","EmailRejectedCount":"0","EmailVerificationExpirationDate":"12\/26\/2019 5:19:01 PM","EmailVerificationKey":"8d13d3ae-8c1f-46ec-8439-c971e65d8656","EmailVerified":"True","EncryptedPassword":"1AC41640A3A216BA585C739601A923D","FirstName":"Maintenance","Language":"English","LastLogin":"","LastName":"User","MiddleName":"Automation","ModifiedBy":"5689","ModifiedDate":"1\/2\/2020 3:41:54 PM","OrganizationID":"46663","OrganizationName":"Gnome Shipping D3","PasswordNeverExpires":"True","ScheduleReportSubscriptions":[],"ScheduledReportSubscriptionsChanged":"False","SendAlertsToEmail":"True","SendAlertsToMessageInbox":"True","Status":"Active","UserDefinedField1":"","UserDefinedField2":"","UserDefinedField3":"","UserDefinedField4":"","UserDefinedField5":"","UserName":"maintenanceUser","UserRole":"Maintenance"},{"AccountLocked":"False","AlertSubscriptionIds":[],"AlertSubscriptionsChanged":"False","AllowedSingleSignOn":"False","BelongsToResourceGroups":["Gnome Shipping D3"],"BelongsToResourceGroupsChanged":"False","CompanyName":"Gnome Shipping D3","CreateDate":"11\/26\/2019 5:17:27 PM","DashboardName":"Fleet Performance Dashboard","Email":"xrsqatest+operationsUserGnomeShippingD3@gmail.com","EmailIncomingDriverMessages":"False","EmailPassword":"","EmailRejectedCount":"0","EmailVerificationExpirationDate":"12\/26\/2019 5:17:27 PM","EmailVerificationKey":"ac79b4fe-a939-4df8-ad1a-38334e3ac3c4","EmailVerified":"True","EncryptedPassword":"1AC41640A3A216BA585C739601A923D","FirstName":"Operations","Language":"English","LastLogin":"","LastName":"User","MiddleName":"Automation","ModifiedBy":"5688","ModifiedDate":"1\/2\/2020 3:41:54 PM","OrganizationID":"46663","OrganizationName":"Gnome Shipping D3","PasswordNeverExpires":"True","ScheduleReportSubscriptions":[],"ScheduledReportSubscriptionsChanged":"False","SendAlertsToEmail":"True","SendAlertsToMessageInbox":"True","Status":"Active","UserDefinedField1":"","UserDefinedField2":"","UserDefinedField3":"","UserDefinedField4":"","UserDefinedField5":"","UserName":"operationsUser","UserRole":"Operations"},{"AccountLocked":"False","AlertSubscriptionIds":[],"AlertSubscriptionsChanged":"False","AllowedSingleSignOn":"False","BelongsToResourceGroups":["Gnome Shipping D3"],"BelongsToResourceGroupsChanged":"False","CompanyName":"Gnome Shipping D3","CreateDate":"11\/26\/2019 5:26:11 PM","DashboardName":"Fleet Performance Dashboard","Email":"xrsqatest+mobileInstUserGnomeShippingD3@gmail.com","EmailIncomingDriverMessages":"False","EmailPassword":"","EmailRejectedCount":"0","EmailVerificationExpirationDate":"12\/26\/2019 5:27:31 PM","EmailVerificationKey":"0d47d688-442f-423d-886c-2d5b521673b2","EmailVerified":"False","EncryptedPassword":"1AC41640A3A216BA585C739601A923D","FirstName":"MobileInstaller","Language":"English","LastLogin":"","LastName":"User","MiddleName":"Automation","ModifiedBy":"5685","ModifiedDate":"1\/2\/2020 3:41:54 PM","OrganizationID":"46663","OrganizationName":"Gnome Shipping D3","PasswordNeverExpires":"True","ScheduleReportSubscriptions":[],"ScheduledReportSubscriptionsChanged":"False","SendAlertsToEmail":"True","SendAlertsToMessageInbox":"True","Status":"Active","UserDefinedField1":"","UserDefinedField2":"","UserDefinedField3":"","UserDefinedField4":"","UserDefinedField5":"","UserName":"mobileInstallerUser","UserRole":"Admin"},{"AccountLocked":"False","AlertSubscriptionIds":[],"AlertSubscriptionsChanged":"False","AllowedSingleSignOn":"False","BelongsToResourceGroups":["Gnome Shipping D3"],"BelongsToResourceGroupsChanged":"False","CompanyName":"Gnome Shipping D3","CreateDate":"11\/26\/2019 5:16:01 PM","DashboardName":"Fleet Performance Dashboard","Email":"xrsqatest+dispatchUserGnomeShippingD3@gmail.com","EmailIncomingDriverMessages":"False","EmailPassword":"","EmailRejectedCount":"0","EmailVerificationExpirationDate":"12\/26\/2019 5:16:01 PM","EmailVerificationKey":"73d32aad-bcf3-4fbd-8c42-21b10ab209fd","EmailVerified":"True","EncryptedPassword":"1AC41640A3A216BA585C739601A923D","FirstName":"Dispatch","Language":"English","LastLogin":"","LastName":"User","MiddleName":"Automation","ModifiedBy":"5687","ModifiedDate":"1\/2\/2020 3:41:54 PM","OrganizationID":"46663","OrganizationName":"Gnome Shipping D3","PasswordNeverExpires":"True","ScheduleReportSubscriptions":[],"ScheduledReportSubscriptionsChanged":"False","SendAlertsToEmail":"True","SendAlertsToMessageInbox":"True","Status":"Active","UserDefinedField1":"","UserDefinedField2":"","UserDefinedField3":"","UserDefinedField4":"","UserDefinedField5":"","UserName":"dispatchUser","UserRole":"Dispatch"},{"AccountLocked":"False","AlertSubscriptionIds":[],"AlertSubscriptionsChanged":"False","AllowedSingleSignOn":"False","BelongsToResourceGroups":["Gnome Shipping D3"],"BelongsToResourceGroupsChanged":"False","CompanyName":"Gnome Shipping D3","CreateDate":"11\/26\/2019 5:20:39 PM","DashboardName":"None","Email":"xrsqatest+fleetviewUserGnomeShippingD3@gmail.com","EmailIncomingDriverMessages":"False","EmailPassword":"","EmailRejectedCount":"0","EmailVerificationExpirationDate":"12\/26\/2019 5:20:39 PM","EmailVerificationKey":"0513d7fa-debc-4eb6-8188-30f0c07da3e0","EmailVerified":"True","EncryptedPassword":"1AC41640A3A216BA585C739601A923D","FirstName":"Fleetview","Language":"English","LastLogin":"","LastName":"User","MiddleName":"Automation","ModifiedBy":"5690","ModifiedDate":"1\/2\/2020 3:41:54 PM","OrganizationID":"46663","OrganizationName":"Gnome Shipping D3","PasswordNeverExpires":"True","ScheduleReportSubscriptions":[],"ScheduledReportSubscriptionsChanged":"False","SendAlertsToEmail":"True","SendAlertsToMessageInbox":"True","Status":"Active","UserDefinedField1":"","UserDefinedField2":"","UserDefinedField3":"","UserDefinedField4":"","UserDefinedField5":"","UserName":"fleetviewUser","UserRole":"FleetView"},{"AccountLocked":"False","AlertSubscriptionIds":[],"AlertSubscriptionsChanged":"False","AllowedSingleSignOn":"False","BelongsToResourceGroups":["Gnome Shipping D3"],"BelongsToResourceGroupsChanged":"False","CompanyName":"Gnome Shipping D3","CreateDate":"9\/24\/2018 3:35:34 PM","DashboardName":"None","Email":"xrsqatest+adminGnomeShippingD3@gmail.com","EmailIncomingDriverMessages":"False","EmailPassword":"","EmailRejectedCount":"0","EmailVerificationExpirationDate":"1\/19\/2020 3:58:09 PM","EmailVerificationKey":"2147eb81-f470-492e-8204-c3a0f3aa2db3","EmailVerified":"True","EncryptedPassword":"1AC41640A3A216BA585C739601A923D","FirstName":"admin","Language":"English","LastLogin":"1\/2\/2020 9:22:08 PM","LastName":"admin","MiddleName":"Automation","ModifiedBy":"5412","ModifiedDate":"1\/2\/2020 3:41:54 PM","OrganizationID":"46663","OrganizationName":"Gnome Shipping D3","PasswordNeverExpires":"True","ScheduleReportSubscriptions":[],"ScheduledReportSubscriptionsChanged":"False","SendAlertsToEmail":"True","SendAlertsToMessageInbox":"True","Status":"Active","UserDefinedField1":"","UserDefinedField2":"","UserDefinedField3":"","UserDefinedField4":"","UserDefinedField5":"","UserName":"admin","UserRole":"Admin"},{"AccountLocked":"False","AlertSubscriptionIds":[],"AlertSubscriptionsChanged":"False","AllowedSingleSignOn":"False","BelongsToResourceGroups":["Gnome Shipping D3"],"BelongsToResourceGroupsChanged":"False","CompanyName":"Gnome Shipping D3","CreateDate":"2\/12\/2019 10:12:27 PM","DashboardName":"None","Email":"ann2344@xata.com","EmailIncomingDriverMessages":"False","EmailPassword":"","EmailRejectedCount":"0","EmailVerificationExpirationDate":"3\/12\/2019 10:12:27 PM","EmailVerificationKey":"034b4ad6-41ca-4ff1-b57c-04b07ff914b3","EmailVerified":"False","EncryptedPassword":"6B7330782B2FEB49242CC4A57782A9","FirstName":"ann","Language":"English","LastLogin":"2\/12\/2019 10:12:53 PM","LastName":"j","MiddleName":"","ModifiedBy":"5522","ModifiedDate":"1\/2\/2020 3:41:54 PM","OrganizationID":"46663","OrganizationName":"Gnome Shipping D3","PasswordNeverExpires":"False","ScheduleReportSubscriptions":[],"ScheduledReportSubscriptionsChanged":"False","SendAlertsToEmail":"True","SendAlertsToMessageInbox":"True","Status":"Active","UserDefinedField1":"","UserDefinedField2":"","UserDefinedField3":"","UserDefinedField4":"","UserDefinedField5":"","UserName":"annj","UserRole":"Admin"}]</msg>
<msg timestamp="20200102 15:22:42.893" level="TRACE">Return: &lt;Response [200]&gt;</msg>
<msg timestamp="20200102 15:22:42.893" level="INFO">${response} = &lt;Response [200]&gt;</msg>
<status status="PASS" starttime="20200102 15:22:41.506" endtime="20200102 15:22:42.894"></status>
</kw>
<msg timestamp="20200102 15:22:42.894" level="TRACE">Return: &lt;Response [200]&gt;</msg>
<msg timestamp="20200102 15:22:42.894" level="INFO">${response} = &lt;Response [200]&gt;</msg>
<status status="PASS" starttime="20200102 15:22:41.505" endtime="20200102 15:22:42.895"></status>
</kw>
<kw name="Should Be Equal As Strings" library="BuiltIn">
<doc>Fails if objects are unequal after converting them to strings.</doc>
<arguments>
<arg>${response.status_code}</arg>
<arg>200</arg>
</arguments>
<msg timestamp="20200102 15:22:42.896" level="TRACE">Arguments: [ 200 | '200' ]</msg>
<msg timestamp="20200102 15:22:42.896" level="INFO">Argument types are:
&lt;class 'int'&gt;
&lt;type 'unicode'&gt;</msg>
<msg timestamp="20200102 15:22:42.896" level="TRACE">Return: None</msg>
<status status="PASS" starttime="20200102 15:22:42.895" endtime="20200102 15:22:42.897"></status>
</kw>
<msg timestamp="20200102 15:22:42.897" level="TRACE">Return: None</msg>
<status status="PASS" starttime="20200102 15:22:41.503" endtime="20200102 15:22:42.897"></status>
</kw>
<kw name="Verify Get Users Without Forward Slash Returns 200 OK">
<doc>Verify that not using a '/' in the URI returns 200 OK</doc>
<arguments>
<arg>&amp;{params}</arg>
</arguments>
<msg timestamp="20200102 15:22:42.900" level="TRACE">Arguments: [ &amp;{params}={'AsOfDateTime': '01/02/2020', 'IsActive': 'True', 'OrganizationID': 46663} ]</msg>
<kw name="Get Users" library="User">
<doc>Call the Get Method on users.
This will get users that match the provided parameters.
Params can be named individually or within a Dictionary
Param Definitions:
AsOfDateTime
Tells the service to return only the data that changed since the specified date and time.
IsActive
Filters results to active users only.
True, False, Both
Limit
Used in conjunction with the Offset parameter to implement paging.
Limits the number of results to a specified number.
System Limit: 10,000
Offset
Used in conjunction with the Limit parameter to implement paging.
Represents a page number for the starting point of the return set.
OrganizationID
Limits results to users in one or more organizations.
Maximum of 20 characters.
PhoneNumber
The following values can be specified:
[No Filter] - Limits results to all user records within the Web Service users' OrganizationID and ResourceGroupID.
10 character phone number - Limits results to the user record within the Web Service users' OrganizationID and ResourceGroupID
Example value: 1234567890
ResourceGroupID
Limits results to users in one or more resource groups.
UserID
Limits the results to the user object with the specified userID in the Web Service user's OrganizationID and ResourceGroupID.
Maximum of 20 characters.</doc>
<arguments>
<arg>&amp;{params}</arg>
</arguments>
<assign>
<var>${response}</var>
</assign>
<msg timestamp="20200102 15:22:42.902" level="TRACE">Arguments: [ &amp;{params}={'AsOfDateTime': '01/02/2020', 'IsActive': 'True', 'OrganizationID': 46663} ]</msg>
<kw name="Set Variable" library="BuiltIn">
<doc>Returns the given values which can then be assigned to a variables.</doc>
<arguments>
<arg>${XRS_Entity_Management_Base_URI.User}${XRS_WEBSERVICE_ENTITY_MANAGEMENT_POST_GET_PUT_DELETE_USERS}</arg>
</arguments>
<assign>
<var>${uri}</var>
</assign>
<msg timestamp="20200102 15:22:42.903" level="TRACE">Arguments: [ 'UserWebService.svc/users' ]</msg>
<msg timestamp="20200102 15:22:42.903" level="TRACE">Return: 'UserWebService.svc/users'</msg>
<msg timestamp="20200102 15:22:42.904" level="INFO">${uri} = UserWebService.svc/users</msg>
<status status="PASS" starttime="20200102 15:22:42.902" endtime="20200102 15:22:42.904"></status>
</kw>
<kw name="Get Request" library="RequestsLibrary">
<doc>Send a GET request on the session object found using the
given `alias`</doc>
<arguments>
<arg>${XRS_WEB_SERVICE_SESSION_ALIAS}</arg>
<arg>${uri}</arg>
<arg>headers=${XRS_WEBSERVICES_JSON_HEADER}</arg>
<arg>params=${params}</arg>
</arguments>
<assign>
<var>${response}</var>
</assign>
<msg timestamp="20200102 15:22:42.905" level="TRACE">Arguments: [ 'xrs_web_service_session' | 'UserWebService.svc/users' | headers={'Accept': 'application/json',
 'Accept-Encoding': 'gzip, deflate',
 'Content-Type': 'application/json'} | params={'AsOfDateTime': '01/02/2020', 'IsActive': 'True', 'OrganizationID': 46663} ]</msg>
<msg timestamp="20200102 15:22:42.905" level="INFO">GET Request using : uri=UserWebService.svc/users, params={'OrganizationID': 46663, 'IsActive': 'True', 'AsOfDateTime': '01/02/2020'}, allow_redirects=True, timeout=None
headers={'User-Agent': 'python-requests/2.22.0', 'Accept-Encoding': 'gzip, deflate', 'Accept': 'application/json', 'Connection': 'keep-alive', 'Content-Type': 'application/json'} 
data=None 
json=None</msg>
<msg timestamp="20200102 15:22:44.161" level="DEBUG">https://d3ws.xataxrs.com:443 "GET /UserWebService.svc/users?OrganizationID=46663&amp;IsActive=True&amp;AsOfDateTime=01%2F02%2F2020 HTTP/1.1" 200 12258</msg>
<msg timestamp="20200102 15:22:44.163" level="DEBUG">GET Response : status=200, reason=OK
[{"AccountLocked":"False","AlertSubscriptionIds":[],"AlertSubscriptionsChanged":"False","AllowedSingleSignOn":"False","BelongsToResourceGroups":["Gnome Shipping D3"],"BelongsToResourceGroupsChanged":"False","CompanyName":"Gnome Shipping D3","CreateDate":"1\/2\/2020 8:04:29 PM","DashboardName":"None","Email":"beer@xata.com","EmailIncomingDriverMessages":"False","EmailPassword":"","EmailRejectedCount":"0","EmailVerificationExpirationDate":"2\/2\/2020 8:04:29 PM","EmailVerificationKey":"c5b1fd3b-b2dd-4e3f-81ab-c2d8d27920b2","EmailVerified":"False","EncryptedPassword":"1AC41640A3A216BA585C739601A923D","FirstName":"super","Language":"English","LastLogin":"","LastName":"beer","MiddleName":"book","ModifiedBy":"5412","ModifiedDate":"1\/2\/2020 8:04:49 PM","OrganizationID":"46663","OrganizationName":"Gnome Shipping D3","PasswordNeverExpires":"False","ScheduleReportSubscriptions":[],"ScheduledReportSubscriptionsChanged":"False","SendAlertsToEmail":"False","SendAlertsToMessageInbox":"False","Status":"Active","UserDefinedField1":"","UserDefinedField2":"","UserDefinedField3":"","UserDefinedField4":"","UserDefinedField5":"","UserName":"beer","UserRole":"Operations"},{"AccountLocked":"False","AlertSubscriptionIds":[],"AlertSubscriptionsChanged":"False","AllowedSingleSignOn":"False","BelongsToResourceGroups":["Gnome Shipping D3"],"BelongsToResourceGroupsChanged":"False","CompanyName":"Gnome Shipping D3","CreateDate":"11\/26\/2019 5:00:25 PM","DashboardName":"Fleet Performance Dashboard","Email":"kstine@omnitracs.com","EmailIncomingDriverMessages":"False","EmailPassword":"","EmailRejectedCount":"0","EmailVerificationExpirationDate":"12\/26\/2019 5:07:40 PM","EmailVerificationKey":"74960095-87c9-4d6c-8c6c-574f22f23c28","EmailVerified":"True","EncryptedPassword":"1AC41640A3A216BA585C739601A923D","FirstName":"Kelby","Language":"English","LastLogin":"12\/11\/2019 4:31:57 PM","LastName":"Stine","MiddleName":"","ModifiedBy":"5685","ModifiedDate":"1\/2\/2020 3:41:54 PM","OrganizationID":"46663","OrganizationName":"Gnome Shipping D3","PasswordNeverExpires":"True","ScheduleReportSubscriptions":[],"ScheduledReportSubscriptionsChanged":"False","SendAlertsToEmail":"True","SendAlertsToMessageInbox":"True","Status":"Active","UserDefinedField1":"","UserDefinedField2":"","UserDefinedField3":"","UserDefinedField4":"","UserDefinedField5":"","UserName":"kstine","UserRole":"Admin"},{"AccountLocked":"False","AlertSubscriptionIds":[],"AlertSubscriptionsChanged":"False","AllowedSingleSignOn":"False","BelongsToResourceGroups":["Gnome Shipping D3"],"BelongsToResourceGroupsChanged":"False","CompanyName":"Gnome Shipping D3","CreateDate":"11\/26\/2019 5:14:32 PM","DashboardName":"Fleet Performance Dashboard","Email":"xrsqatest+readOnlyUserGnomeShippingD3@gmail.com","EmailIncomingDriverMessages":"False","EmailPassword":"","EmailRejectedCount":"0","EmailVerificationExpirationDate":"12\/26\/2019 5:14:32 PM","EmailVerificationKey":"70ad7b46-9515-4d9f-9b86-96275a78441e","EmailVerified":"True","EncryptedPassword":"1AC41640A3A216BA585C739601A923D","FirstName":"ReadOnly","Language":"English","LastLogin":"","LastName":"User","MiddleName":"Automation","ModifiedBy":"5686","ModifiedDate":"1\/2\/2020 3:41:54 PM","OrganizationID":"46663","OrganizationName":"Gnome Shipping D3","PasswordNeverExpires":"True","ScheduleReportSubscriptions":[],"ScheduledReportSubscriptionsChanged":"False","SendAlertsToEmail":"True","SendAlertsToMessageInbox":"True","Status":"Active","UserDefinedField1":"","UserDefinedField2":"","UserDefinedField3":"","UserDefinedField4":"","UserDefinedField5":"","UserName":"readOnlyUser","UserRole":"Read Only"},{"AccountLocked":"False","AlertSubscriptionIds":[],"AlertSubscriptionsChanged":"False","AllowedSingleSignOn":"False","BelongsToResourceGroups":["Gnome Shipping D3"],"BelongsToResourceGroupsChanged":"False","CompanyName":"Gnome Shipping D3","CreateDate":"11\/26\/2019 5:19:01 PM","DashboardName":"Fleet Performance Dashboard","Email":"xrsqatest+maintenanceUserGnomeShippingD3@gmail.com","EmailIncomingDriverMessages":"False","EmailPassword":"","EmailRejectedCount":"0","EmailVerificationExpirationDate":"12\/26\/2019 5:19:01 PM","EmailVerificationKey":"8d13d3ae-8c1f-46ec-8439-c971e65d8656","EmailVerified":"True","EncryptedPassword":"1AC41640A3A216BA585C739601A923D","FirstName":"Maintenance","Language":"English","LastLogin":"","LastName":"User","MiddleName":"Automation","ModifiedBy":"5689","ModifiedDate":"1\/2\/2020 3:41:54 PM","OrganizationID":"46663","OrganizationName":"Gnome Shipping D3","PasswordNeverExpires":"True","ScheduleReportSubscriptions":[],"ScheduledReportSubscriptionsChanged":"False","SendAlertsToEmail":"True","SendAlertsToMessageInbox":"True","Status":"Active","UserDefinedField1":"","UserDefinedField2":"","UserDefinedField3":"","UserDefinedField4":"","UserDefinedField5":"","UserName":"maintenanceUser","UserRole":"Maintenance"},{"AccountLocked":"False","AlertSubscriptionIds":[],"AlertSubscriptionsChanged":"False","AllowedSingleSignOn":"False","BelongsToResourceGroups":["Gnome Shipping D3"],"BelongsToResourceGroupsChanged":"False","CompanyName":"Gnome Shipping D3","CreateDate":"11\/26\/2019 5:17:27 PM","DashboardName":"Fleet Performance Dashboard","Email":"xrsqatest+operationsUserGnomeShippingD3@gmail.com","EmailIncomingDriverMessages":"False","EmailPassword":"","EmailRejectedCount":"0","EmailVerificationExpirationDate":"12\/26\/2019 5:17:27 PM","EmailVerificationKey":"ac79b4fe-a939-4df8-ad1a-38334e3ac3c4","EmailVerified":"True","EncryptedPassword":"1AC41640A3A216BA585C739601A923D","FirstName":"Operations","Language":"English","LastLogin":"","LastName":"User","MiddleName":"Automation","ModifiedBy":"5688","ModifiedDate":"1\/2\/2020 3:41:54 PM","OrganizationID":"46663","OrganizationName":"Gnome Shipping D3","PasswordNeverExpires":"True","ScheduleReportSubscriptions":[],"ScheduledReportSubscriptionsChanged":"False","SendAlertsToEmail":"True","SendAlertsToMessageInbox":"True","Status":"Active","UserDefinedField1":"","UserDefinedField2":"","UserDefinedField3":"","UserDefinedField4":"","UserDefinedField5":"","UserName":"operationsUser","UserRole":"Operations"},{"AccountLocked":"False","AlertSubscriptionIds":[],"AlertSubscriptionsChanged":"False","AllowedSingleSignOn":"False","BelongsToResourceGroups":["Gnome Shipping D3"],"BelongsToResourceGroupsChanged":"False","CompanyName":"Gnome Shipping D3","CreateDate":"11\/26\/2019 5:26:11 PM","DashboardName":"Fleet Performance Dashboard","Email":"xrsqatest+mobileInstUserGnomeShippingD3@gmail.com","EmailIncomingDriverMessages":"False","EmailPassword":"","EmailRejectedCount":"0","EmailVerificationExpirationDate":"12\/26\/2019 5:27:31 PM","EmailVerificationKey":"0d47d688-442f-423d-886c-2d5b521673b2","EmailVerified":"False","EncryptedPassword":"1AC41640A3A216BA585C739601A923D","FirstName":"MobileInstaller","Language":"English","LastLogin":"","LastName":"User","MiddleName":"Automation","ModifiedBy":"5685","ModifiedDate":"1\/2\/2020 3:41:54 PM","OrganizationID":"46663","OrganizationName":"Gnome Shipping D3","PasswordNeverExpires":"True","ScheduleReportSubscriptions":[],"ScheduledReportSubscriptionsChanged":"False","SendAlertsToEmail":"True","SendAlertsToMessageInbox":"True","Status":"Active","UserDefinedField1":"","UserDefinedField2":"","UserDefinedField3":"","UserDefinedField4":"","UserDefinedField5":"","UserName":"mobileInstallerUser","UserRole":"Admin"},{"AccountLocked":"False","AlertSubscriptionIds":[],"AlertSubscriptionsChanged":"False","AllowedSingleSignOn":"False","BelongsToResourceGroups":["Gnome Shipping D3"],"BelongsToResourceGroupsChanged":"False","CompanyName":"Gnome Shipping D3","CreateDate":"11\/26\/2019 5:16:01 PM","DashboardName":"Fleet Performance Dashboard","Email":"xrsqatest+dispatchUserGnomeShippingD3@gmail.com","EmailIncomingDriverMessages":"False","EmailPassword":"","EmailRejectedCount":"0","EmailVerificationExpirationDate":"12\/26\/2019 5:16:01 PM","EmailVerificationKey":"73d32aad-bcf3-4fbd-8c42-21b10ab209fd","EmailVerified":"True","EncryptedPassword":"1AC41640A3A216BA585C739601A923D","FirstName":"Dispatch","Language":"English","LastLogin":"","LastName":"User","MiddleName":"Automation","ModifiedBy":"5687","ModifiedDate":"1\/2\/2020 3:41:54 PM","OrganizationID":"46663","OrganizationName":"Gnome Shipping D3","PasswordNeverExpires":"True","ScheduleReportSubscriptions":[],"ScheduledReportSubscriptionsChanged":"False","SendAlertsToEmail":"True","SendAlertsToMessageInbox":"True","Status":"Active","UserDefinedField1":"","UserDefinedField2":"","UserDefinedField3":"","UserDefinedField4":"","UserDefinedField5":"","UserName":"dispatchUser","UserRole":"Dispatch"},{"AccountLocked":"False","AlertSubscriptionIds":[],"AlertSubscriptionsChanged":"False","AllowedSingleSignOn":"False","BelongsToResourceGroups":["Gnome Shipping D3"],"BelongsToResourceGroupsChanged":"False","CompanyName":"Gnome Shipping D3","CreateDate":"11\/26\/2019 5:20:39 PM","DashboardName":"None","Email":"xrsqatest+fleetviewUserGnomeShippingD3@gmail.com","EmailIncomingDriverMessages":"False","EmailPassword":"","EmailRejectedCount":"0","EmailVerificationExpirationDate":"12\/26\/2019 5:20:39 PM","EmailVerificationKey":"0513d7fa-debc-4eb6-8188-30f0c07da3e0","EmailVerified":"True","EncryptedPassword":"1AC41640A3A216BA585C739601A923D","FirstName":"Fleetview","Language":"English","LastLogin":"","LastName":"User","MiddleName":"Automation","ModifiedBy":"5690","ModifiedDate":"1\/2\/2020 3:41:54 PM","OrganizationID":"46663","OrganizationName":"Gnome Shipp
[...]
MiddleName":"book","ModifiedBy":"5412","ModifiedDate":"1\/2\/2020 8:04:49 PM","OrganizationID":"46663","OrganizationName":"Gnome Shipping D3","PasswordNeverExpires":"False","ScheduleReportSubscriptions":[],"ScheduledReportSubscriptionsChanged":"False","SendAlertsToEmail":"False","SendAlertsToMessageInbox":"False","Status":"Active","UserDefinedField1":"","UserDefinedField2":"","UserDefinedField3":"","UserDefinedField4":"","UserDefinedField5":"","UserName":"beer","UserRole":"Operations"},{"AccountLocked":"False","AlertSubscriptionIds":[],"AlertSubscriptionsChanged":"False","AllowedSingleSignOn":"False","BelongsToResourceGroups":["Gnome Shipping D3"],"BelongsToResourceGroupsChanged":"False","CompanyName":"Gnome Shipping D3","CreateDate":"11\/26\/2019 5:00:25 PM","DashboardName":"Fleet Performance Dashboard","Email":"kstine@omnitracs.com","EmailIncomingDriverMessages":"False","EmailPassword":"","EmailRejectedCount":"0","EmailVerificationExpirationDate":"12\/26\/2019 5:07:40 PM","EmailVerificationKey":"74960095-87c9-4d6c-8c6c-574f22f23c28","EmailVerified":"True","EncryptedPassword":"1AC41640A3A216BA585C739601A923D","FirstName":"Kelby","Language":"English","LastLogin":"12\/11\/2019 4:31:57 PM","LastName":"Stine","MiddleName":"","ModifiedBy":"5685","ModifiedDate":"1\/2\/2020 3:41:54 PM","OrganizationID":"46663","OrganizationName":"Gnome Shipping D3","PasswordNeverExpires":"True","ScheduleReportSubscriptions":[],"ScheduledReportSubscriptionsChanged":"False","SendAlertsToEmail":"True","SendAlertsToMessageInbox":"True","Status":"Active","UserDefinedField1":"","UserDefinedField2":"","UserDefinedField3":"","UserDefinedField4":"","UserDefinedField5":"","UserName":"kstine","UserRole":"Admin"},{"AccountLocked":"False","AlertSubscriptionIds":[],"AlertSubscriptionsChanged":"False","AllowedSingleSignOn":"False","BelongsToResourceGroups":["Gnome Shipping D3"],"BelongsToResourceGroupsChanged":"False","CompanyName":"Gnome Shipping D3","CreateDate":"11\/26\/2019 5:14:32 PM","DashboardName":"Fleet Performance Dashboard","Email":"xrsqatest+readOnlyUserGnomeShippingD3@gmail.com","EmailIncomingDriverMessages":"False","EmailPassword":"","EmailRejectedCount":"0","EmailVerificationExpirationDate":"12\/26\/2019 5:14:32 PM","EmailVerificationKey":"70ad7b46-9515-4d9f-9b86-96275a78441e","EmailVerified":"True","EncryptedPassword":"1AC41640A3A216BA585C739601A923D","FirstName":"ReadOnly","Language":"English","LastLogin":"","LastName":"User","MiddleName":"Automation","ModifiedBy":"5686","ModifiedDate":"1\/2\/2020 3:41:54 PM","OrganizationID":"46663","OrganizationName":"Gnome Shipping D3","PasswordNeverExpires":"True","ScheduleReportSubscriptions":[],"ScheduledReportSubscriptionsChanged":"False","SendAlertsToEmail":"True","SendAlertsToMessageInbox":"True","Status":"Active","UserDefinedField1":"","UserDefinedField2":"","UserDefinedField3":"","UserDefinedField4":"","UserDefinedField5":"","UserName":"readOnlyUser","UserRole":"Read Only"},{"AccountLocked":"False","AlertSubscriptionIds":[],"AlertSubscriptionsChanged":"False","AllowedSingleSignOn":"False","BelongsToResourceGroups":["Gnome Shipping D3"],"BelongsToResourceGroupsChanged":"False","CompanyName":"Gnome Shipping D3","CreateDate":"11\/26\/2019 5:19:01 PM","DashboardName":"Fleet Performance Dashboard","Email":"xrsqatest+maintenanceUserGnomeShippingD3@gmail.com","EmailIncomingDriverMessages":"False","EmailPassword":"","EmailRejectedCount":"0","EmailVerificationExpirationDate":"12\/26\/2019 5:19:01 PM","EmailVerificationKey":"8d13d3ae-8c1f-46ec-8439-c971e65d8656","EmailVerified":"True","EncryptedPassword":"1AC41640A3A216BA585C739601A923D","FirstName":"Maintenance","Language":"English","LastLogin":"","LastName":"User","MiddleName":"Automation","ModifiedBy":"5689","ModifiedDate":"1\/2\/2020 3:41:54 PM","OrganizationID":"46663","OrganizationName":"Gnome Shipping D3","PasswordNeverExpires":"True","ScheduleReportSubscriptions":[],"ScheduledReportSubscriptionsChanged":"False","SendAlertsToEmail":"True","SendAlertsToMessageInbox":"True","Status":"Active","UserDefinedField1":"","UserDefinedField2":"","UserDefinedField3":"","UserDefinedField4":"","UserDefinedField5":"","UserName":"maintenanceUser","UserRole":"Maintenance"},{"AccountLocked":"False","AlertSubscriptionIds":[],"AlertSubscriptionsChanged":"False","AllowedSingleSignOn":"False","BelongsToResourceGroups":["Gnome Shipping D3"],"BelongsToResourceGroupsChanged":"False","CompanyName":"Gnome Shipping D3","CreateDate":"11\/26\/2019 5:17:27 PM","DashboardName":"Fleet Performance Dashboard","Email":"xrsqatest+operationsUserGnomeShippingD3@gmail.com","EmailIncomingDriverMessages":"False","EmailPassword":"","EmailRejectedCount":"0","EmailVerificationExpirationDate":"12\/26\/2019 5:17:27 PM","EmailVerificationKey":"ac79b4fe-a939-4df8-ad1a-38334e3ac3c4","EmailVerified":"True","EncryptedPassword":"1AC41640A3A216BA585C739601A923D","FirstName":"Operations","Language":"English","LastLogin":"","LastName":"User","MiddleName":"Automation","ModifiedBy":"5688","ModifiedDate":"1\/2\/2020 3:41:54 PM","OrganizationID":"46663","OrganizationName":"Gnome Shipping D3","PasswordNeverExpires":"True","ScheduleReportSubscriptions":[],"ScheduledReportSubscriptionsChanged":"False","SendAlertsToEmail":"True","SendAlertsToMessageInbox":"True","Status":"Active","UserDefinedField1":"","UserDefinedField2":"","UserDefinedField3":"","UserDefinedField4":"","UserDefinedField5":"","UserName":"operationsUser","UserRole":"Operations"},{"AccountLocked":"False","AlertSubscriptionIds":[],"AlertSubscriptionsChanged":"False","AllowedSingleSignOn":"False","BelongsToResourceGroups":["Gnome Shipping D3"],"BelongsToResourceGroupsChanged":"False","CompanyName":"Gnome Shipping D3","CreateDate":"11\/26\/2019 5:26:11 PM","DashboardName":"Fleet Performance Dashboard","Email":"xrsqatest+mobileInstUserGnomeShippingD3@gmail.com","EmailIncomingDriverMessages":"False","EmailPassword":"","EmailRejectedCount":"0","EmailVerificationExpirationDate":"12\/26\/2019 5:27:31 PM","EmailVerificationKey":"0d47d688-442f-423d-886c-2d5b521673b2","EmailVerified":"False","EncryptedPassword":"1AC41640A3A216BA585C739601A923D","FirstName":"MobileInstaller","Language":"English","LastLogin":"","LastName":"User","MiddleName":"Automation","ModifiedBy":"5685","ModifiedDate":"1\/2\/2020 3:41:54 PM","OrganizationID":"46663","OrganizationName":"Gnome Shipping D3","PasswordNeverExpires":"True","ScheduleReportSubscriptions":[],"ScheduledReportSubscriptionsChanged":"False","SendAlertsToEmail":"True","SendAlertsToMessageInbox":"True","Status":"Active","UserDefinedField1":"","UserDefinedField2":"","UserDefinedField3":"","UserDefinedField4":"","UserDefinedField5":"","UserName":"mobileInstallerUser","UserRole":"Admin"},{"AccountLocked":"False","AlertSubscriptionIds":[],"AlertSubscriptionsChanged":"False","AllowedSingleSignOn":"False","BelongsToResourceGroups":["Gnome Shipping D3"],"BelongsToResourceGroupsChanged":"False","CompanyName":"Gnome Shipping D3","CreateDate":"11\/26\/2019 5:16:01 PM","DashboardName":"Fleet Performance Dashboard","Email":"xrsqatest+dispatchUserGnomeShippingD3@gmail.com","EmailIncomingDriverMessages":"False","EmailPassword":"","EmailRejectedCount":"0","EmailVerificationExpirationDate":"12\/26\/2019 5:16:01 PM","EmailVerificationKey":"73d32aad-bcf3-4fbd-8c42-21b10ab209fd","EmailVerified":"True","EncryptedPassword":"1AC41640A3A216BA585C739601A923D","FirstName":"Dispatch","Language":"English","LastLogin":"","LastName":"User","MiddleName":"Automation","ModifiedBy":"5687","ModifiedDate":"1\/2\/2020 3:41:54 PM","OrganizationID":"46663","OrganizationName":"Gnome Shipping D3","PasswordNeverExpires":"True","ScheduleReportSubscriptions":[],"ScheduledReportSubscriptionsChanged":"False","SendAlertsToEmail":"True","SendAlertsToMessageInbox":"True","Status":"Active","UserDefinedField1":"","UserDefinedField2":"","UserDefinedField3":"","UserDefinedField4":"","UserDefinedField5":"","UserName":"dispatchUser","UserRole":"Dispatch"},{"AccountLocked":"False","AlertSubscriptionIds":[],"AlertSubscriptionsChanged":"False","AllowedSingleSignOn":"False","BelongsToResourceGroups":["Gnome Shipping D3"],"BelongsToResourceGroupsChanged":"False","CompanyName":"Gnome Shipping D3","CreateDate":"11\/26\/2019 5:20:39 PM","DashboardName":"None","Email":"xrsqatest+fleetviewUserGnomeShippingD3@gmail.com","EmailIncomingDriverMessages":"False","EmailPassword":"","EmailRejectedCount":"0","EmailVerificationExpirationDate":"12\/26\/2019 5:20:39 PM","EmailVerificationKey":"0513d7fa-debc-4eb6-8188-30f0c07da3e0","EmailVerified":"True","EncryptedPassword":"1AC41640A3A216BA585C739601A923D","FirstName":"Fleetview","Language":"English","LastLogin":"","LastName":"User","MiddleName":"Automation","ModifiedBy":"5690","ModifiedDate":"1\/2\/2020 3:41:54 PM","OrganizationID":"46663","OrganizationName":"Gnome Shipping D3","PasswordNeverExpires":"True","ScheduleReportSubscriptions":[],"ScheduledReportSubscriptionsChanged":"False","SendAlertsToEmail":"True","SendAlertsToMessageInbox":"True","Status":"Active","UserDefinedField1":"","UserDefinedField2":"","UserDefinedField3":"","UserDefinedField4":"","UserDefinedField5":"","UserName":"fleetviewUser","UserRole":"FleetView"},{"AccountLocked":"False","AlertSubscriptionIds":[],"AlertSubscriptionsChanged":"False","AllowedSingleSignOn":"False","BelongsToResourceGroups":["Gnome Shipping D3"],"BelongsToResourceGroupsChanged":"False","CompanyName":"Gnome Shipping D3","CreateDate":"9\/24\/2018 3:35:34 PM","DashboardName":"None","Email":"xrsqatest+adminGnomeShippingD3@gmail.com","EmailIncomingDriverMessages":"False","EmailPassword":"","EmailRejectedCount":"0","EmailVerificationExpirationDate":"1\/19\/2020 3:58:09 PM","EmailVerificationKey":"2147eb81-f470-492e-8204-c3a0f3aa2db3","EmailVerified":"True","EncryptedPassword":"1AC41640A3A216BA585C739601A923D","FirstName":"admin","Language":"English","LastLogin":"1\/2\/2020 9:22:08 PM","LastName":"admin","MiddleName":"Automation","ModifiedBy":"5412","ModifiedDate":"1\/2\/2020 3:41:54 PM","OrganizationID":"46663","OrganizationName":"Gnome Shipping D3","PasswordNeverExpires":"True","ScheduleReportSubscriptions":[],"ScheduledReportSubscriptionsChanged":"False","SendAlertsToEmail":"True","SendAlertsToMessageInbox":"True","Status":"Active","UserDefinedField1":"","UserDefinedField2":"","UserDefinedField3":"","UserDefinedField4":"","UserDefinedField5":"","UserName":"admin","UserRole":"Admin"},{"AccountLocked":"False","AlertSubscriptionIds":[],"AlertSubscriptionsChanged":"False","AllowedSingleSignOn":"False","BelongsToResourceGroups":["Gnome Shipping D3"],"BelongsToResourceGroupsChanged":"False","CompanyName":"Gnome Shipping D3","CreateDate":"2\/12\/2019 10:12:27 PM","DashboardName":"None","Email":"ann2344@xata.com","EmailIncomingDriverMessages":"False","EmailPassword":"","EmailRejectedCount":"0","EmailVerificationExpirationDate":"3\/12\/2019 10:12:27 PM","EmailVerificationKey":"034b4ad6-41ca-4ff1-b57c-04b07ff914b3","EmailVerified":"False","EncryptedPassword":"6B7330782B2FEB49242CC4A57782A9","FirstName":"ann","Language":"English","LastLogin":"2\/12\/2019 10:12:53 PM","LastName":"j","MiddleName":"","ModifiedBy":"5522","ModifiedDate":"1\/2\/2020 3:41:54 PM","OrganizationID":"46663","OrganizationName":"Gnome Shipping D3","PasswordNeverExpires":"False","ScheduleReportSubscriptions":[],"ScheduledReportSubscriptionsChanged":"False","SendAlertsToEmail":"True","SendAlertsToMessageInbox":"True","Status":"Active","UserDefinedField1":"","UserDefinedField2":"","UserDefinedField3":"","UserDefinedField4":"","UserDefinedField5":"","UserName":"annj","UserRole":"Admin"}]</msg>
<msg timestamp="20200102 15:22:49.328" level="TRACE">Return: &lt;Response [200]&gt;</msg>
<msg timestamp="20200102 15:22:49.328" level="INFO">${response} = &lt;Response [200]&gt;</msg>
<status status="PASS" starttime="20200102 15:22:47.973" endtime="20200102 15:22:49.328"></status>
</kw>
<msg timestamp="20200102 15:22:49.329" level="TRACE">Return: &lt;Response [200]&gt;</msg>
<msg timestamp="20200102 15:22:49.329" level="INFO">${response} = &lt;Response [200]&gt;</msg>
<status status="PASS" starttime="20200102 15:22:47.971" endtime="20200102 15:22:49.329"></status>
</kw>
<kw name="Should Be Equal As Strings" library="BuiltIn">
<doc>Fails if objects are unequal after converting them to strings.</doc>
<arguments>
<arg>${response.status_code}</arg>
<arg>200</arg>
</arguments>
<msg timestamp="20200102 15:22:49.330" level="TRACE">Arguments: [ 200 | '200' ]</msg>
<msg timestamp="20200102 15:22:49.330" level="INFO">Argument types are:
&lt;class 'int'&gt;
&lt;type 'unicode'&gt;</msg>
<msg timestamp="20200102 15:22:49.330" level="TRACE">Return: None</msg>
<status status="PASS" starttime="20200102 15:22:49.329" endtime="20200102 15:22:49.330"></status>
</kw>
<doc>Gets all the Users</doc>
<tags>
<tag>awsxrsrestwebservicevalidation</tag>
<tag>awsxrsuserrestwebservicevalidation</tag>
<tag>xrsawsperftest</tag>
</tags>
<status status="PASS" starttime="20200102 15:22:47.969" endtime="20200102 15:22:49.332" critical="yes"></status>
</test>
<test id="s1-s1-s1-t9" name="Validate AWS XRS Delete User REST Web Services Returns Description &quot;User ID does not exist.&quot;">
<kw name="Delete User By ID" library="User">
<doc>Delete a single user record in Omnitracs XRS by specifying the user id.</doc>
<arguments>
<arg>${XRS_WEB_SERVICES_TEST_USER_SID}</arg>
</arguments>
<assign>
<var>${response}</var>
</assign>
<msg timestamp="20200102 15:22:49.335" level="TRACE">Arguments: [ ${user_id}='awsxrstestuser1' ]</msg>
<kw name="Set Variable" library="BuiltIn">
<doc>Returns the given values which can then be assigned to a variables.</doc>
<arguments>
<arg>${XRS_Entity_Management_Base_URI.User}${XRS_WEBSERVICE_ENTITY_MANAGEMENT_POST_GET_PUT_DELETE_USERS}/${user_id}</arg>
</arguments>
<assign>
<var>${uri}</var>
</assign>
<msg timestamp="20200102 15:22:49.335" level="TRACE">Arguments: [ 'UserWebService.svc/users/awsxrstestuser1' ]</msg>
<msg timestamp="20200102 15:22:49.335" level="TRACE">Return: 'UserWebService.svc/users/awsxrstestuser1'</msg>
<msg timestamp="20200102 15:22:49.335" level="INFO">${uri} = UserWebService.svc/users/awsxrstestuser1</msg>
<status status="PASS" starttime="20200102 15:22:49.335" endtime="20200102 15:22:49.335"></status>
</kw>
<kw name="Delete Request" library="RequestsLibrary">
<doc>Send a DELETE request on the session object found using the
given `alias`</doc>
<arguments>
<arg>${XRS_WEB_SERVICE_SESSION_ALIAS}</arg>
<arg>${uri}</arg>
<arg>headers=${XRS_WEBSERVICES_JSON_HEADER}</arg>
</arguments>
<assign>
<var>${response}</var>
</assign>
<msg timestamp="20200102 15:22:49.336" level="TRACE">Arguments: [ 'xrs_web_service_session' | 'UserWebService.svc/users/awsxrstestuser1' | headers={'Accept': 'application/json',
 'Accept-Encoding': 'gzip, deflate',
 'Content-Type': 'application/json'} ]</msg>
<msg timestamp="20200102 15:22:49.336" level="INFO">DELETE Request using : uri=UserWebService.svc/users/awsxrstestuser1, params=None, allow_redirects=True, timeout=None
headers={'User-Agent': 'python-requests/2.22.0', 'Accept-Encoding': 'gzip, deflate', 'Accept': 'application/json', 'Connection': 'keep-alive', 'Content-Type': 'application/json'} 
data=None 
json=None</msg>
<msg timestamp="20200102 15:22:49.734" level="DEBUG">https://d3ws.xataxrs.com:443 "DELETE /UserWebService.svc/users/awsxrstestuser1 HTTP/1.1" 200 154</msg>
<msg timestamp="20200102 15:22:49.734" level="DEBUG">DELETE Response : status=200, reason=OK
{"Caption":"Error","Code":"34","Description":"User ID does not exist.","Id":null,"ObjectName":"awsxrstestuser1","SID":0,"Title":"User ID does not exist."}</msg>
<msg timestamp="20200102 15:22:49.735" level="TRACE">Return: &lt;Response [200]&gt;</msg>
<msg timestamp="20200102 15:22:49.735" level="INFO">${response} = &lt;Response [200]&gt;</msg>
<status status="PASS" starttime="20200102 15:22:49.336" endtime="20200102 15:22:49.735"></status>
</kw>
<msg timestamp="20200102 15:22:49.735" level="TRACE">Return: &lt;Response [200]&gt;</msg>
<msg timestamp="20200102 15:22:49.735" level="INFO">${response} = &lt;Response [200]&gt;</msg>
<status status="PASS" starttime="20200102 15:22:49.335" endtime="20200102 15:22:49.735"></status>
</kw>
<kw name="To Json" library="RequestsLibrary">
<doc>Convert a string to a JSON object</doc>
<arguments>
<arg>${response.content}</arg>
</arguments>
<assign>
<var>${json_response}</var>
</assign>
<msg timestamp="20200102 15:22:49.736" level="TRACE">Arguments: [ b'{"Caption":"Error","Code":"34","Description":"User ID does not exist.","Id":null,"ObjectName":"awsxrstestuser1","SID":0,"Title":"User ID does not exist."}' ]</msg>
<msg timestamp="20200102 15:22:49.736" level="INFO">To JSON using : content={"Caption":"Error","Code":"34","Description":"User ID does not exist.","Id":null,"ObjectName":"awsxrstestuser1","SID":0,"Title":"User ID does not exist."} </msg>
<msg timestamp="20200102 15:22:49.736" level="INFO">To JSON using : pretty_print=False </msg>
<msg timestamp="20200102 15:22:49.737" level="TRACE">Return: {'Caption': 'Error',
 'Code': '34',
 'Description': 'User ID does not exist.',
 'Id': None,
 'ObjectName': 'awsxrstestuser1',
 'SID': 0,
 'Title': 'User ID does not exist.'}</msg>
<msg timestamp="20200102 15:22:49.737" level="INFO">${json_response} = {'Caption': 'Error', 'Code': '34', 'Description': 'User ID does not exist.', 'Id': None, 'ObjectName': 'awsxrstestuser1', 'SID': 0, 'Title': 'User ID does not exist.'}</msg>
<status status="PASS" starttime="20200102 15:22:49.736" endtime="20200102 15:22:49.737"></status>
</kw>
<kw name="Should Be Equal As Strings" library="BuiltIn">
<doc>Fails if objects are unequal after converting them to strings.</doc>
<arguments>
<arg>${json_response}[Description]</arg>
<arg>User ID does not exist.</arg>
</arguments>
<msg timestamp="20200102 15:22:49.738" level="TRACE">Arguments: [ 'User ID does not exist.' | 'User ID does not exist.' ]</msg>
<msg timestamp="20200102 15:22:49.738" level="DEBUG">Argument types are:
&lt;type 'unicode'&gt;
&lt;type 'unicode'&gt;</msg>
<msg timestamp="20200102 15:22:49.738" level="TRACE">Return: None</msg>
<status status="PASS" starttime="20200102 15:22:49.738" endtime="20200102 15:22:49.738"></status>
</kw>
<doc>Attempts to delete a previously deleted User.</doc>
<tags>
<tag>awsxrsrestwebservicevalidation</tag>
<tag>awsxrsuserrestwebservicevalidation</tag>
</tags>
<status status="PASS" starttime="20200102 15:22:49.334" endtime="20200102 15:22:49.739" critical="yes"></status>
</test>
<kw name="Delete All Sessions" library="RequestsLibrary" type="teardown">
<doc>Removes all the session objects</doc>
<msg timestamp="20200102 15:22:49.741" level="TRACE">Arguments: [  ]</msg>
<msg timestamp="20200102 15:22:49.741" level="INFO">Delete All Sessions</msg>
<msg timestamp="20200102 15:22:49.741" level="TRACE">Return: None</msg>
<status status="PASS" starttime="20200102 15:22:49.741" endtime="20200102 15:22:49.742"></status>
</kw>
<doc>Fundamental suite to test XRS AWS User Entity Management Web Services</doc>
<status status="FAIL" starttime="20200102 15:22:22.481" endtime="20200102 15:22:49.742"></status>
</suite>
<status status="FAIL" starttime="20200102 15:22:22.478" endtime="20200102 15:22:49.746"></status>
</suite>
<status status="FAIL" starttime="20200102 15:22:22.454" endtime="20200102 15:22:49.749"></status>
</suite>
<statistics>
<total>
<stat pass="8" fail="1">Critical Tests</stat>
<stat pass="8" fail="1">All Tests</stat>
</total>
<tag>
<stat pass="8" fail="1">awsxrsrestwebservicevalidation</stat>
<stat pass="8" fail="1">awsxrsuserrestwebservicevalidation</stat>
<stat pass="1" fail="0">xrsawsperftest</stat>
</tag>
<suite>
<stat pass="8" fail="1" id="s1" name="Tests">Tests</stat>
<stat pass="8" fail="1" id="s1-s1" name="AWS XRS WebServicesTests">Tests.AWS XRS WebServicesTests</stat>
<stat pass="8" fail="1" id="s1-s1-s1" name="ValidateAWSXRSUserWebService">Tests.AWS XRS WebServicesTests.ValidateAWSXRSUserWebService</stat>
</suite>
</statistics>
<errors>
</errors>
</robot>
